<?xml version="1.0" encoding="UTF-8"?>
<testsuite xmlns:xsi="http://www.w3.org/2001/XMLSchema-instance" xsi:noNamespaceSchemaLocation="https://maven.apache.org/surefire/maven-surefire-plugin/xsd/surefire-test-report-3.0.xsd" version="3.0" name="org.mycore.mir.authorization.MIRStrategyTest" time="7.955" tests="3" errors="0" skipped="0" failures="0">
  <properties>
    <property name="awt.toolkit" value="sun.awt.X11.XToolkit"/>
    <property name="git.tags" value=""/>
    <property name="java.specification.version" value="11"/>
    <property name="sun.cpu.isalist" value=""/>
    <property name="sun.jnu.encoding" value="UTF-8"/>
    <property name="git.build.version" value="2021.05-SNAPSHOT"/>
    <property name="java.class.path" value="/home/travis/build/MyCoRe-Org/mir/mir-module/target/test-classes:/home/travis/build/MyCoRe-Org/mir/mir-module/target/classes:/home/travis/.m2/repository/com/google/code/gson/gson/2.8.6/gson-2.8.6.jar:/home/travis/.m2/repository/com/google/guava/guava/30.1-jre/guava-30.1-jre.jar:/home/travis/.m2/repository/com/google/guava/failureaccess/1.0.1/failureaccess-1.0.1.jar:/home/travis/.m2/repository/com/google/guava/listenablefuture/9999.0-empty-to-avoid-conflict-with-guava/listenablefuture-9999.0-empty-to-avoid-conflict-with-guava.jar:/home/travis/.m2/repository/com/google/code/findbugs/jsr305/3.0.2/jsr305-3.0.2.jar:/home/travis/.m2/repository/org/checkerframework/checker-qual/3.5.0/checker-qual-3.5.0.jar:/home/travis/.m2/repository/com/google/errorprone/error_prone_annotations/2.3.4/error_prone_annotations-2.3.4.jar:/home/travis/.m2/repository/com/google/j2objc/j2objc-annotations/1.3/j2objc-annotations-1.3.jar:/home/travis/.m2/repository/com/zaxxer/HikariCP/3.4.1/HikariCP-3.4.1.jar:/home/travis/.m2/repository/org/slf4j/slf4j-api/1.7.25/slf4j-api-1.7.25.jar:/home/travis/.m2/repository/commons-io/commons-io/2.8.0/commons-io-2.8.0.jar:/home/travis/.m2/repository/jakarta/persistence/jakarta.persistence-api/2.2.3/jakarta.persistence-api-2.2.3.jar:/home/travis/.m2/repository/jakarta/servlet/jakarta.servlet-api/4.0.4/jakarta.servlet-api-4.0.4.jar:/home/travis/.m2/repository/jakarta/ws/rs/jakarta.ws.rs-api/2.1.6/jakarta.ws.rs-api-2.1.6.jar:/home/travis/.m2/repository/jakarta/xml/bind/jakarta.xml.bind-api/2.3.3/jakarta.xml.bind-api-2.3.3.jar:/home/travis/.m2/repository/jakarta/activation/jakarta.activation-api/1.2.2/jakarta.activation-api-1.2.2.jar:/home/travis/.m2/repository/junit/junit/4.13.2/junit-4.13.2.jar:/home/travis/.m2/repository/org/hamcrest/hamcrest-core/2.2/hamcrest-core-2.2.jar:/home/travis/.m2/repository/org/hamcrest/hamcrest/2.2/hamcrest-2.2.jar:/home/travis/.m2/repository/net/sf/saxon/Saxon-HE/10.3/Saxon-HE-10.3.jar:/home/travis/.m2/repository/org/apache/abdera/abdera-core/1.1.3/abdera-core-1.1.3.jar:/home/travis/.m2/repository/org/apache/geronimo/specs/geronimo-stax-api_1.0_spec/1.0.1/geronimo-stax-api_1.0_spec-1.0.1.jar:/home/travis/.m2/repository/commons-codec/commons-codec/1.4/commons-codec-1.4.jar:/home/travis/.m2/repository/commons-logging/commons-logging/1.0.4/commons-logging-1.0.4.jar:/home/travis/.m2/repository/org/apache/abdera/abdera-i18n/1.1.3/abdera-i18n-1.1.3.jar:/home/travis/.m2/repository/org/apache/commons/commons-compress/1.20/commons-compress-1.20.jar:/home/travis/.m2/repository/org/apache/httpcomponents/httpclient/4.5.13/httpclient-4.5.13.jar:/home/travis/.m2/repository/org/apache/httpcomponents/httpcore/4.4.14/httpcore-4.4.14.jar:/home/travis/.m2/repository/org/apache/logging/log4j/log4j-api/2.14.0/log4j-api-2.14.0.jar:/home/travis/.m2/repository/org/apache/solr/solr-solrj/8.8.1/solr-solrj-8.8.1.jar:/home/travis/.m2/repository/commons-lang/commons-lang/2.6/commons-lang-2.6.jar:/home/travis/.m2/repository/org/apache/commons/commons-math3/3.6.1/commons-math3-3.6.1.jar:/home/travis/.m2/repository/org/apache/zookeeper/zookeeper/3.6.2/zookeeper-3.6.2.jar:/home/travis/.m2/repository/org/apache/zookeeper/zookeeper-jute/3.6.2/zookeeper-jute-3.6.2.jar:/home/travis/.m2/repository/org/xerial/snappy/snappy-java/1.1.7.6/snappy-java-1.1.7.6.jar:/home/travis/.m2/repository/org/hibernate/hibernate-hikaricp/5.4.4.Final/hibernate-hikaricp-5.4.4.Final.jar:/home/travis/.m2/repository/org/jboss/logging/jboss-logging/3.3.2.Final/jboss-logging-3.3.2.Final.jar:/home/travis/.m2/repository/org/hibernate/hibernate-core/5.4.28.Final/hibernate-core-5.4.28.Final.jar:/home/travis/.m2/repository/net/bytebuddy/byte-buddy/1.10.17/byte-buddy-1.10.17.jar:/home/travis/.m2/repository/antlr/antlr/2.7.7/antlr-2.7.7.jar:/home/travis/.m2/repository/org/jboss/spec/javax/transaction/jboss-transaction-api_1.2_spec/1.1.1.Final/jboss-transaction-api_1.2_spec-1.1.1.Final.jar:/home/travis/.m2/repository/org/jboss/jandex/2.2.3.Final/jandex-2.2.3.Final.jar:/home/travis/.m2/repository/com/fasterxml/classmate/1.5.1/classmate-1.5.1.jar:/home/travis/.m2/repository/org/dom4j/dom4j/2.1.3/dom4j-2.1.3.jar:/home/travis/.m2/repository/org/hibernate/common/hibernate-commons-annotations/5.1.2.Final/hibernate-commons-annotations-5.1.2.Final.jar:/home/travis/.m2/repository/org/hsqldb/hsqldb/2.5.1/hsqldb-2.5.1.jar:/home/travis/.m2/repository/org/jdom/jdom2/2.0.6/jdom2-2.0.6.jar:/home/travis/.m2/repository/org/jsoup/jsoup/1.12.1/jsoup-1.12.1.jar:/home/travis/.m2/repository/org/mycore/mycore-base/2021.05-SNAPSHOT/mycore-base-2021.05-SNAPSHOT.jar:/home/travis/.m2/repository/com/auth0/java-jwt/3.13.0/java-jwt-3.13.0.jar:/home/travis/.m2/repository/com/fasterxml/jackson/core/jackson-annotations/2.12.1/jackson-annotations-2.12.1.jar:/home/travis/.m2/repository/com/fasterxml/jackson/core/jackson-core/2.12.1/jackson-core-2.12.1.jar:/home/travis/.m2/repository/com/fasterxml/jackson/core/jackson-databind/2.12.1/jackson-databind-2.12.1.jar:/home/travis/.m2/repository/com/fasterxml/jackson/module/jackson-module-jaxb-annotations/2.12.1/jackson-module-jaxb-annotations-2.12.1.jar:/home/travis/.m2/repository/com/google/zxing/core/3.4.1/core-3.4.1.jar:/home/travis/.m2/repository/com/ibm/icu/icu4j/68.2/icu4j-68.2.jar:/home/travis/.m2/repository/com/jcraft/jsch/0.1.55/jsch-0.1.55.jar:/home/travis/.m2/repository/com/sun/activation/jakarta.activation/1.2.2/jakarta.activation-1.2.2.jar:/home/travis/.m2/repository/com/sun/mail/mailapi/1.6.5/mailapi-1.6.5.jar:/home/travis/.m2/repository/com/sun/mail/smtp/1.6.5/smtp-1.6.5.jar:/home/travis/.m2/repository/commons-beanutils/commons-beanutils/1.9.4/commons-beanutils-1.9.4.jar:/home/travis/.m2/repository/commons-collections/commons-collections/3.2.2/commons-collections-3.2.2.jar:/home/travis/.m2/repository/io/swagger/core/v3/swagger-annotations/2.1.7/swagger-annotations-2.1.7.jar:/home/travis/.m2/repository/jakarta/annotation/jakarta.annotation-api/1.3.5/jakarta.annotation-api-1.3.5.jar:/home/travis/.m2/repository/jakarta/inject/jakarta.inject-api/1.0.1/jakarta.inject-api-1.0.1.jar:/home/travis/.m2/repository/jakarta/websocket/jakarta.websocket-api/1.1.2/jakarta.websocket-api-1.1.2.jar:/home/travis/.m2/repository/jaxen/jaxen/1.2.0/jaxen-1.2.0.jar:/home/travis/.m2/repository/net/java/dev/jna/jna/5.6.0/jna-5.6.0.jar:/home/travis/.m2/repository/org/apache/httpcomponents/httpclient-cache/4.5.13/httpclient-cache-4.5.13.jar:/home/travis/.m2/repository/org/apache/logging/log4j/log4j-core/2.14.0/log4j-core-2.14.0.jar:/home/travis/.m2/repository/org/apache/logging/log4j/log4j-web/2.14.0/log4j-web-2.14.0.jar:/home/travis/.m2/repository/org/glassfish/hk2/hk2-api/2.6.1/hk2-api-2.6.1.jar:/home/travis/.m2/repository/org/glassfish/hk2/hk2-utils/2.6.1/hk2-utils-2.6.1.jar:/home/travis/.m2/repository/org/glassfish/jaxb/jaxb-runtime/2.3.3/jaxb-runtime-2.3.3.jar:/home/travis/.m2/repository/org/glassfish/jaxb/txw2/2.3.3/txw2-2.3.3.jar:/home/travis/.m2/repository/com/sun/istack/istack-commons-runtime/3.0.11/istack-commons-runtime-3.0.11.jar:/home/travis/.m2/repository/org/glassfish/jersey/containers/jersey-container-servlet-core/2.33/jersey-container-servlet-core-2.33.jar:/home/travis/.m2/repository/org/glassfish/hk2/external/jakarta.inject/2.6.1/jakarta.inject-2.6.1.jar:/home/travis/.m2/repository/org/glassfish/jersey/core/jersey-common/2.33/jersey-common-2.33.jar:/home/travis/.m2/repository/org/glassfish/hk2/osgi-resource-locator/1.0.3/osgi-resource-locator-1.0.3.jar:/home/travis/.m2/repository/org/glassfish/jersey/core/jersey-client/2.33/jersey-client-2.33.jar:/home/travis/.m2/repository/org/glassfish/jersey/core/jersey-server/2.33/jersey-server-2.33.jar:/home/travis/.m2/repository/org/glassfish/jersey/media/jersey-media-multipart/2.33/jersey-media-multipart-2.33.jar:/home/travis/.m2/repository/org/jvnet/mimepull/mimepull/1.9.13/mimepull-1.9.13.jar:/home/travis/.m2/repository/org/javassist/javassist/3.27.0-GA/javassist-3.27.0-GA.jar:/home/travis/.m2/repository/org/tmatesoft/svnkit/svnkit/1.10.1/svnkit-1.10.1.jar:/home/travis/.m2/repository/de/regnis/q/sequence/sequence-library/1.0.4/sequence-library-1.0.4.jar:/home/travis/.m2/repository/org/tmatesoft/sqljet/sqljet/1.1.12/sqljet-1.1.12.jar:/home/travis/.m2/repository/org/antlr/antlr-runtime/3.4/antlr-runtime-3.4.jar:/home/travis/.m2/repository/net/java/dev/jna/jna-platform/4.1.0/jna-platform-4.1.0.jar:/home/travis/.m2/repository/org/lz4/lz4-java/1.4.1/lz4-java-1.4.1.jar:/home/travis/.m2/repository/se/jiderhamn/classloader-leak-prevention/classloader-leak-prevention-core/2.7.0/classloader-leak-prevention-core-2.7.0.jar:/home/travis/.m2/repository/xalan/serializer/2.7.2/serializer-2.7.2.jar:/home/travis/.m2/repository/xalan/xalan/2.7.2/xalan-2.7.2.jar:/home/travis/.m2/repository/org/apache/logging/log4j/log4j-slf4j-impl/2.14.0/log4j-slf4j-impl-2.14.0.jar:/home/travis/.m2/repository/org/glassfish/jersey/inject/jersey-hk2/2.33/jersey-hk2-2.33.jar:/home/travis/.m2/repository/org/glassfish/hk2/hk2-locator/2.6.1/hk2-locator-2.6.1.jar:/home/travis/.m2/repository/org/glassfish/hk2/external/aopalliance-repackaged/2.6.1/aopalliance-repackaged-2.6.1.jar:/home/travis/.m2/repository/org/mycore/mycore-base/2021.05-SNAPSHOT/mycore-base-2021.05-SNAPSHOT-tests.jar:/home/travis/.m2/repository/org/mycore/mycore-mods/2021.05-SNAPSHOT/mycore-mods-2021.05-SNAPSHOT.jar:/home/travis/.m2/repository/com/rometools/rome/1.15.0/rome-1.15.0.jar:/home/travis/.m2/repository/com/rometools/rome-utils/1.15.0/rome-utils-1.15.0.jar:/home/travis/.m2/repository/org/bibsonomy/bibsonomy-bibtex-parser/3.9.2/bibsonomy-bibtex-parser-3.9.2.jar:/home/travis/.m2/repository/org/bibsonomy/bibsonomy-common/3.9.2/bibsonomy-common-3.9.2.jar:/home/travis/.m2/repository/org/bibsonomy/bibsonomy-model/3.9.2/bibsonomy-model-3.9.2.jar:/home/travis/.m2/repository/joda-time/joda-time/2.3/joda-time-2.3.jar:/home/travis/.m2/repository/org/mycore/mycore-pi/2021.05-SNAPSHOT/mycore-pi-2021.05-SNAPSHOT.jar:/home/travis/.m2/repository/jakarta/validation/jakarta.validation-api/2.0.2/jakarta.validation-api-2.0.2.jar:/home/travis/.m2/repository/org/apache/httpcomponents/httpmime/4.5.13/httpmime-4.5.13.jar:/home/travis/.m2/repository/org/mycore/mycore-solr/2021.05-SNAPSHOT/mycore-solr-2021.05-SNAPSHOT.jar:/home/travis/.m2/repository/org/mycore/mycore-classbrowser/2021.05-SNAPSHOT/mycore-classbrowser-2021.05-SNAPSHOT.jar:/home/travis/.m2/repository/org/mycore/mycore-sword/2021.05-SNAPSHOT/mycore-sword-2021.05-SNAPSHOT.jar:/home/travis/.m2/repository/com/fasterxml/woodstox/woodstox-core/6.2.4/woodstox-core-6.2.4.jar:/home/travis/.m2/repository/org/codehaus/woodstox/stax2-api/4.2.1/stax2-api-4.2.1.jar:/home/travis/.m2/repository/org/apache/abdera/abdera-parser/1.1.3/abdera-parser-1.1.3.jar:/home/travis/.m2/repository/org/apache/ws/commons/axiom/axiom-api/1.2.14/axiom-api-1.2.14.jar:/home/travis/.m2/repository/org/apache/james/apache-mime4j-core/0.7.2/apache-mime4j-core-0.7.2.jar:/home/travis/.m2/repository/org/apache/ws/commons/axiom/axiom-impl/1.2.14/axiom-impl-1.2.14.jar:/home/travis/.m2/repository/org/mycore/mets/mets-validator/1.3/mets-validator-1.3.jar:/home/travis/.m2/repository/org/mycore/mycore-user2/2021.05-SNAPSHOT/mycore-user2-2021.05-SNAPSHOT.jar:/home/travis/.m2/repository/org/jasig/cas/cas-client-core/3.1.10/cas-client-core-3.1.10.jar:/home/travis/.m2/repository/org/mycore/mycore-wfc/2021.05-SNAPSHOT/mycore-wfc-2021.05-SNAPSHOT.jar:/home/travis/.m2/repository/org/mycore/mycore-xeditor/2021.05-SNAPSHOT/mycore-xeditor-2021.05-SNAPSHOT.jar:/home/travis/.m2/repository/org/mycore/sword/easy-sword2-lib/1.0.5/easy-sword2-lib-1.0.5.jar:/home/travis/.m2/repository/commons-fileupload/commons-fileupload/1.4/commons-fileupload-1.4.jar:/home/travis/.m2/repository/org/apache/logging/log4j/log4j-1.2-api/2.14.0/log4j-1.2-api-2.14.0.jar:/home/travis/.m2/repository/org/mycore/mycore-csl/2021.05-SNAPSHOT/mycore-csl-2021.05-SNAPSHOT.jar:/home/travis/.m2/repository/de/undercouch/citeproc-java/2.0.0/citeproc-java-2.0.0.jar:/home/travis/.m2/repository/org/apache/commons/commons-lang3/3.11/commons-lang3-3.11.jar:/home/travis/.m2/repository/org/apache/commons/commons-text/1.8/commons-text-1.8.jar:/home/travis/.m2/repository/org/antlr/antlr4-runtime/4.7.2/antlr4-runtime-4.7.2.jar:/home/travis/.m2/repository/org/graalvm/sdk/graal-sdk/19.2.1/graal-sdk-19.2.1.jar:/home/travis/.m2/repository/org/graalvm/js/js/19.2.1/js-19.2.1.jar:/home/travis/.m2/repository/org/graalvm/regex/regex/19.2.1/regex-19.2.1.jar:/home/travis/.m2/repository/org/graalvm/truffle/truffle-api/19.2.1/truffle-api-19.2.1.jar:/home/travis/.m2/repository/org/ow2/asm/asm/6.2.1/asm-6.2.1.jar:/home/travis/.m2/repository/org/ow2/asm/asm-tree/6.2.1/asm-tree-6.2.1.jar:/home/travis/.m2/repository/org/ow2/asm/asm-analysis/6.2.1/asm-analysis-6.2.1.jar:/home/travis/.m2/repository/org/ow2/asm/asm-commons/6.2.1/asm-commons-6.2.1.jar:/home/travis/.m2/repository/org/ow2/asm/asm-util/6.2.1/asm-util-6.2.1.jar:/home/travis/.m2/repository/org/jbibtex/jbibtex/1.0.18/jbibtex-1.0.18.jar:/home/travis/.m2/repository/org/citationstyles/locales/21.2/locales-21.2.jar:/home/travis/.m2/repository/org/citationstyles/styles/21.2/styles-21.2.jar:/home/travis/.m2/repository/org/mycore/mycore-ifs/2021.05-SNAPSHOT/mycore-ifs-2021.05-SNAPSHOT.jar:/home/travis/.m2/repository/org/mycore/pica2mods/pica2mods-xslt/2.0-SNAPSHOT/pica2mods-xslt-2.0-SNAPSHOT.jar:"/>
    <property name="git.branch" value="main"/>
    <property name="java.vm.vendor" value="Oracle Corporation"/>
    <property name="sun.arch.data.model" value="64"/>
    <property name="git.build.number" value="3491"/>
    <property name="java.vendor.url" value="http://java.oracle.com/"/>
    <property name="user.timezone" value="UTC"/>
    <property name="git.build.number.unique" value="773397786"/>
    <property name="os.name" value="Linux"/>
    <property name="java.vm.specification.version" value="11"/>
    <property name="sun.java.launcher" value="SUN_STANDARD"/>
    <property name="user.country" value="US"/>
    <property name="git.build.user.name" value="Travis CI User"/>
    <property name="sun.boot.library.path" value="/usr/local/lib/jvm/openjdk11/lib"/>
    <property name="sun.java.command" value="/home/travis/build/MyCoRe-Org/mir/mir-module/target/surefire/surefirebooter8005578350359808619.jar /home/travis/build/MyCoRe-Org/mir/mir-module/target/surefire 2021-06-03T15-16-41_724-jvmRun1 surefire13511231868578240395tmp surefire_015539642176364783480tmp"/>
    <property name="jdk.debug" value="release"/>
    <property name="surefire.test.class.path" value="/home/travis/build/MyCoRe-Org/mir/mir-module/target/test-classes:/home/travis/build/MyCoRe-Org/mir/mir-module/target/classes:/home/travis/.m2/repository/com/google/code/gson/gson/2.8.6/gson-2.8.6.jar:/home/travis/.m2/repository/com/google/guava/guava/30.1-jre/guava-30.1-jre.jar:/home/travis/.m2/repository/com/google/guava/failureaccess/1.0.1/failureaccess-1.0.1.jar:/home/travis/.m2/repository/com/google/guava/listenablefuture/9999.0-empty-to-avoid-conflict-with-guava/listenablefuture-9999.0-empty-to-avoid-conflict-with-guava.jar:/home/travis/.m2/repository/com/google/code/findbugs/jsr305/3.0.2/jsr305-3.0.2.jar:/home/travis/.m2/repository/org/checkerframework/checker-qual/3.5.0/checker-qual-3.5.0.jar:/home/travis/.m2/repository/com/google/errorprone/error_prone_annotations/2.3.4/error_prone_annotations-2.3.4.jar:/home/travis/.m2/repository/com/google/j2objc/j2objc-annotations/1.3/j2objc-annotations-1.3.jar:/home/travis/.m2/repository/com/zaxxer/HikariCP/3.4.1/HikariCP-3.4.1.jar:/home/travis/.m2/repository/org/slf4j/slf4j-api/1.7.25/slf4j-api-1.7.25.jar:/home/travis/.m2/repository/commons-io/commons-io/2.8.0/commons-io-2.8.0.jar:/home/travis/.m2/repository/jakarta/persistence/jakarta.persistence-api/2.2.3/jakarta.persistence-api-2.2.3.jar:/home/travis/.m2/repository/jakarta/servlet/jakarta.servlet-api/4.0.4/jakarta.servlet-api-4.0.4.jar:/home/travis/.m2/repository/jakarta/ws/rs/jakarta.ws.rs-api/2.1.6/jakarta.ws.rs-api-2.1.6.jar:/home/travis/.m2/repository/jakarta/xml/bind/jakarta.xml.bind-api/2.3.3/jakarta.xml.bind-api-2.3.3.jar:/home/travis/.m2/repository/jakarta/activation/jakarta.activation-api/1.2.2/jakarta.activation-api-1.2.2.jar:/home/travis/.m2/repository/junit/junit/4.13.2/junit-4.13.2.jar:/home/travis/.m2/repository/org/hamcrest/hamcrest-core/2.2/hamcrest-core-2.2.jar:/home/travis/.m2/repository/org/hamcrest/hamcrest/2.2/hamcrest-2.2.jar:/home/travis/.m2/repository/net/sf/saxon/Saxon-HE/10.3/Saxon-HE-10.3.jar:/home/travis/.m2/repository/org/apache/abdera/abdera-core/1.1.3/abdera-core-1.1.3.jar:/home/travis/.m2/repository/org/apache/geronimo/specs/geronimo-stax-api_1.0_spec/1.0.1/geronimo-stax-api_1.0_spec-1.0.1.jar:/home/travis/.m2/repository/commons-codec/commons-codec/1.4/commons-codec-1.4.jar:/home/travis/.m2/repository/commons-logging/commons-logging/1.0.4/commons-logging-1.0.4.jar:/home/travis/.m2/repository/org/apache/abdera/abdera-i18n/1.1.3/abdera-i18n-1.1.3.jar:/home/travis/.m2/repository/org/apache/commons/commons-compress/1.20/commons-compress-1.20.jar:/home/travis/.m2/repository/org/apache/httpcomponents/httpclient/4.5.13/httpclient-4.5.13.jar:/home/travis/.m2/repository/org/apache/httpcomponents/httpcore/4.4.14/httpcore-4.4.14.jar:/home/travis/.m2/repository/org/apache/logging/log4j/log4j-api/2.14.0/log4j-api-2.14.0.jar:/home/travis/.m2/repository/org/apache/solr/solr-solrj/8.8.1/solr-solrj-8.8.1.jar:/home/travis/.m2/repository/commons-lang/commons-lang/2.6/commons-lang-2.6.jar:/home/travis/.m2/repository/org/apache/commons/commons-math3/3.6.1/commons-math3-3.6.1.jar:/home/travis/.m2/repository/org/apache/zookeeper/zookeeper/3.6.2/zookeeper-3.6.2.jar:/home/travis/.m2/repository/org/apache/zookeeper/zookeeper-jute/3.6.2/zookeeper-jute-3.6.2.jar:/home/travis/.m2/repository/org/xerial/snappy/snappy-java/1.1.7.6/snappy-java-1.1.7.6.jar:/home/travis/.m2/repository/org/hibernate/hibernate-hikaricp/5.4.4.Final/hibernate-hikaricp-5.4.4.Final.jar:/home/travis/.m2/repository/org/jboss/logging/jboss-logging/3.3.2.Final/jboss-logging-3.3.2.Final.jar:/home/travis/.m2/repository/org/hibernate/hibernate-core/5.4.28.Final/hibernate-core-5.4.28.Final.jar:/home/travis/.m2/repository/net/bytebuddy/byte-buddy/1.10.17/byte-buddy-1.10.17.jar:/home/travis/.m2/repository/antlr/antlr/2.7.7/antlr-2.7.7.jar:/home/travis/.m2/repository/org/jboss/spec/javax/transaction/jboss-transaction-api_1.2_spec/1.1.1.Final/jboss-transaction-api_1.2_spec-1.1.1.Final.jar:/home/travis/.m2/repository/org/jboss/jandex/2.2.3.Final/jandex-2.2.3.Final.jar:/home/travis/.m2/repository/com/fasterxml/classmate/1.5.1/classmate-1.5.1.jar:/home/travis/.m2/repository/org/dom4j/dom4j/2.1.3/dom4j-2.1.3.jar:/home/travis/.m2/repository/org/hibernate/common/hibernate-commons-annotations/5.1.2.Final/hibernate-commons-annotations-5.1.2.Final.jar:/home/travis/.m2/repository/org/hsqldb/hsqldb/2.5.1/hsqldb-2.5.1.jar:/home/travis/.m2/repository/org/jdom/jdom2/2.0.6/jdom2-2.0.6.jar:/home/travis/.m2/repository/org/jsoup/jsoup/1.12.1/jsoup-1.12.1.jar:/home/travis/.m2/repository/org/mycore/mycore-base/2021.05-SNAPSHOT/mycore-base-2021.05-SNAPSHOT.jar:/home/travis/.m2/repository/com/auth0/java-jwt/3.13.0/java-jwt-3.13.0.jar:/home/travis/.m2/repository/com/fasterxml/jackson/core/jackson-annotations/2.12.1/jackson-annotations-2.12.1.jar:/home/travis/.m2/repository/com/fasterxml/jackson/core/jackson-core/2.12.1/jackson-core-2.12.1.jar:/home/travis/.m2/repository/com/fasterxml/jackson/core/jackson-databind/2.12.1/jackson-databind-2.12.1.jar:/home/travis/.m2/repository/com/fasterxml/jackson/module/jackson-module-jaxb-annotations/2.12.1/jackson-module-jaxb-annotations-2.12.1.jar:/home/travis/.m2/repository/com/google/zxing/core/3.4.1/core-3.4.1.jar:/home/travis/.m2/repository/com/ibm/icu/icu4j/68.2/icu4j-68.2.jar:/home/travis/.m2/repository/com/jcraft/jsch/0.1.55/jsch-0.1.55.jar:/home/travis/.m2/repository/com/sun/activation/jakarta.activation/1.2.2/jakarta.activation-1.2.2.jar:/home/travis/.m2/repository/com/sun/mail/mailapi/1.6.5/mailapi-1.6.5.jar:/home/travis/.m2/repository/com/sun/mail/smtp/1.6.5/smtp-1.6.5.jar:/home/travis/.m2/repository/commons-beanutils/commons-beanutils/1.9.4/commons-beanutils-1.9.4.jar:/home/travis/.m2/repository/commons-collections/commons-collections/3.2.2/commons-collections-3.2.2.jar:/home/travis/.m2/repository/io/swagger/core/v3/swagger-annotations/2.1.7/swagger-annotations-2.1.7.jar:/home/travis/.m2/repository/jakarta/annotation/jakarta.annotation-api/1.3.5/jakarta.annotation-api-1.3.5.jar:/home/travis/.m2/repository/jakarta/inject/jakarta.inject-api/1.0.1/jakarta.inject-api-1.0.1.jar:/home/travis/.m2/repository/jakarta/websocket/jakarta.websocket-api/1.1.2/jakarta.websocket-api-1.1.2.jar:/home/travis/.m2/repository/jaxen/jaxen/1.2.0/jaxen-1.2.0.jar:/home/travis/.m2/repository/net/java/dev/jna/jna/5.6.0/jna-5.6.0.jar:/home/travis/.m2/repository/org/apache/httpcomponents/httpclient-cache/4.5.13/httpclient-cache-4.5.13.jar:/home/travis/.m2/repository/org/apache/logging/log4j/log4j-core/2.14.0/log4j-core-2.14.0.jar:/home/travis/.m2/repository/org/apache/logging/log4j/log4j-web/2.14.0/log4j-web-2.14.0.jar:/home/travis/.m2/repository/org/glassfish/hk2/hk2-api/2.6.1/hk2-api-2.6.1.jar:/home/travis/.m2/repository/org/glassfish/hk2/hk2-utils/2.6.1/hk2-utils-2.6.1.jar:/home/travis/.m2/repository/org/glassfish/jaxb/jaxb-runtime/2.3.3/jaxb-runtime-2.3.3.jar:/home/travis/.m2/repository/org/glassfish/jaxb/txw2/2.3.3/txw2-2.3.3.jar:/home/travis/.m2/repository/com/sun/istack/istack-commons-runtime/3.0.11/istack-commons-runtime-3.0.11.jar:/home/travis/.m2/repository/org/glassfish/jersey/containers/jersey-container-servlet-core/2.33/jersey-container-servlet-core-2.33.jar:/home/travis/.m2/repository/org/glassfish/hk2/external/jakarta.inject/2.6.1/jakarta.inject-2.6.1.jar:/home/travis/.m2/repository/org/glassfish/jersey/core/jersey-common/2.33/jersey-common-2.33.jar:/home/travis/.m2/repository/org/glassfish/hk2/osgi-resource-locator/1.0.3/osgi-resource-locator-1.0.3.jar:/home/travis/.m2/repository/org/glassfish/jersey/core/jersey-client/2.33/jersey-client-2.33.jar:/home/travis/.m2/repository/org/glassfish/jersey/core/jersey-server/2.33/jersey-server-2.33.jar:/home/travis/.m2/repository/org/glassfish/jersey/media/jersey-media-multipart/2.33/jersey-media-multipart-2.33.jar:/home/travis/.m2/repository/org/jvnet/mimepull/mimepull/1.9.13/mimepull-1.9.13.jar:/home/travis/.m2/repository/org/javassist/javassist/3.27.0-GA/javassist-3.27.0-GA.jar:/home/travis/.m2/repository/org/tmatesoft/svnkit/svnkit/1.10.1/svnkit-1.10.1.jar:/home/travis/.m2/repository/de/regnis/q/sequence/sequence-library/1.0.4/sequence-library-1.0.4.jar:/home/travis/.m2/repository/org/tmatesoft/sqljet/sqljet/1.1.12/sqljet-1.1.12.jar:/home/travis/.m2/repository/org/antlr/antlr-runtime/3.4/antlr-runtime-3.4.jar:/home/travis/.m2/repository/net/java/dev/jna/jna-platform/4.1.0/jna-platform-4.1.0.jar:/home/travis/.m2/repository/org/lz4/lz4-java/1.4.1/lz4-java-1.4.1.jar:/home/travis/.m2/repository/se/jiderhamn/classloader-leak-prevention/classloader-leak-prevention-core/2.7.0/classloader-leak-prevention-core-2.7.0.jar:/home/travis/.m2/repository/xalan/serializer/2.7.2/serializer-2.7.2.jar:/home/travis/.m2/repository/xalan/xalan/2.7.2/xalan-2.7.2.jar:/home/travis/.m2/repository/org/apache/logging/log4j/log4j-slf4j-impl/2.14.0/log4j-slf4j-impl-2.14.0.jar:/home/travis/.m2/repository/org/glassfish/jersey/inject/jersey-hk2/2.33/jersey-hk2-2.33.jar:/home/travis/.m2/repository/org/glassfish/hk2/hk2-locator/2.6.1/hk2-locator-2.6.1.jar:/home/travis/.m2/repository/org/glassfish/hk2/external/aopalliance-repackaged/2.6.1/aopalliance-repackaged-2.6.1.jar:/home/travis/.m2/repository/org/mycore/mycore-base/2021.05-SNAPSHOT/mycore-base-2021.05-SNAPSHOT-tests.jar:/home/travis/.m2/repository/org/mycore/mycore-mods/2021.05-SNAPSHOT/mycore-mods-2021.05-SNAPSHOT.jar:/home/travis/.m2/repository/com/rometools/rome/1.15.0/rome-1.15.0.jar:/home/travis/.m2/repository/com/rometools/rome-utils/1.15.0/rome-utils-1.15.0.jar:/home/travis/.m2/repository/org/bibsonomy/bibsonomy-bibtex-parser/3.9.2/bibsonomy-bibtex-parser-3.9.2.jar:/home/travis/.m2/repository/org/bibsonomy/bibsonomy-common/3.9.2/bibsonomy-common-3.9.2.jar:/home/travis/.m2/repository/org/bibsonomy/bibsonomy-model/3.9.2/bibsonomy-model-3.9.2.jar:/home/travis/.m2/repository/joda-time/joda-time/2.3/joda-time-2.3.jar:/home/travis/.m2/repository/org/mycore/mycore-pi/2021.05-SNAPSHOT/mycore-pi-2021.05-SNAPSHOT.jar:/home/travis/.m2/repository/jakarta/validation/jakarta.validation-api/2.0.2/jakarta.validation-api-2.0.2.jar:/home/travis/.m2/repository/org/apache/httpcomponents/httpmime/4.5.13/httpmime-4.5.13.jar:/home/travis/.m2/repository/org/mycore/mycore-solr/2021.05-SNAPSHOT/mycore-solr-2021.05-SNAPSHOT.jar:/home/travis/.m2/repository/org/mycore/mycore-classbrowser/2021.05-SNAPSHOT/mycore-classbrowser-2021.05-SNAPSHOT.jar:/home/travis/.m2/repository/org/mycore/mycore-sword/2021.05-SNAPSHOT/mycore-sword-2021.05-SNAPSHOT.jar:/home/travis/.m2/repository/com/fasterxml/woodstox/woodstox-core/6.2.4/woodstox-core-6.2.4.jar:/home/travis/.m2/repository/org/codehaus/woodstox/stax2-api/4.2.1/stax2-api-4.2.1.jar:/home/travis/.m2/repository/org/apache/abdera/abdera-parser/1.1.3/abdera-parser-1.1.3.jar:/home/travis/.m2/repository/org/apache/ws/commons/axiom/axiom-api/1.2.14/axiom-api-1.2.14.jar:/home/travis/.m2/repository/org/apache/james/apache-mime4j-core/0.7.2/apache-mime4j-core-0.7.2.jar:/home/travis/.m2/repository/org/apache/ws/commons/axiom/axiom-impl/1.2.14/axiom-impl-1.2.14.jar:/home/travis/.m2/repository/org/mycore/mets/mets-validator/1.3/mets-validator-1.3.jar:/home/travis/.m2/repository/org/mycore/mycore-user2/2021.05-SNAPSHOT/mycore-user2-2021.05-SNAPSHOT.jar:/home/travis/.m2/repository/org/jasig/cas/cas-client-core/3.1.10/cas-client-core-3.1.10.jar:/home/travis/.m2/repository/org/mycore/mycore-wfc/2021.05-SNAPSHOT/mycore-wfc-2021.05-SNAPSHOT.jar:/home/travis/.m2/repository/org/mycore/mycore-xeditor/2021.05-SNAPSHOT/mycore-xeditor-2021.05-SNAPSHOT.jar:/home/travis/.m2/repository/org/mycore/sword/easy-sword2-lib/1.0.5/easy-sword2-lib-1.0.5.jar:/home/travis/.m2/repository/commons-fileupload/commons-fileupload/1.4/commons-fileupload-1.4.jar:/home/travis/.m2/repository/org/apache/logging/log4j/log4j-1.2-api/2.14.0/log4j-1.2-api-2.14.0.jar:/home/travis/.m2/repository/org/mycore/mycore-csl/2021.05-SNAPSHOT/mycore-csl-2021.05-SNAPSHOT.jar:/home/travis/.m2/repository/de/undercouch/citeproc-java/2.0.0/citeproc-java-2.0.0.jar:/home/travis/.m2/repository/org/apache/commons/commons-lang3/3.11/commons-lang3-3.11.jar:/home/travis/.m2/repository/org/apache/commons/commons-text/1.8/commons-text-1.8.jar:/home/travis/.m2/repository/org/antlr/antlr4-runtime/4.7.2/antlr4-runtime-4.7.2.jar:/home/travis/.m2/repository/org/graalvm/sdk/graal-sdk/19.2.1/graal-sdk-19.2.1.jar:/home/travis/.m2/repository/org/graalvm/js/js/19.2.1/js-19.2.1.jar:/home/travis/.m2/repository/org/graalvm/regex/regex/19.2.1/regex-19.2.1.jar:/home/travis/.m2/repository/org/graalvm/truffle/truffle-api/19.2.1/truffle-api-19.2.1.jar:/home/travis/.m2/repository/org/ow2/asm/asm/6.2.1/asm-6.2.1.jar:/home/travis/.m2/repository/org/ow2/asm/asm-tree/6.2.1/asm-tree-6.2.1.jar:/home/travis/.m2/repository/org/ow2/asm/asm-analysis/6.2.1/asm-analysis-6.2.1.jar:/home/travis/.m2/repository/org/ow2/asm/asm-commons/6.2.1/asm-commons-6.2.1.jar:/home/travis/.m2/repository/org/ow2/asm/asm-util/6.2.1/asm-util-6.2.1.jar:/home/travis/.m2/repository/org/jbibtex/jbibtex/1.0.18/jbibtex-1.0.18.jar:/home/travis/.m2/repository/org/citationstyles/locales/21.2/locales-21.2.jar:/home/travis/.m2/repository/org/citationstyles/styles/21.2/styles-21.2.jar:/home/travis/.m2/repository/org/mycore/mycore-ifs/2021.05-SNAPSHOT/mycore-ifs-2021.05-SNAPSHOT.jar:/home/travis/.m2/repository/org/mycore/pica2mods/pica2mods-xslt/2.0-SNAPSHOT/pica2mods-xslt-2.0-SNAPSHOT.jar:"/>
    <property name="sun.cpu.endian" value="little"/>
    <property name="MCR.Home" value="/tmp/junit13559080054109648829/mcrhome"/>
    <property name="user.home" value="/home/travis"/>
    <property name="user.language" value="en"/>
    <property name="git.closest.tag.commit.count" value="2275"/>
    <property name="java.specification.vendor" value="Oracle Corporation"/>
    <property name="java.version.date" value="2019-01-15"/>
    <property name="java.home" value="/usr/local/lib/jvm/openjdk11"/>
    <property name="git.total.commit.count" value="2339"/>
    <property name="file.separator" value="/"/>
    <property name="basedir" value="/home/travis/build/MyCoRe-Org/mir/mir-module"/>
    <property name="java.vm.compressedOopsMode" value="32-bit"/>
    <property name="line.separator" value="&#10;"/>
    <property name="java.specification.name" value="Java Platform API Specification"/>
    <property name="java.vm.specification.vendor" value="Oracle Corporation"/>
    <property name="java.awt.graphicsenv" value="sun.awt.X11GraphicsEnvironment"/>
    <property name="git.commit.id.full" value="3f1c2498ae4a2b5d33b9d009b170a27d01359b9d"/>
    <property name="git.closest.tag.name" value="v2020.06.1"/>
    <property name="git.local.branch.ahead" value="NO_REMOTE"/>
    <property name="git.build.time" value="2021-06-03T15:15:58Z"/>
    <property name="surefire.real.class.path" value="/home/travis/build/MyCoRe-Org/mir/mir-module/target/surefire/surefirebooter8005578350359808619.jar"/>
    <property name="git.commit.message.full" value="Merge 644bd99a8ec011ca20aca9411f84db8671528c13 into ed5929908a03f18bb02dc0421db335dcd3011fda"/>
    <property name="sun.management.compiler" value="HotSpot 64-Bit Tiered Compilers"/>
    <property name="java.runtime.version" value="11.0.2+9"/>
    <property name="user.name" value="travis"/>
    <property name="path.separator" value=":"/>
    <property name="os.version" value="5.4.0-1032-gcp"/>
    <property name="java.runtime.name" value="OpenJDK Runtime Environment"/>
    <property name="file.encoding" value="UTF-8"/>
    <property name="java.vm.name" value="OpenJDK 64-Bit Server VM"/>
    <property name="java.vendor.version" value="18.9"/>
    <property name="jetty" value="true"/>
    <property name="git.local.branch.behind" value="NO_REMOTE"/>
    <property name="git.dirty" value="false"/>
    <property name="localRepository" value="/home/travis/.m2/repository"/>
    <property name="java.vendor.url.bug" value="http://bugreport.java.com/bugreport/"/>
    <property name="java.io.tmpdir" value="/tmp"/>
    <property name="com.zaxxer.hikari.pool_number" value="60"/>
    <property name="java.version" value="11.0.2"/>
    <property name="user.dir" value="/home/travis/build/MyCoRe-Org/mir/mir-module"/>
    <property name="os.arch" value="amd64"/>
    <property name="git.commit.user.name" value="Kathleen Neumann"/>
    <property name="git.commit.id.abbrev" value="3f1c249"/>
    <property name="java.vm.specification.name" value="Java Virtual Machine Specification"/>
    <property name="java.awt.printerjob" value="sun.print.PSPrinterJob"/>
    <property name="git.commit.id.describe-short" value="v2020.06.1-2275"/>
    <property name="sun.os.patch.level" value="unknown"/>
    <property name="git.commit.id.describe" value="v2020.06.1-2275-g3f1c249"/>
    <property name="java.library.path" value="/usr/java/packages/lib:/usr/lib64:/lib64:/lib:/usr/lib"/>
    <property name="git.commit.message.short" value="Merge 644bd99a8ec011ca20aca9411f84db8671528c13 into ed5929908a03f18bb02dc0421db335dcd3011fda"/>
    <property name="java.vendor" value="Oracle Corporation"/>
    <property name="java.vm.info" value="mixed mode"/>
    <property name="java.vm.version" value="11.0.2+9"/>
    <property name="sun.io.unicode.encoding" value="UnicodeLittle"/>
    <property name="MCRRuntimeComponentDetector.underTesting" value="mir-module"/>
    <property name="java.class.version" value="55.0"/>
    <property name="git.commit.time" value="2021-06-03T15:11:53Z"/>
    <property name="MCR.AppName" value="mir-module"/>
    <property name="git.remote.origin.url" value="https://github.com/MyCoRe-Org/mir.git"/>
  </properties>
  <testcase name="checkGuestPermission" classname="org.mycore.mir.authorization.MIRStrategyTest" time="1.857">
    <system-out><![CDATA[Creating config directory: /tmp/junit13559080054109648829/mcrhome/mir-module
MyCoRe components detected: mcr:mycore-base, mcr:mycore-solr, mcr:mycore-user2, mcr:mycore-xeditor, mcr:mycore-classbrowser, mcr:mycore-mods, mcr:mycore-csl, mcr:mycore-ifs, mcr:mycore-pi, mcr:mycore-sword, mcr:mycore-wfc
Applications modules detected: app:mir-module
&amp#27;[34m2021-06-03T15:17:09,954 [main] INFO   MCRConfigurationInputStream: Current configuration directory: /tmp/junit13559080054109648829/mcrhome/mir-module&amp#27;[m&amp#27;[0m
&amp#27;[m&amp#27;[34m2021-06-03T15:17:10,053 [main] INFO   LogHelper: HHH000204: Processing PersistenceUnitInfo [name: mir-module]&amp#27;[m&amp#27;[0m
&amp#27;[m&amp#27;[34m2021-06-03T15:17:10,069 [main] INFO   HikariDataSource: HikariPool-61 - Starting...&amp#27;[m&amp#27;[0m
&amp#27;[m&amp#27;[31m2021-06-03T15:17:10,070 [main] WARN   DriverDataSource: Registered driver with driverClassName=org.hsqldb.jdbcDriver was not found, trying direct instantiation.&amp#27;[m&amp#27;[0m
&amp#27;[m&amp#27;[34m2021-06-03T15:17:10,070 [main] INFO   PoolBase: HikariPool-61 - Driver does not support get/set network timeout for connections. (feature not supported)&amp#27;[m&amp#27;[0m
&amp#27;[m&amp#27;[34m2021-06-03T15:17:10,071 [main] INFO   HikariDataSource: HikariPool-61 - Start completed.&amp#27;[m&amp#27;[0m
&amp#27;[m&amp#27;[34m2021-06-03T15:17:10,071 [main] INFO   Dialect: HHH000400: Using dialect: org.hibernate.dialect.HSQLDialect&amp#27;[m&amp#27;[0m
&amp#27;[m&amp#27;[31m2021-06-03T15:17:10,094 [main] WARN   JavaTypeDescriptorRegistry: HHH000481: Encountered Java type [class java.lang.Object] for which we could not locate a JavaTypeDescriptor and which does not appear to implement equals and/or hashCode.  This can lead to significant performance problems when performing equality/dirty checking involving this Java type.  Consider registering a custom JavaTypeDescriptor or at least implementing equals/hashCode.&amp#27;[m&amp#27;[0m
&amp#27;[m&amp#27;[31m2021-06-03T15:17:10,266 [main] WARN   MetadataContext: HHH015011: Unable to locate static metamodel field : org.mycore.datamodel.classifications2.MCRCategoryID_#id; this may or may not indicate a problem with the static metamodel&amp#27;[m&amp#27;[0m
&amp#27;[m&amp#27;[34m2021-06-03T15:17:10,273 [main] INFO   JtaPlatformInitiator: HHH000490: Using JtaPlatform implementation: [org.hibernate.engine.transaction.jta.platform.internal.NoJtaPlatform]&amp#27;[m&amp#27;[0m
&amp#27;[m&amp#27;[34m2021-06-03T15:17:10,333 [main] INFO   LogHelper: HHH000204: Processing PersistenceUnitInfo [name: mir-module]&amp#27;[m&amp#27;[0m
&amp#27;[m&amp#27;[34m2021-06-03T15:17:10,352 [main] INFO   HikariDataSource: HikariPool-62 - Starting...&amp#27;[m&amp#27;[0m
&amp#27;[m&amp#27;[31m2021-06-03T15:17:10,357 [main] WARN   DriverDataSource: Registered driver with driverClassName=org.hsqldb.jdbcDriver was not found, trying direct instantiation.&amp#27;[m&amp#27;[0m
&amp#27;[m&amp#27;[34m2021-06-03T15:17:10,359 [main] INFO   PoolBase: HikariPool-62 - Driver does not support get/set network timeout for connections. (feature not supported)&amp#27;[m&amp#27;[0m
&amp#27;[m&amp#27;[34m2021-06-03T15:17:10,364 [main] INFO   HikariDataSource: HikariPool-62 - Start completed.&amp#27;[m&amp#27;[0m
&amp#27;[m&amp#27;[34m2021-06-03T15:17:10,364 [main] INFO   Dialect: HHH000400: Using dialect: org.hibernate.dialect.HSQLDialect&amp#27;[m&amp#27;[0m
&amp#27;[m&amp#27;[31m2021-06-03T15:17:10,399 [main] WARN   JavaTypeDescriptorRegistry: HHH000481: Encountered Java type [class java.lang.Object] for which we could not locate a JavaTypeDescriptor and which does not appear to implement equals and/or hashCode.  This can lead to significant performance problems when performing equality/dirty checking involving this Java type.  Consider registering a custom JavaTypeDescriptor or at least implementing equals/hashCode.&amp#27;[m&amp#27;[0m
&amp#27;[mFile location: /MIRStrategyTest/class/mir_access.xml
&amp#27;[34m2021-06-03T15:17:10,549 [main] INFO   MCRCommandLineInterface: load permissions data from file ${app.home}/config/acl/permissions.xml --> load permissions data from file /home/travis/build/MyCoRe-Org/mir/mir-cli/src/main/config/acl/permissions.xml&amp#27;[m&amp#27;[0m
&amp#27;[m&amp#27;[34m2021-06-03T15:17:10,551 [main] INFO   MCRCommand: Syntax matched (executed): load permissions data from file {0}&amp#27;[m&amp#27;[0m
&amp#27;[m&amp#27;[34m2021-06-03T15:17:10,552 [main] INFO   MCRAccessCommands: Reading file /home/travis/build/MyCoRe-Org/mir/mir-cli/src/main/config/acl/permissions.xml ...&amp#27;[m&amp#27;[0m
&amp#27;[mnull Command processed (191 ms)
&amp#27;[34m2021-06-03T15:17:10,753 [main] INFO   MCRCommandLineInterface: update permission read for id default with rulefile ${app.home}/config/acl/grant-all.xml described by ${acl-description.all} --> update permission read for id default with rulefile /home/travis/build/MyCoRe-Org/mir/mir-cli/src/main/config/acl/grant-all.xml described by always allowed&amp#27;[m&amp#27;[0m
&amp#27;[m&amp#27;[34m2021-06-03T15:17:10,753 [main] INFO   MCRCommand: Syntax matched (executed): update permission {0} for id {1} with rulefile {2} described by {3}&amp#27;[m&amp#27;[0m
&amp#27;[mnull Command processed (31 ms)
&amp#27;[34m2021-06-03T15:17:10,784 [main] INFO   MCRCommandLineInterface: update permission writedb for id default with rulefile ${app.home}/config/acl/grant-admin.xml described by ${acl-description.admins} --> update permission writedb for id default with rulefile /home/travis/build/MyCoRe-Org/mir/mir-cli/src/main/config/acl/grant-admin.xml described by administrators only&amp#27;[m&amp#27;[0m
&amp#27;[m&amp#27;[34m2021-06-03T15:17:10,785 [main] INFO   MCRCommand: Syntax matched (executed): update permission {0} for id {1} with rulefile {2} described by {3}&amp#27;[m&amp#27;[0m
&amp#27;[mnull Command processed (10 ms)
&amp#27;[34m2021-06-03T15:17:10,795 [main] INFO   MCRCommandLineInterface: update permission deletedb for id default with rulefile ${app.home}/config/acl/grant-admin.xml described by ${acl-description.admins} --> update permission deletedb for id default with rulefile /home/travis/build/MyCoRe-Org/mir/mir-cli/src/main/config/acl/grant-admin.xml described by administrators only&amp#27;[m&amp#27;[0m
&amp#27;[m&amp#27;[34m2021-06-03T15:17:10,795 [main] INFO   MCRCommand: Syntax matched (executed): update permission {0} for id {1} with rulefile {2} described by {3}&amp#27;[m&amp#27;[0m
&amp#27;[mnull Command processed (11 ms)
&amp#27;[34m2021-06-03T15:17:10,806 [main] INFO   MCRCommandLineInterface: update permission view for id default_mods with rulefile ${app.home}/config/acl/grant-all.xml described by ${acl-description.all} --> update permission view for id default_mods with rulefile /home/travis/build/MyCoRe-Org/mir/mir-cli/src/main/config/acl/grant-all.xml described by always allowed&amp#27;[m&amp#27;[0m
&amp#27;[m&amp#27;[34m2021-06-03T15:17:10,806 [main] INFO   MCRCommand: Syntax matched (executed): update permission {0} for id {1} with rulefile {2} described by {3}&amp#27;[m&amp#27;[0m
&amp#27;[mnull Command processed (17 ms)
&amp#27;[34m2021-06-03T15:17:10,823 [main] INFO   MCRCommandLineInterface: update permission preview for id default_mods with rulefile ${app.home}/config/acl/grant-all.xml described by ${acl-description.all} --> update permission preview for id default_mods with rulefile /home/travis/build/MyCoRe-Org/mir/mir-cli/src/main/config/acl/grant-all.xml described by always allowed&amp#27;[m&amp#27;[0m
&amp#27;[m&amp#27;[34m2021-06-03T15:17:10,824 [main] INFO   MCRCommand: Syntax matched (executed): update permission {0} for id {1} with rulefile {2} described by {3}&amp#27;[m&amp#27;[0m
&amp#27;[mnull Command processed (16 ms)
&amp#27;[34m2021-06-03T15:17:10,841 [main] INFO   MCRCommandLineInterface: update permission read for id default_mods with rulefile ${app.home}/config/acl/grant-all.xml described by ${acl-description.all} --> update permission read for id default_mods with rulefile /home/travis/build/MyCoRe-Org/mir/mir-cli/src/main/config/acl/grant-all.xml described by always allowed&amp#27;[m&amp#27;[0m
&amp#27;[m&amp#27;[34m2021-06-03T15:17:10,842 [main] INFO   MCRCommand: Syntax matched (executed): update permission {0} for id {1} with rulefile {2} described by {3}&amp#27;[m&amp#27;[0m
&amp#27;[mnull Command processed (25 ms)
&amp#27;[34m2021-06-03T15:17:10,867 [main] INFO   MCRCommandLineInterface: update permission writedb for id default_mods with rulefile ${app.home}/config/acl/grant-editors.xml described by ${acl-description.editors} --> update permission writedb for id default_mods with rulefile /home/travis/build/MyCoRe-Org/mir/mir-cli/src/main/config/acl/grant-editors.xml described by administrators and editors&amp#27;[m&amp#27;[0m
&amp#27;[m&amp#27;[34m2021-06-03T15:17:10,867 [main] INFO   MCRCommand: Syntax matched (executed): update permission {0} for id {1} with rulefile {2} described by {3}&amp#27;[m&amp#27;[0m
&amp#27;[mnull Command processed (17 ms)
&amp#27;[34m2021-06-03T15:17:10,885 [main] INFO   MCRCommandLineInterface: update permission deletedb for id default_mods with rulefile ${app.home}/config/acl/grant-admin.xml described by ${acl-description.admins} --> update permission deletedb for id default_mods with rulefile /home/travis/build/MyCoRe-Org/mir/mir-cli/src/main/config/acl/grant-admin.xml described by administrators only&amp#27;[m&amp#27;[0m
&amp#27;[m&amp#27;[34m2021-06-03T15:17:10,885 [main] INFO   MCRCommand: Syntax matched (executed): update permission {0} for id {1} with rulefile {2} described by {3}&amp#27;[m&amp#27;[0m
&amp#27;[mnull Command processed (15 ms)
&amp#27;[34m2021-06-03T15:17:10,900 [main] INFO   MCRCommandLineInterface: update permission addurn for id default_derivate with rulefile ${app.home}/config/acl/grant-editors.xml described by ${acl-description.editors} --> update permission addurn for id default_derivate with rulefile /home/travis/build/MyCoRe-Org/mir/mir-cli/src/main/config/acl/grant-editors.xml described by administrators and editors&amp#27;[m&amp#27;[0m
&amp#27;[m&amp#27;[34m2021-06-03T15:17:10,900 [main] INFO   MCRCommand: Syntax matched (executed): update permission {0} for id {1} with rulefile {2} described by {3}&amp#27;[m&amp#27;[0m
&amp#27;[mnull Command processed (26 ms)
&amp#27;[34m2021-06-03T15:17:10,929 [main] INFO   MCRCommandLineInterface: update permission read for id derivate:mir_access:intern with rulefile ${app.home}/config/acl/require-login.xml described by ${acl-description.require-login} --> update permission read for id derivate:mir_access:intern with rulefile /home/travis/build/MyCoRe-Org/mir/mir-cli/src/main/config/acl/require-login.xml described by require login&amp#27;[m&amp#27;[0m
&amp#27;[m&amp#27;[34m2021-06-03T15:17:10,930 [main] INFO   MCRCommand: Syntax matched (executed): update permission {0} for id {1} with rulefile {2} described by {3}&amp#27;[m&amp#27;[0m
&amp#27;[mnull Command processed (27 ms)
&amp#27;[34m2021-06-03T15:17:10,956 [main] INFO   MCRCommandLineInterface: update permission read for id derivate:mir_access:unlimited with rulefile ${app.home}/config/acl/grant-all.xml described by ${acl-description.require-login} --> update permission read for id derivate:mir_access:unlimited with rulefile /home/travis/build/MyCoRe-Org/mir/mir-cli/src/main/config/acl/grant-all.xml described by require login&amp#27;[m&amp#27;[0m
&amp#27;[m&amp#27;[34m2021-06-03T15:17:10,957 [main] INFO   MCRCommand: Syntax matched (executed): update permission {0} for id {1} with rulefile {2} described by {3}&amp#27;[m&amp#27;[0m
&amp#27;[mnull Command processed (23 ms)
&amp#27;[34m2021-06-03T15:17:10,980 [main] INFO   MCRCommandLineInterface: update permission writedb for id mir_genres with rulefile ${app.home}/config/acl/grant-admin.xml described by ${acl-description.admins} --> update permission writedb for id mir_genres with rulefile /home/travis/build/MyCoRe-Org/mir/mir-cli/src/main/config/acl/grant-admin.xml described by administrators only&amp#27;[m&amp#27;[0m
&amp#27;[m&amp#27;[34m2021-06-03T15:17:10,981 [main] INFO   MCRCommand: Syntax matched (executed): update permission {0} for id {1} with rulefile {2} described by {3}&amp#27;[m&amp#27;[0m
&amp#27;[mnull Command processed (21 ms)
&amp#27;[34m2021-06-03T15:17:11,002 [main] INFO   MCRCommandLineInterface: update permission writedb for id mir_institutes with rulefile ${app.home}/config/acl/grant-admin.xml described by ${acl-description.admins} --> update permission writedb for id mir_institutes with rulefile /home/travis/build/MyCoRe-Org/mir/mir-cli/src/main/config/acl/grant-admin.xml described by administrators only&amp#27;[m&amp#27;[0m
&amp#27;[m&amp#27;[34m2021-06-03T15:17:11,004 [main] INFO   MCRCommand: Syntax matched (executed): update permission {0} for id {1} with rulefile {2} described by {3}&amp#27;[m&amp#27;[0m
&amp#27;[mnull Command processed (18 ms)
&amp#27;[34m2021-06-03T15:17:11,022 [main] INFO   MCRCommandLineInterface: update permission writedb for id mir_licenses with rulefile ${app.home}/config/acl/grant-admin.xml described by ${acl-description.admins} --> update permission writedb for id mir_licenses with rulefile /home/travis/build/MyCoRe-Org/mir/mir-cli/src/main/config/acl/grant-admin.xml described by administrators only&amp#27;[m&amp#27;[0m
&amp#27;[m&amp#27;[34m2021-06-03T15:17:11,022 [main] INFO   MCRCommand: Syntax matched (executed): update permission {0} for id {1} with rulefile {2} described by {3}&amp#27;[m&amp#27;[0m
&amp#27;[mnull Command processed (21 ms)
&amp#27;[34m2021-06-03T15:17:11,043 [main] INFO   MCRCommandLineInterface: update permission writedb for id rfc5646 with rulefile ${app.home}/config/acl/grant-admin.xml described by ${acl-description.admins} --> update permission writedb for id rfc5646 with rulefile /home/travis/build/MyCoRe-Org/mir/mir-cli/src/main/config/acl/grant-admin.xml described by administrators only&amp#27;[m&amp#27;[0m
&amp#27;[m&amp#27;[34m2021-06-03T15:17:11,044 [main] INFO   MCRCommand: Syntax matched (executed): update permission {0} for id {1} with rulefile {2} described by {3}&amp#27;[m&amp#27;[0m
&amp#27;[mnull Command processed (29 ms)
&amp#27;[34m2021-06-03T15:17:11,074 [main] INFO   MCRCommandLineInterface: update permission writedb for id marcrelator with rulefile ${app.home}/config/acl/grant-admin.xml described by ${acl-description.admins} --> update permission writedb for id marcrelator with rulefile /home/travis/build/MyCoRe-Org/mir/mir-cli/src/main/config/acl/grant-admin.xml described by administrators only&amp#27;[m&amp#27;[0m
&amp#27;[m&amp#27;[34m2021-06-03T15:17:11,074 [main] INFO   MCRCommand: Syntax matched (executed): update permission {0} for id {1} with rulefile {2} described by {3}&amp#27;[m&amp#27;[0m
&amp#27;[mnull Command processed (10 ms)
&amp#27;[34m2021-06-03T15:17:11,084 [main] INFO   MCRCommandLineInterface: update permission writedb for id noteTypes with rulefile ${app.home}/config/acl/grant-admin.xml described by ${acl-description.admins} --> update permission writedb for id noteTypes with rulefile /home/travis/build/MyCoRe-Org/mir/mir-cli/src/main/config/acl/grant-admin.xml described by administrators only&amp#27;[m&amp#27;[0m
&amp#27;[m&amp#27;[34m2021-06-03T15:17:11,086 [main] INFO   MCRCommand: Syntax matched (executed): update permission {0} for id {1} with rulefile {2} described by {3}&amp#27;[m&amp#27;[0m
&amp#27;[mnull Command processed (23 ms)
&amp#27;[34m2021-06-03T15:17:11,109 [main] INFO   MCRCommandLineInterface: update permission writedb for id SDNB with rulefile ${app.home}/config/acl/grant-admin.xml described by ${acl-description.admins} --> update permission writedb for id SDNB with rulefile /home/travis/build/MyCoRe-Org/mir/mir-cli/src/main/config/acl/grant-admin.xml described by administrators only&amp#27;[m&amp#27;[0m
&amp#27;[m&amp#27;[34m2021-06-03T15:17:11,109 [main] INFO   MCRCommand: Syntax matched (executed): update permission {0} for id {1} with rulefile {2} described by {3}&amp#27;[m&amp#27;[0m
&amp#27;[mnull Command processed (10 ms)
&amp#27;[34m2021-06-03T15:17:11,119 [main] INFO   MCRCommandLineInterface: update permission read for id mods:mir_access:accessKey with rulefile ${app.home}/config/acl/grant-editors.xml described by ${acl-description.editors} --> update permission read for id mods:mir_access:accessKey with rulefile /home/travis/build/MyCoRe-Org/mir/mir-cli/src/main/config/acl/grant-editors.xml described by administrators and editors&amp#27;[m&amp#27;[0m
&amp#27;[m&amp#27;[34m2021-06-03T15:17:11,120 [main] INFO   MCRCommand: Syntax matched (executed): update permission {0} for id {1} with rulefile {2} described by {3}&amp#27;[m&amp#27;[0m
&amp#27;[mnull Command processed (10 ms)
&amp#27;[34m2021-06-03T15:17:11,130 [main] INFO   MCRCommandLineInterface: update permission writedb for id mods:mir_access:accessKey with rulefile ${app.home}/config/acl/grant-editors.xml described by ${acl-description.editors} --> update permission writedb for id mods:mir_access:accessKey with rulefile /home/travis/build/MyCoRe-Org/mir/mir-cli/src/main/config/acl/grant-editors.xml described by administrators and editors&amp#27;[m&amp#27;[0m
&amp#27;[m&amp#27;[34m2021-06-03T15:17:11,131 [main] INFO   MCRCommand: Syntax matched (executed): update permission {0} for id {1} with rulefile {2} described by {3}&amp#27;[m&amp#27;[0m
&amp#27;[mnull Command processed (23 ms)
&amp#27;[34m2021-06-03T15:17:11,154 [main] INFO   MCRCommandLineInterface: update permission read for id derivate:mir_access:accessKey with rulefile ${app.home}/config/acl/grant-editors.xml described by ${acl-description.editors} --> update permission read for id derivate:mir_access:accessKey with rulefile /home/travis/build/MyCoRe-Org/mir/mir-cli/src/main/config/acl/grant-editors.xml described by administrators and editors&amp#27;[m&amp#27;[0m
&amp#27;[m&amp#27;[34m2021-06-03T15:17:11,155 [main] INFO   MCRCommand: Syntax matched (executed): update permission {0} for id {1} with rulefile {2} described by {3}&amp#27;[m&amp#27;[0m
&amp#27;[mnull Command processed (20 ms)
&amp#27;[34m2021-06-03T15:17:11,176 [main] INFO   MCRCommandLineInterface: update permission writedb for id derivate:mir_access:accessKey with rulefile ${app.home}/config/acl/grant-editors.xml described by ${acl-description.editors} --> update permission writedb for id derivate:mir_access:accessKey with rulefile /home/travis/build/MyCoRe-Org/mir/mir-cli/src/main/config/acl/grant-editors.xml described by administrators and editors&amp#27;[m&amp#27;[0m
&amp#27;[m&amp#27;[34m2021-06-03T15:17:11,177 [main] INFO   MCRCommand: Syntax matched (executed): update permission {0} for id {1} with rulefile {2} described by {3}&amp#27;[m&amp#27;[0m
&amp#27;[mnull Command processed (22 ms)
&amp#27;[34m2021-06-03T15:17:11,199 [main] INFO   MCRCommand: Syntax matched (executed): load classification from url {0}&amp#27;[m&amp#27;[0m
&amp#27;[m&amp#27;[34m2021-06-03T15:17:11,286 [main] INFO   MCRCategoryDAOImpl: Category mir_access saved.&amp#27;[m&amp#27;[0m
&amp#27;[mnull Command processed (87 ms)
&amp#27;[34m2021-06-03T15:17:11,748 [main] INFO   LogHelper: HHH000204: Processing PersistenceUnitInfo [name: mir-module]&amp#27;[m&amp#27;[0m
&amp#27;[m&amp#27;[34m2021-06-03T15:17:11,760 [main] INFO   HikariDataSource: HikariPool-63 - Starting...&amp#27;[m&amp#27;[0m
&amp#27;[m&amp#27;[31m2021-06-03T15:17:11,761 [main] WARN   DriverDataSource: Registered driver with driverClassName=org.hsqldb.jdbcDriver was not found, trying direct instantiation.&amp#27;[m&amp#27;[0m
&amp#27;[m&amp#27;[34m2021-06-03T15:17:11,761 [main] INFO   PoolBase: HikariPool-63 - Driver does not support get/set network timeout for connections. (feature not supported)&amp#27;[m&amp#27;[0m
&amp#27;[m&amp#27;[34m2021-06-03T15:17:11,762 [main] INFO   HikariDataSource: HikariPool-63 - Start completed.&amp#27;[m&amp#27;[0m
&amp#27;[m&amp#27;[34m2021-06-03T15:17:11,762 [main] INFO   Dialect: HHH000400: Using dialect: org.hibernate.dialect.HSQLDialect&amp#27;[m&amp#27;[0m
&amp#27;[m&amp#27;[31m2021-06-03T15:17:11,787 [main] WARN   JavaTypeDescriptorRegistry: HHH000481: Encountered Java type [class java.lang.Object] for which we could not locate a JavaTypeDescriptor and which does not appear to implement equals and/or hashCode.  This can lead to significant performance problems when performing equality/dirty checking involving this Java type.  Consider registering a custom JavaTypeDescriptor or at least implementing equals/hashCode.&amp#27;[m&amp#27;[0m
&amp#27;[m]]></system-out>
  </testcase>
  <testcase name="checkSuperUserPermission" classname="org.mycore.mir.authorization.MIRStrategyTest" time="1.568">
    <system-out><![CDATA[MyCoRe components detected: mcr:mycore-base, mcr:mycore-solr, mcr:mycore-user2, mcr:mycore-xeditor, mcr:mycore-classbrowser, mcr:mycore-mods, mcr:mycore-csl, mcr:mycore-ifs, mcr:mycore-pi, mcr:mycore-sword, mcr:mycore-wfc
Applications modules detected: app:mir-module
&amp#27;[34m2021-06-03T15:17:11,807 [main] INFO   MCRConfigurationInputStream: Current configuration directory: /tmp/junit13559080054109648829/mcrhome/mir-module&amp#27;[m&amp#27;[0m
&amp#27;[m&amp#27;[34m2021-06-03T15:17:11,864 [main] INFO   LogHelper: HHH000204: Processing PersistenceUnitInfo [name: mir-module]&amp#27;[m&amp#27;[0m
&amp#27;[m&amp#27;[34m2021-06-03T15:17:11,932 [main] INFO   HikariDataSource: HikariPool-64 - Starting...&amp#27;[m&amp#27;[0m
&amp#27;[m&amp#27;[31m2021-06-03T15:17:11,933 [main] WARN   DriverDataSource: Registered driver with driverClassName=org.hsqldb.jdbcDriver was not found, trying direct instantiation.&amp#27;[m&amp#27;[0m
&amp#27;[m&amp#27;[34m2021-06-03T15:17:11,933 [main] INFO   PoolBase: HikariPool-64 - Driver does not support get/set network timeout for connections. (feature not supported)&amp#27;[m&amp#27;[0m
&amp#27;[m&amp#27;[34m2021-06-03T15:17:11,946 [main] INFO   HikariDataSource: HikariPool-64 - Start completed.&amp#27;[m&amp#27;[0m
&amp#27;[m&amp#27;[34m2021-06-03T15:17:11,955 [main] INFO   Dialect: HHH000400: Using dialect: org.hibernate.dialect.HSQLDialect&amp#27;[m&amp#27;[0m
&amp#27;[m&amp#27;[31m2021-06-03T15:17:12,028 [main] WARN   JavaTypeDescriptorRegistry: HHH000481: Encountered Java type [class java.lang.Object] for which we could not locate a JavaTypeDescriptor and which does not appear to implement equals and/or hashCode.  This can lead to significant performance problems when performing equality/dirty checking involving this Java type.  Consider registering a custom JavaTypeDescriptor or at least implementing equals/hashCode.&amp#27;[m&amp#27;[0m
&amp#27;[m&amp#27;[31m2021-06-03T15:17:12,301 [main] WARN   MetadataContext: HHH015011: Unable to locate static metamodel field : org.mycore.datamodel.classifications2.MCRCategoryID_#id; this may or may not indicate a problem with the static metamodel&amp#27;[m&amp#27;[0m
&amp#27;[m&amp#27;[34m2021-06-03T15:17:12,305 [main] INFO   JtaPlatformInitiator: HHH000490: Using JtaPlatform implementation: [org.hibernate.engine.transaction.jta.platform.internal.NoJtaPlatform]&amp#27;[m&amp#27;[0m
&amp#27;[m&amp#27;[34m2021-06-03T15:17:12,358 [main] INFO   LogHelper: HHH000204: Processing PersistenceUnitInfo [name: mir-module]&amp#27;[m&amp#27;[0m
&amp#27;[m&amp#27;[34m2021-06-03T15:17:12,371 [main] INFO   HikariDataSource: HikariPool-65 - Starting...&amp#27;[m&amp#27;[0m
&amp#27;[m&amp#27;[31m2021-06-03T15:17:12,371 [main] WARN   DriverDataSource: Registered driver with driverClassName=org.hsqldb.jdbcDriver was not found, trying direct instantiation.&amp#27;[m&amp#27;[0m
&amp#27;[m&amp#27;[34m2021-06-03T15:17:12,372 [main] INFO   PoolBase: HikariPool-65 - Driver does not support get/set network timeout for connections. (feature not supported)&amp#27;[m&amp#27;[0m
&amp#27;[m&amp#27;[34m2021-06-03T15:17:12,372 [main] INFO   HikariDataSource: HikariPool-65 - Start completed.&amp#27;[m&amp#27;[0m
&amp#27;[m&amp#27;[34m2021-06-03T15:17:12,373 [main] INFO   Dialect: HHH000400: Using dialect: org.hibernate.dialect.HSQLDialect&amp#27;[m&amp#27;[0m
&amp#27;[m&amp#27;[31m2021-06-03T15:17:12,396 [main] WARN   JavaTypeDescriptorRegistry: HHH000481: Encountered Java type [class java.lang.Object] for which we could not locate a JavaTypeDescriptor and which does not appear to implement equals and/or hashCode.  This can lead to significant performance problems when performing equality/dirty checking involving this Java type.  Consider registering a custom JavaTypeDescriptor or at least implementing equals/hashCode.&amp#27;[m&amp#27;[0m
&amp#27;[mFile location: /MIRStrategyTest/class/mir_access.xml
&amp#27;[34m2021-06-03T15:17:12,416 [main] INFO   MCRCommandLineInterface: load permissions data from file ${app.home}/config/acl/permissions.xml --> load permissions data from file /home/travis/build/MyCoRe-Org/mir/mir-cli/src/main/config/acl/permissions.xml&amp#27;[m&amp#27;[0m
&amp#27;[m&amp#27;[34m2021-06-03T15:17:12,417 [main] INFO   MCRCommand: Syntax matched (executed): load permissions data from file {0}&amp#27;[m&amp#27;[0m
&amp#27;[m&amp#27;[34m2021-06-03T15:17:12,417 [main] INFO   MCRAccessCommands: Reading file /home/travis/build/MyCoRe-Org/mir/mir-cli/src/main/config/acl/permissions.xml ...&amp#27;[m&amp#27;[0m
&amp#27;[mnull Command processed (50 ms)
&amp#27;[34m2021-06-03T15:17:12,467 [main] INFO   MCRCommandLineInterface: update permission read for id default with rulefile ${app.home}/config/acl/grant-all.xml described by ${acl-description.all} --> update permission read for id default with rulefile /home/travis/build/MyCoRe-Org/mir/mir-cli/src/main/config/acl/grant-all.xml described by always allowed&amp#27;[m&amp#27;[0m
&amp#27;[m&amp#27;[34m2021-06-03T15:17:12,468 [main] INFO   MCRCommand: Syntax matched (executed): update permission {0} for id {1} with rulefile {2} described by {3}&amp#27;[m&amp#27;[0m
&amp#27;[mnull Command processed (25 ms)
&amp#27;[34m2021-06-03T15:17:12,493 [main] INFO   MCRCommandLineInterface: update permission writedb for id default with rulefile ${app.home}/config/acl/grant-admin.xml described by ${acl-description.admins} --> update permission writedb for id default with rulefile /home/travis/build/MyCoRe-Org/mir/mir-cli/src/main/config/acl/grant-admin.xml described by administrators only&amp#27;[m&amp#27;[0m
&amp#27;[m&amp#27;[34m2021-06-03T15:17:12,493 [main] INFO   MCRCommand: Syntax matched (executed): update permission {0} for id {1} with rulefile {2} described by {3}&amp#27;[m&amp#27;[0m
&amp#27;[mnull Command processed (16 ms)
&amp#27;[34m2021-06-03T15:17:12,509 [main] INFO   MCRCommandLineInterface: update permission deletedb for id default with rulefile ${app.home}/config/acl/grant-admin.xml described by ${acl-description.admins} --> update permission deletedb for id default with rulefile /home/travis/build/MyCoRe-Org/mir/mir-cli/src/main/config/acl/grant-admin.xml described by administrators only&amp#27;[m&amp#27;[0m
&amp#27;[m&amp#27;[34m2021-06-03T15:17:12,510 [main] INFO   MCRCommand: Syntax matched (executed): update permission {0} for id {1} with rulefile {2} described by {3}&amp#27;[m&amp#27;[0m
&amp#27;[mnull Command processed (14 ms)
&amp#27;[34m2021-06-03T15:17:12,524 [main] INFO   MCRCommandLineInterface: update permission view for id default_mods with rulefile ${app.home}/config/acl/grant-all.xml described by ${acl-description.all} --> update permission view for id default_mods with rulefile /home/travis/build/MyCoRe-Org/mir/mir-cli/src/main/config/acl/grant-all.xml described by always allowed&amp#27;[m&amp#27;[0m
&amp#27;[m&amp#27;[34m2021-06-03T15:17:12,525 [main] INFO   MCRCommand: Syntax matched (executed): update permission {0} for id {1} with rulefile {2} described by {3}&amp#27;[m&amp#27;[0m
&amp#27;[mnull Command processed (9 ms)
&amp#27;[34m2021-06-03T15:17:12,533 [main] INFO   MCRCommandLineInterface: update permission preview for id default_mods with rulefile ${app.home}/config/acl/grant-all.xml described by ${acl-description.all} --> update permission preview for id default_mods with rulefile /home/travis/build/MyCoRe-Org/mir/mir-cli/src/main/config/acl/grant-all.xml described by always allowed&amp#27;[m&amp#27;[0m
&amp#27;[m&amp#27;[34m2021-06-03T15:17:12,534 [main] INFO   MCRCommand: Syntax matched (executed): update permission {0} for id {1} with rulefile {2} described by {3}&amp#27;[m&amp#27;[0m
&amp#27;[mnull Command processed (9 ms)
&amp#27;[34m2021-06-03T15:17:12,543 [main] INFO   MCRCommandLineInterface: update permission read for id default_mods with rulefile ${app.home}/config/acl/grant-all.xml described by ${acl-description.all} --> update permission read for id default_mods with rulefile /home/travis/build/MyCoRe-Org/mir/mir-cli/src/main/config/acl/grant-all.xml described by always allowed&amp#27;[m&amp#27;[0m
&amp#27;[m&amp#27;[34m2021-06-03T15:17:12,543 [main] INFO   MCRCommand: Syntax matched (executed): update permission {0} for id {1} with rulefile {2} described by {3}&amp#27;[m&amp#27;[0m
&amp#27;[mnull Command processed (8 ms)
&amp#27;[34m2021-06-03T15:17:12,551 [main] INFO   MCRCommandLineInterface: update permission writedb for id default_mods with rulefile ${app.home}/config/acl/grant-editors.xml described by ${acl-description.editors} --> update permission writedb for id default_mods with rulefile /home/travis/build/MyCoRe-Org/mir/mir-cli/src/main/config/acl/grant-editors.xml described by administrators and editors&amp#27;[m&amp#27;[0m
&amp#27;[m&amp#27;[34m2021-06-03T15:17:12,551 [main] INFO   MCRCommand: Syntax matched (executed): update permission {0} for id {1} with rulefile {2} described by {3}&amp#27;[m&amp#27;[0m
&amp#27;[mnull Command processed (8 ms)
&amp#27;[34m2021-06-03T15:17:12,559 [main] INFO   MCRCommandLineInterface: update permission deletedb for id default_mods with rulefile ${app.home}/config/acl/grant-admin.xml described by ${acl-description.admins} --> update permission deletedb for id default_mods with rulefile /home/travis/build/MyCoRe-Org/mir/mir-cli/src/main/config/acl/grant-admin.xml described by administrators only&amp#27;[m&amp#27;[0m
&amp#27;[m&amp#27;[34m2021-06-03T15:17:12,562 [main] INFO   MCRCommand: Syntax matched (executed): update permission {0} for id {1} with rulefile {2} described by {3}&amp#27;[m&amp#27;[0m
&amp#27;[mnull Command processed (12 ms)
&amp#27;[34m2021-06-03T15:17:12,574 [main] INFO   MCRCommandLineInterface: update permission addurn for id default_derivate with rulefile ${app.home}/config/acl/grant-editors.xml described by ${acl-description.editors} --> update permission addurn for id default_derivate with rulefile /home/travis/build/MyCoRe-Org/mir/mir-cli/src/main/config/acl/grant-editors.xml described by administrators and editors&amp#27;[m&amp#27;[0m
&amp#27;[m&amp#27;[34m2021-06-03T15:17:12,577 [main] INFO   MCRCommand: Syntax matched (executed): update permission {0} for id {1} with rulefile {2} described by {3}&amp#27;[m&amp#27;[0m
&amp#27;[mnull Command processed (17 ms)
&amp#27;[34m2021-06-03T15:17:12,594 [main] INFO   MCRCommandLineInterface: update permission read for id derivate:mir_access:intern with rulefile ${app.home}/config/acl/require-login.xml described by ${acl-description.require-login} --> update permission read for id derivate:mir_access:intern with rulefile /home/travis/build/MyCoRe-Org/mir/mir-cli/src/main/config/acl/require-login.xml described by require login&amp#27;[m&amp#27;[0m
&amp#27;[m&amp#27;[34m2021-06-03T15:17:12,595 [main] INFO   MCRCommand: Syntax matched (executed): update permission {0} for id {1} with rulefile {2} described by {3}&amp#27;[m&amp#27;[0m
&amp#27;[mnull Command processed (30 ms)
&amp#27;[34m2021-06-03T15:17:12,624 [main] INFO   MCRCommandLineInterface: update permission read for id derivate:mir_access:unlimited with rulefile ${app.home}/config/acl/grant-all.xml described by ${acl-description.require-login} --> update permission read for id derivate:mir_access:unlimited with rulefile /home/travis/build/MyCoRe-Org/mir/mir-cli/src/main/config/acl/grant-all.xml described by require login&amp#27;[m&amp#27;[0m
&amp#27;[m&amp#27;[34m2021-06-03T15:17:12,625 [main] INFO   MCRCommand: Syntax matched (executed): update permission {0} for id {1} with rulefile {2} described by {3}&amp#27;[m&amp#27;[0m
&amp#27;[mnull Command processed (18 ms)
&amp#27;[34m2021-06-03T15:17:12,646 [main] INFO   MCRCommandLineInterface: update permission writedb for id mir_genres with rulefile ${app.home}/config/acl/grant-admin.xml described by ${acl-description.admins} --> update permission writedb for id mir_genres with rulefile /home/travis/build/MyCoRe-Org/mir/mir-cli/src/main/config/acl/grant-admin.xml described by administrators only&amp#27;[m&amp#27;[0m
&amp#27;[m&amp#27;[34m2021-06-03T15:17:12,646 [main] INFO   MCRCommand: Syntax matched (executed): update permission {0} for id {1} with rulefile {2} described by {3}&amp#27;[m&amp#27;[0m
&amp#27;[mnull Command processed (14 ms)
&amp#27;[34m2021-06-03T15:17:12,660 [main] INFO   MCRCommandLineInterface: update permission writedb for id mir_institutes with rulefile ${app.home}/config/acl/grant-admin.xml described by ${acl-description.admins} --> update permission writedb for id mir_institutes with rulefile /home/travis/build/MyCoRe-Org/mir/mir-cli/src/main/config/acl/grant-admin.xml described by administrators only&amp#27;[m&amp#27;[0m
&amp#27;[m&amp#27;[34m2021-06-03T15:17:12,661 [main] INFO   MCRCommand: Syntax matched (executed): update permission {0} for id {1} with rulefile {2} described by {3}&amp#27;[m&amp#27;[0m
&amp#27;[mnull Command processed (14 ms)
&amp#27;[34m2021-06-03T15:17:12,676 [main] INFO   MCRCommandLineInterface: update permission writedb for id mir_licenses with rulefile ${app.home}/config/acl/grant-admin.xml described by ${acl-description.admins} --> update permission writedb for id mir_licenses with rulefile /home/travis/build/MyCoRe-Org/mir/mir-cli/src/main/config/acl/grant-admin.xml described by administrators only&amp#27;[m&amp#27;[0m
&amp#27;[m&amp#27;[34m2021-06-03T15:17:12,678 [main] INFO   MCRCommand: Syntax matched (executed): update permission {0} for id {1} with rulefile {2} described by {3}&amp#27;[m&amp#27;[0m
&amp#27;[mnull Command processed (16 ms)
&amp#27;[34m2021-06-03T15:17:12,692 [main] INFO   MCRCommandLineInterface: update permission writedb for id rfc5646 with rulefile ${app.home}/config/acl/grant-admin.xml described by ${acl-description.admins} --> update permission writedb for id rfc5646 with rulefile /home/travis/build/MyCoRe-Org/mir/mir-cli/src/main/config/acl/grant-admin.xml described by administrators only&amp#27;[m&amp#27;[0m
&amp#27;[m&amp#27;[34m2021-06-03T15:17:12,693 [main] INFO   MCRCommand: Syntax matched (executed): update permission {0} for id {1} with rulefile {2} described by {3}&amp#27;[m&amp#27;[0m
&amp#27;[mnull Command processed (21 ms)
&amp#27;[34m2021-06-03T15:17:12,714 [main] INFO   MCRCommandLineInterface: update permission writedb for id marcrelator with rulefile ${app.home}/config/acl/grant-admin.xml described by ${acl-description.admins} --> update permission writedb for id marcrelator with rulefile /home/travis/build/MyCoRe-Org/mir/mir-cli/src/main/config/acl/grant-admin.xml described by administrators only&amp#27;[m&amp#27;[0m
&amp#27;[m&amp#27;[34m2021-06-03T15:17:12,714 [main] INFO   MCRCommand: Syntax matched (executed): update permission {0} for id {1} with rulefile {2} described by {3}&amp#27;[m&amp#27;[0m
&amp#27;[mnull Command processed (17 ms)
&amp#27;[34m2021-06-03T15:17:12,732 [main] INFO   MCRCommandLineInterface: update permission writedb for id noteTypes with rulefile ${app.home}/config/acl/grant-admin.xml described by ${acl-description.admins} --> update permission writedb for id noteTypes with rulefile /home/travis/build/MyCoRe-Org/mir/mir-cli/src/main/config/acl/grant-admin.xml described by administrators only&amp#27;[m&amp#27;[0m
&amp#27;[m&amp#27;[34m2021-06-03T15:17:12,732 [main] INFO   MCRCommand: Syntax matched (executed): update permission {0} for id {1} with rulefile {2} described by {3}&amp#27;[m&amp#27;[0m
&amp#27;[mnull Command processed (26 ms)
&amp#27;[34m2021-06-03T15:17:12,759 [main] INFO   MCRCommandLineInterface: update permission writedb for id SDNB with rulefile ${app.home}/config/acl/grant-admin.xml described by ${acl-description.admins} --> update permission writedb for id SDNB with rulefile /home/travis/build/MyCoRe-Org/mir/mir-cli/src/main/config/acl/grant-admin.xml described by administrators only&amp#27;[m&amp#27;[0m
&amp#27;[m&amp#27;[34m2021-06-03T15:17:12,759 [main] INFO   MCRCommand: Syntax matched (executed): update permission {0} for id {1} with rulefile {2} described by {3}&amp#27;[m&amp#27;[0m
&amp#27;[mnull Command processed (11 ms)
&amp#27;[34m2021-06-03T15:17:12,774 [main] INFO   MCRCommandLineInterface: update permission read for id mods:mir_access:accessKey with rulefile ${app.home}/config/acl/grant-editors.xml described by ${acl-description.editors} --> update permission read for id mods:mir_access:accessKey with rulefile /home/travis/build/MyCoRe-Org/mir/mir-cli/src/main/config/acl/grant-editors.xml described by administrators and editors&amp#27;[m&amp#27;[0m
&amp#27;[m&amp#27;[34m2021-06-03T15:17:12,774 [main] INFO   MCRCommand: Syntax matched (executed): update permission {0} for id {1} with rulefile {2} described by {3}&amp#27;[m&amp#27;[0m
&amp#27;[mnull Command processed (24 ms)
&amp#27;[34m2021-06-03T15:17:12,798 [main] INFO   MCRCommandLineInterface: update permission writedb for id mods:mir_access:accessKey with rulefile ${app.home}/config/acl/grant-editors.xml described by ${acl-description.editors} --> update permission writedb for id mods:mir_access:accessKey with rulefile /home/travis/build/MyCoRe-Org/mir/mir-cli/src/main/config/acl/grant-editors.xml described by administrators and editors&amp#27;[m&amp#27;[0m
&amp#27;[m&amp#27;[34m2021-06-03T15:17:12,799 [main] INFO   MCRCommand: Syntax matched (executed): update permission {0} for id {1} with rulefile {2} described by {3}&amp#27;[m&amp#27;[0m
&amp#27;[mnull Command processed (13 ms)
&amp#27;[34m2021-06-03T15:17:12,812 [main] INFO   MCRCommandLineInterface: update permission read for id derivate:mir_access:accessKey with rulefile ${app.home}/config/acl/grant-editors.xml described by ${acl-description.editors} --> update permission read for id derivate:mir_access:accessKey with rulefile /home/travis/build/MyCoRe-Org/mir/mir-cli/src/main/config/acl/grant-editors.xml described by administrators and editors&amp#27;[m&amp#27;[0m
&amp#27;[m&amp#27;[34m2021-06-03T15:17:12,812 [main] INFO   MCRCommand: Syntax matched (executed): update permission {0} for id {1} with rulefile {2} described by {3}&amp#27;[m&amp#27;[0m
&amp#27;[mnull Command processed (17 ms)
&amp#27;[34m2021-06-03T15:17:12,829 [main] INFO   MCRCommandLineInterface: update permission writedb for id derivate:mir_access:accessKey with rulefile ${app.home}/config/acl/grant-editors.xml described by ${acl-description.editors} --> update permission writedb for id derivate:mir_access:accessKey with rulefile /home/travis/build/MyCoRe-Org/mir/mir-cli/src/main/config/acl/grant-editors.xml described by administrators and editors&amp#27;[m&amp#27;[0m
&amp#27;[m&amp#27;[34m2021-06-03T15:17:12,830 [main] INFO   MCRCommand: Syntax matched (executed): update permission {0} for id {1} with rulefile {2} described by {3}&amp#27;[m&amp#27;[0m
&amp#27;[mnull Command processed (15 ms)
&amp#27;[34m2021-06-03T15:17:12,845 [main] INFO   MCRCommand: Syntax matched (executed): load classification from url {0}&amp#27;[m&amp#27;[0m
&amp#27;[m&amp#27;[34m2021-06-03T15:17:12,888 [main] INFO   MCRCategoryDAOImpl: Category mir_access saved.&amp#27;[m&amp#27;[0m
&amp#27;[mnull Command processed (43 ms)
&amp#27;[34m2021-06-03T15:17:13,234 [main] INFO   LogHelper: HHH000204: Processing PersistenceUnitInfo [name: mir-module]&amp#27;[m&amp#27;[0m
&amp#27;[m&amp#27;[34m2021-06-03T15:17:13,259 [main] INFO   HikariDataSource: HikariPool-66 - Starting...&amp#27;[m&amp#27;[0m
&amp#27;[m&amp#27;[31m2021-06-03T15:17:13,259 [main] WARN   DriverDataSource: Registered driver with driverClassName=org.hsqldb.jdbcDriver was not found, trying direct instantiation.&amp#27;[m&amp#27;[0m
&amp#27;[m&amp#27;[34m2021-06-03T15:17:13,260 [main] INFO   PoolBase: HikariPool-66 - Driver does not support get/set network timeout for connections. (feature not supported)&amp#27;[m&amp#27;[0m
&amp#27;[m&amp#27;[34m2021-06-03T15:17:13,267 [main] INFO   HikariDataSource: HikariPool-66 - Start completed.&amp#27;[m&amp#27;[0m
&amp#27;[m&amp#27;[34m2021-06-03T15:17:13,267 [main] INFO   Dialect: HHH000400: Using dialect: org.hibernate.dialect.HSQLDialect&amp#27;[m&amp#27;[0m
&amp#27;[m&amp#27;[31m2021-06-03T15:17:13,295 [main] WARN   JavaTypeDescriptorRegistry: HHH000481: Encountered Java type [class java.lang.Object] for which we could not locate a JavaTypeDescriptor and which does not appear to implement equals and/or hashCode.  This can lead to significant performance problems when performing equality/dirty checking involving this Java type.  Consider registering a custom JavaTypeDescriptor or at least implementing equals/hashCode.&amp#27;[m&amp#27;[0m
&amp#27;[m]]></system-out>
  </testcase>
  <testcase name="checkAccessKeyPermission" classname="org.mycore.mir.authorization.MIRStrategyTest" time="4.527">
    <system-out><![CDATA[MyCoRe components detected: mcr:mycore-base, mcr:mycore-solr, mcr:mycore-user2, mcr:mycore-xeditor, mcr:mycore-classbrowser, mcr:mycore-mods, mcr:mycore-csl, mcr:mycore-ifs, mcr:mycore-pi, mcr:mycore-sword, mcr:mycore-wfc
Applications modules detected: app:mir-module
&amp#27;[34m2021-06-03T15:17:13,309 [main] INFO   MCRConfigurationInputStream: Current configuration directory: /tmp/junit13559080054109648829/mcrhome/mir-module&amp#27;[m&amp#27;[0m
&amp#27;[m&amp#27;[34m2021-06-03T15:17:13,362 [main] INFO   LogHelper: HHH000204: Processing PersistenceUnitInfo [name: mir-module]&amp#27;[m&amp#27;[0m
&amp#27;[m&amp#27;[34m2021-06-03T15:17:13,386 [main] INFO   HikariDataSource: HikariPool-67 - Starting...&amp#27;[m&amp#27;[0m
&amp#27;[m&amp#27;[31m2021-06-03T15:17:13,390 [main] WARN   DriverDataSource: Registered driver with driverClassName=org.hsqldb.jdbcDriver was not found, trying direct instantiation.&amp#27;[m&amp#27;[0m
&amp#27;[m&amp#27;[34m2021-06-03T15:17:13,391 [main] INFO   PoolBase: HikariPool-67 - Driver does not support get/set network timeout for connections. (feature not supported)&amp#27;[m&amp#27;[0m
&amp#27;[m&amp#27;[34m2021-06-03T15:17:13,398 [main] INFO   HikariDataSource: HikariPool-67 - Start completed.&amp#27;[m&amp#27;[0m
&amp#27;[m&amp#27;[34m2021-06-03T15:17:13,401 [main] INFO   Dialect: HHH000400: Using dialect: org.hibernate.dialect.HSQLDialect&amp#27;[m&amp#27;[0m
&amp#27;[m&amp#27;[31m2021-06-03T15:17:13,433 [main] WARN   JavaTypeDescriptorRegistry: HHH000481: Encountered Java type [class java.lang.Object] for which we could not locate a JavaTypeDescriptor and which does not appear to implement equals and/or hashCode.  This can lead to significant performance problems when performing equality/dirty checking involving this Java type.  Consider registering a custom JavaTypeDescriptor or at least implementing equals/hashCode.&amp#27;[m&amp#27;[0m
&amp#27;[m&amp#27;[31m2021-06-03T15:17:13,673 [main] WARN   MetadataContext: HHH015011: Unable to locate static metamodel field : org.mycore.datamodel.classifications2.MCRCategoryID_#id; this may or may not indicate a problem with the static metamodel&amp#27;[m&amp#27;[0m
&amp#27;[m&amp#27;[34m2021-06-03T15:17:13,687 [main] INFO   JtaPlatformInitiator: HHH000490: Using JtaPlatform implementation: [org.hibernate.engine.transaction.jta.platform.internal.NoJtaPlatform]&amp#27;[m&amp#27;[0m
&amp#27;[m&amp#27;[34m2021-06-03T15:17:13,779 [main] INFO   LogHelper: HHH000204: Processing PersistenceUnitInfo [name: mir-module]&amp#27;[m&amp#27;[0m
&amp#27;[m&amp#27;[34m2021-06-03T15:17:13,797 [main] INFO   HikariDataSource: HikariPool-68 - Starting...&amp#27;[m&amp#27;[0m
&amp#27;[m&amp#27;[31m2021-06-03T15:17:13,797 [main] WARN   DriverDataSource: Registered driver with driverClassName=org.hsqldb.jdbcDriver was not found, trying direct instantiation.&amp#27;[m&amp#27;[0m
&amp#27;[m&amp#27;[34m2021-06-03T15:17:13,797 [main] INFO   PoolBase: HikariPool-68 - Driver does not support get/set network timeout for connections. (feature not supported)&amp#27;[m&amp#27;[0m
&amp#27;[m&amp#27;[34m2021-06-03T15:17:13,798 [main] INFO   HikariDataSource: HikariPool-68 - Start completed.&amp#27;[m&amp#27;[0m
&amp#27;[m&amp#27;[34m2021-06-03T15:17:13,798 [main] INFO   Dialect: HHH000400: Using dialect: org.hibernate.dialect.HSQLDialect&amp#27;[m&amp#27;[0m
&amp#27;[m&amp#27;[31m2021-06-03T15:17:13,825 [main] WARN   JavaTypeDescriptorRegistry: HHH000481: Encountered Java type [class java.lang.Object] for which we could not locate a JavaTypeDescriptor and which does not appear to implement equals and/or hashCode.  This can lead to significant performance problems when performing equality/dirty checking involving this Java type.  Consider registering a custom JavaTypeDescriptor or at least implementing equals/hashCode.&amp#27;[m&amp#27;[0m
&amp#27;[mFile location: /MIRStrategyTest/class/mir_access.xml
&amp#27;[34m2021-06-03T15:17:13,861 [main] INFO   MCRCommandLineInterface: load permissions data from file ${app.home}/config/acl/permissions.xml --> load permissions data from file /home/travis/build/MyCoRe-Org/mir/mir-cli/src/main/config/acl/permissions.xml&amp#27;[m&amp#27;[0m
&amp#27;[m&amp#27;[34m2021-06-03T15:17:13,861 [main] INFO   MCRCommand: Syntax matched (executed): load permissions data from file {0}&amp#27;[m&amp#27;[0m
&amp#27;[m&amp#27;[34m2021-06-03T15:17:13,862 [main] INFO   MCRAccessCommands: Reading file /home/travis/build/MyCoRe-Org/mir/mir-cli/src/main/config/acl/permissions.xml ...&amp#27;[m&amp#27;[0m
&amp#27;[mnull Command processed (78 ms)
&amp#27;[34m2021-06-03T15:17:13,939 [main] INFO   MCRCommandLineInterface: update permission read for id default with rulefile ${app.home}/config/acl/grant-all.xml described by ${acl-description.all} --> update permission read for id default with rulefile /home/travis/build/MyCoRe-Org/mir/mir-cli/src/main/config/acl/grant-all.xml described by always allowed&amp#27;[m&amp#27;[0m
&amp#27;[m&amp#27;[34m2021-06-03T15:17:13,944 [main] INFO   MCRCommand: Syntax matched (executed): update permission {0} for id {1} with rulefile {2} described by {3}&amp#27;[m&amp#27;[0m
&amp#27;[mnull Command processed (21 ms)
&amp#27;[34m2021-06-03T15:17:13,964 [main] INFO   MCRCommandLineInterface: update permission writedb for id default with rulefile ${app.home}/config/acl/grant-admin.xml described by ${acl-description.admins} --> update permission writedb for id default with rulefile /home/travis/build/MyCoRe-Org/mir/mir-cli/src/main/config/acl/grant-admin.xml described by administrators only&amp#27;[m&amp#27;[0m
&amp#27;[m&amp#27;[34m2021-06-03T15:17:13,965 [main] INFO   MCRCommand: Syntax matched (executed): update permission {0} for id {1} with rulefile {2} described by {3}&amp#27;[m&amp#27;[0m
&amp#27;[mnull Command processed (18 ms)
&amp#27;[34m2021-06-03T15:17:13,984 [main] INFO   MCRCommandLineInterface: update permission deletedb for id default with rulefile ${app.home}/config/acl/grant-admin.xml described by ${acl-description.admins} --> update permission deletedb for id default with rulefile /home/travis/build/MyCoRe-Org/mir/mir-cli/src/main/config/acl/grant-admin.xml described by administrators only&amp#27;[m&amp#27;[0m
&amp#27;[m&amp#27;[34m2021-06-03T15:17:13,984 [main] INFO   MCRCommand: Syntax matched (executed): update permission {0} for id {1} with rulefile {2} described by {3}&amp#27;[m&amp#27;[0m
&amp#27;[mnull Command processed (7 ms)
&amp#27;[34m2021-06-03T15:17:13,992 [main] INFO   MCRCommandLineInterface: update permission view for id default_mods with rulefile ${app.home}/config/acl/grant-all.xml described by ${acl-description.all} --> update permission view for id default_mods with rulefile /home/travis/build/MyCoRe-Org/mir/mir-cli/src/main/config/acl/grant-all.xml described by always allowed&amp#27;[m&amp#27;[0m
&amp#27;[m&amp#27;[34m2021-06-03T15:17:13,992 [main] INFO   MCRCommand: Syntax matched (executed): update permission {0} for id {1} with rulefile {2} described by {3}&amp#27;[m&amp#27;[0m
&amp#27;[mnull Command processed (14 ms)
&amp#27;[34m2021-06-03T15:17:14,006 [main] INFO   MCRCommandLineInterface: update permission preview for id default_mods with rulefile ${app.home}/config/acl/grant-all.xml described by ${acl-description.all} --> update permission preview for id default_mods with rulefile /home/travis/build/MyCoRe-Org/mir/mir-cli/src/main/config/acl/grant-all.xml described by always allowed&amp#27;[m&amp#27;[0m
&amp#27;[m&amp#27;[34m2021-06-03T15:17:14,006 [main] INFO   MCRCommand: Syntax matched (executed): update permission {0} for id {1} with rulefile {2} described by {3}&amp#27;[m&amp#27;[0m
&amp#27;[mnull Command processed (19 ms)
&amp#27;[34m2021-06-03T15:17:14,026 [main] INFO   MCRCommandLineInterface: update permission read for id default_mods with rulefile ${app.home}/config/acl/grant-all.xml described by ${acl-description.all} --> update permission read for id default_mods with rulefile /home/travis/build/MyCoRe-Org/mir/mir-cli/src/main/config/acl/grant-all.xml described by always allowed&amp#27;[m&amp#27;[0m
&amp#27;[m&amp#27;[34m2021-06-03T15:17:14,026 [main] INFO   MCRCommand: Syntax matched (executed): update permission {0} for id {1} with rulefile {2} described by {3}&amp#27;[m&amp#27;[0m
&amp#27;[mnull Command processed (17 ms)
&amp#27;[34m2021-06-03T15:17:14,044 [main] INFO   MCRCommandLineInterface: update permission writedb for id default_mods with rulefile ${app.home}/config/acl/grant-editors.xml described by ${acl-description.editors} --> update permission writedb for id default_mods with rulefile /home/travis/build/MyCoRe-Org/mir/mir-cli/src/main/config/acl/grant-editors.xml described by administrators and editors&amp#27;[m&amp#27;[0m
&amp#27;[m&amp#27;[34m2021-06-03T15:17:14,045 [main] INFO   MCRCommand: Syntax matched (executed): update permission {0} for id {1} with rulefile {2} described by {3}&amp#27;[m&amp#27;[0m
&amp#27;[mnull Command processed (18 ms)
&amp#27;[34m2021-06-03T15:17:14,063 [main] INFO   MCRCommandLineInterface: update permission deletedb for id default_mods with rulefile ${app.home}/config/acl/grant-admin.xml described by ${acl-description.admins} --> update permission deletedb for id default_mods with rulefile /home/travis/build/MyCoRe-Org/mir/mir-cli/src/main/config/acl/grant-admin.xml described by administrators only&amp#27;[m&amp#27;[0m
&amp#27;[m&amp#27;[34m2021-06-03T15:17:14,063 [main] INFO   MCRCommand: Syntax matched (executed): update permission {0} for id {1} with rulefile {2} described by {3}&amp#27;[m&amp#27;[0m
&amp#27;[mnull Command processed (9 ms)
&amp#27;[34m2021-06-03T15:17:14,072 [main] INFO   MCRCommandLineInterface: update permission addurn for id default_derivate with rulefile ${app.home}/config/acl/grant-editors.xml described by ${acl-description.editors} --> update permission addurn for id default_derivate with rulefile /home/travis/build/MyCoRe-Org/mir/mir-cli/src/main/config/acl/grant-editors.xml described by administrators and editors&amp#27;[m&amp#27;[0m
&amp#27;[m&amp#27;[34m2021-06-03T15:17:14,073 [main] INFO   MCRCommand: Syntax matched (executed): update permission {0} for id {1} with rulefile {2} described by {3}&amp#27;[m&amp#27;[0m
&amp#27;[mnull Command processed (6 ms)
&amp#27;[34m2021-06-03T15:17:14,079 [main] INFO   MCRCommandLineInterface: update permission read for id derivate:mir_access:intern with rulefile ${app.home}/config/acl/require-login.xml described by ${acl-description.require-login} --> update permission read for id derivate:mir_access:intern with rulefile /home/travis/build/MyCoRe-Org/mir/mir-cli/src/main/config/acl/require-login.xml described by require login&amp#27;[m&amp#27;[0m
&amp#27;[m&amp#27;[34m2021-06-03T15:17:14,079 [main] INFO   MCRCommand: Syntax matched (executed): update permission {0} for id {1} with rulefile {2} described by {3}&amp#27;[m&amp#27;[0m
&amp#27;[mnull Command processed (9 ms)
&amp#27;[34m2021-06-03T15:17:14,089 [main] INFO   MCRCommandLineInterface: update permission read for id derivate:mir_access:unlimited with rulefile ${app.home}/config/acl/grant-all.xml described by ${acl-description.require-login} --> update permission read for id derivate:mir_access:unlimited with rulefile /home/travis/build/MyCoRe-Org/mir/mir-cli/src/main/config/acl/grant-all.xml described by require login&amp#27;[m&amp#27;[0m
&amp#27;[m&amp#27;[34m2021-06-03T15:17:14,089 [main] INFO   MCRCommand: Syntax matched (executed): update permission {0} for id {1} with rulefile {2} described by {3}&amp#27;[m&amp#27;[0m
&amp#27;[mnull Command processed (6 ms)
&amp#27;[34m2021-06-03T15:17:14,095 [main] INFO   MCRCommandLineInterface: update permission writedb for id mir_genres with rulefile ${app.home}/config/acl/grant-admin.xml described by ${acl-description.admins} --> update permission writedb for id mir_genres with rulefile /home/travis/build/MyCoRe-Org/mir/mir-cli/src/main/config/acl/grant-admin.xml described by administrators only&amp#27;[m&amp#27;[0m
&amp#27;[m&amp#27;[34m2021-06-03T15:17:14,096 [main] INFO   MCRCommand: Syntax matched (executed): update permission {0} for id {1} with rulefile {2} described by {3}&amp#27;[m&amp#27;[0m
&amp#27;[mnull Command processed (6 ms)
&amp#27;[34m2021-06-03T15:17:14,102 [main] INFO   MCRCommandLineInterface: update permission writedb for id mir_institutes with rulefile ${app.home}/config/acl/grant-admin.xml described by ${acl-description.admins} --> update permission writedb for id mir_institutes with rulefile /home/travis/build/MyCoRe-Org/mir/mir-cli/src/main/config/acl/grant-admin.xml described by administrators only&amp#27;[m&amp#27;[0m
&amp#27;[m&amp#27;[34m2021-06-03T15:17:14,102 [main] INFO   MCRCommand: Syntax matched (executed): update permission {0} for id {1} with rulefile {2} described by {3}&amp#27;[m&amp#27;[0m
&amp#27;[mnull Command processed (6 ms)
&amp#27;[34m2021-06-03T15:17:14,108 [main] INFO   MCRCommandLineInterface: update permission writedb for id mir_licenses with rulefile ${app.home}/config/acl/grant-admin.xml described by ${acl-description.admins} --> update permission writedb for id mir_licenses with rulefile /home/travis/build/MyCoRe-Org/mir/mir-cli/src/main/config/acl/grant-admin.xml described by administrators only&amp#27;[m&amp#27;[0m
&amp#27;[m&amp#27;[34m2021-06-03T15:17:14,109 [main] INFO   MCRCommand: Syntax matched (executed): update permission {0} for id {1} with rulefile {2} described by {3}&amp#27;[m&amp#27;[0m
&amp#27;[mnull Command processed (6 ms)
&amp#27;[34m2021-06-03T15:17:14,115 [main] INFO   MCRCommandLineInterface: update permission writedb for id rfc5646 with rulefile ${app.home}/config/acl/grant-admin.xml described by ${acl-description.admins} --> update permission writedb for id rfc5646 with rulefile /home/travis/build/MyCoRe-Org/mir/mir-cli/src/main/config/acl/grant-admin.xml described by administrators only&amp#27;[m&amp#27;[0m
&amp#27;[m&amp#27;[34m2021-06-03T15:17:14,115 [main] INFO   MCRCommand: Syntax matched (executed): update permission {0} for id {1} with rulefile {2} described by {3}&amp#27;[m&amp#27;[0m
&amp#27;[mnull Command processed (7 ms)
&amp#27;[34m2021-06-03T15:17:14,122 [main] INFO   MCRCommandLineInterface: update permission writedb for id marcrelator with rulefile ${app.home}/config/acl/grant-admin.xml described by ${acl-description.admins} --> update permission writedb for id marcrelator with rulefile /home/travis/build/MyCoRe-Org/mir/mir-cli/src/main/config/acl/grant-admin.xml described by administrators only&amp#27;[m&amp#27;[0m
&amp#27;[m&amp#27;[34m2021-06-03T15:17:14,122 [main] INFO   MCRCommand: Syntax matched (executed): update permission {0} for id {1} with rulefile {2} described by {3}&amp#27;[m&amp#27;[0m
&amp#27;[mnull Command processed (60 ms)
&amp#27;[34m2021-06-03T15:17:14,182 [main] INFO   MCRCommandLineInterface: update permission writedb for id noteTypes with rulefile ${app.home}/config/acl/grant-admin.xml described by ${acl-description.admins} --> update permission writedb for id noteTypes with rulefile /home/travis/build/MyCoRe-Org/mir/mir-cli/src/main/config/acl/grant-admin.xml described by administrators only&amp#27;[m&amp#27;[0m
&amp#27;[m&amp#27;[34m2021-06-03T15:17:14,182 [main] INFO   MCRCommand: Syntax matched (executed): update permission {0} for id {1} with rulefile {2} described by {3}&amp#27;[m&amp#27;[0m
&amp#27;[mnull Command processed (12 ms)
&amp#27;[34m2021-06-03T15:17:14,194 [main] INFO   MCRCommandLineInterface: update permission writedb for id SDNB with rulefile ${app.home}/config/acl/grant-admin.xml described by ${acl-description.admins} --> update permission writedb for id SDNB with rulefile /home/travis/build/MyCoRe-Org/mir/mir-cli/src/main/config/acl/grant-admin.xml described by administrators only&amp#27;[m&amp#27;[0m
&amp#27;[m&amp#27;[34m2021-06-03T15:17:14,198 [main] INFO   MCRCommand: Syntax matched (executed): update permission {0} for id {1} with rulefile {2} described by {3}&amp#27;[m&amp#27;[0m
&amp#27;[mnull Command processed (15 ms)
&amp#27;[34m2021-06-03T15:17:14,213 [main] INFO   MCRCommandLineInterface: update permission read for id mods:mir_access:accessKey with rulefile ${app.home}/config/acl/grant-editors.xml described by ${acl-description.editors} --> update permission read for id mods:mir_access:accessKey with rulefile /home/travis/build/MyCoRe-Org/mir/mir-cli/src/main/config/acl/grant-editors.xml described by administrators and editors&amp#27;[m&amp#27;[0m
&amp#27;[m&amp#27;[34m2021-06-03T15:17:14,214 [main] INFO   MCRCommand: Syntax matched (executed): update permission {0} for id {1} with rulefile {2} described by {3}&amp#27;[m&amp#27;[0m
&amp#27;[mnull Command processed (19 ms)
&amp#27;[34m2021-06-03T15:17:14,234 [main] INFO   MCRCommandLineInterface: update permission writedb for id mods:mir_access:accessKey with rulefile ${app.home}/config/acl/grant-editors.xml described by ${acl-description.editors} --> update permission writedb for id mods:mir_access:accessKey with rulefile /home/travis/build/MyCoRe-Org/mir/mir-cli/src/main/config/acl/grant-editors.xml described by administrators and editors&amp#27;[m&amp#27;[0m
&amp#27;[m&amp#27;[34m2021-06-03T15:17:14,234 [main] INFO   MCRCommand: Syntax matched (executed): update permission {0} for id {1} with rulefile {2} described by {3}&amp#27;[m&amp#27;[0m
&amp#27;[mnull Command processed (8 ms)
&amp#27;[34m2021-06-03T15:17:14,242 [main] INFO   MCRCommandLineInterface: update permission read for id derivate:mir_access:accessKey with rulefile ${app.home}/config/acl/grant-editors.xml described by ${acl-description.editors} --> update permission read for id derivate:mir_access:accessKey with rulefile /home/travis/build/MyCoRe-Org/mir/mir-cli/src/main/config/acl/grant-editors.xml described by administrators and editors&amp#27;[m&amp#27;[0m
&amp#27;[m&amp#27;[34m2021-06-03T15:17:14,247 [main] INFO   MCRCommand: Syntax matched (executed): update permission {0} for id {1} with rulefile {2} described by {3}&amp#27;[m&amp#27;[0m
&amp#27;[mnull Command processed (17 ms)
&amp#27;[34m2021-06-03T15:17:14,264 [main] INFO   MCRCommandLineInterface: update permission writedb for id derivate:mir_access:accessKey with rulefile ${app.home}/config/acl/grant-editors.xml described by ${acl-description.editors} --> update permission writedb for id derivate:mir_access:accessKey with rulefile /home/travis/build/MyCoRe-Org/mir/mir-cli/src/main/config/acl/grant-editors.xml described by administrators and editors&amp#27;[m&amp#27;[0m
&amp#27;[m&amp#27;[34m2021-06-03T15:17:14,264 [main] INFO   MCRCommand: Syntax matched (executed): update permission {0} for id {1} with rulefile {2} described by {3}&amp#27;[m&amp#27;[0m
&amp#27;[mnull Command processed (10 ms)
&amp#27;[34m2021-06-03T15:17:14,274 [main] INFO   MCRCommand: Syntax matched (executed): load classification from url {0}&amp#27;[m&amp#27;[0m
&amp#27;[m&amp#27;[34m2021-06-03T15:17:14,309 [main] INFO   MCRCategoryDAOImpl: Category mir_access saved.&amp#27;[m&amp#27;[0m
&amp#27;[mnull Command processed (35 ms)
&amp#27;[34m2021-06-03T15:17:14,334 [main] INFO   MCRCommand: Syntax matched (executed): load classification from file {0}&amp#27;[m&amp#27;[0m
&amp#27;[mnull Command processed (1 ms)
&amp#27;[34m2021-06-03T15:17:14,338 [main] INFO   MCRCommand: Syntax matched (executed): load classification from url {0}&amp#27;[m&amp#27;[0m
&amp#27;[m&amp#27;[34m2021-06-03T15:17:14,389 [main] INFO   MCRCategoryDAOImpl: Category state saved.&amp#27;[m&amp#27;[0m
&amp#27;[mnull Command processed (51 ms)
&amp#27;[34m2021-06-03T15:17:14,389 [main] INFO   MCRCommand: Syntax matched (executed): load classification from file {0}&amp#27;[m&amp#27;[0m
&amp#27;[mnull Command processed (0 ms)
&amp#27;[34m2021-06-03T15:17:14,393 [main] INFO   MCRCommand: Syntax matched (executed): load classification from url {0}&amp#27;[m&amp#27;[0m
&amp#27;[m&amp#27;[34m2021-06-03T15:17:14,435 [main] INFO   MCRCategoryDAOImpl: Category mcr-roles saved.&amp#27;[m&amp#27;[0m
&amp#27;[mnull Command processed (42 ms)
&amp#27;[34m2021-06-03T15:17:14,435 [main] INFO   MCRCommand: Syntax matched (executed): load all objects from directory {0}&amp#27;[m&amp#27;[0m
&amp#27;[mnull Command processed (8 ms)
&amp#27;[34m2021-06-03T15:17:14,446 [main] INFO   MCRCommand: Syntax matched (executed): load object from file {0}&amp#27;[m&amp#27;[0m
&amp#27;[m&amp#27;[34m2021-06-03T15:17:14,446 [main] INFO   MCRObjectCommands: Reading file /home/travis/build/MyCoRe-Org/mir/mir-module/target/test-classes/MIRStrategyTest/objects/mir_mods_00004711.xml ...&amp#27;[m&amp#27;[0m
&amp#27;[m&amp#27;[34m2021-06-03T15:17:14,560 [main] INFO   MCRXMLMetadataManager: SVN Base: file:////tmp/junit13559080054109648829/mcrhome/mir-module/data/versions-metadata/&amp#27;[m&amp#27;[0m
&amp#27;[m&amp#27;[34m2021-06-03T15:17:14,588 [main] INFO   MCRXMLMetadataManager: Resolved mir/mods/ to file:/tmp/junit13559080054109648829/mcrhome/mir-module/data/versions-metadata/mir/mods/ for MCR.IFS2.Store.mir_mods.SVNRepositoryURL&amp#27;[m&amp#27;[0m
&amp#27;[m&amp#27;[34m2021-06-03T15:17:14,721 [main] INFO   MCRMODSMetadataShareAgent: Checking relatedItem hierarchy of mir_mods_00004711.&amp#27;[m&amp#27;[0m
&amp#27;[m&amp#27;[34m2021-06-03T15:17:14,804 [main] INFO   MCRClassificationMappingEventHandler: check mappings mir_mods_00004711&amp#27;[m&amp#27;[0m
&amp#27;[m&amp#27;[34m2021-06-03T15:17:14,899 [main] INFO   MCRVersioningMetadataStore: Versioning metadata store mir_mods repository URL: file:/tmp/junit13559080054109648829/mcrhome/mir-module/data/versions-metadata/mir/mods/&amp#27;[m&amp#27;[0m
&amp#27;[m&amp#27;[34m2021-06-03T15:17:14,905 [main] INFO   MCRVersioningMetadataStore: repURL: file:///tmp/junit13559080054109648829/mcrhome/mir-module/data/versions-metadata/mir/mods&amp#27;[m&amp#27;[0m
&amp#27;[m&amp#27;[34m2021-06-03T15:17:14,906 [main] INFO   MCRVersioningMetadataStore: Repository does not exist, creating new SVN repository at file:/tmp/junit13559080054109648829/mcrhome/mir-module/data/versions-metadata/mir/mods/&amp#27;[m&amp#27;[0m
&amp#27;[m&amp#27;[34m2021-06-03T15:17:15,525 [main] INFO   MCRStoreManager: Adding instance of MCRVersioningMetadataStore as MCRStore 'mir_mods'.&amp#27;[m&amp#27;[0m
&amp#27;[m&amp#27;[34m2021-06-03T15:17:15,786 [main] INFO   MCRVersionedMetadata: SVN commit of create finished, new revision 1&amp#27;[m&amp#27;[0m
&amp#27;[m&amp#27;[34m2021-06-03T15:17:15,806 [main] INFO   MCRMailEventHandler: Preparing mail for: mir_mods_00004711&amp#27;[m&amp#27;[0m
&amp#27;[m&amp#27;[34m2021-06-03T15:17:15,858 [main] INFO   MCRMailer: Generating e-mail from mycoreobject using e-mail-events.xsl&amp#27;[m&amp#27;[0m
&amp#27;[m&amp#27;[34m2021-06-03T15:17:16,416 [main] INFO   MCRErrorListener: SystemID: file:/home/travis/build/MyCoRe-Org/mir/mir-module/target/classes/xsl/e-mail-events.xsl [19,18]: 
      type:
      MCRObject
      action:
      create&amp#27;[m&amp#27;[0m
&amp#27;[m&amp#27;[34m2021-06-03T15:17:16,431 [main] INFO   MCRErrorListener: SystemID: file:/home/travis/build/MyCoRe-Org/mir/mir-module/target/classes/xsl/e-mail-events.xsl [76,26]: Do not send mail for unknown reason.&amp#27;[m&amp#27;[0m
&amp#27;[m&amp#27;[31m2021-06-03T15:17:16,437 [main] WARN   MCRMailer: Will not send e-mail, no 'to' address specified&amp#27;[m&amp#27;[0m
&amp#27;[m&amp#27;[34m2021-06-03T15:17:16,437 [main] INFO   MCRObjectCommands: mir_mods_00004711 loaded.&amp#27;[m&amp#27;[0m
&amp#27;[mnull Command processed (1991 ms)
&amp#27;[34m2021-06-03T15:17:16,437 [main] INFO   MCRCommand: Syntax matched (executed): load all derivates from directory {0}&amp#27;[m&amp#27;[0m
&amp#27;[mnull Command processed (1 ms)
&amp#27;[34m2021-06-03T15:17:16,442 [main] INFO   MCRCommand: Syntax matched (executed): load derivate from file {0}&amp#27;[m&amp#27;[0m
&amp#27;[m&amp#27;[34m2021-06-03T15:17:16,443 [main] INFO   MCRDerivateCommands: Reading file /home/travis/build/MyCoRe-Org/mir/mir-module/target/test-classes/MIRStrategyTest/derivates/mir_derivate_00004711.xml ...&amp#27;[m&amp#27;[0m
&amp#27;[m&amp#27;[34m2021-06-03T15:17:16,497 [main] INFO   MCRDerivateCommands: Source path --> /home/travis/build/MyCoRe-Org/mir/mir-module/target/test-classes/MIRStrategyTest/derivates/mir_derivate_00004711&amp#27;[m&amp#27;[0m
&amp#27;[m&amp#27;[34m2021-06-03T15:17:16,510 [main] INFO   MCRXMLMetadataManager: Resolved mir/derivate/ to file:/tmp/junit13559080054109648829/mcrhome/mir-module/data/versions-metadata/mir/derivate/ for MCR.IFS2.Store.mir_derivate.SVNRepositoryURL&amp#27;[m&amp#27;[0m
&amp#27;[m&amp#27;[34m2021-06-03T15:17:16,563 [main] INFO   MCRVersioningMetadataStore: Versioning metadata store mir_derivate repository URL: file:/tmp/junit13559080054109648829/mcrhome/mir-module/data/versions-metadata/mir/derivate/&amp#27;[m&amp#27;[0m
&amp#27;[m&amp#27;[34m2021-06-03T15:17:16,563 [main] INFO   MCRVersioningMetadataStore: repURL: file:///tmp/junit13559080054109648829/mcrhome/mir-module/data/versions-metadata/mir/derivate&amp#27;[m&amp#27;[0m
&amp#27;[m&amp#27;[34m2021-06-03T15:17:16,563 [main] INFO   MCRVersioningMetadataStore: Repository does not exist, creating new SVN repository at file:/tmp/junit13559080054109648829/mcrhome/mir-module/data/versions-metadata/mir/derivate/&amp#27;[m&amp#27;[0m
&amp#27;[m&amp#27;[34m2021-06-03T15:17:16,603 [main] INFO   MCRStoreManager: Adding instance of MCRVersioningMetadataStore as MCRStore 'mir_derivate'.&amp#27;[m&amp#27;[0m
&amp#27;[m&amp#27;[34m2021-06-03T15:17:16,651 [main] INFO   MCRVersionedMetadata: SVN commit of create finished, new revision 1&amp#27;[m&amp#27;[0m
&amp#27;[m&amp#27;[34m2021-06-03T15:17:16,652 [main] INFO   MCRMailEventHandler: Preparing mail for: mir_derivate_00004711&amp#27;[m&amp#27;[0m
&amp#27;[m&amp#27;[34m2021-06-03T15:17:16,653 [main] INFO   MCRMailer: Generating e-mail from mycorederivate using e-mail-events.xsl&amp#27;[m&amp#27;[0m
&amp#27;[m&amp#27;[34m2021-06-03T15:17:16,681 [main] INFO   MCRErrorListener: SystemID: file:/home/travis/build/MyCoRe-Org/mir/mir-module/target/classes/xsl/e-mail-events.xsl [19,18]: 
      type:
      MCRDerivate
      action:
      create&amp#27;[m&amp#27;[0m
&amp#27;[m&amp#27;[31m2021-06-03T15:17:16,684 [main] WARN   MCRMailer: Will not send e-mail, no 'to' address specified&amp#27;[m&amp#27;[0m
&amp#27;[m&amp#27;[34m2021-06-03T15:17:16,726 [main] INFO   MCRFileSystemUtils: Configured MCR.IFS2.Store.IFS2_mir_derivate.Class=org.mycore.datamodel.ifs2.MCRFileStore&amp#27;[m&amp#27;[0m
&amp#27;[m&amp#27;[34m2021-06-03T15:17:16,732 [main] INFO   MCRFileSystemUtils: Configured MCR.IFS2.Store.IFS2_mir_derivate.BaseDir=/tmp/junit13559080054109648829/mcrhome/mir-module/data/content/mir/derivate&amp#27;[m&amp#27;[0m
&amp#27;[m&amp#27;[34m2021-06-03T15:17:16,738 [main] INFO   MCRFileSystemUtils: Configured MCR.IFS2.Store.IFS2_mir_derivate.Prefix=mir_derivate_&amp#27;[m&amp#27;[0m
&amp#27;[m&amp#27;[34m2021-06-03T15:17:16,745 [main] INFO   MCRFileSystemUtils: Configured MCR.IFS2.Store.IFS2_mir_derivate.SlotLayout=4-2-2&amp#27;[m&amp#27;[0m
&amp#27;[m&amp#27;[34m2021-06-03T15:17:16,747 [main] INFO   MCRStoreManager: Adding instance of MCRFileStore as MCRStore 'IFS2_mir_derivate'.&amp#27;[m&amp#27;[0m
&amp#27;[m&amp#27;[34m2021-06-03T15:17:16,752 [main] INFO   MCRIFSFileSystem: Created root directory: mir_derivate_00004711:/&amp#27;[m&amp#27;[0m
&amp#27;[m&amp#27;[34m2021-06-03T15:17:16,797 [main] INFO   MCRClassificationMappingEventHandler: check mappings mir_mods_00004711&amp#27;[m&amp#27;[0m
&amp#27;[m&amp#27;[34m2021-06-03T15:17:16,879 [main] INFO   MCRVersionedMetadata: SVN commit of update finished, new revision 2&amp#27;[m&amp#27;[0m
&amp#27;[m&amp#27;[34m2021-06-03T15:17:16,899 [main] INFO   MCRMailEventHandler: Preparing mail for: mir_mods_00004711&amp#27;[m&amp#27;[0m
&amp#27;[m&amp#27;[34m2021-06-03T15:17:16,899 [main] INFO   MCRMailer: Generating e-mail from mycoreobject using e-mail-events.xsl&amp#27;[m&amp#27;[0m
&amp#27;[m&amp#27;[34m2021-06-03T15:17:16,928 [main] INFO   MCRErrorListener: SystemID: file:/home/travis/build/MyCoRe-Org/mir/mir-module/target/classes/xsl/e-mail-events.xsl [19,18]: 
      type:
      MCRObject
      action:
      update&amp#27;[m&amp#27;[0m
&amp#27;[m&amp#27;[34m2021-06-03T15:17:16,930 [main] INFO   MCRErrorListener: SystemID: file:/home/travis/build/MyCoRe-Org/mir/mir-module/target/classes/xsl/e-mail-events.xsl [66,26]: Do not send mail as action is not create.&amp#27;[m&amp#27;[0m
&amp#27;[m&amp#27;[31m2021-06-03T15:17:16,932 [main] WARN   MCRMailer: Will not send e-mail, no 'to' address specified&amp#27;[m&amp#27;[0m
&amp#27;[m&amp#27;[34m2021-06-03T15:17:16,932 [main] INFO   MCRDerivateCommands: mir_derivate_00004711 loaded.&amp#27;[m&amp#27;[0m
&amp#27;[m&amp#27;[34m2021-06-03T15:17:16,932 [main] INFO   MCRDerivateCommands: &amp#27;[m&amp#27;[0m
&amp#27;[mnull Command processed (490 ms)
&amp#27;[34m2021-06-03T15:17:17,127 [main] INFO   MCRUserManager: user saved: junit&amp#27;[m&amp#27;[0m
&amp#27;[m&amp#27;[34m2021-06-03T15:17:17,127 [main] INFO   MCRRoleManager: Assigning junit to these roles: []&amp#27;[m&amp#27;[0m
&amp#27;[m&amp#27;[34m2021-06-03T15:17:17,315 [main] INFO   MCRRoleManager: Assigning junit to these roles: []&amp#27;[m&amp#27;[0m
&amp#27;[m&amp#27;[34m2021-06-03T15:17:17,718 [main] INFO   LogHelper: HHH000204: Processing PersistenceUnitInfo [name: mir-module]&amp#27;[m&amp#27;[0m
&amp#27;[m&amp#27;[34m2021-06-03T15:17:17,731 [main] INFO   HikariDataSource: HikariPool-69 - Starting...&amp#27;[m&amp#27;[0m
&amp#27;[m&amp#27;[31m2021-06-03T15:17:17,731 [main] WARN   DriverDataSource: Registered driver with driverClassName=org.hsqldb.jdbcDriver was not found, trying direct instantiation.&amp#27;[m&amp#27;[0m
&amp#27;[m&amp#27;[34m2021-06-03T15:17:17,732 [main] INFO   PoolBase: HikariPool-69 - Driver does not support get/set network timeout for connections. (feature not supported)&amp#27;[m&amp#27;[0m
&amp#27;[m&amp#27;[34m2021-06-03T15:17:17,732 [main] INFO   HikariDataSource: HikariPool-69 - Start completed.&amp#27;[m&amp#27;[0m
&amp#27;[m&amp#27;[34m2021-06-03T15:17:17,733 [main] INFO   Dialect: HHH000400: Using dialect: org.hibernate.dialect.HSQLDialect&amp#27;[m&amp#27;[0m
&amp#27;[m&amp#27;[31m2021-06-03T15:17:17,760 [main] WARN   JavaTypeDescriptorRegistry: HHH000481: Encountered Java type [class java.lang.Object] for which we could not locate a JavaTypeDescriptor and which does not appear to implement equals and/or hashCode.  This can lead to significant performance problems when performing equality/dirty checking involving this Java type.  Consider registering a custom JavaTypeDescriptor or at least implementing equals/hashCode.&amp#27;[m&amp#27;[0m
&amp#27;[m]]></system-out>
    <system-err><![CDATA[Jun 03, 2021 3:17:15 PM javax.mail.Session loadResource
WARNING: expected resource not found: /META-INF/javamail.default.address.map
Foo
]]></system-err>
  </testcase>
</testsuite>