<?xml version="1.0" encoding="UTF-8"?>
<testsuite xmlns:xsi="http://www.w3.org/2001/XMLSchema-instance" xsi:noNamespaceSchemaLocation="https://maven.apache.org/surefire/maven-surefire-plugin/xsd/surefire-test-report-3.0.xsd" version="3.0" name="org.mycore.mir.authorization.accesskeys.TestAccessKeys" time="8.93" tests="14" errors="0" skipped="0" failures="0">
  <properties>
    <property name="awt.toolkit" value="sun.awt.X11.XToolkit"/>
    <property name="git.tags" value=""/>
    <property name="java.specification.version" value="11"/>
    <property name="sun.cpu.isalist" value=""/>
    <property name="sun.jnu.encoding" value="UTF-8"/>
    <property name="git.build.version" value="2021.05-SNAPSHOT"/>
    <property name="java.class.path" value="/home/travis/build/MyCoRe-Org/mir/mir-module/target/test-classes:/home/travis/build/MyCoRe-Org/mir/mir-module/target/classes:/home/travis/.m2/repository/com/google/code/gson/gson/2.8.7/gson-2.8.7.jar:/home/travis/.m2/repository/com/google/guava/guava/30.1.1-jre/guava-30.1.1-jre.jar:/home/travis/.m2/repository/com/google/guava/failureaccess/1.0.1/failureaccess-1.0.1.jar:/home/travis/.m2/repository/com/google/guava/listenablefuture/9999.0-empty-to-avoid-conflict-with-guava/listenablefuture-9999.0-empty-to-avoid-conflict-with-guava.jar:/home/travis/.m2/repository/com/google/code/findbugs/jsr305/3.0.2/jsr305-3.0.2.jar:/home/travis/.m2/repository/org/checkerframework/checker-qual/3.8.0/checker-qual-3.8.0.jar:/home/travis/.m2/repository/com/google/errorprone/error_prone_annotations/2.5.1/error_prone_annotations-2.5.1.jar:/home/travis/.m2/repository/com/google/j2objc/j2objc-annotations/1.3/j2objc-annotations-1.3.jar:/home/travis/.m2/repository/com/zaxxer/HikariCP/3.4.1/HikariCP-3.4.1.jar:/home/travis/.m2/repository/org/slf4j/slf4j-api/1.7.25/slf4j-api-1.7.25.jar:/home/travis/.m2/repository/commons-io/commons-io/2.8.0/commons-io-2.8.0.jar:/home/travis/.m2/repository/jakarta/persistence/jakarta.persistence-api/2.2.3/jakarta.persistence-api-2.2.3.jar:/home/travis/.m2/repository/jakarta/servlet/jakarta.servlet-api/4.0.4/jakarta.servlet-api-4.0.4.jar:/home/travis/.m2/repository/jakarta/ws/rs/jakarta.ws.rs-api/2.1.6/jakarta.ws.rs-api-2.1.6.jar:/home/travis/.m2/repository/jakarta/xml/bind/jakarta.xml.bind-api/2.3.3/jakarta.xml.bind-api-2.3.3.jar:/home/travis/.m2/repository/jakarta/activation/jakarta.activation-api/1.2.2/jakarta.activation-api-1.2.2.jar:/home/travis/.m2/repository/junit/junit/4.13.2/junit-4.13.2.jar:/home/travis/.m2/repository/org/hamcrest/hamcrest-core/2.2/hamcrest-core-2.2.jar:/home/travis/.m2/repository/org/hamcrest/hamcrest/2.2/hamcrest-2.2.jar:/home/travis/.m2/repository/net/sf/saxon/Saxon-HE/10.5/Saxon-HE-10.5.jar:/home/travis/.m2/repository/org/apache/abdera/abdera-core/1.1.3/abdera-core-1.1.3.jar:/home/travis/.m2/repository/org/apache/geronimo/specs/geronimo-stax-api_1.0_spec/1.0.1/geronimo-stax-api_1.0_spec-1.0.1.jar:/home/travis/.m2/repository/commons-codec/commons-codec/1.4/commons-codec-1.4.jar:/home/travis/.m2/repository/commons-logging/commons-logging/1.0.4/commons-logging-1.0.4.jar:/home/travis/.m2/repository/org/apache/abdera/abdera-i18n/1.1.3/abdera-i18n-1.1.3.jar:/home/travis/.m2/repository/org/apache/commons/commons-compress/1.20/commons-compress-1.20.jar:/home/travis/.m2/repository/org/apache/httpcomponents/httpclient/4.5.13/httpclient-4.5.13.jar:/home/travis/.m2/repository/org/apache/httpcomponents/httpcore/4.4.14/httpcore-4.4.14.jar:/home/travis/.m2/repository/org/apache/logging/log4j/log4j-api/2.14.1/log4j-api-2.14.1.jar:/home/travis/.m2/repository/org/apache/solr/solr-solrj/8.8.2/solr-solrj-8.8.2.jar:/home/travis/.m2/repository/commons-lang/commons-lang/2.6/commons-lang-2.6.jar:/home/travis/.m2/repository/org/apache/commons/commons-math3/3.6.1/commons-math3-3.6.1.jar:/home/travis/.m2/repository/org/apache/zookeeper/zookeeper/3.6.2/zookeeper-3.6.2.jar:/home/travis/.m2/repository/org/apache/zookeeper/zookeeper-jute/3.6.2/zookeeper-jute-3.6.2.jar:/home/travis/.m2/repository/org/xerial/snappy/snappy-java/1.1.7.6/snappy-java-1.1.7.6.jar:/home/travis/.m2/repository/org/hibernate/hibernate-hikaricp/5.4.4.Final/hibernate-hikaricp-5.4.4.Final.jar:/home/travis/.m2/repository/org/jboss/logging/jboss-logging/3.3.2.Final/jboss-logging-3.3.2.Final.jar:/home/travis/.m2/repository/org/hibernate/hibernate-core/5.4.28.Final/hibernate-core-5.4.28.Final.jar:/home/travis/.m2/repository/net/bytebuddy/byte-buddy/1.10.17/byte-buddy-1.10.17.jar:/home/travis/.m2/repository/antlr/antlr/2.7.7/antlr-2.7.7.jar:/home/travis/.m2/repository/org/jboss/spec/javax/transaction/jboss-transaction-api_1.2_spec/1.1.1.Final/jboss-transaction-api_1.2_spec-1.1.1.Final.jar:/home/travis/.m2/repository/org/jboss/jandex/2.2.3.Final/jandex-2.2.3.Final.jar:/home/travis/.m2/repository/com/fasterxml/classmate/1.5.1/classmate-1.5.1.jar:/home/travis/.m2/repository/org/dom4j/dom4j/2.1.3/dom4j-2.1.3.jar:/home/travis/.m2/repository/org/hibernate/common/hibernate-commons-annotations/5.1.2.Final/hibernate-commons-annotations-5.1.2.Final.jar:/home/travis/.m2/repository/org/hsqldb/hsqldb/2.6.0/hsqldb-2.6.0.jar:/home/travis/.m2/repository/org/jdom/jdom2/2.0.6/jdom2-2.0.6.jar:/home/travis/.m2/repository/org/jsoup/jsoup/1.12.1/jsoup-1.12.1.jar:/home/travis/.m2/repository/org/mycore/mycore-base/2021.05-SNAPSHOT/mycore-base-2021.05-SNAPSHOT.jar:/home/travis/.m2/repository/com/auth0/java-jwt/3.16.0/java-jwt-3.16.0.jar:/home/travis/.m2/repository/com/fasterxml/jackson/core/jackson-annotations/2.12.3/jackson-annotations-2.12.3.jar:/home/travis/.m2/repository/com/fasterxml/jackson/core/jackson-core/2.12.3/jackson-core-2.12.3.jar:/home/travis/.m2/repository/com/fasterxml/jackson/core/jackson-databind/2.12.3/jackson-databind-2.12.3.jar:/home/travis/.m2/repository/com/fasterxml/jackson/module/jackson-module-jaxb-annotations/2.12.3/jackson-module-jaxb-annotations-2.12.3.jar:/home/travis/.m2/repository/com/google/zxing/core/3.4.1/core-3.4.1.jar:/home/travis/.m2/repository/com/ibm/icu/icu4j/69.1/icu4j-69.1.jar:/home/travis/.m2/repository/com/jcraft/jsch/0.1.55/jsch-0.1.55.jar:/home/travis/.m2/repository/com/sun/activation/jakarta.activation/1.2.2/jakarta.activation-1.2.2.jar:/home/travis/.m2/repository/com/sun/mail/mailapi/1.6.5/mailapi-1.6.5.jar:/home/travis/.m2/repository/com/sun/mail/smtp/1.6.5/smtp-1.6.5.jar:/home/travis/.m2/repository/commons-beanutils/commons-beanutils/1.9.4/commons-beanutils-1.9.4.jar:/home/travis/.m2/repository/commons-collections/commons-collections/3.2.2/commons-collections-3.2.2.jar:/home/travis/.m2/repository/io/swagger/core/v3/swagger-annotations/2.1.9/swagger-annotations-2.1.9.jar:/home/travis/.m2/repository/jakarta/annotation/jakarta.annotation-api/1.3.5/jakarta.annotation-api-1.3.5.jar:/home/travis/.m2/repository/jakarta/inject/jakarta.inject-api/1.0.1/jakarta.inject-api-1.0.1.jar:/home/travis/.m2/repository/jakarta/websocket/jakarta.websocket-api/1.1.2/jakarta.websocket-api-1.1.2.jar:/home/travis/.m2/repository/jaxen/jaxen/1.2.0/jaxen-1.2.0.jar:/home/travis/.m2/repository/net/java/dev/jna/jna/5.6.0/jna-5.6.0.jar:/home/travis/.m2/repository/org/apache/httpcomponents/httpclient-cache/4.5.13/httpclient-cache-4.5.13.jar:/home/travis/.m2/repository/org/apache/logging/log4j/log4j-core/2.14.1/log4j-core-2.14.1.jar:/home/travis/.m2/repository/org/apache/logging/log4j/log4j-web/2.14.1/log4j-web-2.14.1.jar:/home/travis/.m2/repository/org/glassfish/hk2/hk2-api/2.6.1/hk2-api-2.6.1.jar:/home/travis/.m2/repository/org/glassfish/hk2/hk2-utils/2.6.1/hk2-utils-2.6.1.jar:/home/travis/.m2/repository/org/glassfish/jaxb/jaxb-runtime/2.3.3/jaxb-runtime-2.3.3.jar:/home/travis/.m2/repository/org/glassfish/jaxb/txw2/2.3.3/txw2-2.3.3.jar:/home/travis/.m2/repository/com/sun/istack/istack-commons-runtime/3.0.11/istack-commons-runtime-3.0.11.jar:/home/travis/.m2/repository/org/glassfish/jersey/containers/jersey-container-servlet-core/2.34/jersey-container-servlet-core-2.34.jar:/home/travis/.m2/repository/org/glassfish/hk2/external/jakarta.inject/2.6.1/jakarta.inject-2.6.1.jar:/home/travis/.m2/repository/org/glassfish/jersey/core/jersey-common/2.34/jersey-common-2.34.jar:/home/travis/.m2/repository/org/glassfish/hk2/osgi-resource-locator/1.0.3/osgi-resource-locator-1.0.3.jar:/home/travis/.m2/repository/org/glassfish/jersey/core/jersey-client/2.34/jersey-client-2.34.jar:/home/travis/.m2/repository/org/glassfish/jersey/core/jersey-server/2.34/jersey-server-2.34.jar:/home/travis/.m2/repository/org/glassfish/jersey/media/jersey-media-multipart/2.34/jersey-media-multipart-2.34.jar:/home/travis/.m2/repository/org/jvnet/mimepull/mimepull/1.9.13/mimepull-1.9.13.jar:/home/travis/.m2/repository/org/javassist/javassist/3.28.0-GA/javassist-3.28.0-GA.jar:/home/travis/.m2/repository/org/tmatesoft/svnkit/svnkit/1.10.3/svnkit-1.10.3.jar:/home/travis/.m2/repository/de/regnis/q/sequence/sequence-library/1.0.4/sequence-library-1.0.4.jar:/home/travis/.m2/repository/org/tmatesoft/sqljet/sqljet/1.1.14/sqljet-1.1.14.jar:/home/travis/.m2/repository/org/antlr/antlr-runtime/3.4/antlr-runtime-3.4.jar:/home/travis/.m2/repository/net/java/dev/jna/jna-platform/5.6.0/jna-platform-5.6.0.jar:/home/travis/.m2/repository/org/lz4/lz4-java/1.4.1/lz4-java-1.4.1.jar:/home/travis/.m2/repository/se/jiderhamn/classloader-leak-prevention/classloader-leak-prevention-core/2.7.0/classloader-leak-prevention-core-2.7.0.jar:/home/travis/.m2/repository/xalan/serializer/2.7.2/serializer-2.7.2.jar:/home/travis/.m2/repository/xalan/xalan/2.7.2/xalan-2.7.2.jar:/home/travis/.m2/repository/org/apache/logging/log4j/log4j-slf4j-impl/2.14.1/log4j-slf4j-impl-2.14.1.jar:/home/travis/.m2/repository/org/glassfish/jersey/inject/jersey-hk2/2.34/jersey-hk2-2.34.jar:/home/travis/.m2/repository/org/glassfish/hk2/hk2-locator/2.6.1/hk2-locator-2.6.1.jar:/home/travis/.m2/repository/org/glassfish/hk2/external/aopalliance-repackaged/2.6.1/aopalliance-repackaged-2.6.1.jar:/home/travis/.m2/repository/org/mycore/mycore-base/2021.05-SNAPSHOT/mycore-base-2021.05-SNAPSHOT-tests.jar:/home/travis/.m2/repository/org/mycore/mycore-mods/2021.05-SNAPSHOT/mycore-mods-2021.05-SNAPSHOT.jar:/home/travis/.m2/repository/com/rometools/rome/1.15.0/rome-1.15.0.jar:/home/travis/.m2/repository/com/rometools/rome-utils/1.15.0/rome-utils-1.15.0.jar:/home/travis/.m2/repository/org/bibsonomy/bibsonomy-bibtex-parser/3.9.2/bibsonomy-bibtex-parser-3.9.2.jar:/home/travis/.m2/repository/org/bibsonomy/bibsonomy-common/3.9.2/bibsonomy-common-3.9.2.jar:/home/travis/.m2/repository/org/bibsonomy/bibsonomy-model/3.9.2/bibsonomy-model-3.9.2.jar:/home/travis/.m2/repository/joda-time/joda-time/2.3/joda-time-2.3.jar:/home/travis/.m2/repository/org/mycore/mycore-pi/2021.05-SNAPSHOT/mycore-pi-2021.05-SNAPSHOT.jar:/home/travis/.m2/repository/jakarta/validation/jakarta.validation-api/2.0.2/jakarta.validation-api-2.0.2.jar:/home/travis/.m2/repository/org/apache/httpcomponents/httpmime/4.5.13/httpmime-4.5.13.jar:/home/travis/.m2/repository/org/mycore/mycore-solr/2021.05-SNAPSHOT/mycore-solr-2021.05-SNAPSHOT.jar:/home/travis/.m2/repository/org/mycore/mycore-classbrowser/2021.05-SNAPSHOT/mycore-classbrowser-2021.05-SNAPSHOT.jar:/home/travis/.m2/repository/org/mycore/mycore-sword/2021.05-SNAPSHOT/mycore-sword-2021.05-SNAPSHOT.jar:/home/travis/.m2/repository/com/fasterxml/woodstox/woodstox-core/6.2.6/woodstox-core-6.2.6.jar:/home/travis/.m2/repository/org/codehaus/woodstox/stax2-api/4.2.1/stax2-api-4.2.1.jar:/home/travis/.m2/repository/org/apache/abdera/abdera-parser/1.1.3/abdera-parser-1.1.3.jar:/home/travis/.m2/repository/org/apache/ws/commons/axiom/axiom-api/1.2.14/axiom-api-1.2.14.jar:/home/travis/.m2/repository/org/apache/james/apache-mime4j-core/0.7.2/apache-mime4j-core-0.7.2.jar:/home/travis/.m2/repository/org/apache/ws/commons/axiom/axiom-impl/1.2.14/axiom-impl-1.2.14.jar:/home/travis/.m2/repository/org/mycore/mets/mets-validator/1.3/mets-validator-1.3.jar:/home/travis/.m2/repository/org/mycore/mycore-user2/2021.05-SNAPSHOT/mycore-user2-2021.05-SNAPSHOT.jar:/home/travis/.m2/repository/org/jasig/cas/cas-client-core/3.1.10/cas-client-core-3.1.10.jar:/home/travis/.m2/repository/org/mycore/mycore-wfc/2021.05-SNAPSHOT/mycore-wfc-2021.05-SNAPSHOT.jar:/home/travis/.m2/repository/org/mycore/mycore-xeditor/2021.05-SNAPSHOT/mycore-xeditor-2021.05-SNAPSHOT.jar:/home/travis/.m2/repository/org/mycore/sword/easy-sword2-lib/1.0.5/easy-sword2-lib-1.0.5.jar:/home/travis/.m2/repository/commons-fileupload/commons-fileupload/1.4/commons-fileupload-1.4.jar:/home/travis/.m2/repository/org/apache/logging/log4j/log4j-1.2-api/2.14.1/log4j-1.2-api-2.14.1.jar:/home/travis/.m2/repository/org/mycore/mycore-csl/2021.05-SNAPSHOT/mycore-csl-2021.05-SNAPSHOT.jar:/home/travis/.m2/repository/de/undercouch/citeproc-java/2.0.0/citeproc-java-2.0.0.jar:/home/travis/.m2/repository/org/apache/commons/commons-lang3/3.12.0/commons-lang3-3.12.0.jar:/home/travis/.m2/repository/org/apache/commons/commons-text/1.8/commons-text-1.8.jar:/home/travis/.m2/repository/org/antlr/antlr4-runtime/4.7.2/antlr4-runtime-4.7.2.jar:/home/travis/.m2/repository/org/graalvm/sdk/graal-sdk/19.2.1/graal-sdk-19.2.1.jar:/home/travis/.m2/repository/org/graalvm/js/js/19.2.1/js-19.2.1.jar:/home/travis/.m2/repository/org/graalvm/regex/regex/19.2.1/regex-19.2.1.jar:/home/travis/.m2/repository/org/graalvm/truffle/truffle-api/19.2.1/truffle-api-19.2.1.jar:/home/travis/.m2/repository/org/ow2/asm/asm/6.2.1/asm-6.2.1.jar:/home/travis/.m2/repository/org/ow2/asm/asm-tree/6.2.1/asm-tree-6.2.1.jar:/home/travis/.m2/repository/org/ow2/asm/asm-analysis/6.2.1/asm-analysis-6.2.1.jar:/home/travis/.m2/repository/org/ow2/asm/asm-commons/6.2.1/asm-commons-6.2.1.jar:/home/travis/.m2/repository/org/ow2/asm/asm-util/6.2.1/asm-util-6.2.1.jar:/home/travis/.m2/repository/org/jbibtex/jbibtex/1.0.18/jbibtex-1.0.18.jar:/home/travis/.m2/repository/org/citationstyles/locales/21.3/locales-21.3.jar:/home/travis/.m2/repository/org/citationstyles/styles/21.3/styles-21.3.jar:/home/travis/.m2/repository/org/mycore/mycore-ifs/2021.05-SNAPSHOT/mycore-ifs-2021.05-SNAPSHOT.jar:/home/travis/.m2/repository/org/mycore/pica2mods/pica2mods-xslt/2.0-SNAPSHOT/pica2mods-xslt-2.0-SNAPSHOT.jar:"/>
    <property name="git.branch" value="main"/>
    <property name="java.vm.vendor" value="Oracle Corporation"/>
    <property name="sun.arch.data.model" value="64"/>
    <property name="git.build.number" value="3501"/>
    <property name="java.vendor.url" value="http://java.oracle.com/"/>
    <property name="user.timezone" value="UTC"/>
    <property name="git.build.number.unique" value="774175413"/>
    <property name="os.name" value="Linux"/>
    <property name="java.vm.specification.version" value="11"/>
    <property name="sun.java.launcher" value="SUN_STANDARD"/>
    <property name="user.country" value="US"/>
    <property name="git.build.user.name" value="Travis CI User"/>
    <property name="sun.boot.library.path" value="/usr/local/lib/jvm/openjdk11/lib"/>
    <property name="sun.java.command" value="/home/travis/build/MyCoRe-Org/mir/mir-module/target/surefire/surefirebooter17245396040944511320.jar /home/travis/build/MyCoRe-Org/mir/mir-module/target/surefire 2021-06-10T18-24-03_710-jvmRun1 surefire14441102354292298801tmp surefire_013359991001306810788tmp"/>
    <property name="jdk.debug" value="release"/>
    <property name="surefire.test.class.path" value="/home/travis/build/MyCoRe-Org/mir/mir-module/target/test-classes:/home/travis/build/MyCoRe-Org/mir/mir-module/target/classes:/home/travis/.m2/repository/com/google/code/gson/gson/2.8.7/gson-2.8.7.jar:/home/travis/.m2/repository/com/google/guava/guava/30.1.1-jre/guava-30.1.1-jre.jar:/home/travis/.m2/repository/com/google/guava/failureaccess/1.0.1/failureaccess-1.0.1.jar:/home/travis/.m2/repository/com/google/guava/listenablefuture/9999.0-empty-to-avoid-conflict-with-guava/listenablefuture-9999.0-empty-to-avoid-conflict-with-guava.jar:/home/travis/.m2/repository/com/google/code/findbugs/jsr305/3.0.2/jsr305-3.0.2.jar:/home/travis/.m2/repository/org/checkerframework/checker-qual/3.8.0/checker-qual-3.8.0.jar:/home/travis/.m2/repository/com/google/errorprone/error_prone_annotations/2.5.1/error_prone_annotations-2.5.1.jar:/home/travis/.m2/repository/com/google/j2objc/j2objc-annotations/1.3/j2objc-annotations-1.3.jar:/home/travis/.m2/repository/com/zaxxer/HikariCP/3.4.1/HikariCP-3.4.1.jar:/home/travis/.m2/repository/org/slf4j/slf4j-api/1.7.25/slf4j-api-1.7.25.jar:/home/travis/.m2/repository/commons-io/commons-io/2.8.0/commons-io-2.8.0.jar:/home/travis/.m2/repository/jakarta/persistence/jakarta.persistence-api/2.2.3/jakarta.persistence-api-2.2.3.jar:/home/travis/.m2/repository/jakarta/servlet/jakarta.servlet-api/4.0.4/jakarta.servlet-api-4.0.4.jar:/home/travis/.m2/repository/jakarta/ws/rs/jakarta.ws.rs-api/2.1.6/jakarta.ws.rs-api-2.1.6.jar:/home/travis/.m2/repository/jakarta/xml/bind/jakarta.xml.bind-api/2.3.3/jakarta.xml.bind-api-2.3.3.jar:/home/travis/.m2/repository/jakarta/activation/jakarta.activation-api/1.2.2/jakarta.activation-api-1.2.2.jar:/home/travis/.m2/repository/junit/junit/4.13.2/junit-4.13.2.jar:/home/travis/.m2/repository/org/hamcrest/hamcrest-core/2.2/hamcrest-core-2.2.jar:/home/travis/.m2/repository/org/hamcrest/hamcrest/2.2/hamcrest-2.2.jar:/home/travis/.m2/repository/net/sf/saxon/Saxon-HE/10.5/Saxon-HE-10.5.jar:/home/travis/.m2/repository/org/apache/abdera/abdera-core/1.1.3/abdera-core-1.1.3.jar:/home/travis/.m2/repository/org/apache/geronimo/specs/geronimo-stax-api_1.0_spec/1.0.1/geronimo-stax-api_1.0_spec-1.0.1.jar:/home/travis/.m2/repository/commons-codec/commons-codec/1.4/commons-codec-1.4.jar:/home/travis/.m2/repository/commons-logging/commons-logging/1.0.4/commons-logging-1.0.4.jar:/home/travis/.m2/repository/org/apache/abdera/abdera-i18n/1.1.3/abdera-i18n-1.1.3.jar:/home/travis/.m2/repository/org/apache/commons/commons-compress/1.20/commons-compress-1.20.jar:/home/travis/.m2/repository/org/apache/httpcomponents/httpclient/4.5.13/httpclient-4.5.13.jar:/home/travis/.m2/repository/org/apache/httpcomponents/httpcore/4.4.14/httpcore-4.4.14.jar:/home/travis/.m2/repository/org/apache/logging/log4j/log4j-api/2.14.1/log4j-api-2.14.1.jar:/home/travis/.m2/repository/org/apache/solr/solr-solrj/8.8.2/solr-solrj-8.8.2.jar:/home/travis/.m2/repository/commons-lang/commons-lang/2.6/commons-lang-2.6.jar:/home/travis/.m2/repository/org/apache/commons/commons-math3/3.6.1/commons-math3-3.6.1.jar:/home/travis/.m2/repository/org/apache/zookeeper/zookeeper/3.6.2/zookeeper-3.6.2.jar:/home/travis/.m2/repository/org/apache/zookeeper/zookeeper-jute/3.6.2/zookeeper-jute-3.6.2.jar:/home/travis/.m2/repository/org/xerial/snappy/snappy-java/1.1.7.6/snappy-java-1.1.7.6.jar:/home/travis/.m2/repository/org/hibernate/hibernate-hikaricp/5.4.4.Final/hibernate-hikaricp-5.4.4.Final.jar:/home/travis/.m2/repository/org/jboss/logging/jboss-logging/3.3.2.Final/jboss-logging-3.3.2.Final.jar:/home/travis/.m2/repository/org/hibernate/hibernate-core/5.4.28.Final/hibernate-core-5.4.28.Final.jar:/home/travis/.m2/repository/net/bytebuddy/byte-buddy/1.10.17/byte-buddy-1.10.17.jar:/home/travis/.m2/repository/antlr/antlr/2.7.7/antlr-2.7.7.jar:/home/travis/.m2/repository/org/jboss/spec/javax/transaction/jboss-transaction-api_1.2_spec/1.1.1.Final/jboss-transaction-api_1.2_spec-1.1.1.Final.jar:/home/travis/.m2/repository/org/jboss/jandex/2.2.3.Final/jandex-2.2.3.Final.jar:/home/travis/.m2/repository/com/fasterxml/classmate/1.5.1/classmate-1.5.1.jar:/home/travis/.m2/repository/org/dom4j/dom4j/2.1.3/dom4j-2.1.3.jar:/home/travis/.m2/repository/org/hibernate/common/hibernate-commons-annotations/5.1.2.Final/hibernate-commons-annotations-5.1.2.Final.jar:/home/travis/.m2/repository/org/hsqldb/hsqldb/2.6.0/hsqldb-2.6.0.jar:/home/travis/.m2/repository/org/jdom/jdom2/2.0.6/jdom2-2.0.6.jar:/home/travis/.m2/repository/org/jsoup/jsoup/1.12.1/jsoup-1.12.1.jar:/home/travis/.m2/repository/org/mycore/mycore-base/2021.05-SNAPSHOT/mycore-base-2021.05-SNAPSHOT.jar:/home/travis/.m2/repository/com/auth0/java-jwt/3.16.0/java-jwt-3.16.0.jar:/home/travis/.m2/repository/com/fasterxml/jackson/core/jackson-annotations/2.12.3/jackson-annotations-2.12.3.jar:/home/travis/.m2/repository/com/fasterxml/jackson/core/jackson-core/2.12.3/jackson-core-2.12.3.jar:/home/travis/.m2/repository/com/fasterxml/jackson/core/jackson-databind/2.12.3/jackson-databind-2.12.3.jar:/home/travis/.m2/repository/com/fasterxml/jackson/module/jackson-module-jaxb-annotations/2.12.3/jackson-module-jaxb-annotations-2.12.3.jar:/home/travis/.m2/repository/com/google/zxing/core/3.4.1/core-3.4.1.jar:/home/travis/.m2/repository/com/ibm/icu/icu4j/69.1/icu4j-69.1.jar:/home/travis/.m2/repository/com/jcraft/jsch/0.1.55/jsch-0.1.55.jar:/home/travis/.m2/repository/com/sun/activation/jakarta.activation/1.2.2/jakarta.activation-1.2.2.jar:/home/travis/.m2/repository/com/sun/mail/mailapi/1.6.5/mailapi-1.6.5.jar:/home/travis/.m2/repository/com/sun/mail/smtp/1.6.5/smtp-1.6.5.jar:/home/travis/.m2/repository/commons-beanutils/commons-beanutils/1.9.4/commons-beanutils-1.9.4.jar:/home/travis/.m2/repository/commons-collections/commons-collections/3.2.2/commons-collections-3.2.2.jar:/home/travis/.m2/repository/io/swagger/core/v3/swagger-annotations/2.1.9/swagger-annotations-2.1.9.jar:/home/travis/.m2/repository/jakarta/annotation/jakarta.annotation-api/1.3.5/jakarta.annotation-api-1.3.5.jar:/home/travis/.m2/repository/jakarta/inject/jakarta.inject-api/1.0.1/jakarta.inject-api-1.0.1.jar:/home/travis/.m2/repository/jakarta/websocket/jakarta.websocket-api/1.1.2/jakarta.websocket-api-1.1.2.jar:/home/travis/.m2/repository/jaxen/jaxen/1.2.0/jaxen-1.2.0.jar:/home/travis/.m2/repository/net/java/dev/jna/jna/5.6.0/jna-5.6.0.jar:/home/travis/.m2/repository/org/apache/httpcomponents/httpclient-cache/4.5.13/httpclient-cache-4.5.13.jar:/home/travis/.m2/repository/org/apache/logging/log4j/log4j-core/2.14.1/log4j-core-2.14.1.jar:/home/travis/.m2/repository/org/apache/logging/log4j/log4j-web/2.14.1/log4j-web-2.14.1.jar:/home/travis/.m2/repository/org/glassfish/hk2/hk2-api/2.6.1/hk2-api-2.6.1.jar:/home/travis/.m2/repository/org/glassfish/hk2/hk2-utils/2.6.1/hk2-utils-2.6.1.jar:/home/travis/.m2/repository/org/glassfish/jaxb/jaxb-runtime/2.3.3/jaxb-runtime-2.3.3.jar:/home/travis/.m2/repository/org/glassfish/jaxb/txw2/2.3.3/txw2-2.3.3.jar:/home/travis/.m2/repository/com/sun/istack/istack-commons-runtime/3.0.11/istack-commons-runtime-3.0.11.jar:/home/travis/.m2/repository/org/glassfish/jersey/containers/jersey-container-servlet-core/2.34/jersey-container-servlet-core-2.34.jar:/home/travis/.m2/repository/org/glassfish/hk2/external/jakarta.inject/2.6.1/jakarta.inject-2.6.1.jar:/home/travis/.m2/repository/org/glassfish/jersey/core/jersey-common/2.34/jersey-common-2.34.jar:/home/travis/.m2/repository/org/glassfish/hk2/osgi-resource-locator/1.0.3/osgi-resource-locator-1.0.3.jar:/home/travis/.m2/repository/org/glassfish/jersey/core/jersey-client/2.34/jersey-client-2.34.jar:/home/travis/.m2/repository/org/glassfish/jersey/core/jersey-server/2.34/jersey-server-2.34.jar:/home/travis/.m2/repository/org/glassfish/jersey/media/jersey-media-multipart/2.34/jersey-media-multipart-2.34.jar:/home/travis/.m2/repository/org/jvnet/mimepull/mimepull/1.9.13/mimepull-1.9.13.jar:/home/travis/.m2/repository/org/javassist/javassist/3.28.0-GA/javassist-3.28.0-GA.jar:/home/travis/.m2/repository/org/tmatesoft/svnkit/svnkit/1.10.3/svnkit-1.10.3.jar:/home/travis/.m2/repository/de/regnis/q/sequence/sequence-library/1.0.4/sequence-library-1.0.4.jar:/home/travis/.m2/repository/org/tmatesoft/sqljet/sqljet/1.1.14/sqljet-1.1.14.jar:/home/travis/.m2/repository/org/antlr/antlr-runtime/3.4/antlr-runtime-3.4.jar:/home/travis/.m2/repository/net/java/dev/jna/jna-platform/5.6.0/jna-platform-5.6.0.jar:/home/travis/.m2/repository/org/lz4/lz4-java/1.4.1/lz4-java-1.4.1.jar:/home/travis/.m2/repository/se/jiderhamn/classloader-leak-prevention/classloader-leak-prevention-core/2.7.0/classloader-leak-prevention-core-2.7.0.jar:/home/travis/.m2/repository/xalan/serializer/2.7.2/serializer-2.7.2.jar:/home/travis/.m2/repository/xalan/xalan/2.7.2/xalan-2.7.2.jar:/home/travis/.m2/repository/org/apache/logging/log4j/log4j-slf4j-impl/2.14.1/log4j-slf4j-impl-2.14.1.jar:/home/travis/.m2/repository/org/glassfish/jersey/inject/jersey-hk2/2.34/jersey-hk2-2.34.jar:/home/travis/.m2/repository/org/glassfish/hk2/hk2-locator/2.6.1/hk2-locator-2.6.1.jar:/home/travis/.m2/repository/org/glassfish/hk2/external/aopalliance-repackaged/2.6.1/aopalliance-repackaged-2.6.1.jar:/home/travis/.m2/repository/org/mycore/mycore-base/2021.05-SNAPSHOT/mycore-base-2021.05-SNAPSHOT-tests.jar:/home/travis/.m2/repository/org/mycore/mycore-mods/2021.05-SNAPSHOT/mycore-mods-2021.05-SNAPSHOT.jar:/home/travis/.m2/repository/com/rometools/rome/1.15.0/rome-1.15.0.jar:/home/travis/.m2/repository/com/rometools/rome-utils/1.15.0/rome-utils-1.15.0.jar:/home/travis/.m2/repository/org/bibsonomy/bibsonomy-bibtex-parser/3.9.2/bibsonomy-bibtex-parser-3.9.2.jar:/home/travis/.m2/repository/org/bibsonomy/bibsonomy-common/3.9.2/bibsonomy-common-3.9.2.jar:/home/travis/.m2/repository/org/bibsonomy/bibsonomy-model/3.9.2/bibsonomy-model-3.9.2.jar:/home/travis/.m2/repository/joda-time/joda-time/2.3/joda-time-2.3.jar:/home/travis/.m2/repository/org/mycore/mycore-pi/2021.05-SNAPSHOT/mycore-pi-2021.05-SNAPSHOT.jar:/home/travis/.m2/repository/jakarta/validation/jakarta.validation-api/2.0.2/jakarta.validation-api-2.0.2.jar:/home/travis/.m2/repository/org/apache/httpcomponents/httpmime/4.5.13/httpmime-4.5.13.jar:/home/travis/.m2/repository/org/mycore/mycore-solr/2021.05-SNAPSHOT/mycore-solr-2021.05-SNAPSHOT.jar:/home/travis/.m2/repository/org/mycore/mycore-classbrowser/2021.05-SNAPSHOT/mycore-classbrowser-2021.05-SNAPSHOT.jar:/home/travis/.m2/repository/org/mycore/mycore-sword/2021.05-SNAPSHOT/mycore-sword-2021.05-SNAPSHOT.jar:/home/travis/.m2/repository/com/fasterxml/woodstox/woodstox-core/6.2.6/woodstox-core-6.2.6.jar:/home/travis/.m2/repository/org/codehaus/woodstox/stax2-api/4.2.1/stax2-api-4.2.1.jar:/home/travis/.m2/repository/org/apache/abdera/abdera-parser/1.1.3/abdera-parser-1.1.3.jar:/home/travis/.m2/repository/org/apache/ws/commons/axiom/axiom-api/1.2.14/axiom-api-1.2.14.jar:/home/travis/.m2/repository/org/apache/james/apache-mime4j-core/0.7.2/apache-mime4j-core-0.7.2.jar:/home/travis/.m2/repository/org/apache/ws/commons/axiom/axiom-impl/1.2.14/axiom-impl-1.2.14.jar:/home/travis/.m2/repository/org/mycore/mets/mets-validator/1.3/mets-validator-1.3.jar:/home/travis/.m2/repository/org/mycore/mycore-user2/2021.05-SNAPSHOT/mycore-user2-2021.05-SNAPSHOT.jar:/home/travis/.m2/repository/org/jasig/cas/cas-client-core/3.1.10/cas-client-core-3.1.10.jar:/home/travis/.m2/repository/org/mycore/mycore-wfc/2021.05-SNAPSHOT/mycore-wfc-2021.05-SNAPSHOT.jar:/home/travis/.m2/repository/org/mycore/mycore-xeditor/2021.05-SNAPSHOT/mycore-xeditor-2021.05-SNAPSHOT.jar:/home/travis/.m2/repository/org/mycore/sword/easy-sword2-lib/1.0.5/easy-sword2-lib-1.0.5.jar:/home/travis/.m2/repository/commons-fileupload/commons-fileupload/1.4/commons-fileupload-1.4.jar:/home/travis/.m2/repository/org/apache/logging/log4j/log4j-1.2-api/2.14.1/log4j-1.2-api-2.14.1.jar:/home/travis/.m2/repository/org/mycore/mycore-csl/2021.05-SNAPSHOT/mycore-csl-2021.05-SNAPSHOT.jar:/home/travis/.m2/repository/de/undercouch/citeproc-java/2.0.0/citeproc-java-2.0.0.jar:/home/travis/.m2/repository/org/apache/commons/commons-lang3/3.12.0/commons-lang3-3.12.0.jar:/home/travis/.m2/repository/org/apache/commons/commons-text/1.8/commons-text-1.8.jar:/home/travis/.m2/repository/org/antlr/antlr4-runtime/4.7.2/antlr4-runtime-4.7.2.jar:/home/travis/.m2/repository/org/graalvm/sdk/graal-sdk/19.2.1/graal-sdk-19.2.1.jar:/home/travis/.m2/repository/org/graalvm/js/js/19.2.1/js-19.2.1.jar:/home/travis/.m2/repository/org/graalvm/regex/regex/19.2.1/regex-19.2.1.jar:/home/travis/.m2/repository/org/graalvm/truffle/truffle-api/19.2.1/truffle-api-19.2.1.jar:/home/travis/.m2/repository/org/ow2/asm/asm/6.2.1/asm-6.2.1.jar:/home/travis/.m2/repository/org/ow2/asm/asm-tree/6.2.1/asm-tree-6.2.1.jar:/home/travis/.m2/repository/org/ow2/asm/asm-analysis/6.2.1/asm-analysis-6.2.1.jar:/home/travis/.m2/repository/org/ow2/asm/asm-commons/6.2.1/asm-commons-6.2.1.jar:/home/travis/.m2/repository/org/ow2/asm/asm-util/6.2.1/asm-util-6.2.1.jar:/home/travis/.m2/repository/org/jbibtex/jbibtex/1.0.18/jbibtex-1.0.18.jar:/home/travis/.m2/repository/org/citationstyles/locales/21.3/locales-21.3.jar:/home/travis/.m2/repository/org/citationstyles/styles/21.3/styles-21.3.jar:/home/travis/.m2/repository/org/mycore/mycore-ifs/2021.05-SNAPSHOT/mycore-ifs-2021.05-SNAPSHOT.jar:/home/travis/.m2/repository/org/mycore/pica2mods/pica2mods-xslt/2.0-SNAPSHOT/pica2mods-xslt-2.0-SNAPSHOT.jar:"/>
    <property name="sun.cpu.endian" value="little"/>
    <property name="MCR.Home" value="/tmp/junit11057615408979682655/mcrhome"/>
    <property name="user.home" value="/home/travis"/>
    <property name="user.language" value="en"/>
    <property name="git.closest.tag.commit.count" value="2276"/>
    <property name="java.specification.vendor" value="Oracle Corporation"/>
    <property name="java.version.date" value="2019-01-15"/>
    <property name="java.home" value="/usr/local/lib/jvm/openjdk11"/>
    <property name="git.total.commit.count" value="2337"/>
    <property name="file.separator" value="/"/>
    <property name="basedir" value="/home/travis/build/MyCoRe-Org/mir/mir-module"/>
    <property name="java.vm.compressedOopsMode" value="32-bit"/>
    <property name="line.separator" value="&#10;"/>
    <property name="java.specification.name" value="Java Platform API Specification"/>
    <property name="java.vm.specification.vendor" value="Oracle Corporation"/>
    <property name="java.awt.graphicsenv" value="sun.awt.X11GraphicsEnvironment"/>
    <property name="git.commit.id.full" value="b5dc6138114ef0befe66ee9e08d5219171474722"/>
    <property name="git.closest.tag.name" value="v2020.06.1"/>
    <property name="git.local.branch.ahead" value="NO_REMOTE"/>
    <property name="git.build.time" value="2021-06-10T18:23:21Z"/>
    <property name="surefire.real.class.path" value="/home/travis/build/MyCoRe-Org/mir/mir-module/target/surefire/surefirebooter17245396040944511320.jar"/>
    <property name="git.commit.message.full" value="Merge 317054bd0d8e99e43509851db66ca79d1b403fcf into ed5929908a03f18bb02dc0421db335dcd3011fda"/>
    <property name="sun.management.compiler" value="HotSpot 64-Bit Tiered Compilers"/>
    <property name="java.runtime.version" value="11.0.2+9"/>
    <property name="user.name" value="travis"/>
    <property name="path.separator" value=":"/>
    <property name="os.version" value="5.4.0-1032-gcp"/>
    <property name="java.runtime.name" value="OpenJDK Runtime Environment"/>
    <property name="file.encoding" value="UTF-8"/>
    <property name="java.vm.name" value="OpenJDK 64-Bit Server VM"/>
    <property name="java.vendor.version" value="18.9"/>
    <property name="jetty" value="true"/>
    <property name="git.local.branch.behind" value="NO_REMOTE"/>
    <property name="git.dirty" value="false"/>
    <property name="localRepository" value="/home/travis/.m2/repository"/>
    <property name="java.vendor.url.bug" value="http://bugreport.java.com/bugreport/"/>
    <property name="java.io.tmpdir" value="/tmp"/>
    <property name="com.zaxxer.hikari.pool_number" value="18"/>
    <property name="java.version" value="11.0.2"/>
    <property name="user.dir" value="/home/travis/build/MyCoRe-Org/mir/mir-module"/>
    <property name="os.arch" value="amd64"/>
    <property name="git.commit.user.name" value="Kathleen Neumann"/>
    <property name="git.commit.id.abbrev" value="b5dc613"/>
    <property name="java.vm.specification.name" value="Java Virtual Machine Specification"/>
    <property name="java.awt.printerjob" value="sun.print.PSPrinterJob"/>
    <property name="git.commit.id.describe-short" value="v2020.06.1-2276"/>
    <property name="sun.os.patch.level" value="unknown"/>
    <property name="git.commit.id.describe" value="v2020.06.1-2276-gb5dc613"/>
    <property name="java.library.path" value="/usr/java/packages/lib:/usr/lib64:/lib64:/lib:/usr/lib"/>
    <property name="git.commit.message.short" value="Merge 317054bd0d8e99e43509851db66ca79d1b403fcf into ed5929908a03f18bb02dc0421db335dcd3011fda"/>
    <property name="java.vendor" value="Oracle Corporation"/>
    <property name="java.vm.info" value="mixed mode"/>
    <property name="java.vm.version" value="11.0.2+9"/>
    <property name="sun.io.unicode.encoding" value="UnicodeLittle"/>
    <property name="MCRRuntimeComponentDetector.underTesting" value="mir-module"/>
    <property name="java.class.version" value="55.0"/>
    <property name="git.commit.time" value="2021-06-10T18:19:09Z"/>
    <property name="MCR.AppName" value="mir-module"/>
    <property name="git.remote.origin.url" value="https://github.com/MyCoRe-Org/mir.git"/>
  </properties>
  <testcase name="testServFlagsTransformWithOtherTypes" classname="org.mycore.mir.authorization.accesskeys.TestAccessKeys" time="0.874">
    <system-out><![CDATA[Creating config directory: /tmp/junit11057615408979682655/mcrhome/mir-module
MyCoRe components detected: mcr:mycore-base, mcr:mycore-solr, mcr:mycore-user2, mcr:mycore-xeditor, mcr:mycore-classbrowser, mcr:mycore-mods, mcr:mycore-csl, mcr:mycore-ifs, mcr:mycore-pi, mcr:mycore-sword, mcr:mycore-wfc
Applications modules detected: app:mir-module
&amp#27;[34m2021-06-10T18:24:22,546 [main] INFO   MCRConfigurationInputStream: Current configuration directory: /tmp/junit11057615408979682655/mcrhome/mir-module&amp#27;[m&amp#27;[0m
&amp#27;[m&amp#27;[34m2021-06-10T18:24:22,579 [main] INFO   LogHelper: HHH000204: Processing PersistenceUnitInfo [name: mir-module]&amp#27;[m&amp#27;[0m
&amp#27;[m&amp#27;[34m2021-06-10T18:24:22,607 [main] INFO   HikariDataSource: HikariPool-19 - Starting...&amp#27;[m&amp#27;[0m
&amp#27;[m&amp#27;[31m2021-06-10T18:24:22,607 [main] WARN   DriverDataSource: Registered driver with driverClassName=org.hsqldb.jdbcDriver was not found, trying direct instantiation.&amp#27;[m&amp#27;[0m
&amp#27;[m&amp#27;[34m2021-06-10T18:24:22,608 [main] INFO   PoolBase: HikariPool-19 - Driver does not support get/set network timeout for connections. (feature not supported)&amp#27;[m&amp#27;[0m
&amp#27;[m&amp#27;[34m2021-06-10T18:24:22,612 [main] INFO   HikariDataSource: HikariPool-19 - Start completed.&amp#27;[m&amp#27;[0m
&amp#27;[m&amp#27;[34m2021-06-10T18:24:22,612 [main] INFO   Dialect: HHH000400: Using dialect: org.hibernate.dialect.HSQLDialect&amp#27;[m&amp#27;[0m
&amp#27;[m&amp#27;[31m2021-06-10T18:24:22,655 [main] WARN   JavaTypeDescriptorRegistry: HHH000481: Encountered Java type [class java.lang.Object] for which we could not locate a JavaTypeDescriptor and which does not appear to implement equals and/or hashCode.  This can lead to significant performance problems when performing equality/dirty checking involving this Java type.  Consider registering a custom JavaTypeDescriptor or at least implementing equals/hashCode.&amp#27;[m&amp#27;[0m
&amp#27;[m&amp#27;[31m2021-06-10T18:24:22,854 [main] WARN   MetadataContext: HHH015011: Unable to locate static metamodel field : org.mycore.datamodel.classifications2.MCRCategoryID_#id; this may or may not indicate a problem with the static metamodel&amp#27;[m&amp#27;[0m
&amp#27;[m&amp#27;[34m2021-06-10T18:24:22,859 [main] INFO   JtaPlatformInitiator: HHH000490: Using JtaPlatform implementation: [org.hibernate.engine.transaction.jta.platform.internal.NoJtaPlatform]&amp#27;[m&amp#27;[0m
&amp#27;[m&amp#27;[34m2021-06-10T18:24:22,962 [main] INFO   LogHelper: HHH000204: Processing PersistenceUnitInfo [name: mir-module]&amp#27;[m&amp#27;[0m
&amp#27;[m&amp#27;[34m2021-06-10T18:24:22,982 [main] INFO   HikariDataSource: HikariPool-20 - Starting...&amp#27;[m&amp#27;[0m
&amp#27;[m&amp#27;[31m2021-06-10T18:24:22,983 [main] WARN   DriverDataSource: Registered driver with driverClassName=org.hsqldb.jdbcDriver was not found, trying direct instantiation.&amp#27;[m&amp#27;[0m
&amp#27;[m&amp#27;[34m2021-06-10T18:24:22,985 [main] INFO   PoolBase: HikariPool-20 - Driver does not support get/set network timeout for connections. (feature not supported)&amp#27;[m&amp#27;[0m
&amp#27;[m&amp#27;[34m2021-06-10T18:24:22,986 [main] INFO   HikariDataSource: HikariPool-20 - Start completed.&amp#27;[m&amp#27;[0m
&amp#27;[m&amp#27;[34m2021-06-10T18:24:22,986 [main] INFO   Dialect: HHH000400: Using dialect: org.hibernate.dialect.HSQLDialect&amp#27;[m&amp#27;[0m
&amp#27;[m&amp#27;[31m2021-06-10T18:24:23,025 [main] WARN   JavaTypeDescriptorRegistry: HHH000481: Encountered Java type [class java.lang.Object] for which we could not locate a JavaTypeDescriptor and which does not appear to implement equals and/or hashCode.  This can lead to significant performance problems when performing equality/dirty checking involving this Java type.  Consider registering a custom JavaTypeDescriptor or at least implementing equals/hashCode.&amp#27;[m&amp#27;[0m
&amp#27;[m<?xml version="1.0" encoding="UTF-8"?>
<servflags class="MCRMetaLangText">
  <servflag type="readkey" inherited="0" form="plain">blah</servflag>
  <servflag type="writekey" inherited="0" form="plain">blub</servflag>
  <servflag type="createdby" inherited="0" form="plain">administrator</servflag>
</servflags>
&amp#27;[34m2021-06-10T18:24:23,296 [main] INFO   LogHelper: HHH000204: Processing PersistenceUnitInfo [name: mir-module]&amp#27;[m&amp#27;[0m
&amp#27;[m&amp#27;[34m2021-06-10T18:24:23,325 [main] INFO   HikariDataSource: HikariPool-21 - Starting...&amp#27;[m&amp#27;[0m
&amp#27;[m&amp#27;[31m2021-06-10T18:24:23,326 [main] WARN   DriverDataSource: Registered driver with driverClassName=org.hsqldb.jdbcDriver was not found, trying direct instantiation.&amp#27;[m&amp#27;[0m
&amp#27;[m&amp#27;[34m2021-06-10T18:24:23,327 [main] INFO   PoolBase: HikariPool-21 - Driver does not support get/set network timeout for connections. (feature not supported)&amp#27;[m&amp#27;[0m
&amp#27;[m&amp#27;[34m2021-06-10T18:24:23,328 [main] INFO   HikariDataSource: HikariPool-21 - Start completed.&amp#27;[m&amp#27;[0m
&amp#27;[m&amp#27;[34m2021-06-10T18:24:23,329 [main] INFO   Dialect: HHH000400: Using dialect: org.hibernate.dialect.HSQLDialect&amp#27;[m&amp#27;[0m
&amp#27;[m&amp#27;[31m2021-06-10T18:24:23,369 [main] WARN   JavaTypeDescriptorRegistry: HHH000481: Encountered Java type [class java.lang.Object] for which we could not locate a JavaTypeDescriptor and which does not appear to implement equals and/or hashCode.  This can lead to significant performance problems when performing equality/dirty checking involving this Java type.  Consider registering a custom JavaTypeDescriptor or at least implementing equals/hashCode.&amp#27;[m&amp#27;[0m
&amp#27;[m]]></system-out>
  </testcase>
  <testcase name="testKeyPairFull" classname="org.mycore.mir.authorization.accesskeys.TestAccessKeys" time="0.792">
    <system-out><![CDATA[MyCoRe components detected: mcr:mycore-base, mcr:mycore-solr, mcr:mycore-user2, mcr:mycore-xeditor, mcr:mycore-classbrowser, mcr:mycore-mods, mcr:mycore-csl, mcr:mycore-ifs, mcr:mycore-pi, mcr:mycore-sword, mcr:mycore-wfc
Applications modules detected: app:mir-module
&amp#27;[34m2021-06-10T18:24:23,445 [main] INFO   MCRConfigurationInputStream: Current configuration directory: /tmp/junit11057615408979682655/mcrhome/mir-module&amp#27;[m&amp#27;[0m
&amp#27;[m&amp#27;[34m2021-06-10T18:24:23,522 [main] INFO   LogHelper: HHH000204: Processing PersistenceUnitInfo [name: mir-module]&amp#27;[m&amp#27;[0m
&amp#27;[m&amp#27;[34m2021-06-10T18:24:23,555 [main] INFO   HikariDataSource: HikariPool-22 - Starting...&amp#27;[m&amp#27;[0m
&amp#27;[m&amp#27;[31m2021-06-10T18:24:23,555 [main] WARN   DriverDataSource: Registered driver with driverClassName=org.hsqldb.jdbcDriver was not found, trying direct instantiation.&amp#27;[m&amp#27;[0m
&amp#27;[m&amp#27;[34m2021-06-10T18:24:23,556 [main] INFO   PoolBase: HikariPool-22 - Driver does not support get/set network timeout for connections. (feature not supported)&amp#27;[m&amp#27;[0m
&amp#27;[m&amp#27;[34m2021-06-10T18:24:23,557 [main] INFO   HikariDataSource: HikariPool-22 - Start completed.&amp#27;[m&amp#27;[0m
&amp#27;[m&amp#27;[34m2021-06-10T18:24:23,557 [main] INFO   Dialect: HHH000400: Using dialect: org.hibernate.dialect.HSQLDialect&amp#27;[m&amp#27;[0m
&amp#27;[m&amp#27;[31m2021-06-10T18:24:23,614 [main] WARN   JavaTypeDescriptorRegistry: HHH000481: Encountered Java type [class java.lang.Object] for which we could not locate a JavaTypeDescriptor and which does not appear to implement equals and/or hashCode.  This can lead to significant performance problems when performing equality/dirty checking involving this Java type.  Consider registering a custom JavaTypeDescriptor or at least implementing equals/hashCode.&amp#27;[m&amp#27;[0m
&amp#27;[m&amp#27;[31m2021-06-10T18:24:23,840 [main] WARN   MetadataContext: HHH015011: Unable to locate static metamodel field : org.mycore.datamodel.classifications2.MCRCategoryID_#id; this may or may not indicate a problem with the static metamodel&amp#27;[m&amp#27;[0m
&amp#27;[m&amp#27;[34m2021-06-10T18:24:23,846 [main] INFO   JtaPlatformInitiator: HHH000490: Using JtaPlatform implementation: [org.hibernate.engine.transaction.jta.platform.internal.NoJtaPlatform]&amp#27;[m&amp#27;[0m
&amp#27;[m&amp#27;[34m2021-06-10T18:24:23,973 [main] INFO   LogHelper: HHH000204: Processing PersistenceUnitInfo [name: mir-module]&amp#27;[m&amp#27;[0m
&amp#27;[m&amp#27;[34m2021-06-10T18:24:23,992 [main] INFO   HikariDataSource: HikariPool-23 - Starting...&amp#27;[m&amp#27;[0m
&amp#27;[m&amp#27;[31m2021-06-10T18:24:23,993 [main] WARN   DriverDataSource: Registered driver with driverClassName=org.hsqldb.jdbcDriver was not found, trying direct instantiation.&amp#27;[m&amp#27;[0m
&amp#27;[m&amp#27;[34m2021-06-10T18:24:23,995 [main] INFO   PoolBase: HikariPool-23 - Driver does not support get/set network timeout for connections. (feature not supported)&amp#27;[m&amp#27;[0m
&amp#27;[m&amp#27;[34m2021-06-10T18:24:23,996 [main] INFO   HikariDataSource: HikariPool-23 - Start completed.&amp#27;[m&amp#27;[0m
&amp#27;[m&amp#27;[34m2021-06-10T18:24:23,997 [main] INFO   Dialect: HHH000400: Using dialect: org.hibernate.dialect.HSQLDialect&amp#27;[m&amp#27;[0m
&amp#27;[m&amp#27;[31m2021-06-10T18:24:24,038 [main] WARN   JavaTypeDescriptorRegistry: HHH000481: Encountered Java type [class java.lang.Object] for which we could not locate a JavaTypeDescriptor and which does not appear to implement equals and/or hashCode.  This can lead to significant performance problems when performing equality/dirty checking involving this Java type.  Consider registering a custom JavaTypeDescriptor or at least implementing equals/hashCode.&amp#27;[m&amp#27;[0m
&amp#27;[m&amp#27;[34m2021-06-10T18:24:24,115 [main] INFO   LogHelper: HHH000204: Processing PersistenceUnitInfo [name: mir-module]&amp#27;[m&amp#27;[0m
&amp#27;[m&amp#27;[34m2021-06-10T18:24:24,148 [main] INFO   HikariDataSource: HikariPool-24 - Starting...&amp#27;[m&amp#27;[0m
&amp#27;[m&amp#27;[31m2021-06-10T18:24:24,148 [main] WARN   DriverDataSource: Registered driver with driverClassName=org.hsqldb.jdbcDriver was not found, trying direct instantiation.&amp#27;[m&amp#27;[0m
&amp#27;[m&amp#27;[34m2021-06-10T18:24:24,150 [main] INFO   PoolBase: HikariPool-24 - Driver does not support get/set network timeout for connections. (feature not supported)&amp#27;[m&amp#27;[0m
&amp#27;[m&amp#27;[34m2021-06-10T18:24:24,150 [main] INFO   HikariDataSource: HikariPool-24 - Start completed.&amp#27;[m&amp#27;[0m
&amp#27;[m&amp#27;[34m2021-06-10T18:24:24,151 [main] INFO   Dialect: HHH000400: Using dialect: org.hibernate.dialect.HSQLDialect&amp#27;[m&amp#27;[0m
&amp#27;[m&amp#27;[31m2021-06-10T18:24:24,200 [main] WARN   JavaTypeDescriptorRegistry: HHH000481: Encountered Java type [class java.lang.Object] for which we could not locate a JavaTypeDescriptor and which does not appear to implement equals and/or hashCode.  This can lead to significant performance problems when performing equality/dirty checking involving this Java type.  Consider registering a custom JavaTypeDescriptor or at least implementing equals/hashCode.&amp#27;[m&amp#27;[0m
&amp#27;[m]]></system-out>
  </testcase>
  <testcase name="testCreateKeyPair" classname="org.mycore.mir.authorization.accesskeys.TestAccessKeys" time="0.777">
    <system-out><![CDATA[MyCoRe components detected: mcr:mycore-base, mcr:mycore-solr, mcr:mycore-user2, mcr:mycore-xeditor, mcr:mycore-classbrowser, mcr:mycore-mods, mcr:mycore-csl, mcr:mycore-ifs, mcr:mycore-pi, mcr:mycore-sword, mcr:mycore-wfc
Applications modules detected: app:mir-module
&amp#27;[34m2021-06-10T18:24:24,246 [main] INFO   MCRConfigurationInputStream: Current configuration directory: /tmp/junit11057615408979682655/mcrhome/mir-module&amp#27;[m&amp#27;[0m
&amp#27;[m&amp#27;[34m2021-06-10T18:24:24,312 [main] INFO   LogHelper: HHH000204: Processing PersistenceUnitInfo [name: mir-module]&amp#27;[m&amp#27;[0m
&amp#27;[m&amp#27;[34m2021-06-10T18:24:24,337 [main] INFO   HikariDataSource: HikariPool-25 - Starting...&amp#27;[m&amp#27;[0m
&amp#27;[m&amp#27;[31m2021-06-10T18:24:24,340 [main] WARN   DriverDataSource: Registered driver with driverClassName=org.hsqldb.jdbcDriver was not found, trying direct instantiation.&amp#27;[m&amp#27;[0m
&amp#27;[m&amp#27;[34m2021-06-10T18:24:24,341 [main] INFO   PoolBase: HikariPool-25 - Driver does not support get/set network timeout for connections. (feature not supported)&amp#27;[m&amp#27;[0m
&amp#27;[m&amp#27;[34m2021-06-10T18:24:24,341 [main] INFO   HikariDataSource: HikariPool-25 - Start completed.&amp#27;[m&amp#27;[0m
&amp#27;[m&amp#27;[34m2021-06-10T18:24:24,342 [main] INFO   Dialect: HHH000400: Using dialect: org.hibernate.dialect.HSQLDialect&amp#27;[m&amp#27;[0m
&amp#27;[m&amp#27;[31m2021-06-10T18:24:24,375 [main] WARN   JavaTypeDescriptorRegistry: HHH000481: Encountered Java type [class java.lang.Object] for which we could not locate a JavaTypeDescriptor and which does not appear to implement equals and/or hashCode.  This can lead to significant performance problems when performing equality/dirty checking involving this Java type.  Consider registering a custom JavaTypeDescriptor or at least implementing equals/hashCode.&amp#27;[m&amp#27;[0m
&amp#27;[m&amp#27;[31m2021-06-10T18:24:24,600 [main] WARN   MetadataContext: HHH015011: Unable to locate static metamodel field : org.mycore.datamodel.classifications2.MCRCategoryID_#id; this may or may not indicate a problem with the static metamodel&amp#27;[m&amp#27;[0m
&amp#27;[m&amp#27;[34m2021-06-10T18:24:24,604 [main] INFO   JtaPlatformInitiator: HHH000490: Using JtaPlatform implementation: [org.hibernate.engine.transaction.jta.platform.internal.NoJtaPlatform]&amp#27;[m&amp#27;[0m
&amp#27;[m&amp#27;[34m2021-06-10T18:24:24,672 [main] INFO   LogHelper: HHH000204: Processing PersistenceUnitInfo [name: mir-module]&amp#27;[m&amp#27;[0m
&amp#27;[m&amp#27;[34m2021-06-10T18:24:24,686 [main] INFO   HikariDataSource: HikariPool-26 - Starting...&amp#27;[m&amp#27;[0m
&amp#27;[m&amp#27;[31m2021-06-10T18:24:24,687 [main] WARN   DriverDataSource: Registered driver with driverClassName=org.hsqldb.jdbcDriver was not found, trying direct instantiation.&amp#27;[m&amp#27;[0m
&amp#27;[m&amp#27;[34m2021-06-10T18:24:24,687 [main] INFO   PoolBase: HikariPool-26 - Driver does not support get/set network timeout for connections. (feature not supported)&amp#27;[m&amp#27;[0m
&amp#27;[m&amp#27;[34m2021-06-10T18:24:24,688 [main] INFO   HikariDataSource: HikariPool-26 - Start completed.&amp#27;[m&amp#27;[0m
&amp#27;[m&amp#27;[34m2021-06-10T18:24:24,689 [main] INFO   Dialect: HHH000400: Using dialect: org.hibernate.dialect.HSQLDialect&amp#27;[m&amp#27;[0m
&amp#27;[m&amp#27;[31m2021-06-10T18:24:24,728 [main] WARN   JavaTypeDescriptorRegistry: HHH000481: Encountered Java type [class java.lang.Object] for which we could not locate a JavaTypeDescriptor and which does not appear to implement equals and/or hashCode.  This can lead to significant performance problems when performing equality/dirty checking involving this Java type.  Consider registering a custom JavaTypeDescriptor or at least implementing equals/hashCode.&amp#27;[m&amp#27;[0m
&amp#27;[m&amp#27;[34m2021-06-10T18:24:24,933 [main] INFO   LogHelper: HHH000204: Processing PersistenceUnitInfo [name: mir-module]&amp#27;[m&amp#27;[0m
&amp#27;[m&amp#27;[34m2021-06-10T18:24:24,951 [main] INFO   HikariDataSource: HikariPool-27 - Starting...&amp#27;[m&amp#27;[0m
&amp#27;[m&amp#27;[31m2021-06-10T18:24:24,951 [main] WARN   DriverDataSource: Registered driver with driverClassName=org.hsqldb.jdbcDriver was not found, trying direct instantiation.&amp#27;[m&amp#27;[0m
&amp#27;[m&amp#27;[34m2021-06-10T18:24:24,953 [main] INFO   PoolBase: HikariPool-27 - Driver does not support get/set network timeout for connections. (feature not supported)&amp#27;[m&amp#27;[0m
&amp#27;[m&amp#27;[34m2021-06-10T18:24:24,954 [main] INFO   HikariDataSource: HikariPool-27 - Start completed.&amp#27;[m&amp#27;[0m
&amp#27;[m&amp#27;[34m2021-06-10T18:24:24,954 [main] INFO   Dialect: HHH000400: Using dialect: org.hibernate.dialect.HSQLDialect&amp#27;[m&amp#27;[0m
&amp#27;[m&amp#27;[31m2021-06-10T18:24:24,982 [main] WARN   JavaTypeDescriptorRegistry: HHH000481: Encountered Java type [class java.lang.Object] for which we could not locate a JavaTypeDescriptor and which does not appear to implement equals and/or hashCode.  This can lead to significant performance problems when performing equality/dirty checking involving this Java type.  Consider registering a custom JavaTypeDescriptor or at least implementing equals/hashCode.&amp#27;[m&amp#27;[0m
&amp#27;[m]]></system-out>
  </testcase>
  <testcase name="testUpdateKeyPair" classname="org.mycore.mir.authorization.accesskeys.TestAccessKeys" time="0.751">
    <system-out><![CDATA[MyCoRe components detected: mcr:mycore-base, mcr:mycore-solr, mcr:mycore-user2, mcr:mycore-xeditor, mcr:mycore-classbrowser, mcr:mycore-mods, mcr:mycore-csl, mcr:mycore-ifs, mcr:mycore-pi, mcr:mycore-sword, mcr:mycore-wfc
Applications modules detected: app:mir-module
&amp#27;[34m2021-06-10T18:24:25,025 [main] INFO   MCRConfigurationInputStream: Current configuration directory: /tmp/junit11057615408979682655/mcrhome/mir-module&amp#27;[m&amp#27;[0m
&amp#27;[m&amp#27;[34m2021-06-10T18:24:25,085 [main] INFO   LogHelper: HHH000204: Processing PersistenceUnitInfo [name: mir-module]&amp#27;[m&amp#27;[0m
&amp#27;[m&amp#27;[34m2021-06-10T18:24:25,101 [main] INFO   HikariDataSource: HikariPool-28 - Starting...&amp#27;[m&amp#27;[0m
&amp#27;[m&amp#27;[31m2021-06-10T18:24:25,102 [main] WARN   DriverDataSource: Registered driver with driverClassName=org.hsqldb.jdbcDriver was not found, trying direct instantiation.&amp#27;[m&amp#27;[0m
&amp#27;[m&amp#27;[34m2021-06-10T18:24:25,103 [main] INFO   PoolBase: HikariPool-28 - Driver does not support get/set network timeout for connections. (feature not supported)&amp#27;[m&amp#27;[0m
&amp#27;[m&amp#27;[34m2021-06-10T18:24:25,103 [main] INFO   HikariDataSource: HikariPool-28 - Start completed.&amp#27;[m&amp#27;[0m
&amp#27;[m&amp#27;[34m2021-06-10T18:24:25,104 [main] INFO   Dialect: HHH000400: Using dialect: org.hibernate.dialect.HSQLDialect&amp#27;[m&amp#27;[0m
&amp#27;[m&amp#27;[31m2021-06-10T18:24:25,128 [main] WARN   JavaTypeDescriptorRegistry: HHH000481: Encountered Java type [class java.lang.Object] for which we could not locate a JavaTypeDescriptor and which does not appear to implement equals and/or hashCode.  This can lead to significant performance problems when performing equality/dirty checking involving this Java type.  Consider registering a custom JavaTypeDescriptor or at least implementing equals/hashCode.&amp#27;[m&amp#27;[0m
&amp#27;[m&amp#27;[31m2021-06-10T18:24:25,336 [main] WARN   MetadataContext: HHH015011: Unable to locate static metamodel field : org.mycore.datamodel.classifications2.MCRCategoryID_#id; this may or may not indicate a problem with the static metamodel&amp#27;[m&amp#27;[0m
&amp#27;[m&amp#27;[34m2021-06-10T18:24:25,341 [main] INFO   JtaPlatformInitiator: HHH000490: Using JtaPlatform implementation: [org.hibernate.engine.transaction.jta.platform.internal.NoJtaPlatform]&amp#27;[m&amp#27;[0m
&amp#27;[m&amp#27;[34m2021-06-10T18:24:25,445 [main] INFO   LogHelper: HHH000204: Processing PersistenceUnitInfo [name: mir-module]&amp#27;[m&amp#27;[0m
&amp#27;[m&amp#27;[34m2021-06-10T18:24:25,468 [main] INFO   HikariDataSource: HikariPool-29 - Starting...&amp#27;[m&amp#27;[0m
&amp#27;[m&amp#27;[31m2021-06-10T18:24:25,474 [main] WARN   DriverDataSource: Registered driver with driverClassName=org.hsqldb.jdbcDriver was not found, trying direct instantiation.&amp#27;[m&amp#27;[0m
&amp#27;[m&amp#27;[34m2021-06-10T18:24:25,475 [main] INFO   PoolBase: HikariPool-29 - Driver does not support get/set network timeout for connections. (feature not supported)&amp#27;[m&amp#27;[0m
&amp#27;[m&amp#27;[34m2021-06-10T18:24:25,476 [main] INFO   HikariDataSource: HikariPool-29 - Start completed.&amp#27;[m&amp#27;[0m
&amp#27;[m&amp#27;[34m2021-06-10T18:24:25,477 [main] INFO   Dialect: HHH000400: Using dialect: org.hibernate.dialect.HSQLDialect&amp#27;[m&amp#27;[0m
&amp#27;[m&amp#27;[31m2021-06-10T18:24:25,513 [main] WARN   JavaTypeDescriptorRegistry: HHH000481: Encountered Java type [class java.lang.Object] for which we could not locate a JavaTypeDescriptor and which does not appear to implement equals and/or hashCode.  This can lead to significant performance problems when performing equality/dirty checking involving this Java type.  Consider registering a custom JavaTypeDescriptor or at least implementing equals/hashCode.&amp#27;[m&amp#27;[0m
&amp#27;[m&amp#27;[34m2021-06-10T18:24:25,659 [main] INFO   LogHelper: HHH000204: Processing PersistenceUnitInfo [name: mir-module]&amp#27;[m&amp#27;[0m
&amp#27;[m&amp#27;[34m2021-06-10T18:24:25,682 [main] INFO   HikariDataSource: HikariPool-30 - Starting...&amp#27;[m&amp#27;[0m
&amp#27;[m&amp#27;[31m2021-06-10T18:24:25,683 [main] WARN   DriverDataSource: Registered driver with driverClassName=org.hsqldb.jdbcDriver was not found, trying direct instantiation.&amp#27;[m&amp#27;[0m
&amp#27;[m&amp#27;[34m2021-06-10T18:24:25,683 [main] INFO   PoolBase: HikariPool-30 - Driver does not support get/set network timeout for connections. (feature not supported)&amp#27;[m&amp#27;[0m
&amp#27;[m&amp#27;[34m2021-06-10T18:24:25,691 [main] INFO   HikariDataSource: HikariPool-30 - Start completed.&amp#27;[m&amp#27;[0m
&amp#27;[m&amp#27;[34m2021-06-10T18:24:25,693 [main] INFO   Dialect: HHH000400: Using dialect: org.hibernate.dialect.HSQLDialect&amp#27;[m&amp#27;[0m
&amp#27;[m&amp#27;[31m2021-06-10T18:24:25,740 [main] WARN   JavaTypeDescriptorRegistry: HHH000481: Encountered Java type [class java.lang.Object] for which we could not locate a JavaTypeDescriptor and which does not appear to implement equals and/or hashCode.  This can lead to significant performance problems when performing equality/dirty checking involving this Java type.  Consider registering a custom JavaTypeDescriptor or at least implementing equals/hashCode.&amp#27;[m&amp#27;[0m
&amp#27;[m]]></system-out>
  </testcase>
  <testcase name="testExistsKeyPair" classname="org.mycore.mir.authorization.accesskeys.TestAccessKeys" time="0.673">
    <system-out><![CDATA[MyCoRe components detected: mcr:mycore-base, mcr:mycore-solr, mcr:mycore-user2, mcr:mycore-xeditor, mcr:mycore-classbrowser, mcr:mycore-mods, mcr:mycore-csl, mcr:mycore-ifs, mcr:mycore-pi, mcr:mycore-sword, mcr:mycore-wfc
Applications modules detected: app:mir-module
&amp#27;[34m2021-06-10T18:24:25,779 [main] INFO   MCRConfigurationInputStream: Current configuration directory: /tmp/junit11057615408979682655/mcrhome/mir-module&amp#27;[m&amp#27;[0m
&amp#27;[m&amp#27;[34m2021-06-10T18:24:25,826 [main] INFO   LogHelper: HHH000204: Processing PersistenceUnitInfo [name: mir-module]&amp#27;[m&amp#27;[0m
&amp#27;[m&amp#27;[34m2021-06-10T18:24:25,849 [main] INFO   HikariDataSource: HikariPool-31 - Starting...&amp#27;[m&amp#27;[0m
&amp#27;[m&amp#27;[31m2021-06-10T18:24:25,850 [main] WARN   DriverDataSource: Registered driver with driverClassName=org.hsqldb.jdbcDriver was not found, trying direct instantiation.&amp#27;[m&amp#27;[0m
&amp#27;[m&amp#27;[34m2021-06-10T18:24:25,851 [main] INFO   PoolBase: HikariPool-31 - Driver does not support get/set network timeout for connections. (feature not supported)&amp#27;[m&amp#27;[0m
&amp#27;[m&amp#27;[34m2021-06-10T18:24:25,852 [main] INFO   HikariDataSource: HikariPool-31 - Start completed.&amp#27;[m&amp#27;[0m
&amp#27;[m&amp#27;[34m2021-06-10T18:24:25,852 [main] INFO   Dialect: HHH000400: Using dialect: org.hibernate.dialect.HSQLDialect&amp#27;[m&amp#27;[0m
&amp#27;[m&amp#27;[31m2021-06-10T18:24:25,884 [main] WARN   JavaTypeDescriptorRegistry: HHH000481: Encountered Java type [class java.lang.Object] for which we could not locate a JavaTypeDescriptor and which does not appear to implement equals and/or hashCode.  This can lead to significant performance problems when performing equality/dirty checking involving this Java type.  Consider registering a custom JavaTypeDescriptor or at least implementing equals/hashCode.&amp#27;[m&amp#27;[0m
&amp#27;[m&amp#27;[31m2021-06-10T18:24:26,164 [main] WARN   MetadataContext: HHH015011: Unable to locate static metamodel field : org.mycore.datamodel.classifications2.MCRCategoryID_#id; this may or may not indicate a problem with the static metamodel&amp#27;[m&amp#27;[0m
&amp#27;[m&amp#27;[34m2021-06-10T18:24:26,169 [main] INFO   JtaPlatformInitiator: HHH000490: Using JtaPlatform implementation: [org.hibernate.engine.transaction.jta.platform.internal.NoJtaPlatform]&amp#27;[m&amp#27;[0m
&amp#27;[m&amp#27;[34m2021-06-10T18:24:26,223 [main] INFO   LogHelper: HHH000204: Processing PersistenceUnitInfo [name: mir-module]&amp#27;[m&amp#27;[0m
&amp#27;[m&amp#27;[34m2021-06-10T18:24:26,239 [main] INFO   HikariDataSource: HikariPool-32 - Starting...&amp#27;[m&amp#27;[0m
&amp#27;[m&amp#27;[31m2021-06-10T18:24:26,239 [main] WARN   DriverDataSource: Registered driver with driverClassName=org.hsqldb.jdbcDriver was not found, trying direct instantiation.&amp#27;[m&amp#27;[0m
&amp#27;[m&amp#27;[34m2021-06-10T18:24:26,240 [main] INFO   PoolBase: HikariPool-32 - Driver does not support get/set network timeout for connections. (feature not supported)&amp#27;[m&amp#27;[0m
&amp#27;[m&amp#27;[34m2021-06-10T18:24:26,240 [main] INFO   HikariDataSource: HikariPool-32 - Start completed.&amp#27;[m&amp#27;[0m
&amp#27;[m&amp#27;[34m2021-06-10T18:24:26,241 [main] INFO   Dialect: HHH000400: Using dialect: org.hibernate.dialect.HSQLDialect&amp#27;[m&amp#27;[0m
&amp#27;[m&amp#27;[31m2021-06-10T18:24:26,279 [main] WARN   JavaTypeDescriptorRegistry: HHH000481: Encountered Java type [class java.lang.Object] for which we could not locate a JavaTypeDescriptor and which does not appear to implement equals and/or hashCode.  This can lead to significant performance problems when performing equality/dirty checking involving this Java type.  Consider registering a custom JavaTypeDescriptor or at least implementing equals/hashCode.&amp#27;[m&amp#27;[0m
&amp#27;[m&amp#27;[34m2021-06-10T18:24:26,358 [main] INFO   LogHelper: HHH000204: Processing PersistenceUnitInfo [name: mir-module]&amp#27;[m&amp#27;[0m
&amp#27;[m&amp#27;[34m2021-06-10T18:24:26,379 [main] INFO   HikariDataSource: HikariPool-33 - Starting...&amp#27;[m&amp#27;[0m
&amp#27;[m&amp#27;[31m2021-06-10T18:24:26,380 [main] WARN   DriverDataSource: Registered driver with driverClassName=org.hsqldb.jdbcDriver was not found, trying direct instantiation.&amp#27;[m&amp#27;[0m
&amp#27;[m&amp#27;[34m2021-06-10T18:24:26,381 [main] INFO   PoolBase: HikariPool-33 - Driver does not support get/set network timeout for connections. (feature not supported)&amp#27;[m&amp#27;[0m
&amp#27;[m&amp#27;[34m2021-06-10T18:24:26,381 [main] INFO   HikariDataSource: HikariPool-33 - Start completed.&amp#27;[m&amp#27;[0m
&amp#27;[m&amp#27;[34m2021-06-10T18:24:26,382 [main] INFO   Dialect: HHH000400: Using dialect: org.hibernate.dialect.HSQLDialect&amp#27;[m&amp#27;[0m
&amp#27;[m&amp#27;[31m2021-06-10T18:24:26,428 [main] WARN   JavaTypeDescriptorRegistry: HHH000481: Encountered Java type [class java.lang.Object] for which we could not locate a JavaTypeDescriptor and which does not appear to implement equals and/or hashCode.  This can lead to significant performance problems when performing equality/dirty checking involving this Java type.  Consider registering a custom JavaTypeDescriptor or at least implementing equals/hashCode.&amp#27;[m&amp#27;[0m
&amp#27;[m]]></system-out>
  </testcase>
  <testcase name="testKeyPairWithMatchingKeys" classname="org.mycore.mir.authorization.accesskeys.TestAccessKeys" time="0.565">
    <system-out><![CDATA[MyCoRe components detected: mcr:mycore-base, mcr:mycore-solr, mcr:mycore-user2, mcr:mycore-xeditor, mcr:mycore-classbrowser, mcr:mycore-mods, mcr:mycore-csl, mcr:mycore-ifs, mcr:mycore-pi, mcr:mycore-sword, mcr:mycore-wfc
Applications modules detected: app:mir-module
&amp#27;[34m2021-06-10T18:24:26,455 [main] INFO   MCRConfigurationInputStream: Current configuration directory: /tmp/junit11057615408979682655/mcrhome/mir-module&amp#27;[m&amp#27;[0m
&amp#27;[m&amp#27;[34m2021-06-10T18:24:26,533 [main] INFO   LogHelper: HHH000204: Processing PersistenceUnitInfo [name: mir-module]&amp#27;[m&amp#27;[0m
&amp#27;[m&amp#27;[34m2021-06-10T18:24:26,576 [main] INFO   HikariDataSource: HikariPool-34 - Starting...&amp#27;[m&amp#27;[0m
&amp#27;[m&amp#27;[31m2021-06-10T18:24:26,576 [main] WARN   DriverDataSource: Registered driver with driverClassName=org.hsqldb.jdbcDriver was not found, trying direct instantiation.&amp#27;[m&amp#27;[0m
&amp#27;[m&amp#27;[34m2021-06-10T18:24:26,577 [main] INFO   PoolBase: HikariPool-34 - Driver does not support get/set network timeout for connections. (feature not supported)&amp#27;[m&amp#27;[0m
&amp#27;[m&amp#27;[34m2021-06-10T18:24:26,578 [main] INFO   HikariDataSource: HikariPool-34 - Start completed.&amp#27;[m&amp#27;[0m
&amp#27;[m&amp#27;[34m2021-06-10T18:24:26,578 [main] INFO   Dialect: HHH000400: Using dialect: org.hibernate.dialect.HSQLDialect&amp#27;[m&amp#27;[0m
&amp#27;[m&amp#27;[31m2021-06-10T18:24:26,608 [main] WARN   JavaTypeDescriptorRegistry: HHH000481: Encountered Java type [class java.lang.Object] for which we could not locate a JavaTypeDescriptor and which does not appear to implement equals and/or hashCode.  This can lead to significant performance problems when performing equality/dirty checking involving this Java type.  Consider registering a custom JavaTypeDescriptor or at least implementing equals/hashCode.&amp#27;[m&amp#27;[0m
&amp#27;[m&amp#27;[31m2021-06-10T18:24:26,776 [main] WARN   MetadataContext: HHH015011: Unable to locate static metamodel field : org.mycore.datamodel.classifications2.MCRCategoryID_#id; this may or may not indicate a problem with the static metamodel&amp#27;[m&amp#27;[0m
&amp#27;[m&amp#27;[34m2021-06-10T18:24:26,781 [main] INFO   JtaPlatformInitiator: HHH000490: Using JtaPlatform implementation: [org.hibernate.engine.transaction.jta.platform.internal.NoJtaPlatform]&amp#27;[m&amp#27;[0m
&amp#27;[m&amp#27;[34m2021-06-10T18:24:26,850 [main] INFO   LogHelper: HHH000204: Processing PersistenceUnitInfo [name: mir-module]&amp#27;[m&amp#27;[0m
&amp#27;[m&amp#27;[34m2021-06-10T18:24:26,863 [main] INFO   HikariDataSource: HikariPool-35 - Starting...&amp#27;[m&amp#27;[0m
&amp#27;[m&amp#27;[31m2021-06-10T18:24:26,864 [main] WARN   DriverDataSource: Registered driver with driverClassName=org.hsqldb.jdbcDriver was not found, trying direct instantiation.&amp#27;[m&amp#27;[0m
&amp#27;[m&amp#27;[34m2021-06-10T18:24:26,865 [main] INFO   PoolBase: HikariPool-35 - Driver does not support get/set network timeout for connections. (feature not supported)&amp#27;[m&amp#27;[0m
&amp#27;[m&amp#27;[34m2021-06-10T18:24:26,865 [main] INFO   HikariDataSource: HikariPool-35 - Start completed.&amp#27;[m&amp#27;[0m
&amp#27;[m&amp#27;[34m2021-06-10T18:24:26,866 [main] INFO   Dialect: HHH000400: Using dialect: org.hibernate.dialect.HSQLDialect&amp#27;[m&amp#27;[0m
&amp#27;[m&amp#27;[31m2021-06-10T18:24:26,896 [main] WARN   JavaTypeDescriptorRegistry: HHH000481: Encountered Java type [class java.lang.Object] for which we could not locate a JavaTypeDescriptor and which does not appear to implement equals and/or hashCode.  This can lead to significant performance problems when performing equality/dirty checking involving this Java type.  Consider registering a custom JavaTypeDescriptor or at least implementing equals/hashCode.&amp#27;[m&amp#27;[0m
&amp#27;[m&amp#27;[34m2021-06-10T18:24:26,950 [main] INFO   LogHelper: HHH000204: Processing PersistenceUnitInfo [name: mir-module]&amp#27;[m&amp#27;[0m
&amp#27;[m&amp#27;[34m2021-06-10T18:24:26,971 [main] INFO   HikariDataSource: HikariPool-36 - Starting...&amp#27;[m&amp#27;[0m
&amp#27;[m&amp#27;[31m2021-06-10T18:24:26,974 [main] WARN   DriverDataSource: Registered driver with driverClassName=org.hsqldb.jdbcDriver was not found, trying direct instantiation.&amp#27;[m&amp#27;[0m
&amp#27;[m&amp#27;[34m2021-06-10T18:24:26,974 [main] INFO   PoolBase: HikariPool-36 - Driver does not support get/set network timeout for connections. (feature not supported)&amp#27;[m&amp#27;[0m
&amp#27;[m&amp#27;[34m2021-06-10T18:24:26,975 [main] INFO   HikariDataSource: HikariPool-36 - Start completed.&amp#27;[m&amp#27;[0m
&amp#27;[m&amp#27;[34m2021-06-10T18:24:26,975 [main] INFO   Dialect: HHH000400: Using dialect: org.hibernate.dialect.HSQLDialect&amp#27;[m&amp#27;[0m
&amp#27;[m&amp#27;[31m2021-06-10T18:24:26,997 [main] WARN   JavaTypeDescriptorRegistry: HHH000481: Encountered Java type [class java.lang.Object] for which we could not locate a JavaTypeDescriptor and which does not appear to implement equals and/or hashCode.  This can lead to significant performance problems when performing equality/dirty checking involving this Java type.  Consider registering a custom JavaTypeDescriptor or at least implementing equals/hashCode.&amp#27;[m&amp#27;[0m
&amp#27;[m]]></system-out>
  </testcase>
  <testcase name="testTransientUser" classname="org.mycore.mir.authorization.accesskeys.TestAccessKeys" time="0.834">
    <system-out><![CDATA[MyCoRe components detected: mcr:mycore-base, mcr:mycore-solr, mcr:mycore-user2, mcr:mycore-xeditor, mcr:mycore-classbrowser, mcr:mycore-mods, mcr:mycore-csl, mcr:mycore-ifs, mcr:mycore-pi, mcr:mycore-sword, mcr:mycore-wfc
Applications modules detected: app:mir-module
&amp#27;[34m2021-06-10T18:24:27,020 [main] INFO   MCRConfigurationInputStream: Current configuration directory: /tmp/junit11057615408979682655/mcrhome/mir-module&amp#27;[m&amp#27;[0m
&amp#27;[m&amp#27;[34m2021-06-10T18:24:27,080 [main] INFO   LogHelper: HHH000204: Processing PersistenceUnitInfo [name: mir-module]&amp#27;[m&amp#27;[0m
&amp#27;[m&amp#27;[34m2021-06-10T18:24:27,118 [main] INFO   HikariDataSource: HikariPool-37 - Starting...&amp#27;[m&amp#27;[0m
&amp#27;[m&amp#27;[31m2021-06-10T18:24:27,118 [main] WARN   DriverDataSource: Registered driver with driverClassName=org.hsqldb.jdbcDriver was not found, trying direct instantiation.&amp#27;[m&amp#27;[0m
&amp#27;[m&amp#27;[34m2021-06-10T18:24:27,119 [main] INFO   PoolBase: HikariPool-37 - Driver does not support get/set network timeout for connections. (feature not supported)&amp#27;[m&amp#27;[0m
&amp#27;[m&amp#27;[34m2021-06-10T18:24:27,119 [main] INFO   HikariDataSource: HikariPool-37 - Start completed.&amp#27;[m&amp#27;[0m
&amp#27;[m&amp#27;[34m2021-06-10T18:24:27,120 [main] INFO   Dialect: HHH000400: Using dialect: org.hibernate.dialect.HSQLDialect&amp#27;[m&amp#27;[0m
&amp#27;[m&amp#27;[31m2021-06-10T18:24:27,144 [main] WARN   JavaTypeDescriptorRegistry: HHH000481: Encountered Java type [class java.lang.Object] for which we could not locate a JavaTypeDescriptor and which does not appear to implement equals and/or hashCode.  This can lead to significant performance problems when performing equality/dirty checking involving this Java type.  Consider registering a custom JavaTypeDescriptor or at least implementing equals/hashCode.&amp#27;[m&amp#27;[0m
&amp#27;[m&amp#27;[31m2021-06-10T18:24:27,401 [main] WARN   MetadataContext: HHH015011: Unable to locate static metamodel field : org.mycore.datamodel.classifications2.MCRCategoryID_#id; this may or may not indicate a problem with the static metamodel&amp#27;[m&amp#27;[0m
&amp#27;[m&amp#27;[34m2021-06-10T18:24:27,406 [main] INFO   JtaPlatformInitiator: HHH000490: Using JtaPlatform implementation: [org.hibernate.engine.transaction.jta.platform.internal.NoJtaPlatform]&amp#27;[m&amp#27;[0m
&amp#27;[m&amp#27;[34m2021-06-10T18:24:27,464 [main] INFO   LogHelper: HHH000204: Processing PersistenceUnitInfo [name: mir-module]&amp#27;[m&amp#27;[0m
&amp#27;[m&amp#27;[34m2021-06-10T18:24:27,477 [main] INFO   HikariDataSource: HikariPool-38 - Starting...&amp#27;[m&amp#27;[0m
&amp#27;[m&amp#27;[31m2021-06-10T18:24:27,477 [main] WARN   DriverDataSource: Registered driver with driverClassName=org.hsqldb.jdbcDriver was not found, trying direct instantiation.&amp#27;[m&amp#27;[0m
&amp#27;[m&amp#27;[34m2021-06-10T18:24:27,478 [main] INFO   PoolBase: HikariPool-38 - Driver does not support get/set network timeout for connections. (feature not supported)&amp#27;[m&amp#27;[0m
&amp#27;[m&amp#27;[34m2021-06-10T18:24:27,478 [main] INFO   HikariDataSource: HikariPool-38 - Start completed.&amp#27;[m&amp#27;[0m
&amp#27;[m&amp#27;[34m2021-06-10T18:24:27,479 [main] INFO   Dialect: HHH000400: Using dialect: org.hibernate.dialect.HSQLDialect&amp#27;[m&amp#27;[0m
&amp#27;[m&amp#27;[31m2021-06-10T18:24:27,515 [main] WARN   JavaTypeDescriptorRegistry: HHH000481: Encountered Java type [class java.lang.Object] for which we could not locate a JavaTypeDescriptor and which does not appear to implement equals and/or hashCode.  This can lead to significant performance problems when performing equality/dirty checking involving this Java type.  Consider registering a custom JavaTypeDescriptor or at least implementing equals/hashCode.&amp#27;[m&amp#27;[0m
&amp#27;[m&amp#27;[34m2021-06-10T18:24:27,661 [main] INFO   MCRUserManager: user saved: junit&amp#27;[m&amp#27;[0m
&amp#27;[m&amp#27;[34m2021-06-10T18:24:27,662 [main] INFO   MCRRoleManager: Assigning junit to these roles: []&amp#27;[m&amp#27;[0m
&amp#27;[m&amp#27;[34m2021-06-10T18:24:27,782 [main] INFO   LogHelper: HHH000204: Processing PersistenceUnitInfo [name: mir-module]&amp#27;[m&amp#27;[0m
&amp#27;[m&amp#27;[34m2021-06-10T18:24:27,795 [main] INFO   HikariDataSource: HikariPool-39 - Starting...&amp#27;[m&amp#27;[0m
&amp#27;[m&amp#27;[31m2021-06-10T18:24:27,795 [main] WARN   DriverDataSource: Registered driver with driverClassName=org.hsqldb.jdbcDriver was not found, trying direct instantiation.&amp#27;[m&amp#27;[0m
&amp#27;[m&amp#27;[34m2021-06-10T18:24:27,796 [main] INFO   PoolBase: HikariPool-39 - Driver does not support get/set network timeout for connections. (feature not supported)&amp#27;[m&amp#27;[0m
&amp#27;[m&amp#27;[34m2021-06-10T18:24:27,797 [main] INFO   HikariDataSource: HikariPool-39 - Start completed.&amp#27;[m&amp#27;[0m
&amp#27;[m&amp#27;[34m2021-06-10T18:24:27,797 [main] INFO   Dialect: HHH000400: Using dialect: org.hibernate.dialect.HSQLDialect&amp#27;[m&amp#27;[0m
&amp#27;[m&amp#27;[31m2021-06-10T18:24:27,822 [main] WARN   JavaTypeDescriptorRegistry: HHH000481: Encountered Java type [class java.lang.Object] for which we could not locate a JavaTypeDescriptor and which does not appear to implement equals and/or hashCode.  This can lead to significant performance problems when performing equality/dirty checking involving this Java type.  Consider registering a custom JavaTypeDescriptor or at least implementing equals/hashCode.&amp#27;[m&amp#27;[0m
&amp#27;[m]]></system-out>
  </testcase>
  <testcase name="testDeleteKeyPair" classname="org.mycore.mir.authorization.accesskeys.TestAccessKeys" time="0.521">
    <system-out><![CDATA[MyCoRe components detected: mcr:mycore-base, mcr:mycore-solr, mcr:mycore-user2, mcr:mycore-xeditor, mcr:mycore-classbrowser, mcr:mycore-mods, mcr:mycore-csl, mcr:mycore-ifs, mcr:mycore-pi, mcr:mycore-sword, mcr:mycore-wfc
Applications modules detected: app:mir-module
&amp#27;[34m2021-06-10T18:24:27,851 [main] INFO   MCRConfigurationInputStream: Current configuration directory: /tmp/junit11057615408979682655/mcrhome/mir-module&amp#27;[m&amp#27;[0m
&amp#27;[m&amp#27;[34m2021-06-10T18:24:27,937 [main] INFO   LogHelper: HHH000204: Processing PersistenceUnitInfo [name: mir-module]&amp#27;[m&amp#27;[0m
&amp#27;[m&amp#27;[34m2021-06-10T18:24:27,955 [main] INFO   HikariDataSource: HikariPool-40 - Starting...&amp#27;[m&amp#27;[0m
&amp#27;[m&amp#27;[31m2021-06-10T18:24:27,956 [main] WARN   DriverDataSource: Registered driver with driverClassName=org.hsqldb.jdbcDriver was not found, trying direct instantiation.&amp#27;[m&amp#27;[0m
&amp#27;[m&amp#27;[34m2021-06-10T18:24:27,958 [main] INFO   PoolBase: HikariPool-40 - Driver does not support get/set network timeout for connections. (feature not supported)&amp#27;[m&amp#27;[0m
&amp#27;[m&amp#27;[34m2021-06-10T18:24:27,964 [main] INFO   HikariDataSource: HikariPool-40 - Start completed.&amp#27;[m&amp#27;[0m
&amp#27;[m&amp#27;[34m2021-06-10T18:24:27,965 [main] INFO   Dialect: HHH000400: Using dialect: org.hibernate.dialect.HSQLDialect&amp#27;[m&amp#27;[0m
&amp#27;[m&amp#27;[31m2021-06-10T18:24:27,992 [main] WARN   JavaTypeDescriptorRegistry: HHH000481: Encountered Java type [class java.lang.Object] for which we could not locate a JavaTypeDescriptor and which does not appear to implement equals and/or hashCode.  This can lead to significant performance problems when performing equality/dirty checking involving this Java type.  Consider registering a custom JavaTypeDescriptor or at least implementing equals/hashCode.&amp#27;[m&amp#27;[0m
&amp#27;[m&amp#27;[31m2021-06-10T18:24:28,166 [main] WARN   MetadataContext: HHH015011: Unable to locate static metamodel field : org.mycore.datamodel.classifications2.MCRCategoryID_#id; this may or may not indicate a problem with the static metamodel&amp#27;[m&amp#27;[0m
&amp#27;[m&amp#27;[34m2021-06-10T18:24:28,170 [main] INFO   JtaPlatformInitiator: HHH000490: Using JtaPlatform implementation: [org.hibernate.engine.transaction.jta.platform.internal.NoJtaPlatform]&amp#27;[m&amp#27;[0m
&amp#27;[m&amp#27;[34m2021-06-10T18:24:28,221 [main] INFO   LogHelper: HHH000204: Processing PersistenceUnitInfo [name: mir-module]&amp#27;[m&amp#27;[0m
&amp#27;[m&amp#27;[34m2021-06-10T18:24:28,239 [main] INFO   HikariDataSource: HikariPool-41 - Starting...&amp#27;[m&amp#27;[0m
&amp#27;[m&amp#27;[31m2021-06-10T18:24:28,240 [main] WARN   DriverDataSource: Registered driver with driverClassName=org.hsqldb.jdbcDriver was not found, trying direct instantiation.&amp#27;[m&amp#27;[0m
&amp#27;[m&amp#27;[34m2021-06-10T18:24:28,240 [main] INFO   PoolBase: HikariPool-41 - Driver does not support get/set network timeout for connections. (feature not supported)&amp#27;[m&amp#27;[0m
&amp#27;[m&amp#27;[34m2021-06-10T18:24:28,242 [main] INFO   HikariDataSource: HikariPool-41 - Start completed.&amp#27;[m&amp#27;[0m
&amp#27;[m&amp#27;[34m2021-06-10T18:24:28,242 [main] INFO   Dialect: HHH000400: Using dialect: org.hibernate.dialect.HSQLDialect&amp#27;[m&amp#27;[0m
&amp#27;[m&amp#27;[31m2021-06-10T18:24:28,267 [main] WARN   JavaTypeDescriptorRegistry: HHH000481: Encountered Java type [class java.lang.Object] for which we could not locate a JavaTypeDescriptor and which does not appear to implement equals and/or hashCode.  This can lead to significant performance problems when performing equality/dirty checking involving this Java type.  Consider registering a custom JavaTypeDescriptor or at least implementing equals/hashCode.&amp#27;[m&amp#27;[0m
&amp#27;[m&amp#27;[34m2021-06-10T18:24:28,313 [main] INFO   LogHelper: HHH000204: Processing PersistenceUnitInfo [name: mir-module]&amp#27;[m&amp#27;[0m
&amp#27;[m&amp#27;[34m2021-06-10T18:24:28,325 [main] INFO   HikariDataSource: HikariPool-42 - Starting...&amp#27;[m&amp#27;[0m
&amp#27;[m&amp#27;[31m2021-06-10T18:24:28,326 [main] WARN   DriverDataSource: Registered driver with driverClassName=org.hsqldb.jdbcDriver was not found, trying direct instantiation.&amp#27;[m&amp#27;[0m
&amp#27;[m&amp#27;[34m2021-06-10T18:24:28,326 [main] INFO   PoolBase: HikariPool-42 - Driver does not support get/set network timeout for connections. (feature not supported)&amp#27;[m&amp#27;[0m
&amp#27;[m&amp#27;[34m2021-06-10T18:24:28,327 [main] INFO   HikariDataSource: HikariPool-42 - Start completed.&amp#27;[m&amp#27;[0m
&amp#27;[m&amp#27;[34m2021-06-10T18:24:28,327 [main] INFO   Dialect: HHH000400: Using dialect: org.hibernate.dialect.HSQLDialect&amp#27;[m&amp#27;[0m
&amp#27;[m&amp#27;[31m2021-06-10T18:24:28,346 [main] WARN   JavaTypeDescriptorRegistry: HHH000481: Encountered Java type [class java.lang.Object] for which we could not locate a JavaTypeDescriptor and which does not appear to implement equals and/or hashCode.  This can lead to significant performance problems when performing equality/dirty checking involving this Java type.  Consider registering a custom JavaTypeDescriptor or at least implementing equals/hashCode.&amp#27;[m&amp#27;[0m
&amp#27;[m]]></system-out>
  </testcase>
  <testcase name="testServFlagsTransform" classname="org.mycore.mir.authorization.accesskeys.TestAccessKeys" time="0.586">
    <system-out><![CDATA[MyCoRe components detected: mcr:mycore-base, mcr:mycore-solr, mcr:mycore-user2, mcr:mycore-xeditor, mcr:mycore-classbrowser, mcr:mycore-mods, mcr:mycore-csl, mcr:mycore-ifs, mcr:mycore-pi, mcr:mycore-sword, mcr:mycore-wfc
Applications modules detected: app:mir-module
&amp#27;[34m2021-06-10T18:24:28,379 [main] INFO   MCRConfigurationInputStream: Current configuration directory: /tmp/junit11057615408979682655/mcrhome/mir-module&amp#27;[m&amp#27;[0m
&amp#27;[m&amp#27;[34m2021-06-10T18:24:28,446 [main] INFO   LogHelper: HHH000204: Processing PersistenceUnitInfo [name: mir-module]&amp#27;[m&amp#27;[0m
&amp#27;[m&amp#27;[34m2021-06-10T18:24:28,476 [main] INFO   HikariDataSource: HikariPool-43 - Starting...&amp#27;[m&amp#27;[0m
&amp#27;[m&amp#27;[31m2021-06-10T18:24:28,479 [main] WARN   DriverDataSource: Registered driver with driverClassName=org.hsqldb.jdbcDriver was not found, trying direct instantiation.&amp#27;[m&amp#27;[0m
&amp#27;[m&amp#27;[34m2021-06-10T18:24:28,480 [main] INFO   PoolBase: HikariPool-43 - Driver does not support get/set network timeout for connections. (feature not supported)&amp#27;[m&amp#27;[0m
&amp#27;[m&amp#27;[34m2021-06-10T18:24:28,483 [main] INFO   HikariDataSource: HikariPool-43 - Start completed.&amp#27;[m&amp#27;[0m
&amp#27;[m&amp#27;[34m2021-06-10T18:24:28,484 [main] INFO   Dialect: HHH000400: Using dialect: org.hibernate.dialect.HSQLDialect&amp#27;[m&amp#27;[0m
&amp#27;[m&amp#27;[31m2021-06-10T18:24:28,521 [main] WARN   JavaTypeDescriptorRegistry: HHH000481: Encountered Java type [class java.lang.Object] for which we could not locate a JavaTypeDescriptor and which does not appear to implement equals and/or hashCode.  This can lead to significant performance problems when performing equality/dirty checking involving this Java type.  Consider registering a custom JavaTypeDescriptor or at least implementing equals/hashCode.&amp#27;[m&amp#27;[0m
&amp#27;[m&amp#27;[31m2021-06-10T18:24:28,726 [main] WARN   MetadataContext: HHH015011: Unable to locate static metamodel field : org.mycore.datamodel.classifications2.MCRCategoryID_#id; this may or may not indicate a problem with the static metamodel&amp#27;[m&amp#27;[0m
&amp#27;[m&amp#27;[34m2021-06-10T18:24:28,732 [main] INFO   JtaPlatformInitiator: HHH000490: Using JtaPlatform implementation: [org.hibernate.engine.transaction.jta.platform.internal.NoJtaPlatform]&amp#27;[m&amp#27;[0m
&amp#27;[m&amp#27;[34m2021-06-10T18:24:28,803 [main] INFO   LogHelper: HHH000204: Processing PersistenceUnitInfo [name: mir-module]&amp#27;[m&amp#27;[0m
&amp#27;[m&amp#27;[34m2021-06-10T18:24:28,818 [main] INFO   HikariDataSource: HikariPool-44 - Starting...&amp#27;[m&amp#27;[0m
&amp#27;[m&amp#27;[31m2021-06-10T18:24:28,818 [main] WARN   DriverDataSource: Registered driver with driverClassName=org.hsqldb.jdbcDriver was not found, trying direct instantiation.&amp#27;[m&amp#27;[0m
&amp#27;[m&amp#27;[34m2021-06-10T18:24:28,820 [main] INFO   PoolBase: HikariPool-44 - Driver does not support get/set network timeout for connections. (feature not supported)&amp#27;[m&amp#27;[0m
&amp#27;[m&amp#27;[34m2021-06-10T18:24:28,820 [main] INFO   HikariDataSource: HikariPool-44 - Start completed.&amp#27;[m&amp#27;[0m
&amp#27;[m&amp#27;[34m2021-06-10T18:24:28,821 [main] INFO   Dialect: HHH000400: Using dialect: org.hibernate.dialect.HSQLDialect&amp#27;[m&amp#27;[0m
&amp#27;[m&amp#27;[31m2021-06-10T18:24:28,854 [main] WARN   JavaTypeDescriptorRegistry: HHH000481: Encountered Java type [class java.lang.Object] for which we could not locate a JavaTypeDescriptor and which does not appear to implement equals and/or hashCode.  This can lead to significant performance problems when performing equality/dirty checking involving this Java type.  Consider registering a custom JavaTypeDescriptor or at least implementing equals/hashCode.&amp#27;[m&amp#27;[0m
&amp#27;[m<?xml version="1.0" encoding="UTF-8"?>
<servflags class="MCRMetaLangText">
  <servflag type="readkey" inherited="0" form="plain">blah</servflag>
  <servflag type="writekey" inherited="0" form="plain">blub</servflag>
</servflags>
&amp#27;[34m2021-06-10T18:24:28,894 [main] INFO   LogHelper: HHH000204: Processing PersistenceUnitInfo [name: mir-module]&amp#27;[m&amp#27;[0m
&amp#27;[m&amp#27;[34m2021-06-10T18:24:28,906 [main] INFO   HikariDataSource: HikariPool-45 - Starting...&amp#27;[m&amp#27;[0m
&amp#27;[m&amp#27;[31m2021-06-10T18:24:28,906 [main] WARN   DriverDataSource: Registered driver with driverClassName=org.hsqldb.jdbcDriver was not found, trying direct instantiation.&amp#27;[m&amp#27;[0m
&amp#27;[m&amp#27;[34m2021-06-10T18:24:28,907 [main] INFO   PoolBase: HikariPool-45 - Driver does not support get/set network timeout for connections. (feature not supported)&amp#27;[m&amp#27;[0m
&amp#27;[m&amp#27;[34m2021-06-10T18:24:28,909 [main] INFO   HikariDataSource: HikariPool-45 - Start completed.&amp#27;[m&amp#27;[0m
&amp#27;[m&amp#27;[34m2021-06-10T18:24:28,910 [main] INFO   Dialect: HHH000400: Using dialect: org.hibernate.dialect.HSQLDialect&amp#27;[m&amp#27;[0m
&amp#27;[m&amp#27;[31m2021-06-10T18:24:28,936 [main] WARN   JavaTypeDescriptorRegistry: HHH000481: Encountered Java type [class java.lang.Object] for which we could not locate a JavaTypeDescriptor and which does not appear to implement equals and/or hashCode.  This can lead to significant performance problems when performing equality/dirty checking involving this Java type.  Consider registering a custom JavaTypeDescriptor or at least implementing equals/hashCode.&amp#27;[m&amp#27;[0m
&amp#27;[m]]></system-out>
  </testcase>
  <testcase name="testKeyPairTransform" classname="org.mycore.mir.authorization.accesskeys.TestAccessKeys" time="0.494">
    <system-out><![CDATA[MyCoRe components detected: mcr:mycore-base, mcr:mycore-solr, mcr:mycore-user2, mcr:mycore-xeditor, mcr:mycore-classbrowser, mcr:mycore-mods, mcr:mycore-csl, mcr:mycore-ifs, mcr:mycore-pi, mcr:mycore-sword, mcr:mycore-wfc
Applications modules detected: app:mir-module
&amp#27;[34m2021-06-10T18:24:28,951 [main] INFO   MCRConfigurationInputStream: Current configuration directory: /tmp/junit11057615408979682655/mcrhome/mir-module&amp#27;[m&amp#27;[0m
&amp#27;[m&amp#27;[34m2021-06-10T18:24:28,983 [main] INFO   LogHelper: HHH000204: Processing PersistenceUnitInfo [name: mir-module]&amp#27;[m&amp#27;[0m
&amp#27;[m&amp#27;[34m2021-06-10T18:24:29,015 [main] INFO   HikariDataSource: HikariPool-46 - Starting...&amp#27;[m&amp#27;[0m
&amp#27;[m&amp#27;[31m2021-06-10T18:24:29,016 [main] WARN   DriverDataSource: Registered driver with driverClassName=org.hsqldb.jdbcDriver was not found, trying direct instantiation.&amp#27;[m&amp#27;[0m
&amp#27;[m&amp#27;[34m2021-06-10T18:24:29,017 [main] INFO   PoolBase: HikariPool-46 - Driver does not support get/set network timeout for connections. (feature not supported)&amp#27;[m&amp#27;[0m
&amp#27;[m&amp#27;[34m2021-06-10T18:24:29,048 [main] INFO   HikariDataSource: HikariPool-46 - Start completed.&amp#27;[m&amp#27;[0m
&amp#27;[m&amp#27;[34m2021-06-10T18:24:29,049 [main] INFO   Dialect: HHH000400: Using dialect: org.hibernate.dialect.HSQLDialect&amp#27;[m&amp#27;[0m
&amp#27;[m&amp#27;[31m2021-06-10T18:24:29,081 [main] WARN   JavaTypeDescriptorRegistry: HHH000481: Encountered Java type [class java.lang.Object] for which we could not locate a JavaTypeDescriptor and which does not appear to implement equals and/or hashCode.  This can lead to significant performance problems when performing equality/dirty checking involving this Java type.  Consider registering a custom JavaTypeDescriptor or at least implementing equals/hashCode.&amp#27;[m&amp#27;[0m
&amp#27;[m&amp#27;[31m2021-06-10T18:24:29,247 [main] WARN   MetadataContext: HHH015011: Unable to locate static metamodel field : org.mycore.datamodel.classifications2.MCRCategoryID_#id; this may or may not indicate a problem with the static metamodel&amp#27;[m&amp#27;[0m
&amp#27;[m&amp#27;[34m2021-06-10T18:24:29,254 [main] INFO   JtaPlatformInitiator: HHH000490: Using JtaPlatform implementation: [org.hibernate.engine.transaction.jta.platform.internal.NoJtaPlatform]&amp#27;[m&amp#27;[0m
&amp#27;[m&amp#27;[34m2021-06-10T18:24:29,305 [main] INFO   LogHelper: HHH000204: Processing PersistenceUnitInfo [name: mir-module]&amp#27;[m&amp#27;[0m
&amp#27;[m&amp#27;[34m2021-06-10T18:24:29,317 [main] INFO   HikariDataSource: HikariPool-47 - Starting...&amp#27;[m&amp#27;[0m
&amp#27;[m&amp#27;[31m2021-06-10T18:24:29,317 [main] WARN   DriverDataSource: Registered driver with driverClassName=org.hsqldb.jdbcDriver was not found, trying direct instantiation.&amp#27;[m&amp#27;[0m
&amp#27;[m&amp#27;[34m2021-06-10T18:24:29,318 [main] INFO   PoolBase: HikariPool-47 - Driver does not support get/set network timeout for connections. (feature not supported)&amp#27;[m&amp#27;[0m
&amp#27;[m&amp#27;[34m2021-06-10T18:24:29,318 [main] INFO   HikariDataSource: HikariPool-47 - Start completed.&amp#27;[m&amp#27;[0m
&amp#27;[m&amp#27;[34m2021-06-10T18:24:29,318 [main] INFO   Dialect: HHH000400: Using dialect: org.hibernate.dialect.HSQLDialect&amp#27;[m&amp#27;[0m
&amp#27;[m&amp#27;[31m2021-06-10T18:24:29,338 [main] WARN   JavaTypeDescriptorRegistry: HHH000481: Encountered Java type [class java.lang.Object] for which we could not locate a JavaTypeDescriptor and which does not appear to implement equals and/or hashCode.  This can lead to significant performance problems when performing equality/dirty checking involving this Java type.  Consider registering a custom JavaTypeDescriptor or at least implementing equals/hashCode.&amp#27;[m&amp#27;[0m
&amp#27;[m<?xml version="1.0" encoding="UTF-8"?>
<accesskeys objId="mir_test_00000001" readkey="blah" writekey="blub" />
&amp#27;[34m2021-06-10T18:24:29,372 [main] INFO   LogHelper: HHH000204: Processing PersistenceUnitInfo [name: mir-module]&amp#27;[m&amp#27;[0m
&amp#27;[m&amp#27;[34m2021-06-10T18:24:29,390 [main] INFO   HikariDataSource: HikariPool-48 - Starting...&amp#27;[m&amp#27;[0m
&amp#27;[m&amp#27;[31m2021-06-10T18:24:29,390 [main] WARN   DriverDataSource: Registered driver with driverClassName=org.hsqldb.jdbcDriver was not found, trying direct instantiation.&amp#27;[m&amp#27;[0m
&amp#27;[m&amp#27;[34m2021-06-10T18:24:29,391 [main] INFO   PoolBase: HikariPool-48 - Driver does not support get/set network timeout for connections. (feature not supported)&amp#27;[m&amp#27;[0m
&amp#27;[m&amp#27;[34m2021-06-10T18:24:29,394 [main] INFO   HikariDataSource: HikariPool-48 - Start completed.&amp#27;[m&amp#27;[0m
&amp#27;[m&amp#27;[34m2021-06-10T18:24:29,394 [main] INFO   Dialect: HHH000400: Using dialect: org.hibernate.dialect.HSQLDialect&amp#27;[m&amp#27;[0m
&amp#27;[m&amp#27;[31m2021-06-10T18:24:29,423 [main] WARN   JavaTypeDescriptorRegistry: HHH000481: Encountered Java type [class java.lang.Object] for which we could not locate a JavaTypeDescriptor and which does not appear to implement equals and/or hashCode.  This can lead to significant performance problems when performing equality/dirty checking involving this Java type.  Consider registering a custom JavaTypeDescriptor or at least implementing equals/hashCode.&amp#27;[m&amp#27;[0m
&amp#27;[m]]></system-out>
  </testcase>
  <testcase name="testAccessKeysTransform" classname="org.mycore.mir.authorization.accesskeys.TestAccessKeys" time="0.443">
    <system-out><![CDATA[MyCoRe components detected: mcr:mycore-base, mcr:mycore-solr, mcr:mycore-user2, mcr:mycore-xeditor, mcr:mycore-classbrowser, mcr:mycore-mods, mcr:mycore-csl, mcr:mycore-ifs, mcr:mycore-pi, mcr:mycore-sword, mcr:mycore-wfc
Applications modules detected: app:mir-module
&amp#27;[34m2021-06-10T18:24:29,460 [main] INFO   MCRConfigurationInputStream: Current configuration directory: /tmp/junit11057615408979682655/mcrhome/mir-module&amp#27;[m&amp#27;[0m
&amp#27;[m&amp#27;[34m2021-06-10T18:24:29,486 [main] INFO   LogHelper: HHH000204: Processing PersistenceUnitInfo [name: mir-module]&amp#27;[m&amp#27;[0m
&amp#27;[m&amp#27;[34m2021-06-10T18:24:29,507 [main] INFO   HikariDataSource: HikariPool-49 - Starting...&amp#27;[m&amp#27;[0m
&amp#27;[m&amp#27;[31m2021-06-10T18:24:29,507 [main] WARN   DriverDataSource: Registered driver with driverClassName=org.hsqldb.jdbcDriver was not found, trying direct instantiation.&amp#27;[m&amp#27;[0m
&amp#27;[m&amp#27;[34m2021-06-10T18:24:29,508 [main] INFO   PoolBase: HikariPool-49 - Driver does not support get/set network timeout for connections. (feature not supported)&amp#27;[m&amp#27;[0m
&amp#27;[m&amp#27;[34m2021-06-10T18:24:29,509 [main] INFO   HikariDataSource: HikariPool-49 - Start completed.&amp#27;[m&amp#27;[0m
&amp#27;[m&amp#27;[34m2021-06-10T18:24:29,509 [main] INFO   Dialect: HHH000400: Using dialect: org.hibernate.dialect.HSQLDialect&amp#27;[m&amp#27;[0m
&amp#27;[m&amp#27;[31m2021-06-10T18:24:29,541 [main] WARN   JavaTypeDescriptorRegistry: HHH000481: Encountered Java type [class java.lang.Object] for which we could not locate a JavaTypeDescriptor and which does not appear to implement equals and/or hashCode.  This can lead to significant performance problems when performing equality/dirty checking involving this Java type.  Consider registering a custom JavaTypeDescriptor or at least implementing equals/hashCode.&amp#27;[m&amp#27;[0m
&amp#27;[m&amp#27;[31m2021-06-10T18:24:29,717 [main] WARN   MetadataContext: HHH015011: Unable to locate static metamodel field : org.mycore.datamodel.classifications2.MCRCategoryID_#id; this may or may not indicate a problem with the static metamodel&amp#27;[m&amp#27;[0m
&amp#27;[m&amp#27;[34m2021-06-10T18:24:29,721 [main] INFO   JtaPlatformInitiator: HHH000490: Using JtaPlatform implementation: [org.hibernate.engine.transaction.jta.platform.internal.NoJtaPlatform]&amp#27;[m&amp#27;[0m
&amp#27;[m&amp#27;[34m2021-06-10T18:24:29,775 [main] INFO   LogHelper: HHH000204: Processing PersistenceUnitInfo [name: mir-module]&amp#27;[m&amp#27;[0m
&amp#27;[m&amp#27;[34m2021-06-10T18:24:29,787 [main] INFO   HikariDataSource: HikariPool-50 - Starting...&amp#27;[m&amp#27;[0m
&amp#27;[m&amp#27;[31m2021-06-10T18:24:29,788 [main] WARN   DriverDataSource: Registered driver with driverClassName=org.hsqldb.jdbcDriver was not found, trying direct instantiation.&amp#27;[m&amp#27;[0m
&amp#27;[m&amp#27;[34m2021-06-10T18:24:29,788 [main] INFO   PoolBase: HikariPool-50 - Driver does not support get/set network timeout for connections. (feature not supported)&amp#27;[m&amp#27;[0m
&amp#27;[m&amp#27;[34m2021-06-10T18:24:29,789 [main] INFO   HikariDataSource: HikariPool-50 - Start completed.&amp#27;[m&amp#27;[0m
&amp#27;[m&amp#27;[34m2021-06-10T18:24:29,789 [main] INFO   Dialect: HHH000400: Using dialect: org.hibernate.dialect.HSQLDialect&amp#27;[m&amp#27;[0m
&amp#27;[m&amp#27;[31m2021-06-10T18:24:29,811 [main] WARN   JavaTypeDescriptorRegistry: HHH000481: Encountered Java type [class java.lang.Object] for which we could not locate a JavaTypeDescriptor and which does not appear to implement equals and/or hashCode.  This can lead to significant performance problems when performing equality/dirty checking involving this Java type.  Consider registering a custom JavaTypeDescriptor or at least implementing equals/hashCode.&amp#27;[m&amp#27;[0m
&amp#27;[m<?xml version="1.0" encoding="UTF-8"?>
<accesskeys objId="mir_test_00000001" readkey="blah" writekey="blub" />
&amp#27;[34m2021-06-10T18:24:29,840 [main] INFO   LogHelper: HHH000204: Processing PersistenceUnitInfo [name: mir-module]&amp#27;[m&amp#27;[0m
&amp#27;[m&amp#27;[34m2021-06-10T18:24:29,853 [main] INFO   HikariDataSource: HikariPool-51 - Starting...&amp#27;[m&amp#27;[0m
&amp#27;[m&amp#27;[31m2021-06-10T18:24:29,853 [main] WARN   DriverDataSource: Registered driver with driverClassName=org.hsqldb.jdbcDriver was not found, trying direct instantiation.&amp#27;[m&amp#27;[0m
&amp#27;[m&amp#27;[34m2021-06-10T18:24:29,854 [main] INFO   PoolBase: HikariPool-51 - Driver does not support get/set network timeout for connections. (feature not supported)&amp#27;[m&amp#27;[0m
&amp#27;[m&amp#27;[34m2021-06-10T18:24:29,854 [main] INFO   HikariDataSource: HikariPool-51 - Start completed.&amp#27;[m&amp#27;[0m
&amp#27;[m&amp#27;[34m2021-06-10T18:24:29,855 [main] INFO   Dialect: HHH000400: Using dialect: org.hibernate.dialect.HSQLDialect&amp#27;[m&amp#27;[0m
&amp#27;[m&amp#27;[31m2021-06-10T18:24:29,876 [main] WARN   JavaTypeDescriptorRegistry: HHH000481: Encountered Java type [class java.lang.Object] for which we could not locate a JavaTypeDescriptor and which does not appear to implement equals and/or hashCode.  This can lead to significant performance problems when performing equality/dirty checking involving this Java type.  Consider registering a custom JavaTypeDescriptor or at least implementing equals/hashCode.&amp#27;[m&amp#27;[0m
&amp#27;[m]]></system-out>
  </testcase>
  <testcase name="testKeyPairWithoutWriteKey" classname="org.mycore.mir.authorization.accesskeys.TestAccessKeys" time="0.563">
    <system-out><![CDATA[MyCoRe components detected: mcr:mycore-base, mcr:mycore-solr, mcr:mycore-user2, mcr:mycore-xeditor, mcr:mycore-classbrowser, mcr:mycore-mods, mcr:mycore-csl, mcr:mycore-ifs, mcr:mycore-pi, mcr:mycore-sword, mcr:mycore-wfc
Applications modules detected: app:mir-module
&amp#27;[34m2021-06-10T18:24:29,911 [main] INFO   MCRConfigurationInputStream: Current configuration directory: /tmp/junit11057615408979682655/mcrhome/mir-module&amp#27;[m&amp#27;[0m
&amp#27;[m&amp#27;[34m2021-06-10T18:24:29,994 [main] INFO   LogHelper: HHH000204: Processing PersistenceUnitInfo [name: mir-module]&amp#27;[m&amp#27;[0m
&amp#27;[m&amp#27;[34m2021-06-10T18:24:30,062 [main] INFO   HikariDataSource: HikariPool-52 - Starting...&amp#27;[m&amp#27;[0m
&amp#27;[m&amp#27;[31m2021-06-10T18:24:30,062 [main] WARN   DriverDataSource: Registered driver with driverClassName=org.hsqldb.jdbcDriver was not found, trying direct instantiation.&amp#27;[m&amp#27;[0m
&amp#27;[m&amp#27;[34m2021-06-10T18:24:30,063 [main] INFO   PoolBase: HikariPool-52 - Driver does not support get/set network timeout for connections. (feature not supported)&amp#27;[m&amp#27;[0m
&amp#27;[m&amp#27;[34m2021-06-10T18:24:30,064 [main] INFO   HikariDataSource: HikariPool-52 - Start completed.&amp#27;[m&amp#27;[0m
&amp#27;[m&amp#27;[34m2021-06-10T18:24:30,065 [main] INFO   Dialect: HHH000400: Using dialect: org.hibernate.dialect.HSQLDialect&amp#27;[m&amp#27;[0m
&amp#27;[m&amp#27;[31m2021-06-10T18:24:30,110 [main] WARN   JavaTypeDescriptorRegistry: HHH000481: Encountered Java type [class java.lang.Object] for which we could not locate a JavaTypeDescriptor and which does not appear to implement equals and/or hashCode.  This can lead to significant performance problems when performing equality/dirty checking involving this Java type.  Consider registering a custom JavaTypeDescriptor or at least implementing equals/hashCode.&amp#27;[m&amp#27;[0m
&amp#27;[m&amp#27;[31m2021-06-10T18:24:30,243 [main] WARN   MetadataContext: HHH015011: Unable to locate static metamodel field : org.mycore.datamodel.classifications2.MCRCategoryID_#id; this may or may not indicate a problem with the static metamodel&amp#27;[m&amp#27;[0m
&amp#27;[m&amp#27;[34m2021-06-10T18:24:30,247 [main] INFO   JtaPlatformInitiator: HHH000490: Using JtaPlatform implementation: [org.hibernate.engine.transaction.jta.platform.internal.NoJtaPlatform]&amp#27;[m&amp#27;[0m
&amp#27;[m&amp#27;[34m2021-06-10T18:24:30,310 [main] INFO   LogHelper: HHH000204: Processing PersistenceUnitInfo [name: mir-module]&amp#27;[m&amp#27;[0m
&amp#27;[m&amp#27;[34m2021-06-10T18:24:30,322 [main] INFO   HikariDataSource: HikariPool-53 - Starting...&amp#27;[m&amp#27;[0m
&amp#27;[m&amp#27;[31m2021-06-10T18:24:30,323 [main] WARN   DriverDataSource: Registered driver with driverClassName=org.hsqldb.jdbcDriver was not found, trying direct instantiation.&amp#27;[m&amp#27;[0m
&amp#27;[m&amp#27;[34m2021-06-10T18:24:30,323 [main] INFO   PoolBase: HikariPool-53 - Driver does not support get/set network timeout for connections. (feature not supported)&amp#27;[m&amp#27;[0m
&amp#27;[m&amp#27;[34m2021-06-10T18:24:30,324 [main] INFO   HikariDataSource: HikariPool-53 - Start completed.&amp#27;[m&amp#27;[0m
&amp#27;[m&amp#27;[34m2021-06-10T18:24:30,325 [main] INFO   Dialect: HHH000400: Using dialect: org.hibernate.dialect.HSQLDialect&amp#27;[m&amp#27;[0m
&amp#27;[m&amp#27;[31m2021-06-10T18:24:30,344 [main] WARN   JavaTypeDescriptorRegistry: HHH000481: Encountered Java type [class java.lang.Object] for which we could not locate a JavaTypeDescriptor and which does not appear to implement equals and/or hashCode.  This can lead to significant performance problems when performing equality/dirty checking involving this Java type.  Consider registering a custom JavaTypeDescriptor or at least implementing equals/hashCode.&amp#27;[m&amp#27;[0m
&amp#27;[m&amp#27;[34m2021-06-10T18:24:30,378 [main] INFO   LogHelper: HHH000204: Processing PersistenceUnitInfo [name: mir-module]&amp#27;[m&amp#27;[0m
&amp#27;[m&amp#27;[34m2021-06-10T18:24:30,398 [main] INFO   HikariDataSource: HikariPool-54 - Starting...&amp#27;[m&amp#27;[0m
&amp#27;[m&amp#27;[31m2021-06-10T18:24:30,398 [main] WARN   DriverDataSource: Registered driver with driverClassName=org.hsqldb.jdbcDriver was not found, trying direct instantiation.&amp#27;[m&amp#27;[0m
&amp#27;[m&amp#27;[34m2021-06-10T18:24:30,398 [main] INFO   PoolBase: HikariPool-54 - Driver does not support get/set network timeout for connections. (feature not supported)&amp#27;[m&amp#27;[0m
&amp#27;[m&amp#27;[34m2021-06-10T18:24:30,399 [main] INFO   HikariDataSource: HikariPool-54 - Start completed.&amp#27;[m&amp#27;[0m
&amp#27;[m&amp#27;[34m2021-06-10T18:24:30,399 [main] INFO   Dialect: HHH000400: Using dialect: org.hibernate.dialect.HSQLDialect&amp#27;[m&amp#27;[0m
&amp#27;[m&amp#27;[31m2021-06-10T18:24:30,441 [main] WARN   JavaTypeDescriptorRegistry: HHH000481: Encountered Java type [class java.lang.Object] for which we could not locate a JavaTypeDescriptor and which does not appear to implement equals and/or hashCode.  This can lead to significant performance problems when performing equality/dirty checking involving this Java type.  Consider registering a custom JavaTypeDescriptor or at least implementing equals/hashCode.&amp#27;[m&amp#27;[0m
&amp#27;[m]]></system-out>
  </testcase>
  <testcase name="testKeyPairWithoutReadKey" classname="org.mycore.mir.authorization.accesskeys.TestAccessKeys" time="0.561">
    <system-out><![CDATA[MyCoRe components detected: mcr:mycore-base, mcr:mycore-solr, mcr:mycore-user2, mcr:mycore-xeditor, mcr:mycore-classbrowser, mcr:mycore-mods, mcr:mycore-csl, mcr:mycore-ifs, mcr:mycore-pi, mcr:mycore-sword, mcr:mycore-wfc
Applications modules detected: app:mir-module
&amp#27;[34m2021-06-10T18:24:30,475 [main] INFO   MCRConfigurationInputStream: Current configuration directory: /tmp/junit11057615408979682655/mcrhome/mir-module&amp#27;[m&amp#27;[0m
&amp#27;[m&amp#27;[34m2021-06-10T18:24:30,538 [main] INFO   LogHelper: HHH000204: Processing PersistenceUnitInfo [name: mir-module]&amp#27;[m&amp#27;[0m
&amp#27;[m&amp#27;[34m2021-06-10T18:24:30,592 [main] INFO   HikariDataSource: HikariPool-55 - Starting...&amp#27;[m&amp#27;[0m
&amp#27;[m&amp#27;[31m2021-06-10T18:24:30,592 [main] WARN   DriverDataSource: Registered driver with driverClassName=org.hsqldb.jdbcDriver was not found, trying direct instantiation.&amp#27;[m&amp#27;[0m
&amp#27;[m&amp#27;[34m2021-06-10T18:24:30,593 [main] INFO   PoolBase: HikariPool-55 - Driver does not support get/set network timeout for connections. (feature not supported)&amp#27;[m&amp#27;[0m
&amp#27;[m&amp#27;[34m2021-06-10T18:24:30,600 [main] INFO   HikariDataSource: HikariPool-55 - Start completed.&amp#27;[m&amp#27;[0m
&amp#27;[m&amp#27;[34m2021-06-10T18:24:30,601 [main] INFO   Dialect: HHH000400: Using dialect: org.hibernate.dialect.HSQLDialect&amp#27;[m&amp#27;[0m
&amp#27;[m&amp#27;[31m2021-06-10T18:24:30,633 [main] WARN   JavaTypeDescriptorRegistry: HHH000481: Encountered Java type [class java.lang.Object] for which we could not locate a JavaTypeDescriptor and which does not appear to implement equals and/or hashCode.  This can lead to significant performance problems when performing equality/dirty checking involving this Java type.  Consider registering a custom JavaTypeDescriptor or at least implementing equals/hashCode.&amp#27;[m&amp#27;[0m
&amp#27;[m&amp#27;[31m2021-06-10T18:24:30,839 [main] WARN   MetadataContext: HHH015011: Unable to locate static metamodel field : org.mycore.datamodel.classifications2.MCRCategoryID_#id; this may or may not indicate a problem with the static metamodel&amp#27;[m&amp#27;[0m
&amp#27;[m&amp#27;[34m2021-06-10T18:24:30,845 [main] INFO   JtaPlatformInitiator: HHH000490: Using JtaPlatform implementation: [org.hibernate.engine.transaction.jta.platform.internal.NoJtaPlatform]&amp#27;[m&amp#27;[0m
&amp#27;[m&amp#27;[34m2021-06-10T18:24:30,907 [main] INFO   LogHelper: HHH000204: Processing PersistenceUnitInfo [name: mir-module]&amp#27;[m&amp#27;[0m
&amp#27;[m&amp#27;[34m2021-06-10T18:24:30,920 [main] INFO   HikariDataSource: HikariPool-56 - Starting...&amp#27;[m&amp#27;[0m
&amp#27;[m&amp#27;[31m2021-06-10T18:24:30,921 [main] WARN   DriverDataSource: Registered driver with driverClassName=org.hsqldb.jdbcDriver was not found, trying direct instantiation.&amp#27;[m&amp#27;[0m
&amp#27;[m&amp#27;[34m2021-06-10T18:24:30,922 [main] INFO   PoolBase: HikariPool-56 - Driver does not support get/set network timeout for connections. (feature not supported)&amp#27;[m&amp#27;[0m
&amp#27;[m&amp#27;[34m2021-06-10T18:24:30,922 [main] INFO   HikariDataSource: HikariPool-56 - Start completed.&amp#27;[m&amp#27;[0m
&amp#27;[m&amp#27;[34m2021-06-10T18:24:30,923 [main] INFO   Dialect: HHH000400: Using dialect: org.hibernate.dialect.HSQLDialect&amp#27;[m&amp#27;[0m
&amp#27;[m&amp#27;[31m2021-06-10T18:24:30,943 [main] WARN   JavaTypeDescriptorRegistry: HHH000481: Encountered Java type [class java.lang.Object] for which we could not locate a JavaTypeDescriptor and which does not appear to implement equals and/or hashCode.  This can lead to significant performance problems when performing equality/dirty checking involving this Java type.  Consider registering a custom JavaTypeDescriptor or at least implementing equals/hashCode.&amp#27;[m&amp#27;[0m
&amp#27;[m&amp#27;[34m2021-06-10T18:24:30,971 [main] INFO   LogHelper: HHH000204: Processing PersistenceUnitInfo [name: mir-module]&amp#27;[m&amp#27;[0m
&amp#27;[m&amp#27;[34m2021-06-10T18:24:30,984 [main] INFO   HikariDataSource: HikariPool-57 - Starting...&amp#27;[m&amp#27;[0m
&amp#27;[m&amp#27;[31m2021-06-10T18:24:30,984 [main] WARN   DriverDataSource: Registered driver with driverClassName=org.hsqldb.jdbcDriver was not found, trying direct instantiation.&amp#27;[m&amp#27;[0m
&amp#27;[m&amp#27;[34m2021-06-10T18:24:30,985 [main] INFO   PoolBase: HikariPool-57 - Driver does not support get/set network timeout for connections. (feature not supported)&amp#27;[m&amp#27;[0m
&amp#27;[m&amp#27;[34m2021-06-10T18:24:30,985 [main] INFO   HikariDataSource: HikariPool-57 - Start completed.&amp#27;[m&amp#27;[0m
&amp#27;[m&amp#27;[34m2021-06-10T18:24:30,986 [main] INFO   Dialect: HHH000400: Using dialect: org.hibernate.dialect.HSQLDialect&amp#27;[m&amp#27;[0m
&amp#27;[m&amp#27;[31m2021-06-10T18:24:31,006 [main] WARN   JavaTypeDescriptorRegistry: HHH000481: Encountered Java type [class java.lang.Object] for which we could not locate a JavaTypeDescriptor and which does not appear to implement equals and/or hashCode.  This can lead to significant performance problems when performing equality/dirty checking involving this Java type.  Consider registering a custom JavaTypeDescriptor or at least implementing equals/hashCode.&amp#27;[m&amp#27;[0m
&amp#27;[m]]></system-out>
  </testcase>
  <testcase name="testCreateSameKeyPair" classname="org.mycore.mir.authorization.accesskeys.TestAccessKeys" time="0.4">
    <system-out><![CDATA[MyCoRe components detected: mcr:mycore-base, mcr:mycore-solr, mcr:mycore-user2, mcr:mycore-xeditor, mcr:mycore-classbrowser, mcr:mycore-mods, mcr:mycore-csl, mcr:mycore-ifs, mcr:mycore-pi, mcr:mycore-sword, mcr:mycore-wfc
Applications modules detected: app:mir-module
&amp#27;[34m2021-06-10T18:24:31,039 [main] INFO   MCRConfigurationInputStream: Current configuration directory: /tmp/junit11057615408979682655/mcrhome/mir-module&amp#27;[m&amp#27;[0m
&amp#27;[m&amp#27;[34m2021-06-10T18:24:31,129 [main] INFO   LogHelper: HHH000204: Processing PersistenceUnitInfo [name: mir-module]&amp#27;[m&amp#27;[0m
&amp#27;[m&amp#27;[34m2021-06-10T18:24:31,141 [main] INFO   HikariDataSource: HikariPool-58 - Starting...&amp#27;[m&amp#27;[0m
&amp#27;[m&amp#27;[31m2021-06-10T18:24:31,141 [main] WARN   DriverDataSource: Registered driver with driverClassName=org.hsqldb.jdbcDriver was not found, trying direct instantiation.&amp#27;[m&amp#27;[0m
&amp#27;[m&amp#27;[34m2021-06-10T18:24:31,142 [main] INFO   PoolBase: HikariPool-58 - Driver does not support get/set network timeout for connections. (feature not supported)&amp#27;[m&amp#27;[0m
&amp#27;[m&amp#27;[34m2021-06-10T18:24:31,143 [main] INFO   HikariDataSource: HikariPool-58 - Start completed.&amp#27;[m&amp#27;[0m
&amp#27;[m&amp#27;[34m2021-06-10T18:24:31,143 [main] INFO   Dialect: HHH000400: Using dialect: org.hibernate.dialect.HSQLDialect&amp#27;[m&amp#27;[0m
&amp#27;[m&amp#27;[31m2021-06-10T18:24:31,162 [main] WARN   JavaTypeDescriptorRegistry: HHH000481: Encountered Java type [class java.lang.Object] for which we could not locate a JavaTypeDescriptor and which does not appear to implement equals and/or hashCode.  This can lead to significant performance problems when performing equality/dirty checking involving this Java type.  Consider registering a custom JavaTypeDescriptor or at least implementing equals/hashCode.&amp#27;[m&amp#27;[0m
&amp#27;[m&amp#27;[31m2021-06-10T18:24:31,273 [main] WARN   MetadataContext: HHH015011: Unable to locate static metamodel field : org.mycore.datamodel.classifications2.MCRCategoryID_#id; this may or may not indicate a problem with the static metamodel&amp#27;[m&amp#27;[0m
&amp#27;[m&amp#27;[34m2021-06-10T18:24:31,278 [main] INFO   JtaPlatformInitiator: HHH000490: Using JtaPlatform implementation: [org.hibernate.engine.transaction.jta.platform.internal.NoJtaPlatform]&amp#27;[m&amp#27;[0m
&amp#27;[m&amp#27;[34m2021-06-10T18:24:31,324 [main] INFO   LogHelper: HHH000204: Processing PersistenceUnitInfo [name: mir-module]&amp#27;[m&amp#27;[0m
&amp#27;[m&amp#27;[34m2021-06-10T18:24:31,336 [main] INFO   HikariDataSource: HikariPool-59 - Starting...&amp#27;[m&amp#27;[0m
&amp#27;[m&amp#27;[31m2021-06-10T18:24:31,337 [main] WARN   DriverDataSource: Registered driver with driverClassName=org.hsqldb.jdbcDriver was not found, trying direct instantiation.&amp#27;[m&amp#27;[0m
&amp#27;[m&amp#27;[34m2021-06-10T18:24:31,337 [main] INFO   PoolBase: HikariPool-59 - Driver does not support get/set network timeout for connections. (feature not supported)&amp#27;[m&amp#27;[0m
&amp#27;[m&amp#27;[34m2021-06-10T18:24:31,338 [main] INFO   HikariDataSource: HikariPool-59 - Start completed.&amp#27;[m&amp#27;[0m
&amp#27;[m&amp#27;[34m2021-06-10T18:24:31,338 [main] INFO   Dialect: HHH000400: Using dialect: org.hibernate.dialect.HSQLDialect&amp#27;[m&amp#27;[0m
&amp#27;[m&amp#27;[31m2021-06-10T18:24:31,357 [main] WARN   JavaTypeDescriptorRegistry: HHH000481: Encountered Java type [class java.lang.Object] for which we could not locate a JavaTypeDescriptor and which does not appear to implement equals and/or hashCode.  This can lead to significant performance problems when performing equality/dirty checking involving this Java type.  Consider registering a custom JavaTypeDescriptor or at least implementing equals/hashCode.&amp#27;[m&amp#27;[0m
&amp#27;[m&amp#27;[34m2021-06-10T18:24:31,382 [main] INFO   LogHelper: HHH000204: Processing PersistenceUnitInfo [name: mir-module]&amp#27;[m&amp#27;[0m
&amp#27;[m&amp#27;[34m2021-06-10T18:24:31,394 [main] INFO   HikariDataSource: HikariPool-60 - Starting...&amp#27;[m&amp#27;[0m
&amp#27;[m&amp#27;[31m2021-06-10T18:24:31,394 [main] WARN   DriverDataSource: Registered driver with driverClassName=org.hsqldb.jdbcDriver was not found, trying direct instantiation.&amp#27;[m&amp#27;[0m
&amp#27;[m&amp#27;[34m2021-06-10T18:24:31,395 [main] INFO   PoolBase: HikariPool-60 - Driver does not support get/set network timeout for connections. (feature not supported)&amp#27;[m&amp#27;[0m
&amp#27;[m&amp#27;[34m2021-06-10T18:24:31,396 [main] INFO   HikariDataSource: HikariPool-60 - Start completed.&amp#27;[m&amp#27;[0m
&amp#27;[m&amp#27;[34m2021-06-10T18:24:31,396 [main] INFO   Dialect: HHH000400: Using dialect: org.hibernate.dialect.HSQLDialect&amp#27;[m&amp#27;[0m
&amp#27;[m&amp#27;[31m2021-06-10T18:24:31,415 [main] WARN   JavaTypeDescriptorRegistry: HHH000481: Encountered Java type [class java.lang.Object] for which we could not locate a JavaTypeDescriptor and which does not appear to implement equals and/or hashCode.  This can lead to significant performance problems when performing equality/dirty checking involving this Java type.  Consider registering a custom JavaTypeDescriptor or at least implementing equals/hashCode.&amp#27;[m&amp#27;[0m
&amp#27;[m]]></system-out>
  </testcase>
</testsuite>