<?xml version="1.0" encoding="UTF-8"?>
<testsuite xmlns:xsi="http://www.w3.org/2001/XMLSchema-instance" xsi:noNamespaceSchemaLocation="https://maven.apache.org/surefire/maven-surefire-plugin/xsd/surefire-test-report-3.0.xsd" version="3.0" name="org.mycore.mir.authorization.MIRStrategyTest" time="6.957" tests="3" errors="0" skipped="0" failures="0">
  <properties>
    <property name="awt.toolkit" value="sun.awt.X11.XToolkit"/>
    <property name="git.tags" value=""/>
    <property name="java.specification.version" value="11"/>
    <property name="sun.cpu.isalist" value=""/>
    <property name="sun.jnu.encoding" value="UTF-8"/>
    <property name="git.build.version" value="2021.05-SNAPSHOT"/>
    <property name="java.class.path" value="/home/travis/build/MyCoRe-Org/mir/mir-module/target/test-classes:/home/travis/build/MyCoRe-Org/mir/mir-module/target/classes:/home/travis/.m2/repository/com/google/code/gson/gson/2.8.7/gson-2.8.7.jar:/home/travis/.m2/repository/com/google/guava/guava/30.1.1-jre/guava-30.1.1-jre.jar:/home/travis/.m2/repository/com/google/guava/failureaccess/1.0.1/failureaccess-1.0.1.jar:/home/travis/.m2/repository/com/google/guava/listenablefuture/9999.0-empty-to-avoid-conflict-with-guava/listenablefuture-9999.0-empty-to-avoid-conflict-with-guava.jar:/home/travis/.m2/repository/com/google/code/findbugs/jsr305/3.0.2/jsr305-3.0.2.jar:/home/travis/.m2/repository/org/checkerframework/checker-qual/3.8.0/checker-qual-3.8.0.jar:/home/travis/.m2/repository/com/google/errorprone/error_prone_annotations/2.5.1/error_prone_annotations-2.5.1.jar:/home/travis/.m2/repository/com/google/j2objc/j2objc-annotations/1.3/j2objc-annotations-1.3.jar:/home/travis/.m2/repository/com/zaxxer/HikariCP/3.4.1/HikariCP-3.4.1.jar:/home/travis/.m2/repository/org/slf4j/slf4j-api/1.7.25/slf4j-api-1.7.25.jar:/home/travis/.m2/repository/commons-io/commons-io/2.8.0/commons-io-2.8.0.jar:/home/travis/.m2/repository/jakarta/persistence/jakarta.persistence-api/2.2.3/jakarta.persistence-api-2.2.3.jar:/home/travis/.m2/repository/jakarta/servlet/jakarta.servlet-api/4.0.4/jakarta.servlet-api-4.0.4.jar:/home/travis/.m2/repository/jakarta/ws/rs/jakarta.ws.rs-api/2.1.6/jakarta.ws.rs-api-2.1.6.jar:/home/travis/.m2/repository/jakarta/xml/bind/jakarta.xml.bind-api/2.3.3/jakarta.xml.bind-api-2.3.3.jar:/home/travis/.m2/repository/jakarta/activation/jakarta.activation-api/1.2.2/jakarta.activation-api-1.2.2.jar:/home/travis/.m2/repository/junit/junit/4.13.2/junit-4.13.2.jar:/home/travis/.m2/repository/org/hamcrest/hamcrest-core/2.2/hamcrest-core-2.2.jar:/home/travis/.m2/repository/org/hamcrest/hamcrest/2.2/hamcrest-2.2.jar:/home/travis/.m2/repository/net/sf/saxon/Saxon-HE/10.5/Saxon-HE-10.5.jar:/home/travis/.m2/repository/org/apache/abdera/abdera-core/1.1.3/abdera-core-1.1.3.jar:/home/travis/.m2/repository/org/apache/geronimo/specs/geronimo-stax-api_1.0_spec/1.0.1/geronimo-stax-api_1.0_spec-1.0.1.jar:/home/travis/.m2/repository/commons-codec/commons-codec/1.4/commons-codec-1.4.jar:/home/travis/.m2/repository/commons-logging/commons-logging/1.0.4/commons-logging-1.0.4.jar:/home/travis/.m2/repository/org/apache/abdera/abdera-i18n/1.1.3/abdera-i18n-1.1.3.jar:/home/travis/.m2/repository/org/apache/commons/commons-compress/1.20/commons-compress-1.20.jar:/home/travis/.m2/repository/org/apache/httpcomponents/httpclient/4.5.13/httpclient-4.5.13.jar:/home/travis/.m2/repository/org/apache/httpcomponents/httpcore/4.4.14/httpcore-4.4.14.jar:/home/travis/.m2/repository/org/apache/logging/log4j/log4j-api/2.14.1/log4j-api-2.14.1.jar:/home/travis/.m2/repository/org/apache/solr/solr-solrj/8.8.2/solr-solrj-8.8.2.jar:/home/travis/.m2/repository/commons-lang/commons-lang/2.6/commons-lang-2.6.jar:/home/travis/.m2/repository/org/apache/commons/commons-math3/3.6.1/commons-math3-3.6.1.jar:/home/travis/.m2/repository/org/apache/zookeeper/zookeeper/3.6.2/zookeeper-3.6.2.jar:/home/travis/.m2/repository/org/apache/zookeeper/zookeeper-jute/3.6.2/zookeeper-jute-3.6.2.jar:/home/travis/.m2/repository/org/xerial/snappy/snappy-java/1.1.7.6/snappy-java-1.1.7.6.jar:/home/travis/.m2/repository/org/hibernate/hibernate-hikaricp/5.4.4.Final/hibernate-hikaricp-5.4.4.Final.jar:/home/travis/.m2/repository/org/jboss/logging/jboss-logging/3.3.2.Final/jboss-logging-3.3.2.Final.jar:/home/travis/.m2/repository/org/hibernate/hibernate-core/5.4.28.Final/hibernate-core-5.4.28.Final.jar:/home/travis/.m2/repository/net/bytebuddy/byte-buddy/1.10.17/byte-buddy-1.10.17.jar:/home/travis/.m2/repository/antlr/antlr/2.7.7/antlr-2.7.7.jar:/home/travis/.m2/repository/org/jboss/spec/javax/transaction/jboss-transaction-api_1.2_spec/1.1.1.Final/jboss-transaction-api_1.2_spec-1.1.1.Final.jar:/home/travis/.m2/repository/org/jboss/jandex/2.2.3.Final/jandex-2.2.3.Final.jar:/home/travis/.m2/repository/com/fasterxml/classmate/1.5.1/classmate-1.5.1.jar:/home/travis/.m2/repository/org/dom4j/dom4j/2.1.3/dom4j-2.1.3.jar:/home/travis/.m2/repository/org/hibernate/common/hibernate-commons-annotations/5.1.2.Final/hibernate-commons-annotations-5.1.2.Final.jar:/home/travis/.m2/repository/org/hsqldb/hsqldb/2.6.0/hsqldb-2.6.0.jar:/home/travis/.m2/repository/org/jdom/jdom2/2.0.6/jdom2-2.0.6.jar:/home/travis/.m2/repository/org/jsoup/jsoup/1.12.1/jsoup-1.12.1.jar:/home/travis/.m2/repository/org/mycore/mycore-base/2021.05-SNAPSHOT/mycore-base-2021.05-SNAPSHOT.jar:/home/travis/.m2/repository/com/auth0/java-jwt/3.16.0/java-jwt-3.16.0.jar:/home/travis/.m2/repository/com/fasterxml/jackson/core/jackson-annotations/2.12.3/jackson-annotations-2.12.3.jar:/home/travis/.m2/repository/com/fasterxml/jackson/core/jackson-core/2.12.3/jackson-core-2.12.3.jar:/home/travis/.m2/repository/com/fasterxml/jackson/core/jackson-databind/2.12.3/jackson-databind-2.12.3.jar:/home/travis/.m2/repository/com/fasterxml/jackson/module/jackson-module-jaxb-annotations/2.12.3/jackson-module-jaxb-annotations-2.12.3.jar:/home/travis/.m2/repository/com/google/zxing/core/3.4.1/core-3.4.1.jar:/home/travis/.m2/repository/com/ibm/icu/icu4j/69.1/icu4j-69.1.jar:/home/travis/.m2/repository/com/jcraft/jsch/0.1.55/jsch-0.1.55.jar:/home/travis/.m2/repository/com/sun/activation/jakarta.activation/1.2.2/jakarta.activation-1.2.2.jar:/home/travis/.m2/repository/com/sun/mail/mailapi/1.6.5/mailapi-1.6.5.jar:/home/travis/.m2/repository/com/sun/mail/smtp/1.6.5/smtp-1.6.5.jar:/home/travis/.m2/repository/commons-beanutils/commons-beanutils/1.9.4/commons-beanutils-1.9.4.jar:/home/travis/.m2/repository/commons-collections/commons-collections/3.2.2/commons-collections-3.2.2.jar:/home/travis/.m2/repository/io/swagger/core/v3/swagger-annotations/2.1.9/swagger-annotations-2.1.9.jar:/home/travis/.m2/repository/jakarta/annotation/jakarta.annotation-api/1.3.5/jakarta.annotation-api-1.3.5.jar:/home/travis/.m2/repository/jakarta/inject/jakarta.inject-api/1.0.1/jakarta.inject-api-1.0.1.jar:/home/travis/.m2/repository/jakarta/websocket/jakarta.websocket-api/1.1.2/jakarta.websocket-api-1.1.2.jar:/home/travis/.m2/repository/jaxen/jaxen/1.2.0/jaxen-1.2.0.jar:/home/travis/.m2/repository/net/java/dev/jna/jna/5.6.0/jna-5.6.0.jar:/home/travis/.m2/repository/org/apache/httpcomponents/httpclient-cache/4.5.13/httpclient-cache-4.5.13.jar:/home/travis/.m2/repository/org/apache/logging/log4j/log4j-core/2.14.1/log4j-core-2.14.1.jar:/home/travis/.m2/repository/org/apache/logging/log4j/log4j-web/2.14.1/log4j-web-2.14.1.jar:/home/travis/.m2/repository/org/glassfish/hk2/hk2-api/2.6.1/hk2-api-2.6.1.jar:/home/travis/.m2/repository/org/glassfish/hk2/hk2-utils/2.6.1/hk2-utils-2.6.1.jar:/home/travis/.m2/repository/org/glassfish/jaxb/jaxb-runtime/2.3.3/jaxb-runtime-2.3.3.jar:/home/travis/.m2/repository/org/glassfish/jaxb/txw2/2.3.3/txw2-2.3.3.jar:/home/travis/.m2/repository/com/sun/istack/istack-commons-runtime/3.0.11/istack-commons-runtime-3.0.11.jar:/home/travis/.m2/repository/org/glassfish/jersey/containers/jersey-container-servlet-core/2.34/jersey-container-servlet-core-2.34.jar:/home/travis/.m2/repository/org/glassfish/hk2/external/jakarta.inject/2.6.1/jakarta.inject-2.6.1.jar:/home/travis/.m2/repository/org/glassfish/jersey/core/jersey-common/2.34/jersey-common-2.34.jar:/home/travis/.m2/repository/org/glassfish/hk2/osgi-resource-locator/1.0.3/osgi-resource-locator-1.0.3.jar:/home/travis/.m2/repository/org/glassfish/jersey/core/jersey-client/2.34/jersey-client-2.34.jar:/home/travis/.m2/repository/org/glassfish/jersey/core/jersey-server/2.34/jersey-server-2.34.jar:/home/travis/.m2/repository/org/glassfish/jersey/media/jersey-media-multipart/2.34/jersey-media-multipart-2.34.jar:/home/travis/.m2/repository/org/jvnet/mimepull/mimepull/1.9.13/mimepull-1.9.13.jar:/home/travis/.m2/repository/org/javassist/javassist/3.28.0-GA/javassist-3.28.0-GA.jar:/home/travis/.m2/repository/org/tmatesoft/svnkit/svnkit/1.10.3/svnkit-1.10.3.jar:/home/travis/.m2/repository/de/regnis/q/sequence/sequence-library/1.0.4/sequence-library-1.0.4.jar:/home/travis/.m2/repository/org/tmatesoft/sqljet/sqljet/1.1.14/sqljet-1.1.14.jar:/home/travis/.m2/repository/org/antlr/antlr-runtime/3.4/antlr-runtime-3.4.jar:/home/travis/.m2/repository/net/java/dev/jna/jna-platform/5.6.0/jna-platform-5.6.0.jar:/home/travis/.m2/repository/org/lz4/lz4-java/1.4.1/lz4-java-1.4.1.jar:/home/travis/.m2/repository/se/jiderhamn/classloader-leak-prevention/classloader-leak-prevention-core/2.7.0/classloader-leak-prevention-core-2.7.0.jar:/home/travis/.m2/repository/xalan/serializer/2.7.2/serializer-2.7.2.jar:/home/travis/.m2/repository/xalan/xalan/2.7.2/xalan-2.7.2.jar:/home/travis/.m2/repository/org/apache/logging/log4j/log4j-slf4j-impl/2.14.1/log4j-slf4j-impl-2.14.1.jar:/home/travis/.m2/repository/org/glassfish/jersey/inject/jersey-hk2/2.34/jersey-hk2-2.34.jar:/home/travis/.m2/repository/org/glassfish/hk2/hk2-locator/2.6.1/hk2-locator-2.6.1.jar:/home/travis/.m2/repository/org/glassfish/hk2/external/aopalliance-repackaged/2.6.1/aopalliance-repackaged-2.6.1.jar:/home/travis/.m2/repository/org/mycore/mycore-base/2021.05-SNAPSHOT/mycore-base-2021.05-SNAPSHOT-tests.jar:/home/travis/.m2/repository/org/mycore/mycore-mods/2021.05-SNAPSHOT/mycore-mods-2021.05-SNAPSHOT.jar:/home/travis/.m2/repository/com/rometools/rome/1.15.0/rome-1.15.0.jar:/home/travis/.m2/repository/com/rometools/rome-utils/1.15.0/rome-utils-1.15.0.jar:/home/travis/.m2/repository/org/bibsonomy/bibsonomy-bibtex-parser/3.9.2/bibsonomy-bibtex-parser-3.9.2.jar:/home/travis/.m2/repository/org/bibsonomy/bibsonomy-common/3.9.2/bibsonomy-common-3.9.2.jar:/home/travis/.m2/repository/org/bibsonomy/bibsonomy-model/3.9.2/bibsonomy-model-3.9.2.jar:/home/travis/.m2/repository/joda-time/joda-time/2.3/joda-time-2.3.jar:/home/travis/.m2/repository/org/mycore/mycore-pi/2021.05-SNAPSHOT/mycore-pi-2021.05-SNAPSHOT.jar:/home/travis/.m2/repository/jakarta/validation/jakarta.validation-api/2.0.2/jakarta.validation-api-2.0.2.jar:/home/travis/.m2/repository/org/apache/httpcomponents/httpmime/4.5.13/httpmime-4.5.13.jar:/home/travis/.m2/repository/org/mycore/mycore-solr/2021.05-SNAPSHOT/mycore-solr-2021.05-SNAPSHOT.jar:/home/travis/.m2/repository/org/mycore/mycore-classbrowser/2021.05-SNAPSHOT/mycore-classbrowser-2021.05-SNAPSHOT.jar:/home/travis/.m2/repository/org/mycore/mycore-sword/2021.05-SNAPSHOT/mycore-sword-2021.05-SNAPSHOT.jar:/home/travis/.m2/repository/com/fasterxml/woodstox/woodstox-core/6.2.6/woodstox-core-6.2.6.jar:/home/travis/.m2/repository/org/codehaus/woodstox/stax2-api/4.2.1/stax2-api-4.2.1.jar:/home/travis/.m2/repository/org/apache/abdera/abdera-parser/1.1.3/abdera-parser-1.1.3.jar:/home/travis/.m2/repository/org/apache/ws/commons/axiom/axiom-api/1.2.14/axiom-api-1.2.14.jar:/home/travis/.m2/repository/org/apache/james/apache-mime4j-core/0.7.2/apache-mime4j-core-0.7.2.jar:/home/travis/.m2/repository/org/apache/ws/commons/axiom/axiom-impl/1.2.14/axiom-impl-1.2.14.jar:/home/travis/.m2/repository/org/mycore/mets/mets-validator/1.3/mets-validator-1.3.jar:/home/travis/.m2/repository/org/mycore/mycore-user2/2021.05-SNAPSHOT/mycore-user2-2021.05-SNAPSHOT.jar:/home/travis/.m2/repository/org/jasig/cas/cas-client-core/3.1.10/cas-client-core-3.1.10.jar:/home/travis/.m2/repository/org/mycore/mycore-wfc/2021.05-SNAPSHOT/mycore-wfc-2021.05-SNAPSHOT.jar:/home/travis/.m2/repository/org/mycore/mycore-xeditor/2021.05-SNAPSHOT/mycore-xeditor-2021.05-SNAPSHOT.jar:/home/travis/.m2/repository/org/mycore/sword/easy-sword2-lib/1.0.5/easy-sword2-lib-1.0.5.jar:/home/travis/.m2/repository/commons-fileupload/commons-fileupload/1.4/commons-fileupload-1.4.jar:/home/travis/.m2/repository/org/apache/logging/log4j/log4j-1.2-api/2.14.1/log4j-1.2-api-2.14.1.jar:/home/travis/.m2/repository/org/mycore/mycore-csl/2021.05-SNAPSHOT/mycore-csl-2021.05-SNAPSHOT.jar:/home/travis/.m2/repository/de/undercouch/citeproc-java/2.0.0/citeproc-java-2.0.0.jar:/home/travis/.m2/repository/org/apache/commons/commons-lang3/3.12.0/commons-lang3-3.12.0.jar:/home/travis/.m2/repository/org/apache/commons/commons-text/1.8/commons-text-1.8.jar:/home/travis/.m2/repository/org/antlr/antlr4-runtime/4.7.2/antlr4-runtime-4.7.2.jar:/home/travis/.m2/repository/org/graalvm/sdk/graal-sdk/19.2.1/graal-sdk-19.2.1.jar:/home/travis/.m2/repository/org/graalvm/js/js/19.2.1/js-19.2.1.jar:/home/travis/.m2/repository/org/graalvm/regex/regex/19.2.1/regex-19.2.1.jar:/home/travis/.m2/repository/org/graalvm/truffle/truffle-api/19.2.1/truffle-api-19.2.1.jar:/home/travis/.m2/repository/org/ow2/asm/asm/6.2.1/asm-6.2.1.jar:/home/travis/.m2/repository/org/ow2/asm/asm-tree/6.2.1/asm-tree-6.2.1.jar:/home/travis/.m2/repository/org/ow2/asm/asm-analysis/6.2.1/asm-analysis-6.2.1.jar:/home/travis/.m2/repository/org/ow2/asm/asm-commons/6.2.1/asm-commons-6.2.1.jar:/home/travis/.m2/repository/org/ow2/asm/asm-util/6.2.1/asm-util-6.2.1.jar:/home/travis/.m2/repository/org/jbibtex/jbibtex/1.0.18/jbibtex-1.0.18.jar:/home/travis/.m2/repository/org/citationstyles/locales/21.3/locales-21.3.jar:/home/travis/.m2/repository/org/citationstyles/styles/21.3/styles-21.3.jar:/home/travis/.m2/repository/org/mycore/mycore-ifs/2021.05-SNAPSHOT/mycore-ifs-2021.05-SNAPSHOT.jar:/home/travis/.m2/repository/org/mycore/pica2mods/pica2mods-xslt/2.0-SNAPSHOT/pica2mods-xslt-2.0-SNAPSHOT.jar:"/>
    <property name="git.branch" value="main"/>
    <property name="java.vm.vendor" value="Oracle Corporation"/>
    <property name="sun.arch.data.model" value="64"/>
    <property name="git.build.number" value="3501"/>
    <property name="java.vendor.url" value="http://java.oracle.com/"/>
    <property name="user.timezone" value="UTC"/>
    <property name="git.build.number.unique" value="774175413"/>
    <property name="os.name" value="Linux"/>
    <property name="java.vm.specification.version" value="11"/>
    <property name="sun.java.launcher" value="SUN_STANDARD"/>
    <property name="user.country" value="US"/>
    <property name="git.build.user.name" value="Travis CI User"/>
    <property name="sun.boot.library.path" value="/usr/local/lib/jvm/openjdk11/lib"/>
    <property name="sun.java.command" value="/home/travis/build/MyCoRe-Org/mir/mir-module/target/surefire/surefirebooter17245396040944511320.jar /home/travis/build/MyCoRe-Org/mir/mir-module/target/surefire 2021-06-10T18-24-03_710-jvmRun1 surefire14441102354292298801tmp surefire_013359991001306810788tmp"/>
    <property name="jdk.debug" value="release"/>
    <property name="surefire.test.class.path" value="/home/travis/build/MyCoRe-Org/mir/mir-module/target/test-classes:/home/travis/build/MyCoRe-Org/mir/mir-module/target/classes:/home/travis/.m2/repository/com/google/code/gson/gson/2.8.7/gson-2.8.7.jar:/home/travis/.m2/repository/com/google/guava/guava/30.1.1-jre/guava-30.1.1-jre.jar:/home/travis/.m2/repository/com/google/guava/failureaccess/1.0.1/failureaccess-1.0.1.jar:/home/travis/.m2/repository/com/google/guava/listenablefuture/9999.0-empty-to-avoid-conflict-with-guava/listenablefuture-9999.0-empty-to-avoid-conflict-with-guava.jar:/home/travis/.m2/repository/com/google/code/findbugs/jsr305/3.0.2/jsr305-3.0.2.jar:/home/travis/.m2/repository/org/checkerframework/checker-qual/3.8.0/checker-qual-3.8.0.jar:/home/travis/.m2/repository/com/google/errorprone/error_prone_annotations/2.5.1/error_prone_annotations-2.5.1.jar:/home/travis/.m2/repository/com/google/j2objc/j2objc-annotations/1.3/j2objc-annotations-1.3.jar:/home/travis/.m2/repository/com/zaxxer/HikariCP/3.4.1/HikariCP-3.4.1.jar:/home/travis/.m2/repository/org/slf4j/slf4j-api/1.7.25/slf4j-api-1.7.25.jar:/home/travis/.m2/repository/commons-io/commons-io/2.8.0/commons-io-2.8.0.jar:/home/travis/.m2/repository/jakarta/persistence/jakarta.persistence-api/2.2.3/jakarta.persistence-api-2.2.3.jar:/home/travis/.m2/repository/jakarta/servlet/jakarta.servlet-api/4.0.4/jakarta.servlet-api-4.0.4.jar:/home/travis/.m2/repository/jakarta/ws/rs/jakarta.ws.rs-api/2.1.6/jakarta.ws.rs-api-2.1.6.jar:/home/travis/.m2/repository/jakarta/xml/bind/jakarta.xml.bind-api/2.3.3/jakarta.xml.bind-api-2.3.3.jar:/home/travis/.m2/repository/jakarta/activation/jakarta.activation-api/1.2.2/jakarta.activation-api-1.2.2.jar:/home/travis/.m2/repository/junit/junit/4.13.2/junit-4.13.2.jar:/home/travis/.m2/repository/org/hamcrest/hamcrest-core/2.2/hamcrest-core-2.2.jar:/home/travis/.m2/repository/org/hamcrest/hamcrest/2.2/hamcrest-2.2.jar:/home/travis/.m2/repository/net/sf/saxon/Saxon-HE/10.5/Saxon-HE-10.5.jar:/home/travis/.m2/repository/org/apache/abdera/abdera-core/1.1.3/abdera-core-1.1.3.jar:/home/travis/.m2/repository/org/apache/geronimo/specs/geronimo-stax-api_1.0_spec/1.0.1/geronimo-stax-api_1.0_spec-1.0.1.jar:/home/travis/.m2/repository/commons-codec/commons-codec/1.4/commons-codec-1.4.jar:/home/travis/.m2/repository/commons-logging/commons-logging/1.0.4/commons-logging-1.0.4.jar:/home/travis/.m2/repository/org/apache/abdera/abdera-i18n/1.1.3/abdera-i18n-1.1.3.jar:/home/travis/.m2/repository/org/apache/commons/commons-compress/1.20/commons-compress-1.20.jar:/home/travis/.m2/repository/org/apache/httpcomponents/httpclient/4.5.13/httpclient-4.5.13.jar:/home/travis/.m2/repository/org/apache/httpcomponents/httpcore/4.4.14/httpcore-4.4.14.jar:/home/travis/.m2/repository/org/apache/logging/log4j/log4j-api/2.14.1/log4j-api-2.14.1.jar:/home/travis/.m2/repository/org/apache/solr/solr-solrj/8.8.2/solr-solrj-8.8.2.jar:/home/travis/.m2/repository/commons-lang/commons-lang/2.6/commons-lang-2.6.jar:/home/travis/.m2/repository/org/apache/commons/commons-math3/3.6.1/commons-math3-3.6.1.jar:/home/travis/.m2/repository/org/apache/zookeeper/zookeeper/3.6.2/zookeeper-3.6.2.jar:/home/travis/.m2/repository/org/apache/zookeeper/zookeeper-jute/3.6.2/zookeeper-jute-3.6.2.jar:/home/travis/.m2/repository/org/xerial/snappy/snappy-java/1.1.7.6/snappy-java-1.1.7.6.jar:/home/travis/.m2/repository/org/hibernate/hibernate-hikaricp/5.4.4.Final/hibernate-hikaricp-5.4.4.Final.jar:/home/travis/.m2/repository/org/jboss/logging/jboss-logging/3.3.2.Final/jboss-logging-3.3.2.Final.jar:/home/travis/.m2/repository/org/hibernate/hibernate-core/5.4.28.Final/hibernate-core-5.4.28.Final.jar:/home/travis/.m2/repository/net/bytebuddy/byte-buddy/1.10.17/byte-buddy-1.10.17.jar:/home/travis/.m2/repository/antlr/antlr/2.7.7/antlr-2.7.7.jar:/home/travis/.m2/repository/org/jboss/spec/javax/transaction/jboss-transaction-api_1.2_spec/1.1.1.Final/jboss-transaction-api_1.2_spec-1.1.1.Final.jar:/home/travis/.m2/repository/org/jboss/jandex/2.2.3.Final/jandex-2.2.3.Final.jar:/home/travis/.m2/repository/com/fasterxml/classmate/1.5.1/classmate-1.5.1.jar:/home/travis/.m2/repository/org/dom4j/dom4j/2.1.3/dom4j-2.1.3.jar:/home/travis/.m2/repository/org/hibernate/common/hibernate-commons-annotations/5.1.2.Final/hibernate-commons-annotations-5.1.2.Final.jar:/home/travis/.m2/repository/org/hsqldb/hsqldb/2.6.0/hsqldb-2.6.0.jar:/home/travis/.m2/repository/org/jdom/jdom2/2.0.6/jdom2-2.0.6.jar:/home/travis/.m2/repository/org/jsoup/jsoup/1.12.1/jsoup-1.12.1.jar:/home/travis/.m2/repository/org/mycore/mycore-base/2021.05-SNAPSHOT/mycore-base-2021.05-SNAPSHOT.jar:/home/travis/.m2/repository/com/auth0/java-jwt/3.16.0/java-jwt-3.16.0.jar:/home/travis/.m2/repository/com/fasterxml/jackson/core/jackson-annotations/2.12.3/jackson-annotations-2.12.3.jar:/home/travis/.m2/repository/com/fasterxml/jackson/core/jackson-core/2.12.3/jackson-core-2.12.3.jar:/home/travis/.m2/repository/com/fasterxml/jackson/core/jackson-databind/2.12.3/jackson-databind-2.12.3.jar:/home/travis/.m2/repository/com/fasterxml/jackson/module/jackson-module-jaxb-annotations/2.12.3/jackson-module-jaxb-annotations-2.12.3.jar:/home/travis/.m2/repository/com/google/zxing/core/3.4.1/core-3.4.1.jar:/home/travis/.m2/repository/com/ibm/icu/icu4j/69.1/icu4j-69.1.jar:/home/travis/.m2/repository/com/jcraft/jsch/0.1.55/jsch-0.1.55.jar:/home/travis/.m2/repository/com/sun/activation/jakarta.activation/1.2.2/jakarta.activation-1.2.2.jar:/home/travis/.m2/repository/com/sun/mail/mailapi/1.6.5/mailapi-1.6.5.jar:/home/travis/.m2/repository/com/sun/mail/smtp/1.6.5/smtp-1.6.5.jar:/home/travis/.m2/repository/commons-beanutils/commons-beanutils/1.9.4/commons-beanutils-1.9.4.jar:/home/travis/.m2/repository/commons-collections/commons-collections/3.2.2/commons-collections-3.2.2.jar:/home/travis/.m2/repository/io/swagger/core/v3/swagger-annotations/2.1.9/swagger-annotations-2.1.9.jar:/home/travis/.m2/repository/jakarta/annotation/jakarta.annotation-api/1.3.5/jakarta.annotation-api-1.3.5.jar:/home/travis/.m2/repository/jakarta/inject/jakarta.inject-api/1.0.1/jakarta.inject-api-1.0.1.jar:/home/travis/.m2/repository/jakarta/websocket/jakarta.websocket-api/1.1.2/jakarta.websocket-api-1.1.2.jar:/home/travis/.m2/repository/jaxen/jaxen/1.2.0/jaxen-1.2.0.jar:/home/travis/.m2/repository/net/java/dev/jna/jna/5.6.0/jna-5.6.0.jar:/home/travis/.m2/repository/org/apache/httpcomponents/httpclient-cache/4.5.13/httpclient-cache-4.5.13.jar:/home/travis/.m2/repository/org/apache/logging/log4j/log4j-core/2.14.1/log4j-core-2.14.1.jar:/home/travis/.m2/repository/org/apache/logging/log4j/log4j-web/2.14.1/log4j-web-2.14.1.jar:/home/travis/.m2/repository/org/glassfish/hk2/hk2-api/2.6.1/hk2-api-2.6.1.jar:/home/travis/.m2/repository/org/glassfish/hk2/hk2-utils/2.6.1/hk2-utils-2.6.1.jar:/home/travis/.m2/repository/org/glassfish/jaxb/jaxb-runtime/2.3.3/jaxb-runtime-2.3.3.jar:/home/travis/.m2/repository/org/glassfish/jaxb/txw2/2.3.3/txw2-2.3.3.jar:/home/travis/.m2/repository/com/sun/istack/istack-commons-runtime/3.0.11/istack-commons-runtime-3.0.11.jar:/home/travis/.m2/repository/org/glassfish/jersey/containers/jersey-container-servlet-core/2.34/jersey-container-servlet-core-2.34.jar:/home/travis/.m2/repository/org/glassfish/hk2/external/jakarta.inject/2.6.1/jakarta.inject-2.6.1.jar:/home/travis/.m2/repository/org/glassfish/jersey/core/jersey-common/2.34/jersey-common-2.34.jar:/home/travis/.m2/repository/org/glassfish/hk2/osgi-resource-locator/1.0.3/osgi-resource-locator-1.0.3.jar:/home/travis/.m2/repository/org/glassfish/jersey/core/jersey-client/2.34/jersey-client-2.34.jar:/home/travis/.m2/repository/org/glassfish/jersey/core/jersey-server/2.34/jersey-server-2.34.jar:/home/travis/.m2/repository/org/glassfish/jersey/media/jersey-media-multipart/2.34/jersey-media-multipart-2.34.jar:/home/travis/.m2/repository/org/jvnet/mimepull/mimepull/1.9.13/mimepull-1.9.13.jar:/home/travis/.m2/repository/org/javassist/javassist/3.28.0-GA/javassist-3.28.0-GA.jar:/home/travis/.m2/repository/org/tmatesoft/svnkit/svnkit/1.10.3/svnkit-1.10.3.jar:/home/travis/.m2/repository/de/regnis/q/sequence/sequence-library/1.0.4/sequence-library-1.0.4.jar:/home/travis/.m2/repository/org/tmatesoft/sqljet/sqljet/1.1.14/sqljet-1.1.14.jar:/home/travis/.m2/repository/org/antlr/antlr-runtime/3.4/antlr-runtime-3.4.jar:/home/travis/.m2/repository/net/java/dev/jna/jna-platform/5.6.0/jna-platform-5.6.0.jar:/home/travis/.m2/repository/org/lz4/lz4-java/1.4.1/lz4-java-1.4.1.jar:/home/travis/.m2/repository/se/jiderhamn/classloader-leak-prevention/classloader-leak-prevention-core/2.7.0/classloader-leak-prevention-core-2.7.0.jar:/home/travis/.m2/repository/xalan/serializer/2.7.2/serializer-2.7.2.jar:/home/travis/.m2/repository/xalan/xalan/2.7.2/xalan-2.7.2.jar:/home/travis/.m2/repository/org/apache/logging/log4j/log4j-slf4j-impl/2.14.1/log4j-slf4j-impl-2.14.1.jar:/home/travis/.m2/repository/org/glassfish/jersey/inject/jersey-hk2/2.34/jersey-hk2-2.34.jar:/home/travis/.m2/repository/org/glassfish/hk2/hk2-locator/2.6.1/hk2-locator-2.6.1.jar:/home/travis/.m2/repository/org/glassfish/hk2/external/aopalliance-repackaged/2.6.1/aopalliance-repackaged-2.6.1.jar:/home/travis/.m2/repository/org/mycore/mycore-base/2021.05-SNAPSHOT/mycore-base-2021.05-SNAPSHOT-tests.jar:/home/travis/.m2/repository/org/mycore/mycore-mods/2021.05-SNAPSHOT/mycore-mods-2021.05-SNAPSHOT.jar:/home/travis/.m2/repository/com/rometools/rome/1.15.0/rome-1.15.0.jar:/home/travis/.m2/repository/com/rometools/rome-utils/1.15.0/rome-utils-1.15.0.jar:/home/travis/.m2/repository/org/bibsonomy/bibsonomy-bibtex-parser/3.9.2/bibsonomy-bibtex-parser-3.9.2.jar:/home/travis/.m2/repository/org/bibsonomy/bibsonomy-common/3.9.2/bibsonomy-common-3.9.2.jar:/home/travis/.m2/repository/org/bibsonomy/bibsonomy-model/3.9.2/bibsonomy-model-3.9.2.jar:/home/travis/.m2/repository/joda-time/joda-time/2.3/joda-time-2.3.jar:/home/travis/.m2/repository/org/mycore/mycore-pi/2021.05-SNAPSHOT/mycore-pi-2021.05-SNAPSHOT.jar:/home/travis/.m2/repository/jakarta/validation/jakarta.validation-api/2.0.2/jakarta.validation-api-2.0.2.jar:/home/travis/.m2/repository/org/apache/httpcomponents/httpmime/4.5.13/httpmime-4.5.13.jar:/home/travis/.m2/repository/org/mycore/mycore-solr/2021.05-SNAPSHOT/mycore-solr-2021.05-SNAPSHOT.jar:/home/travis/.m2/repository/org/mycore/mycore-classbrowser/2021.05-SNAPSHOT/mycore-classbrowser-2021.05-SNAPSHOT.jar:/home/travis/.m2/repository/org/mycore/mycore-sword/2021.05-SNAPSHOT/mycore-sword-2021.05-SNAPSHOT.jar:/home/travis/.m2/repository/com/fasterxml/woodstox/woodstox-core/6.2.6/woodstox-core-6.2.6.jar:/home/travis/.m2/repository/org/codehaus/woodstox/stax2-api/4.2.1/stax2-api-4.2.1.jar:/home/travis/.m2/repository/org/apache/abdera/abdera-parser/1.1.3/abdera-parser-1.1.3.jar:/home/travis/.m2/repository/org/apache/ws/commons/axiom/axiom-api/1.2.14/axiom-api-1.2.14.jar:/home/travis/.m2/repository/org/apache/james/apache-mime4j-core/0.7.2/apache-mime4j-core-0.7.2.jar:/home/travis/.m2/repository/org/apache/ws/commons/axiom/axiom-impl/1.2.14/axiom-impl-1.2.14.jar:/home/travis/.m2/repository/org/mycore/mets/mets-validator/1.3/mets-validator-1.3.jar:/home/travis/.m2/repository/org/mycore/mycore-user2/2021.05-SNAPSHOT/mycore-user2-2021.05-SNAPSHOT.jar:/home/travis/.m2/repository/org/jasig/cas/cas-client-core/3.1.10/cas-client-core-3.1.10.jar:/home/travis/.m2/repository/org/mycore/mycore-wfc/2021.05-SNAPSHOT/mycore-wfc-2021.05-SNAPSHOT.jar:/home/travis/.m2/repository/org/mycore/mycore-xeditor/2021.05-SNAPSHOT/mycore-xeditor-2021.05-SNAPSHOT.jar:/home/travis/.m2/repository/org/mycore/sword/easy-sword2-lib/1.0.5/easy-sword2-lib-1.0.5.jar:/home/travis/.m2/repository/commons-fileupload/commons-fileupload/1.4/commons-fileupload-1.4.jar:/home/travis/.m2/repository/org/apache/logging/log4j/log4j-1.2-api/2.14.1/log4j-1.2-api-2.14.1.jar:/home/travis/.m2/repository/org/mycore/mycore-csl/2021.05-SNAPSHOT/mycore-csl-2021.05-SNAPSHOT.jar:/home/travis/.m2/repository/de/undercouch/citeproc-java/2.0.0/citeproc-java-2.0.0.jar:/home/travis/.m2/repository/org/apache/commons/commons-lang3/3.12.0/commons-lang3-3.12.0.jar:/home/travis/.m2/repository/org/apache/commons/commons-text/1.8/commons-text-1.8.jar:/home/travis/.m2/repository/org/antlr/antlr4-runtime/4.7.2/antlr4-runtime-4.7.2.jar:/home/travis/.m2/repository/org/graalvm/sdk/graal-sdk/19.2.1/graal-sdk-19.2.1.jar:/home/travis/.m2/repository/org/graalvm/js/js/19.2.1/js-19.2.1.jar:/home/travis/.m2/repository/org/graalvm/regex/regex/19.2.1/regex-19.2.1.jar:/home/travis/.m2/repository/org/graalvm/truffle/truffle-api/19.2.1/truffle-api-19.2.1.jar:/home/travis/.m2/repository/org/ow2/asm/asm/6.2.1/asm-6.2.1.jar:/home/travis/.m2/repository/org/ow2/asm/asm-tree/6.2.1/asm-tree-6.2.1.jar:/home/travis/.m2/repository/org/ow2/asm/asm-analysis/6.2.1/asm-analysis-6.2.1.jar:/home/travis/.m2/repository/org/ow2/asm/asm-commons/6.2.1/asm-commons-6.2.1.jar:/home/travis/.m2/repository/org/ow2/asm/asm-util/6.2.1/asm-util-6.2.1.jar:/home/travis/.m2/repository/org/jbibtex/jbibtex/1.0.18/jbibtex-1.0.18.jar:/home/travis/.m2/repository/org/citationstyles/locales/21.3/locales-21.3.jar:/home/travis/.m2/repository/org/citationstyles/styles/21.3/styles-21.3.jar:/home/travis/.m2/repository/org/mycore/mycore-ifs/2021.05-SNAPSHOT/mycore-ifs-2021.05-SNAPSHOT.jar:/home/travis/.m2/repository/org/mycore/pica2mods/pica2mods-xslt/2.0-SNAPSHOT/pica2mods-xslt-2.0-SNAPSHOT.jar:"/>
    <property name="sun.cpu.endian" value="little"/>
    <property name="MCR.Home" value="/tmp/junit11057615408979682655/mcrhome"/>
    <property name="user.home" value="/home/travis"/>
    <property name="user.language" value="en"/>
    <property name="git.closest.tag.commit.count" value="2276"/>
    <property name="java.specification.vendor" value="Oracle Corporation"/>
    <property name="java.version.date" value="2019-01-15"/>
    <property name="java.home" value="/usr/local/lib/jvm/openjdk11"/>
    <property name="git.total.commit.count" value="2337"/>
    <property name="file.separator" value="/"/>
    <property name="basedir" value="/home/travis/build/MyCoRe-Org/mir/mir-module"/>
    <property name="java.vm.compressedOopsMode" value="32-bit"/>
    <property name="line.separator" value="&#10;"/>
    <property name="java.specification.name" value="Java Platform API Specification"/>
    <property name="java.vm.specification.vendor" value="Oracle Corporation"/>
    <property name="java.awt.graphicsenv" value="sun.awt.X11GraphicsEnvironment"/>
    <property name="git.commit.id.full" value="b5dc6138114ef0befe66ee9e08d5219171474722"/>
    <property name="git.closest.tag.name" value="v2020.06.1"/>
    <property name="git.local.branch.ahead" value="NO_REMOTE"/>
    <property name="git.build.time" value="2021-06-10T18:23:21Z"/>
    <property name="surefire.real.class.path" value="/home/travis/build/MyCoRe-Org/mir/mir-module/target/surefire/surefirebooter17245396040944511320.jar"/>
    <property name="git.commit.message.full" value="Merge 317054bd0d8e99e43509851db66ca79d1b403fcf into ed5929908a03f18bb02dc0421db335dcd3011fda"/>
    <property name="sun.management.compiler" value="HotSpot 64-Bit Tiered Compilers"/>
    <property name="java.runtime.version" value="11.0.2+9"/>
    <property name="user.name" value="travis"/>
    <property name="path.separator" value=":"/>
    <property name="os.version" value="5.4.0-1032-gcp"/>
    <property name="java.runtime.name" value="OpenJDK Runtime Environment"/>
    <property name="file.encoding" value="UTF-8"/>
    <property name="java.vm.name" value="OpenJDK 64-Bit Server VM"/>
    <property name="java.vendor.version" value="18.9"/>
    <property name="jetty" value="true"/>
    <property name="git.local.branch.behind" value="NO_REMOTE"/>
    <property name="git.dirty" value="false"/>
    <property name="localRepository" value="/home/travis/.m2/repository"/>
    <property name="java.vendor.url.bug" value="http://bugreport.java.com/bugreport/"/>
    <property name="java.io.tmpdir" value="/tmp"/>
    <property name="com.zaxxer.hikari.pool_number" value="60"/>
    <property name="java.version" value="11.0.2"/>
    <property name="user.dir" value="/home/travis/build/MyCoRe-Org/mir/mir-module"/>
    <property name="os.arch" value="amd64"/>
    <property name="git.commit.user.name" value="Kathleen Neumann"/>
    <property name="git.commit.id.abbrev" value="b5dc613"/>
    <property name="java.vm.specification.name" value="Java Virtual Machine Specification"/>
    <property name="java.awt.printerjob" value="sun.print.PSPrinterJob"/>
    <property name="git.commit.id.describe-short" value="v2020.06.1-2276"/>
    <property name="sun.os.patch.level" value="unknown"/>
    <property name="git.commit.id.describe" value="v2020.06.1-2276-gb5dc613"/>
    <property name="java.library.path" value="/usr/java/packages/lib:/usr/lib64:/lib64:/lib:/usr/lib"/>
    <property name="git.commit.message.short" value="Merge 317054bd0d8e99e43509851db66ca79d1b403fcf into ed5929908a03f18bb02dc0421db335dcd3011fda"/>
    <property name="java.vendor" value="Oracle Corporation"/>
    <property name="java.vm.info" value="mixed mode"/>
    <property name="java.vm.version" value="11.0.2+9"/>
    <property name="sun.io.unicode.encoding" value="UnicodeLittle"/>
    <property name="MCRRuntimeComponentDetector.underTesting" value="mir-module"/>
    <property name="java.class.version" value="55.0"/>
    <property name="git.commit.time" value="2021-06-10T18:19:09Z"/>
    <property name="MCR.AppName" value="mir-module"/>
    <property name="git.remote.origin.url" value="https://github.com/MyCoRe-Org/mir.git"/>
  </properties>
  <testcase name="checkGuestPermission" classname="org.mycore.mir.authorization.MIRStrategyTest" time="1.544">
    <system-out><![CDATA[Creating config directory: /tmp/junit11057615408979682655/mcrhome/mir-module
MyCoRe components detected: mcr:mycore-base, mcr:mycore-solr, mcr:mycore-user2, mcr:mycore-xeditor, mcr:mycore-classbrowser, mcr:mycore-mods, mcr:mycore-csl, mcr:mycore-ifs, mcr:mycore-pi, mcr:mycore-sword, mcr:mycore-wfc
Applications modules detected: app:mir-module
&amp#27;[34m2021-06-10T18:24:31,466 [main] INFO   MCRConfigurationInputStream: Current configuration directory: /tmp/junit11057615408979682655/mcrhome/mir-module&amp#27;[m&amp#27;[0m
&amp#27;[m&amp#27;[34m2021-06-10T18:24:31,555 [main] INFO   LogHelper: HHH000204: Processing PersistenceUnitInfo [name: mir-module]&amp#27;[m&amp#27;[0m
&amp#27;[m&amp#27;[34m2021-06-10T18:24:31,568 [main] INFO   HikariDataSource: HikariPool-61 - Starting...&amp#27;[m&amp#27;[0m
&amp#27;[m&amp#27;[31m2021-06-10T18:24:31,568 [main] WARN   DriverDataSource: Registered driver with driverClassName=org.hsqldb.jdbcDriver was not found, trying direct instantiation.&amp#27;[m&amp#27;[0m
&amp#27;[m&amp#27;[34m2021-06-10T18:24:31,569 [main] INFO   PoolBase: HikariPool-61 - Driver does not support get/set network timeout for connections. (feature not supported)&amp#27;[m&amp#27;[0m
&amp#27;[m&amp#27;[34m2021-06-10T18:24:31,572 [main] INFO   HikariDataSource: HikariPool-61 - Start completed.&amp#27;[m&amp#27;[0m
&amp#27;[m&amp#27;[34m2021-06-10T18:24:31,573 [main] INFO   Dialect: HHH000400: Using dialect: org.hibernate.dialect.HSQLDialect&amp#27;[m&amp#27;[0m
&amp#27;[m&amp#27;[31m2021-06-10T18:24:31,592 [main] WARN   JavaTypeDescriptorRegistry: HHH000481: Encountered Java type [class java.lang.Object] for which we could not locate a JavaTypeDescriptor and which does not appear to implement equals and/or hashCode.  This can lead to significant performance problems when performing equality/dirty checking involving this Java type.  Consider registering a custom JavaTypeDescriptor or at least implementing equals/hashCode.&amp#27;[m&amp#27;[0m
&amp#27;[m&amp#27;[31m2021-06-10T18:24:31,728 [main] WARN   MetadataContext: HHH015011: Unable to locate static metamodel field : org.mycore.datamodel.classifications2.MCRCategoryID_#id; this may or may not indicate a problem with the static metamodel&amp#27;[m&amp#27;[0m
&amp#27;[m&amp#27;[34m2021-06-10T18:24:31,733 [main] INFO   JtaPlatformInitiator: HHH000490: Using JtaPlatform implementation: [org.hibernate.engine.transaction.jta.platform.internal.NoJtaPlatform]&amp#27;[m&amp#27;[0m
&amp#27;[m&amp#27;[34m2021-06-10T18:24:31,781 [main] INFO   LogHelper: HHH000204: Processing PersistenceUnitInfo [name: mir-module]&amp#27;[m&amp#27;[0m
&amp#27;[m&amp#27;[34m2021-06-10T18:24:31,796 [main] INFO   HikariDataSource: HikariPool-62 - Starting...&amp#27;[m&amp#27;[0m
&amp#27;[m&amp#27;[31m2021-06-10T18:24:31,797 [main] WARN   DriverDataSource: Registered driver with driverClassName=org.hsqldb.jdbcDriver was not found, trying direct instantiation.&amp#27;[m&amp#27;[0m
&amp#27;[m&amp#27;[34m2021-06-10T18:24:31,798 [main] INFO   PoolBase: HikariPool-62 - Driver does not support get/set network timeout for connections. (feature not supported)&amp#27;[m&amp#27;[0m
&amp#27;[m&amp#27;[34m2021-06-10T18:24:31,798 [main] INFO   HikariDataSource: HikariPool-62 - Start completed.&amp#27;[m&amp#27;[0m
&amp#27;[m&amp#27;[34m2021-06-10T18:24:31,799 [main] INFO   Dialect: HHH000400: Using dialect: org.hibernate.dialect.HSQLDialect&amp#27;[m&amp#27;[0m
&amp#27;[m&amp#27;[31m2021-06-10T18:24:31,818 [main] WARN   JavaTypeDescriptorRegistry: HHH000481: Encountered Java type [class java.lang.Object] for which we could not locate a JavaTypeDescriptor and which does not appear to implement equals and/or hashCode.  This can lead to significant performance problems when performing equality/dirty checking involving this Java type.  Consider registering a custom JavaTypeDescriptor or at least implementing equals/hashCode.&amp#27;[m&amp#27;[0m
&amp#27;[mFile location: /MIRStrategyTest/class/mir_access.xml
&amp#27;[34m2021-06-10T18:24:31,933 [main] INFO   MCRCommandLineInterface: load permissions data from file ${app.home}/config/acl/permissions.xml --> load permissions data from file /home/travis/build/MyCoRe-Org/mir/mir-cli/src/main/config/acl/permissions.xml&amp#27;[m&amp#27;[0m
&amp#27;[m&amp#27;[34m2021-06-10T18:24:31,935 [main] INFO   MCRCommand: Syntax matched (executed): load permissions data from file {0}&amp#27;[m&amp#27;[0m
&amp#27;[m&amp#27;[34m2021-06-10T18:24:31,935 [main] INFO   MCRAccessCommands: Reading file /home/travis/build/MyCoRe-Org/mir/mir-cli/src/main/config/acl/permissions.xml ...&amp#27;[m&amp#27;[0m
&amp#27;[mnull Command processed (159 ms)
&amp#27;[34m2021-06-10T18:24:32,110 [main] INFO   MCRCommandLineInterface: update permission read for id default with rulefile ${app.home}/config/acl/grant-all.xml described by ${acl-description.all} --> update permission read for id default with rulefile /home/travis/build/MyCoRe-Org/mir/mir-cli/src/main/config/acl/grant-all.xml described by always allowed&amp#27;[m&amp#27;[0m
&amp#27;[m&amp#27;[34m2021-06-10T18:24:32,110 [main] INFO   MCRCommand: Syntax matched (executed): update permission {0} for id {1} with rulefile {2} described by {3}&amp#27;[m&amp#27;[0m
&amp#27;[mnull Command processed (15 ms)
&amp#27;[34m2021-06-10T18:24:32,126 [main] INFO   MCRCommandLineInterface: update permission writedb for id default with rulefile ${app.home}/config/acl/grant-admin.xml described by ${acl-description.admins} --> update permission writedb for id default with rulefile /home/travis/build/MyCoRe-Org/mir/mir-cli/src/main/config/acl/grant-admin.xml described by administrators only&amp#27;[m&amp#27;[0m
&amp#27;[m&amp#27;[34m2021-06-10T18:24:32,126 [main] INFO   MCRCommand: Syntax matched (executed): update permission {0} for id {1} with rulefile {2} described by {3}&amp#27;[m&amp#27;[0m
&amp#27;[mnull Command processed (13 ms)
&amp#27;[34m2021-06-10T18:24:32,139 [main] INFO   MCRCommandLineInterface: update permission deletedb for id default with rulefile ${app.home}/config/acl/grant-admin.xml described by ${acl-description.admins} --> update permission deletedb for id default with rulefile /home/travis/build/MyCoRe-Org/mir/mir-cli/src/main/config/acl/grant-admin.xml described by administrators only&amp#27;[m&amp#27;[0m
&amp#27;[m&amp#27;[34m2021-06-10T18:24:32,140 [main] INFO   MCRCommand: Syntax matched (executed): update permission {0} for id {1} with rulefile {2} described by {3}&amp#27;[m&amp#27;[0m
&amp#27;[mnull Command processed (24 ms)
&amp#27;[34m2021-06-10T18:24:32,164 [main] INFO   MCRCommandLineInterface: update permission view for id default_mods with rulefile ${app.home}/config/acl/grant-all.xml described by ${acl-description.all} --> update permission view for id default_mods with rulefile /home/travis/build/MyCoRe-Org/mir/mir-cli/src/main/config/acl/grant-all.xml described by always allowed&amp#27;[m&amp#27;[0m
&amp#27;[m&amp#27;[34m2021-06-10T18:24:32,164 [main] INFO   MCRCommand: Syntax matched (executed): update permission {0} for id {1} with rulefile {2} described by {3}&amp#27;[m&amp#27;[0m
&amp#27;[mnull Command processed (9 ms)
&amp#27;[34m2021-06-10T18:24:32,173 [main] INFO   MCRCommandLineInterface: update permission preview for id default_mods with rulefile ${app.home}/config/acl/grant-all.xml described by ${acl-description.all} --> update permission preview for id default_mods with rulefile /home/travis/build/MyCoRe-Org/mir/mir-cli/src/main/config/acl/grant-all.xml described by always allowed&amp#27;[m&amp#27;[0m
&amp#27;[m&amp#27;[34m2021-06-10T18:24:32,174 [main] INFO   MCRCommand: Syntax matched (executed): update permission {0} for id {1} with rulefile {2} described by {3}&amp#27;[m&amp#27;[0m
&amp#27;[mnull Command processed (9 ms)
&amp#27;[34m2021-06-10T18:24:32,183 [main] INFO   MCRCommandLineInterface: update permission read for id default_mods with rulefile ${app.home}/config/acl/grant-all.xml described by ${acl-description.all} --> update permission read for id default_mods with rulefile /home/travis/build/MyCoRe-Org/mir/mir-cli/src/main/config/acl/grant-all.xml described by always allowed&amp#27;[m&amp#27;[0m
&amp#27;[m&amp#27;[34m2021-06-10T18:24:32,183 [main] INFO   MCRCommand: Syntax matched (executed): update permission {0} for id {1} with rulefile {2} described by {3}&amp#27;[m&amp#27;[0m
&amp#27;[mnull Command processed (9 ms)
&amp#27;[34m2021-06-10T18:24:32,192 [main] INFO   MCRCommandLineInterface: update permission writedb for id default_mods with rulefile ${app.home}/config/acl/grant-editors.xml described by ${acl-description.editors} --> update permission writedb for id default_mods with rulefile /home/travis/build/MyCoRe-Org/mir/mir-cli/src/main/config/acl/grant-editors.xml described by administrators and editors&amp#27;[m&amp#27;[0m
&amp#27;[m&amp#27;[34m2021-06-10T18:24:32,193 [main] INFO   MCRCommand: Syntax matched (executed): update permission {0} for id {1} with rulefile {2} described by {3}&amp#27;[m&amp#27;[0m
&amp#27;[mnull Command processed (9 ms)
&amp#27;[34m2021-06-10T18:24:32,208 [main] INFO   MCRCommandLineInterface: update permission deletedb for id default_mods with rulefile ${app.home}/config/acl/grant-admin.xml described by ${acl-description.admins} --> update permission deletedb for id default_mods with rulefile /home/travis/build/MyCoRe-Org/mir/mir-cli/src/main/config/acl/grant-admin.xml described by administrators only&amp#27;[m&amp#27;[0m
&amp#27;[m&amp#27;[34m2021-06-10T18:24:32,209 [main] INFO   MCRCommand: Syntax matched (executed): update permission {0} for id {1} with rulefile {2} described by {3}&amp#27;[m&amp#27;[0m
&amp#27;[mnull Command processed (15 ms)
&amp#27;[34m2021-06-10T18:24:32,224 [main] INFO   MCRCommandLineInterface: update permission addurn for id default_derivate with rulefile ${app.home}/config/acl/grant-editors.xml described by ${acl-description.editors} --> update permission addurn for id default_derivate with rulefile /home/travis/build/MyCoRe-Org/mir/mir-cli/src/main/config/acl/grant-editors.xml described by administrators and editors&amp#27;[m&amp#27;[0m
&amp#27;[m&amp#27;[34m2021-06-10T18:24:32,224 [main] INFO   MCRCommand: Syntax matched (executed): update permission {0} for id {1} with rulefile {2} described by {3}&amp#27;[m&amp#27;[0m
&amp#27;[mnull Command processed (27 ms)
&amp#27;[34m2021-06-10T18:24:32,251 [main] INFO   MCRCommandLineInterface: update permission read for id derivate:mir_access:intern with rulefile ${app.home}/config/acl/require-login.xml described by ${acl-description.require-login} --> update permission read for id derivate:mir_access:intern with rulefile /home/travis/build/MyCoRe-Org/mir/mir-cli/src/main/config/acl/require-login.xml described by require login&amp#27;[m&amp#27;[0m
&amp#27;[m&amp#27;[34m2021-06-10T18:24:32,251 [main] INFO   MCRCommand: Syntax matched (executed): update permission {0} for id {1} with rulefile {2} described by {3}&amp#27;[m&amp#27;[0m
&amp#27;[mnull Command processed (28 ms)
&amp#27;[34m2021-06-10T18:24:32,280 [main] INFO   MCRCommandLineInterface: update permission read for id derivate:mir_access:unlimited with rulefile ${app.home}/config/acl/grant-all.xml described by ${acl-description.require-login} --> update permission read for id derivate:mir_access:unlimited with rulefile /home/travis/build/MyCoRe-Org/mir/mir-cli/src/main/config/acl/grant-all.xml described by require login&amp#27;[m&amp#27;[0m
&amp#27;[m&amp#27;[34m2021-06-10T18:24:32,280 [main] INFO   MCRCommand: Syntax matched (executed): update permission {0} for id {1} with rulefile {2} described by {3}&amp#27;[m&amp#27;[0m
&amp#27;[mnull Command processed (21 ms)
&amp#27;[34m2021-06-10T18:24:32,302 [main] INFO   MCRCommandLineInterface: update permission writedb for id mir_genres with rulefile ${app.home}/config/acl/grant-admin.xml described by ${acl-description.admins} --> update permission writedb for id mir_genres with rulefile /home/travis/build/MyCoRe-Org/mir/mir-cli/src/main/config/acl/grant-admin.xml described by administrators only&amp#27;[m&amp#27;[0m
&amp#27;[m&amp#27;[34m2021-06-10T18:24:32,302 [main] INFO   MCRCommand: Syntax matched (executed): update permission {0} for id {1} with rulefile {2} described by {3}&amp#27;[m&amp#27;[0m
&amp#27;[mnull Command processed (20 ms)
&amp#27;[34m2021-06-10T18:24:32,323 [main] INFO   MCRCommandLineInterface: update permission writedb for id mir_institutes with rulefile ${app.home}/config/acl/grant-admin.xml described by ${acl-description.admins} --> update permission writedb for id mir_institutes with rulefile /home/travis/build/MyCoRe-Org/mir/mir-cli/src/main/config/acl/grant-admin.xml described by administrators only&amp#27;[m&amp#27;[0m
&amp#27;[m&amp#27;[34m2021-06-10T18:24:32,323 [main] INFO   MCRCommand: Syntax matched (executed): update permission {0} for id {1} with rulefile {2} described by {3}&amp#27;[m&amp#27;[0m
&amp#27;[mnull Command processed (18 ms)
&amp#27;[34m2021-06-10T18:24:32,341 [main] INFO   MCRCommandLineInterface: update permission writedb for id mir_licenses with rulefile ${app.home}/config/acl/grant-admin.xml described by ${acl-description.admins} --> update permission writedb for id mir_licenses with rulefile /home/travis/build/MyCoRe-Org/mir/mir-cli/src/main/config/acl/grant-admin.xml described by administrators only&amp#27;[m&amp#27;[0m
&amp#27;[m&amp#27;[34m2021-06-10T18:24:32,342 [main] INFO   MCRCommand: Syntax matched (executed): update permission {0} for id {1} with rulefile {2} described by {3}&amp#27;[m&amp#27;[0m
&amp#27;[mnull Command processed (23 ms)
&amp#27;[34m2021-06-10T18:24:32,365 [main] INFO   MCRCommandLineInterface: update permission writedb for id rfc5646 with rulefile ${app.home}/config/acl/grant-admin.xml described by ${acl-description.admins} --> update permission writedb for id rfc5646 with rulefile /home/travis/build/MyCoRe-Org/mir/mir-cli/src/main/config/acl/grant-admin.xml described by administrators only&amp#27;[m&amp#27;[0m
&amp#27;[m&amp#27;[34m2021-06-10T18:24:32,365 [main] INFO   MCRCommand: Syntax matched (executed): update permission {0} for id {1} with rulefile {2} described by {3}&amp#27;[m&amp#27;[0m
&amp#27;[mnull Command processed (20 ms)
&amp#27;[34m2021-06-10T18:24:32,385 [main] INFO   MCRCommandLineInterface: update permission writedb for id marcrelator with rulefile ${app.home}/config/acl/grant-admin.xml described by ${acl-description.admins} --> update permission writedb for id marcrelator with rulefile /home/travis/build/MyCoRe-Org/mir/mir-cli/src/main/config/acl/grant-admin.xml described by administrators only&amp#27;[m&amp#27;[0m
&amp#27;[m&amp#27;[34m2021-06-10T18:24:32,386 [main] INFO   MCRCommand: Syntax matched (executed): update permission {0} for id {1} with rulefile {2} described by {3}&amp#27;[m&amp#27;[0m
&amp#27;[mnull Command processed (17 ms)
&amp#27;[34m2021-06-10T18:24:32,403 [main] INFO   MCRCommandLineInterface: update permission writedb for id noteTypes with rulefile ${app.home}/config/acl/grant-admin.xml described by ${acl-description.admins} --> update permission writedb for id noteTypes with rulefile /home/travis/build/MyCoRe-Org/mir/mir-cli/src/main/config/acl/grant-admin.xml described by administrators only&amp#27;[m&amp#27;[0m
&amp#27;[m&amp#27;[34m2021-06-10T18:24:32,403 [main] INFO   MCRCommand: Syntax matched (executed): update permission {0} for id {1} with rulefile {2} described by {3}&amp#27;[m&amp#27;[0m
&amp#27;[mnull Command processed (10 ms)
&amp#27;[34m2021-06-10T18:24:32,413 [main] INFO   MCRCommandLineInterface: update permission writedb for id SDNB with rulefile ${app.home}/config/acl/grant-admin.xml described by ${acl-description.admins} --> update permission writedb for id SDNB with rulefile /home/travis/build/MyCoRe-Org/mir/mir-cli/src/main/config/acl/grant-admin.xml described by administrators only&amp#27;[m&amp#27;[0m
&amp#27;[m&amp#27;[34m2021-06-10T18:24:32,413 [main] INFO   MCRCommand: Syntax matched (executed): update permission {0} for id {1} with rulefile {2} described by {3}&amp#27;[m&amp#27;[0m
&amp#27;[mnull Command processed (8 ms)
&amp#27;[34m2021-06-10T18:24:32,422 [main] INFO   MCRCommandLineInterface: update permission read for id mods:mir_access:accessKey with rulefile ${app.home}/config/acl/grant-editors.xml described by ${acl-description.editors} --> update permission read for id mods:mir_access:accessKey with rulefile /home/travis/build/MyCoRe-Org/mir/mir-cli/src/main/config/acl/grant-editors.xml described by administrators and editors&amp#27;[m&amp#27;[0m
&amp#27;[m&amp#27;[34m2021-06-10T18:24:32,422 [main] INFO   MCRCommand: Syntax matched (executed): update permission {0} for id {1} with rulefile {2} described by {3}&amp#27;[m&amp#27;[0m
&amp#27;[mnull Command processed (9 ms)
&amp#27;[34m2021-06-10T18:24:32,431 [main] INFO   MCRCommandLineInterface: update permission writedb for id mods:mir_access:accessKey with rulefile ${app.home}/config/acl/grant-editors.xml described by ${acl-description.editors} --> update permission writedb for id mods:mir_access:accessKey with rulefile /home/travis/build/MyCoRe-Org/mir/mir-cli/src/main/config/acl/grant-editors.xml described by administrators and editors&amp#27;[m&amp#27;[0m
&amp#27;[m&amp#27;[34m2021-06-10T18:24:32,431 [main] INFO   MCRCommand: Syntax matched (executed): update permission {0} for id {1} with rulefile {2} described by {3}&amp#27;[m&amp#27;[0m
&amp#27;[mnull Command processed (8 ms)
&amp#27;[34m2021-06-10T18:24:32,439 [main] INFO   MCRCommandLineInterface: update permission read for id derivate:mir_access:accessKey with rulefile ${app.home}/config/acl/grant-editors.xml described by ${acl-description.editors} --> update permission read for id derivate:mir_access:accessKey with rulefile /home/travis/build/MyCoRe-Org/mir/mir-cli/src/main/config/acl/grant-editors.xml described by administrators and editors&amp#27;[m&amp#27;[0m
&amp#27;[m&amp#27;[34m2021-06-10T18:24:32,439 [main] INFO   MCRCommand: Syntax matched (executed): update permission {0} for id {1} with rulefile {2} described by {3}&amp#27;[m&amp#27;[0m
&amp#27;[mnull Command processed (8 ms)
&amp#27;[34m2021-06-10T18:24:32,447 [main] INFO   MCRCommandLineInterface: update permission writedb for id derivate:mir_access:accessKey with rulefile ${app.home}/config/acl/grant-editors.xml described by ${acl-description.editors} --> update permission writedb for id derivate:mir_access:accessKey with rulefile /home/travis/build/MyCoRe-Org/mir/mir-cli/src/main/config/acl/grant-editors.xml described by administrators and editors&amp#27;[m&amp#27;[0m
&amp#27;[m&amp#27;[34m2021-06-10T18:24:32,448 [main] INFO   MCRCommand: Syntax matched (executed): update permission {0} for id {1} with rulefile {2} described by {3}&amp#27;[m&amp#27;[0m
&amp#27;[mnull Command processed (8 ms)
&amp#27;[34m2021-06-10T18:24:32,456 [main] INFO   MCRCommand: Syntax matched (executed): load classification from url {0}&amp#27;[m&amp#27;[0m
&amp#27;[m&amp#27;[34m2021-06-10T18:24:32,507 [main] INFO   MCRCategoryDAOImpl: Category mir_access saved.&amp#27;[m&amp#27;[0m
&amp#27;[mnull Command processed (51 ms)
&amp#27;[34m2021-06-10T18:24:32,886 [main] INFO   LogHelper: HHH000204: Processing PersistenceUnitInfo [name: mir-module]&amp#27;[m&amp#27;[0m
&amp#27;[m&amp#27;[34m2021-06-10T18:24:32,904 [main] INFO   HikariDataSource: HikariPool-63 - Starting...&amp#27;[m&amp#27;[0m
&amp#27;[m&amp#27;[31m2021-06-10T18:24:32,909 [main] WARN   DriverDataSource: Registered driver with driverClassName=org.hsqldb.jdbcDriver was not found, trying direct instantiation.&amp#27;[m&amp#27;[0m
&amp#27;[m&amp#27;[34m2021-06-10T18:24:32,910 [main] INFO   PoolBase: HikariPool-63 - Driver does not support get/set network timeout for connections. (feature not supported)&amp#27;[m&amp#27;[0m
&amp#27;[m&amp#27;[34m2021-06-10T18:24:32,912 [main] INFO   HikariDataSource: HikariPool-63 - Start completed.&amp#27;[m&amp#27;[0m
&amp#27;[m&amp#27;[34m2021-06-10T18:24:32,913 [main] INFO   Dialect: HHH000400: Using dialect: org.hibernate.dialect.HSQLDialect&amp#27;[m&amp#27;[0m
&amp#27;[m&amp#27;[31m2021-06-10T18:24:32,934 [main] WARN   JavaTypeDescriptorRegistry: HHH000481: Encountered Java type [class java.lang.Object] for which we could not locate a JavaTypeDescriptor and which does not appear to implement equals and/or hashCode.  This can lead to significant performance problems when performing equality/dirty checking involving this Java type.  Consider registering a custom JavaTypeDescriptor or at least implementing equals/hashCode.&amp#27;[m&amp#27;[0m
&amp#27;[m]]></system-out>
  </testcase>
  <testcase name="checkSuperUserPermission" classname="org.mycore.mir.authorization.MIRStrategyTest" time="1.397">
    <system-out><![CDATA[MyCoRe components detected: mcr:mycore-base, mcr:mycore-solr, mcr:mycore-user2, mcr:mycore-xeditor, mcr:mycore-classbrowser, mcr:mycore-mods, mcr:mycore-csl, mcr:mycore-ifs, mcr:mycore-pi, mcr:mycore-sword, mcr:mycore-wfc
Applications modules detected: app:mir-module
&amp#27;[34m2021-06-10T18:24:32,954 [main] INFO   MCRConfigurationInputStream: Current configuration directory: /tmp/junit11057615408979682655/mcrhome/mir-module&amp#27;[m&amp#27;[0m
&amp#27;[m&amp#27;[34m2021-06-10T18:24:32,999 [main] INFO   LogHelper: HHH000204: Processing PersistenceUnitInfo [name: mir-module]&amp#27;[m&amp#27;[0m
&amp#27;[m&amp#27;[34m2021-06-10T18:24:33,044 [main] INFO   HikariDataSource: HikariPool-64 - Starting...&amp#27;[m&amp#27;[0m
&amp#27;[m&amp#27;[31m2021-06-10T18:24:33,044 [main] WARN   DriverDataSource: Registered driver with driverClassName=org.hsqldb.jdbcDriver was not found, trying direct instantiation.&amp#27;[m&amp#27;[0m
&amp#27;[m&amp#27;[34m2021-06-10T18:24:33,054 [main] INFO   PoolBase: HikariPool-64 - Driver does not support get/set network timeout for connections. (feature not supported)&amp#27;[m&amp#27;[0m
&amp#27;[m&amp#27;[34m2021-06-10T18:24:33,069 [main] INFO   HikariDataSource: HikariPool-64 - Start completed.&amp#27;[m&amp#27;[0m
&amp#27;[m&amp#27;[34m2021-06-10T18:24:33,070 [main] INFO   Dialect: HHH000400: Using dialect: org.hibernate.dialect.HSQLDialect&amp#27;[m&amp#27;[0m
&amp#27;[m&amp#27;[31m2021-06-10T18:24:33,139 [main] WARN   JavaTypeDescriptorRegistry: HHH000481: Encountered Java type [class java.lang.Object] for which we could not locate a JavaTypeDescriptor and which does not appear to implement equals and/or hashCode.  This can lead to significant performance problems when performing equality/dirty checking involving this Java type.  Consider registering a custom JavaTypeDescriptor or at least implementing equals/hashCode.&amp#27;[m&amp#27;[0m
&amp#27;[m&amp#27;[31m2021-06-10T18:24:33,510 [main] WARN   MetadataContext: HHH015011: Unable to locate static metamodel field : org.mycore.datamodel.classifications2.MCRCategoryID_#id; this may or may not indicate a problem with the static metamodel&amp#27;[m&amp#27;[0m
&amp#27;[m&amp#27;[34m2021-06-10T18:24:33,517 [main] INFO   JtaPlatformInitiator: HHH000490: Using JtaPlatform implementation: [org.hibernate.engine.transaction.jta.platform.internal.NoJtaPlatform]&amp#27;[m&amp#27;[0m
&amp#27;[m&amp#27;[34m2021-06-10T18:24:33,587 [main] INFO   LogHelper: HHH000204: Processing PersistenceUnitInfo [name: mir-module]&amp#27;[m&amp#27;[0m
&amp#27;[m&amp#27;[34m2021-06-10T18:24:33,601 [main] INFO   HikariDataSource: HikariPool-65 - Starting...&amp#27;[m&amp#27;[0m
&amp#27;[m&amp#27;[31m2021-06-10T18:24:33,601 [main] WARN   DriverDataSource: Registered driver with driverClassName=org.hsqldb.jdbcDriver was not found, trying direct instantiation.&amp#27;[m&amp#27;[0m
&amp#27;[m&amp#27;[34m2021-06-10T18:24:33,602 [main] INFO   PoolBase: HikariPool-65 - Driver does not support get/set network timeout for connections. (feature not supported)&amp#27;[m&amp#27;[0m
&amp#27;[m&amp#27;[34m2021-06-10T18:24:33,604 [main] INFO   HikariDataSource: HikariPool-65 - Start completed.&amp#27;[m&amp#27;[0m
&amp#27;[m&amp#27;[34m2021-06-10T18:24:33,605 [main] INFO   Dialect: HHH000400: Using dialect: org.hibernate.dialect.HSQLDialect&amp#27;[m&amp#27;[0m
&amp#27;[m&amp#27;[31m2021-06-10T18:24:33,649 [main] WARN   JavaTypeDescriptorRegistry: HHH000481: Encountered Java type [class java.lang.Object] for which we could not locate a JavaTypeDescriptor and which does not appear to implement equals and/or hashCode.  This can lead to significant performance problems when performing equality/dirty checking involving this Java type.  Consider registering a custom JavaTypeDescriptor or at least implementing equals/hashCode.&amp#27;[m&amp#27;[0m
&amp#27;[mFile location: /MIRStrategyTest/class/mir_access.xml
&amp#27;[34m2021-06-10T18:24:33,681 [main] INFO   MCRCommandLineInterface: load permissions data from file ${app.home}/config/acl/permissions.xml --> load permissions data from file /home/travis/build/MyCoRe-Org/mir/mir-cli/src/main/config/acl/permissions.xml&amp#27;[m&amp#27;[0m
&amp#27;[m&amp#27;[34m2021-06-10T18:24:33,681 [main] INFO   MCRCommand: Syntax matched (executed): load permissions data from file {0}&amp#27;[m&amp#27;[0m
&amp#27;[m&amp#27;[34m2021-06-10T18:24:33,682 [main] INFO   MCRAccessCommands: Reading file /home/travis/build/MyCoRe-Org/mir/mir-cli/src/main/config/acl/permissions.xml ...&amp#27;[m&amp#27;[0m
&amp#27;[mnull Command processed (85 ms)
&amp#27;[34m2021-06-10T18:24:33,766 [main] INFO   MCRCommandLineInterface: update permission read for id default with rulefile ${app.home}/config/acl/grant-all.xml described by ${acl-description.all} --> update permission read for id default with rulefile /home/travis/build/MyCoRe-Org/mir/mir-cli/src/main/config/acl/grant-all.xml described by always allowed&amp#27;[m&amp#27;[0m
&amp#27;[m&amp#27;[34m2021-06-10T18:24:33,766 [main] INFO   MCRCommand: Syntax matched (executed): update permission {0} for id {1} with rulefile {2} described by {3}&amp#27;[m&amp#27;[0m
&amp#27;[mnull Command processed (18 ms)
&amp#27;[34m2021-06-10T18:24:33,784 [main] INFO   MCRCommandLineInterface: update permission writedb for id default with rulefile ${app.home}/config/acl/grant-admin.xml described by ${acl-description.admins} --> update permission writedb for id default with rulefile /home/travis/build/MyCoRe-Org/mir/mir-cli/src/main/config/acl/grant-admin.xml described by administrators only&amp#27;[m&amp#27;[0m
&amp#27;[m&amp#27;[34m2021-06-10T18:24:33,785 [main] INFO   MCRCommand: Syntax matched (executed): update permission {0} for id {1} with rulefile {2} described by {3}&amp#27;[m&amp#27;[0m
&amp#27;[mnull Command processed (24 ms)
&amp#27;[34m2021-06-10T18:24:33,809 [main] INFO   MCRCommandLineInterface: update permission deletedb for id default with rulefile ${app.home}/config/acl/grant-admin.xml described by ${acl-description.admins} --> update permission deletedb for id default with rulefile /home/travis/build/MyCoRe-Org/mir/mir-cli/src/main/config/acl/grant-admin.xml described by administrators only&amp#27;[m&amp#27;[0m
&amp#27;[m&amp#27;[34m2021-06-10T18:24:33,809 [main] INFO   MCRCommand: Syntax matched (executed): update permission {0} for id {1} with rulefile {2} described by {3}&amp#27;[m&amp#27;[0m
&amp#27;[mnull Command processed (7 ms)
&amp#27;[34m2021-06-10T18:24:33,817 [main] INFO   MCRCommandLineInterface: update permission view for id default_mods with rulefile ${app.home}/config/acl/grant-all.xml described by ${acl-description.all} --> update permission view for id default_mods with rulefile /home/travis/build/MyCoRe-Org/mir/mir-cli/src/main/config/acl/grant-all.xml described by always allowed&amp#27;[m&amp#27;[0m
&amp#27;[m&amp#27;[34m2021-06-10T18:24:33,817 [main] INFO   MCRCommand: Syntax matched (executed): update permission {0} for id {1} with rulefile {2} described by {3}&amp#27;[m&amp#27;[0m
&amp#27;[mnull Command processed (7 ms)
&amp#27;[34m2021-06-10T18:24:33,824 [main] INFO   MCRCommandLineInterface: update permission preview for id default_mods with rulefile ${app.home}/config/acl/grant-all.xml described by ${acl-description.all} --> update permission preview for id default_mods with rulefile /home/travis/build/MyCoRe-Org/mir/mir-cli/src/main/config/acl/grant-all.xml described by always allowed&amp#27;[m&amp#27;[0m
&amp#27;[m&amp#27;[34m2021-06-10T18:24:33,825 [main] INFO   MCRCommand: Syntax matched (executed): update permission {0} for id {1} with rulefile {2} described by {3}&amp#27;[m&amp#27;[0m
&amp#27;[mnull Command processed (6 ms)
&amp#27;[34m2021-06-10T18:24:33,831 [main] INFO   MCRCommandLineInterface: update permission read for id default_mods with rulefile ${app.home}/config/acl/grant-all.xml described by ${acl-description.all} --> update permission read for id default_mods with rulefile /home/travis/build/MyCoRe-Org/mir/mir-cli/src/main/config/acl/grant-all.xml described by always allowed&amp#27;[m&amp#27;[0m
&amp#27;[m&amp#27;[34m2021-06-10T18:24:33,831 [main] INFO   MCRCommand: Syntax matched (executed): update permission {0} for id {1} with rulefile {2} described by {3}&amp#27;[m&amp#27;[0m
&amp#27;[mnull Command processed (7 ms)
&amp#27;[34m2021-06-10T18:24:33,838 [main] INFO   MCRCommandLineInterface: update permission writedb for id default_mods with rulefile ${app.home}/config/acl/grant-editors.xml described by ${acl-description.editors} --> update permission writedb for id default_mods with rulefile /home/travis/build/MyCoRe-Org/mir/mir-cli/src/main/config/acl/grant-editors.xml described by administrators and editors&amp#27;[m&amp#27;[0m
&amp#27;[m&amp#27;[34m2021-06-10T18:24:33,838 [main] INFO   MCRCommand: Syntax matched (executed): update permission {0} for id {1} with rulefile {2} described by {3}&amp#27;[m&amp#27;[0m
&amp#27;[mnull Command processed (7 ms)
&amp#27;[34m2021-06-10T18:24:33,845 [main] INFO   MCRCommandLineInterface: update permission deletedb for id default_mods with rulefile ${app.home}/config/acl/grant-admin.xml described by ${acl-description.admins} --> update permission deletedb for id default_mods with rulefile /home/travis/build/MyCoRe-Org/mir/mir-cli/src/main/config/acl/grant-admin.xml described by administrators only&amp#27;[m&amp#27;[0m
&amp#27;[m&amp#27;[34m2021-06-10T18:24:33,845 [main] INFO   MCRCommand: Syntax matched (executed): update permission {0} for id {1} with rulefile {2} described by {3}&amp#27;[m&amp#27;[0m
&amp#27;[mnull Command processed (7 ms)
&amp#27;[34m2021-06-10T18:24:33,852 [main] INFO   MCRCommandLineInterface: update permission addurn for id default_derivate with rulefile ${app.home}/config/acl/grant-editors.xml described by ${acl-description.editors} --> update permission addurn for id default_derivate with rulefile /home/travis/build/MyCoRe-Org/mir/mir-cli/src/main/config/acl/grant-editors.xml described by administrators and editors&amp#27;[m&amp#27;[0m
&amp#27;[m&amp#27;[34m2021-06-10T18:24:33,852 [main] INFO   MCRCommand: Syntax matched (executed): update permission {0} for id {1} with rulefile {2} described by {3}&amp#27;[m&amp#27;[0m
&amp#27;[mnull Command processed (7 ms)
&amp#27;[34m2021-06-10T18:24:33,859 [main] INFO   MCRCommandLineInterface: update permission read for id derivate:mir_access:intern with rulefile ${app.home}/config/acl/require-login.xml described by ${acl-description.require-login} --> update permission read for id derivate:mir_access:intern with rulefile /home/travis/build/MyCoRe-Org/mir/mir-cli/src/main/config/acl/require-login.xml described by require login&amp#27;[m&amp#27;[0m
&amp#27;[m&amp#27;[34m2021-06-10T18:24:33,859 [main] INFO   MCRCommand: Syntax matched (executed): update permission {0} for id {1} with rulefile {2} described by {3}&amp#27;[m&amp#27;[0m
&amp#27;[mnull Command processed (10 ms)
&amp#27;[34m2021-06-10T18:24:33,869 [main] INFO   MCRCommandLineInterface: update permission read for id derivate:mir_access:unlimited with rulefile ${app.home}/config/acl/grant-all.xml described by ${acl-description.require-login} --> update permission read for id derivate:mir_access:unlimited with rulefile /home/travis/build/MyCoRe-Org/mir/mir-cli/src/main/config/acl/grant-all.xml described by require login&amp#27;[m&amp#27;[0m
&amp#27;[m&amp#27;[34m2021-06-10T18:24:33,869 [main] INFO   MCRCommand: Syntax matched (executed): update permission {0} for id {1} with rulefile {2} described by {3}&amp#27;[m&amp#27;[0m
&amp#27;[mnull Command processed (10 ms)
&amp#27;[34m2021-06-10T18:24:33,879 [main] INFO   MCRCommandLineInterface: update permission writedb for id mir_genres with rulefile ${app.home}/config/acl/grant-admin.xml described by ${acl-description.admins} --> update permission writedb for id mir_genres with rulefile /home/travis/build/MyCoRe-Org/mir/mir-cli/src/main/config/acl/grant-admin.xml described by administrators only&amp#27;[m&amp#27;[0m
&amp#27;[m&amp#27;[34m2021-06-10T18:24:33,879 [main] INFO   MCRCommand: Syntax matched (executed): update permission {0} for id {1} with rulefile {2} described by {3}&amp#27;[m&amp#27;[0m
&amp#27;[mnull Command processed (7 ms)
&amp#27;[34m2021-06-10T18:24:33,886 [main] INFO   MCRCommandLineInterface: update permission writedb for id mir_institutes with rulefile ${app.home}/config/acl/grant-admin.xml described by ${acl-description.admins} --> update permission writedb for id mir_institutes with rulefile /home/travis/build/MyCoRe-Org/mir/mir-cli/src/main/config/acl/grant-admin.xml described by administrators only&amp#27;[m&amp#27;[0m
&amp#27;[m&amp#27;[34m2021-06-10T18:24:33,886 [main] INFO   MCRCommand: Syntax matched (executed): update permission {0} for id {1} with rulefile {2} described by {3}&amp#27;[m&amp#27;[0m
&amp#27;[mnull Command processed (7 ms)
&amp#27;[34m2021-06-10T18:24:33,893 [main] INFO   MCRCommandLineInterface: update permission writedb for id mir_licenses with rulefile ${app.home}/config/acl/grant-admin.xml described by ${acl-description.admins} --> update permission writedb for id mir_licenses with rulefile /home/travis/build/MyCoRe-Org/mir/mir-cli/src/main/config/acl/grant-admin.xml described by administrators only&amp#27;[m&amp#27;[0m
&amp#27;[m&amp#27;[34m2021-06-10T18:24:33,894 [main] INFO   MCRCommand: Syntax matched (executed): update permission {0} for id {1} with rulefile {2} described by {3}&amp#27;[m&amp#27;[0m
&amp#27;[mnull Command processed (8 ms)
&amp#27;[34m2021-06-10T18:24:33,901 [main] INFO   MCRCommandLineInterface: update permission writedb for id rfc5646 with rulefile ${app.home}/config/acl/grant-admin.xml described by ${acl-description.admins} --> update permission writedb for id rfc5646 with rulefile /home/travis/build/MyCoRe-Org/mir/mir-cli/src/main/config/acl/grant-admin.xml described by administrators only&amp#27;[m&amp#27;[0m
&amp#27;[m&amp#27;[34m2021-06-10T18:24:33,901 [main] INFO   MCRCommand: Syntax matched (executed): update permission {0} for id {1} with rulefile {2} described by {3}&amp#27;[m&amp#27;[0m
&amp#27;[mnull Command processed (7 ms)
&amp#27;[34m2021-06-10T18:24:33,909 [main] INFO   MCRCommandLineInterface: update permission writedb for id marcrelator with rulefile ${app.home}/config/acl/grant-admin.xml described by ${acl-description.admins} --> update permission writedb for id marcrelator with rulefile /home/travis/build/MyCoRe-Org/mir/mir-cli/src/main/config/acl/grant-admin.xml described by administrators only&amp#27;[m&amp#27;[0m
&amp#27;[m&amp#27;[34m2021-06-10T18:24:33,909 [main] INFO   MCRCommand: Syntax matched (executed): update permission {0} for id {1} with rulefile {2} described by {3}&amp#27;[m&amp#27;[0m
&amp#27;[mnull Command processed (7 ms)
&amp#27;[34m2021-06-10T18:24:33,917 [main] INFO   MCRCommandLineInterface: update permission writedb for id noteTypes with rulefile ${app.home}/config/acl/grant-admin.xml described by ${acl-description.admins} --> update permission writedb for id noteTypes with rulefile /home/travis/build/MyCoRe-Org/mir/mir-cli/src/main/config/acl/grant-admin.xml described by administrators only&amp#27;[m&amp#27;[0m
&amp#27;[m&amp#27;[34m2021-06-10T18:24:33,917 [main] INFO   MCRCommand: Syntax matched (executed): update permission {0} for id {1} with rulefile {2} described by {3}&amp#27;[m&amp#27;[0m
&amp#27;[mnull Command processed (6 ms)
&amp#27;[34m2021-06-10T18:24:33,924 [main] INFO   MCRCommandLineInterface: update permission writedb for id SDNB with rulefile ${app.home}/config/acl/grant-admin.xml described by ${acl-description.admins} --> update permission writedb for id SDNB with rulefile /home/travis/build/MyCoRe-Org/mir/mir-cli/src/main/config/acl/grant-admin.xml described by administrators only&amp#27;[m&amp#27;[0m
&amp#27;[m&amp#27;[34m2021-06-10T18:24:33,924 [main] INFO   MCRCommand: Syntax matched (executed): update permission {0} for id {1} with rulefile {2} described by {3}&amp#27;[m&amp#27;[0m
&amp#27;[mnull Command processed (7 ms)
&amp#27;[34m2021-06-10T18:24:33,931 [main] INFO   MCRCommandLineInterface: update permission read for id mods:mir_access:accessKey with rulefile ${app.home}/config/acl/grant-editors.xml described by ${acl-description.editors} --> update permission read for id mods:mir_access:accessKey with rulefile /home/travis/build/MyCoRe-Org/mir/mir-cli/src/main/config/acl/grant-editors.xml described by administrators and editors&amp#27;[m&amp#27;[0m
&amp#27;[m&amp#27;[34m2021-06-10T18:24:33,933 [main] INFO   MCRCommand: Syntax matched (executed): update permission {0} for id {1} with rulefile {2} described by {3}&amp#27;[m&amp#27;[0m
&amp#27;[mnull Command processed (5 ms)
&amp#27;[34m2021-06-10T18:24:33,938 [main] INFO   MCRCommandLineInterface: update permission writedb for id mods:mir_access:accessKey with rulefile ${app.home}/config/acl/grant-editors.xml described by ${acl-description.editors} --> update permission writedb for id mods:mir_access:accessKey with rulefile /home/travis/build/MyCoRe-Org/mir/mir-cli/src/main/config/acl/grant-editors.xml described by administrators and editors&amp#27;[m&amp#27;[0m
&amp#27;[m&amp#27;[34m2021-06-10T18:24:33,938 [main] INFO   MCRCommand: Syntax matched (executed): update permission {0} for id {1} with rulefile {2} described by {3}&amp#27;[m&amp#27;[0m
&amp#27;[mnull Command processed (15 ms)
&amp#27;[34m2021-06-10T18:24:33,954 [main] INFO   MCRCommandLineInterface: update permission read for id derivate:mir_access:accessKey with rulefile ${app.home}/config/acl/grant-editors.xml described by ${acl-description.editors} --> update permission read for id derivate:mir_access:accessKey with rulefile /home/travis/build/MyCoRe-Org/mir/mir-cli/src/main/config/acl/grant-editors.xml described by administrators and editors&amp#27;[m&amp#27;[0m
&amp#27;[m&amp#27;[34m2021-06-10T18:24:33,954 [main] INFO   MCRCommand: Syntax matched (executed): update permission {0} for id {1} with rulefile {2} described by {3}&amp#27;[m&amp#27;[0m
&amp#27;[mnull Command processed (13 ms)
&amp#27;[34m2021-06-10T18:24:33,967 [main] INFO   MCRCommandLineInterface: update permission writedb for id derivate:mir_access:accessKey with rulefile ${app.home}/config/acl/grant-editors.xml described by ${acl-description.editors} --> update permission writedb for id derivate:mir_access:accessKey with rulefile /home/travis/build/MyCoRe-Org/mir/mir-cli/src/main/config/acl/grant-editors.xml described by administrators and editors&amp#27;[m&amp#27;[0m
&amp#27;[m&amp#27;[34m2021-06-10T18:24:33,967 [main] INFO   MCRCommand: Syntax matched (executed): update permission {0} for id {1} with rulefile {2} described by {3}&amp#27;[m&amp#27;[0m
&amp#27;[mnull Command processed (15 ms)
&amp#27;[34m2021-06-10T18:24:33,982 [main] INFO   MCRCommand: Syntax matched (executed): load classification from url {0}&amp#27;[m&amp#27;[0m
&amp#27;[m&amp#27;[34m2021-06-10T18:24:34,011 [main] INFO   MCRCategoryDAOImpl: Category mir_access saved.&amp#27;[m&amp#27;[0m
&amp#27;[mnull Command processed (29 ms)
&amp#27;[34m2021-06-10T18:24:34,300 [main] INFO   LogHelper: HHH000204: Processing PersistenceUnitInfo [name: mir-module]&amp#27;[m&amp#27;[0m
&amp#27;[m&amp#27;[34m2021-06-10T18:24:34,317 [main] INFO   HikariDataSource: HikariPool-66 - Starting...&amp#27;[m&amp#27;[0m
&amp#27;[m&amp#27;[31m2021-06-10T18:24:34,317 [main] WARN   DriverDataSource: Registered driver with driverClassName=org.hsqldb.jdbcDriver was not found, trying direct instantiation.&amp#27;[m&amp#27;[0m
&amp#27;[m&amp#27;[34m2021-06-10T18:24:34,318 [main] INFO   PoolBase: HikariPool-66 - Driver does not support get/set network timeout for connections. (feature not supported)&amp#27;[m&amp#27;[0m
&amp#27;[m&amp#27;[34m2021-06-10T18:24:34,324 [main] INFO   HikariDataSource: HikariPool-66 - Start completed.&amp#27;[m&amp#27;[0m
&amp#27;[m&amp#27;[34m2021-06-10T18:24:34,324 [main] INFO   Dialect: HHH000400: Using dialect: org.hibernate.dialect.HSQLDialect&amp#27;[m&amp#27;[0m
&amp#27;[m&amp#27;[31m2021-06-10T18:24:34,343 [main] WARN   JavaTypeDescriptorRegistry: HHH000481: Encountered Java type [class java.lang.Object] for which we could not locate a JavaTypeDescriptor and which does not appear to implement equals and/or hashCode.  This can lead to significant performance problems when performing equality/dirty checking involving this Java type.  Consider registering a custom JavaTypeDescriptor or at least implementing equals/hashCode.&amp#27;[m&amp#27;[0m
&amp#27;[m]]></system-out>
  </testcase>
  <testcase name="checkAccessKeyPermission" classname="org.mycore.mir.authorization.MIRStrategyTest" time="4.016">
    <system-out><![CDATA[MyCoRe components detected: mcr:mycore-base, mcr:mycore-solr, mcr:mycore-user2, mcr:mycore-xeditor, mcr:mycore-classbrowser, mcr:mycore-mods, mcr:mycore-csl, mcr:mycore-ifs, mcr:mycore-pi, mcr:mycore-sword, mcr:mycore-wfc
Applications modules detected: app:mir-module
&amp#27;[34m2021-06-10T18:24:34,384 [main] INFO   MCRConfigurationInputStream: Current configuration directory: /tmp/junit11057615408979682655/mcrhome/mir-module&amp#27;[m&amp#27;[0m
&amp#27;[m&amp#27;[34m2021-06-10T18:24:34,457 [main] INFO   LogHelper: HHH000204: Processing PersistenceUnitInfo [name: mir-module]&amp#27;[m&amp#27;[0m
&amp#27;[m&amp#27;[34m2021-06-10T18:24:34,479 [main] INFO   HikariDataSource: HikariPool-67 - Starting...&amp#27;[m&amp#27;[0m
&amp#27;[m&amp#27;[31m2021-06-10T18:24:34,479 [main] WARN   DriverDataSource: Registered driver with driverClassName=org.hsqldb.jdbcDriver was not found, trying direct instantiation.&amp#27;[m&amp#27;[0m
&amp#27;[m&amp#27;[34m2021-06-10T18:24:34,480 [main] INFO   PoolBase: HikariPool-67 - Driver does not support get/set network timeout for connections. (feature not supported)&amp#27;[m&amp#27;[0m
&amp#27;[m&amp#27;[34m2021-06-10T18:24:34,481 [main] INFO   HikariDataSource: HikariPool-67 - Start completed.&amp#27;[m&amp#27;[0m
&amp#27;[m&amp#27;[34m2021-06-10T18:24:34,481 [main] INFO   Dialect: HHH000400: Using dialect: org.hibernate.dialect.HSQLDialect&amp#27;[m&amp#27;[0m
&amp#27;[m&amp#27;[31m2021-06-10T18:24:34,532 [main] WARN   JavaTypeDescriptorRegistry: HHH000481: Encountered Java type [class java.lang.Object] for which we could not locate a JavaTypeDescriptor and which does not appear to implement equals and/or hashCode.  This can lead to significant performance problems when performing equality/dirty checking involving this Java type.  Consider registering a custom JavaTypeDescriptor or at least implementing equals/hashCode.&amp#27;[m&amp#27;[0m
&amp#27;[m&amp#27;[31m2021-06-10T18:24:34,727 [main] WARN   MetadataContext: HHH015011: Unable to locate static metamodel field : org.mycore.datamodel.classifications2.MCRCategoryID_#id; this may or may not indicate a problem with the static metamodel&amp#27;[m&amp#27;[0m
&amp#27;[m&amp#27;[34m2021-06-10T18:24:34,731 [main] INFO   JtaPlatformInitiator: HHH000490: Using JtaPlatform implementation: [org.hibernate.engine.transaction.jta.platform.internal.NoJtaPlatform]&amp#27;[m&amp#27;[0m
&amp#27;[m&amp#27;[34m2021-06-10T18:24:34,782 [main] INFO   LogHelper: HHH000204: Processing PersistenceUnitInfo [name: mir-module]&amp#27;[m&amp#27;[0m
&amp#27;[m&amp#27;[34m2021-06-10T18:24:34,795 [main] INFO   HikariDataSource: HikariPool-68 - Starting...&amp#27;[m&amp#27;[0m
&amp#27;[m&amp#27;[31m2021-06-10T18:24:34,796 [main] WARN   DriverDataSource: Registered driver with driverClassName=org.hsqldb.jdbcDriver was not found, trying direct instantiation.&amp#27;[m&amp#27;[0m
&amp#27;[m&amp#27;[34m2021-06-10T18:24:34,796 [main] INFO   PoolBase: HikariPool-68 - Driver does not support get/set network timeout for connections. (feature not supported)&amp#27;[m&amp#27;[0m
&amp#27;[m&amp#27;[34m2021-06-10T18:24:34,797 [main] INFO   HikariDataSource: HikariPool-68 - Start completed.&amp#27;[m&amp#27;[0m
&amp#27;[m&amp#27;[34m2021-06-10T18:24:34,797 [main] INFO   Dialect: HHH000400: Using dialect: org.hibernate.dialect.HSQLDialect&amp#27;[m&amp#27;[0m
&amp#27;[m&amp#27;[31m2021-06-10T18:24:34,817 [main] WARN   JavaTypeDescriptorRegistry: HHH000481: Encountered Java type [class java.lang.Object] for which we could not locate a JavaTypeDescriptor and which does not appear to implement equals and/or hashCode.  This can lead to significant performance problems when performing equality/dirty checking involving this Java type.  Consider registering a custom JavaTypeDescriptor or at least implementing equals/hashCode.&amp#27;[m&amp#27;[0m
&amp#27;[mFile location: /MIRStrategyTest/class/mir_access.xml
&amp#27;[34m2021-06-10T18:24:34,854 [main] INFO   MCRCommandLineInterface: load permissions data from file ${app.home}/config/acl/permissions.xml --> load permissions data from file /home/travis/build/MyCoRe-Org/mir/mir-cli/src/main/config/acl/permissions.xml&amp#27;[m&amp#27;[0m
&amp#27;[m&amp#27;[34m2021-06-10T18:24:34,854 [main] INFO   MCRCommand: Syntax matched (executed): load permissions data from file {0}&amp#27;[m&amp#27;[0m
&amp#27;[m&amp#27;[34m2021-06-10T18:24:34,854 [main] INFO   MCRAccessCommands: Reading file /home/travis/build/MyCoRe-Org/mir/mir-cli/src/main/config/acl/permissions.xml ...&amp#27;[m&amp#27;[0m
&amp#27;[mnull Command processed (67 ms)
&amp#27;[34m2021-06-10T18:24:34,921 [main] INFO   MCRCommandLineInterface: update permission read for id default with rulefile ${app.home}/config/acl/grant-all.xml described by ${acl-description.all} --> update permission read for id default with rulefile /home/travis/build/MyCoRe-Org/mir/mir-cli/src/main/config/acl/grant-all.xml described by always allowed&amp#27;[m&amp#27;[0m
&amp#27;[m&amp#27;[34m2021-06-10T18:24:34,922 [main] INFO   MCRCommand: Syntax matched (executed): update permission {0} for id {1} with rulefile {2} described by {3}&amp#27;[m&amp#27;[0m
&amp#27;[mnull Command processed (14 ms)
&amp#27;[34m2021-06-10T18:24:34,936 [main] INFO   MCRCommandLineInterface: update permission writedb for id default with rulefile ${app.home}/config/acl/grant-admin.xml described by ${acl-description.admins} --> update permission writedb for id default with rulefile /home/travis/build/MyCoRe-Org/mir/mir-cli/src/main/config/acl/grant-admin.xml described by administrators only&amp#27;[m&amp#27;[0m
&amp#27;[m&amp#27;[34m2021-06-10T18:24:34,936 [main] INFO   MCRCommand: Syntax matched (executed): update permission {0} for id {1} with rulefile {2} described by {3}&amp#27;[m&amp#27;[0m
&amp#27;[mnull Command processed (14 ms)
&amp#27;[34m2021-06-10T18:24:34,951 [main] INFO   MCRCommandLineInterface: update permission deletedb for id default with rulefile ${app.home}/config/acl/grant-admin.xml described by ${acl-description.admins} --> update permission deletedb for id default with rulefile /home/travis/build/MyCoRe-Org/mir/mir-cli/src/main/config/acl/grant-admin.xml described by administrators only&amp#27;[m&amp#27;[0m
&amp#27;[m&amp#27;[34m2021-06-10T18:24:34,951 [main] INFO   MCRCommand: Syntax matched (executed): update permission {0} for id {1} with rulefile {2} described by {3}&amp#27;[m&amp#27;[0m
&amp#27;[mnull Command processed (13 ms)
&amp#27;[34m2021-06-10T18:24:34,968 [main] INFO   MCRCommandLineInterface: update permission view for id default_mods with rulefile ${app.home}/config/acl/grant-all.xml described by ${acl-description.all} --> update permission view for id default_mods with rulefile /home/travis/build/MyCoRe-Org/mir/mir-cli/src/main/config/acl/grant-all.xml described by always allowed&amp#27;[m&amp#27;[0m
&amp#27;[m&amp#27;[34m2021-06-10T18:24:34,968 [main] INFO   MCRCommand: Syntax matched (executed): update permission {0} for id {1} with rulefile {2} described by {3}&amp#27;[m&amp#27;[0m
&amp#27;[mnull Command processed (16 ms)
&amp#27;[34m2021-06-10T18:24:34,985 [main] INFO   MCRCommandLineInterface: update permission preview for id default_mods with rulefile ${app.home}/config/acl/grant-all.xml described by ${acl-description.all} --> update permission preview for id default_mods with rulefile /home/travis/build/MyCoRe-Org/mir/mir-cli/src/main/config/acl/grant-all.xml described by always allowed&amp#27;[m&amp#27;[0m
&amp#27;[m&amp#27;[34m2021-06-10T18:24:34,985 [main] INFO   MCRCommand: Syntax matched (executed): update permission {0} for id {1} with rulefile {2} described by {3}&amp#27;[m&amp#27;[0m
&amp#27;[mnull Command processed (15 ms)
&amp#27;[34m2021-06-10T18:24:35,001 [main] INFO   MCRCommandLineInterface: update permission read for id default_mods with rulefile ${app.home}/config/acl/grant-all.xml described by ${acl-description.all} --> update permission read for id default_mods with rulefile /home/travis/build/MyCoRe-Org/mir/mir-cli/src/main/config/acl/grant-all.xml described by always allowed&amp#27;[m&amp#27;[0m
&amp#27;[m&amp#27;[34m2021-06-10T18:24:35,001 [main] INFO   MCRCommand: Syntax matched (executed): update permission {0} for id {1} with rulefile {2} described by {3}&amp#27;[m&amp#27;[0m
&amp#27;[mnull Command processed (7 ms)
&amp#27;[34m2021-06-10T18:24:35,009 [main] INFO   MCRCommandLineInterface: update permission writedb for id default_mods with rulefile ${app.home}/config/acl/grant-editors.xml described by ${acl-description.editors} --> update permission writedb for id default_mods with rulefile /home/travis/build/MyCoRe-Org/mir/mir-cli/src/main/config/acl/grant-editors.xml described by administrators and editors&amp#27;[m&amp#27;[0m
&amp#27;[m&amp#27;[34m2021-06-10T18:24:35,009 [main] INFO   MCRCommand: Syntax matched (executed): update permission {0} for id {1} with rulefile {2} described by {3}&amp#27;[m&amp#27;[0m
&amp#27;[mnull Command processed (7 ms)
&amp#27;[34m2021-06-10T18:24:35,017 [main] INFO   MCRCommandLineInterface: update permission deletedb for id default_mods with rulefile ${app.home}/config/acl/grant-admin.xml described by ${acl-description.admins} --> update permission deletedb for id default_mods with rulefile /home/travis/build/MyCoRe-Org/mir/mir-cli/src/main/config/acl/grant-admin.xml described by administrators only&amp#27;[m&amp#27;[0m
&amp#27;[m&amp#27;[34m2021-06-10T18:24:35,017 [main] INFO   MCRCommand: Syntax matched (executed): update permission {0} for id {1} with rulefile {2} described by {3}&amp#27;[m&amp#27;[0m
&amp#27;[mnull Command processed (7 ms)
&amp#27;[34m2021-06-10T18:24:35,024 [main] INFO   MCRCommandLineInterface: update permission addurn for id default_derivate with rulefile ${app.home}/config/acl/grant-editors.xml described by ${acl-description.editors} --> update permission addurn for id default_derivate with rulefile /home/travis/build/MyCoRe-Org/mir/mir-cli/src/main/config/acl/grant-editors.xml described by administrators and editors&amp#27;[m&amp#27;[0m
&amp#27;[m&amp#27;[34m2021-06-10T18:24:35,024 [main] INFO   MCRCommand: Syntax matched (executed): update permission {0} for id {1} with rulefile {2} described by {3}&amp#27;[m&amp#27;[0m
&amp#27;[mnull Command processed (6 ms)
&amp#27;[34m2021-06-10T18:24:35,030 [main] INFO   MCRCommandLineInterface: update permission read for id derivate:mir_access:intern with rulefile ${app.home}/config/acl/require-login.xml described by ${acl-description.require-login} --> update permission read for id derivate:mir_access:intern with rulefile /home/travis/build/MyCoRe-Org/mir/mir-cli/src/main/config/acl/require-login.xml described by require login&amp#27;[m&amp#27;[0m
&amp#27;[m&amp#27;[34m2021-06-10T18:24:35,031 [main] INFO   MCRCommand: Syntax matched (executed): update permission {0} for id {1} with rulefile {2} described by {3}&amp#27;[m&amp#27;[0m
&amp#27;[mnull Command processed (8 ms)
&amp#27;[34m2021-06-10T18:24:35,039 [main] INFO   MCRCommandLineInterface: update permission read for id derivate:mir_access:unlimited with rulefile ${app.home}/config/acl/grant-all.xml described by ${acl-description.require-login} --> update permission read for id derivate:mir_access:unlimited with rulefile /home/travis/build/MyCoRe-Org/mir/mir-cli/src/main/config/acl/grant-all.xml described by require login&amp#27;[m&amp#27;[0m
&amp#27;[m&amp#27;[34m2021-06-10T18:24:35,040 [main] INFO   MCRCommand: Syntax matched (executed): update permission {0} for id {1} with rulefile {2} described by {3}&amp#27;[m&amp#27;[0m
&amp#27;[mnull Command processed (6 ms)
&amp#27;[34m2021-06-10T18:24:35,046 [main] INFO   MCRCommandLineInterface: update permission writedb for id mir_genres with rulefile ${app.home}/config/acl/grant-admin.xml described by ${acl-description.admins} --> update permission writedb for id mir_genres with rulefile /home/travis/build/MyCoRe-Org/mir/mir-cli/src/main/config/acl/grant-admin.xml described by administrators only&amp#27;[m&amp#27;[0m
&amp#27;[m&amp#27;[34m2021-06-10T18:24:35,046 [main] INFO   MCRCommand: Syntax matched (executed): update permission {0} for id {1} with rulefile {2} described by {3}&amp#27;[m&amp#27;[0m
&amp#27;[mnull Command processed (17 ms)
&amp#27;[34m2021-06-10T18:24:35,063 [main] INFO   MCRCommandLineInterface: update permission writedb for id mir_institutes with rulefile ${app.home}/config/acl/grant-admin.xml described by ${acl-description.admins} --> update permission writedb for id mir_institutes with rulefile /home/travis/build/MyCoRe-Org/mir/mir-cli/src/main/config/acl/grant-admin.xml described by administrators only&amp#27;[m&amp#27;[0m
&amp#27;[m&amp#27;[34m2021-06-10T18:24:35,064 [main] INFO   MCRCommand: Syntax matched (executed): update permission {0} for id {1} with rulefile {2} described by {3}&amp#27;[m&amp#27;[0m
&amp#27;[mnull Command processed (6 ms)
&amp#27;[34m2021-06-10T18:24:35,070 [main] INFO   MCRCommandLineInterface: update permission writedb for id mir_licenses with rulefile ${app.home}/config/acl/grant-admin.xml described by ${acl-description.admins} --> update permission writedb for id mir_licenses with rulefile /home/travis/build/MyCoRe-Org/mir/mir-cli/src/main/config/acl/grant-admin.xml described by administrators only&amp#27;[m&amp#27;[0m
&amp#27;[m&amp#27;[34m2021-06-10T18:24:35,070 [main] INFO   MCRCommand: Syntax matched (executed): update permission {0} for id {1} with rulefile {2} described by {3}&amp#27;[m&amp#27;[0m
&amp#27;[mnull Command processed (7 ms)
&amp#27;[34m2021-06-10T18:24:35,077 [main] INFO   MCRCommandLineInterface: update permission writedb for id rfc5646 with rulefile ${app.home}/config/acl/grant-admin.xml described by ${acl-description.admins} --> update permission writedb for id rfc5646 with rulefile /home/travis/build/MyCoRe-Org/mir/mir-cli/src/main/config/acl/grant-admin.xml described by administrators only&amp#27;[m&amp#27;[0m
&amp#27;[m&amp#27;[34m2021-06-10T18:24:35,077 [main] INFO   MCRCommand: Syntax matched (executed): update permission {0} for id {1} with rulefile {2} described by {3}&amp#27;[m&amp#27;[0m
&amp#27;[mnull Command processed (6 ms)
&amp#27;[34m2021-06-10T18:24:35,083 [main] INFO   MCRCommandLineInterface: update permission writedb for id marcrelator with rulefile ${app.home}/config/acl/grant-admin.xml described by ${acl-description.admins} --> update permission writedb for id marcrelator with rulefile /home/travis/build/MyCoRe-Org/mir/mir-cli/src/main/config/acl/grant-admin.xml described by administrators only&amp#27;[m&amp#27;[0m
&amp#27;[m&amp#27;[34m2021-06-10T18:24:35,083 [main] INFO   MCRCommand: Syntax matched (executed): update permission {0} for id {1} with rulefile {2} described by {3}&amp#27;[m&amp#27;[0m
&amp#27;[mnull Command processed (6 ms)
&amp#27;[34m2021-06-10T18:24:35,090 [main] INFO   MCRCommandLineInterface: update permission writedb for id noteTypes with rulefile ${app.home}/config/acl/grant-admin.xml described by ${acl-description.admins} --> update permission writedb for id noteTypes with rulefile /home/travis/build/MyCoRe-Org/mir/mir-cli/src/main/config/acl/grant-admin.xml described by administrators only&amp#27;[m&amp#27;[0m
&amp#27;[m&amp#27;[34m2021-06-10T18:24:35,090 [main] INFO   MCRCommand: Syntax matched (executed): update permission {0} for id {1} with rulefile {2} described by {3}&amp#27;[m&amp#27;[0m
&amp#27;[mnull Command processed (6 ms)
&amp#27;[34m2021-06-10T18:24:35,096 [main] INFO   MCRCommandLineInterface: update permission writedb for id SDNB with rulefile ${app.home}/config/acl/grant-admin.xml described by ${acl-description.admins} --> update permission writedb for id SDNB with rulefile /home/travis/build/MyCoRe-Org/mir/mir-cli/src/main/config/acl/grant-admin.xml described by administrators only&amp#27;[m&amp#27;[0m
&amp#27;[m&amp#27;[34m2021-06-10T18:24:35,096 [main] INFO   MCRCommand: Syntax matched (executed): update permission {0} for id {1} with rulefile {2} described by {3}&amp#27;[m&amp#27;[0m
&amp#27;[mnull Command processed (9 ms)
&amp#27;[34m2021-06-10T18:24:35,105 [main] INFO   MCRCommandLineInterface: update permission read for id mods:mir_access:accessKey with rulefile ${app.home}/config/acl/grant-editors.xml described by ${acl-description.editors} --> update permission read for id mods:mir_access:accessKey with rulefile /home/travis/build/MyCoRe-Org/mir/mir-cli/src/main/config/acl/grant-editors.xml described by administrators and editors&amp#27;[m&amp#27;[0m
&amp#27;[m&amp#27;[34m2021-06-10T18:24:35,105 [main] INFO   MCRCommand: Syntax matched (executed): update permission {0} for id {1} with rulefile {2} described by {3}&amp#27;[m&amp#27;[0m
&amp#27;[mnull Command processed (12 ms)
&amp#27;[34m2021-06-10T18:24:35,117 [main] INFO   MCRCommandLineInterface: update permission writedb for id mods:mir_access:accessKey with rulefile ${app.home}/config/acl/grant-editors.xml described by ${acl-description.editors} --> update permission writedb for id mods:mir_access:accessKey with rulefile /home/travis/build/MyCoRe-Org/mir/mir-cli/src/main/config/acl/grant-editors.xml described by administrators and editors&amp#27;[m&amp#27;[0m
&amp#27;[m&amp#27;[34m2021-06-10T18:24:35,117 [main] INFO   MCRCommand: Syntax matched (executed): update permission {0} for id {1} with rulefile {2} described by {3}&amp#27;[m&amp#27;[0m
&amp#27;[mnull Command processed (13 ms)
&amp#27;[34m2021-06-10T18:24:35,130 [main] INFO   MCRCommandLineInterface: update permission read for id derivate:mir_access:accessKey with rulefile ${app.home}/config/acl/grant-editors.xml described by ${acl-description.editors} --> update permission read for id derivate:mir_access:accessKey with rulefile /home/travis/build/MyCoRe-Org/mir/mir-cli/src/main/config/acl/grant-editors.xml described by administrators and editors&amp#27;[m&amp#27;[0m
&amp#27;[m&amp#27;[34m2021-06-10T18:24:35,130 [main] INFO   MCRCommand: Syntax matched (executed): update permission {0} for id {1} with rulefile {2} described by {3}&amp#27;[m&amp#27;[0m
&amp#27;[mnull Command processed (11 ms)
&amp#27;[34m2021-06-10T18:24:35,141 [main] INFO   MCRCommandLineInterface: update permission writedb for id derivate:mir_access:accessKey with rulefile ${app.home}/config/acl/grant-editors.xml described by ${acl-description.editors} --> update permission writedb for id derivate:mir_access:accessKey with rulefile /home/travis/build/MyCoRe-Org/mir/mir-cli/src/main/config/acl/grant-editors.xml described by administrators and editors&amp#27;[m&amp#27;[0m
&amp#27;[m&amp#27;[34m2021-06-10T18:24:35,142 [main] INFO   MCRCommand: Syntax matched (executed): update permission {0} for id {1} with rulefile {2} described by {3}&amp#27;[m&amp#27;[0m
&amp#27;[mnull Command processed (11 ms)
&amp#27;[34m2021-06-10T18:24:35,153 [main] INFO   MCRCommand: Syntax matched (executed): load classification from url {0}&amp#27;[m&amp#27;[0m
&amp#27;[m&amp#27;[34m2021-06-10T18:24:35,196 [main] INFO   MCRCategoryDAOImpl: Category mir_access saved.&amp#27;[m&amp#27;[0m
&amp#27;[mnull Command processed (44 ms)
&amp#27;[34m2021-06-10T18:24:35,215 [main] INFO   MCRCommand: Syntax matched (executed): load classification from file {0}&amp#27;[m&amp#27;[0m
&amp#27;[mnull Command processed (1 ms)
&amp#27;[34m2021-06-10T18:24:35,218 [main] INFO   MCRCommand: Syntax matched (executed): load classification from url {0}&amp#27;[m&amp#27;[0m
&amp#27;[m&amp#27;[34m2021-06-10T18:24:35,263 [main] INFO   MCRCategoryDAOImpl: Category state saved.&amp#27;[m&amp#27;[0m
&amp#27;[mnull Command processed (45 ms)
&amp#27;[34m2021-06-10T18:24:35,264 [main] INFO   MCRCommand: Syntax matched (executed): load classification from file {0}&amp#27;[m&amp#27;[0m
&amp#27;[mnull Command processed (0 ms)
&amp#27;[34m2021-06-10T18:24:35,266 [main] INFO   MCRCommand: Syntax matched (executed): load classification from url {0}&amp#27;[m&amp#27;[0m
&amp#27;[m&amp#27;[34m2021-06-10T18:24:35,312 [main] INFO   MCRCategoryDAOImpl: Category mcr-roles saved.&amp#27;[m&amp#27;[0m
&amp#27;[mnull Command processed (46 ms)
&amp#27;[34m2021-06-10T18:24:35,312 [main] INFO   MCRCommand: Syntax matched (executed): load all objects from directory {0}&amp#27;[m&amp#27;[0m
&amp#27;[mnull Command processed (2 ms)
&amp#27;[34m2021-06-10T18:24:35,319 [main] INFO   MCRCommand: Syntax matched (executed): load object from file {0}&amp#27;[m&amp#27;[0m
&amp#27;[m&amp#27;[34m2021-06-10T18:24:35,320 [main] INFO   MCRObjectCommands: Reading file /home/travis/build/MyCoRe-Org/mir/mir-module/target/test-classes/MIRStrategyTest/objects/mir_mods_00004711.xml ...&amp#27;[m&amp#27;[0m
&amp#27;[m&amp#27;[34m2021-06-10T18:24:35,441 [main] INFO   MCRXMLMetadataManager: SVN Base: file:////tmp/junit11057615408979682655/mcrhome/mir-module/data/versions-metadata/&amp#27;[m&amp#27;[0m
&amp#27;[m&amp#27;[34m2021-06-10T18:24:35,475 [main] INFO   MCRXMLMetadataManager: Resolved mir/mods/ to file:/tmp/junit11057615408979682655/mcrhome/mir-module/data/versions-metadata/mir/mods/ for MCR.IFS2.Store.mir_mods.SVNRepositoryURL&amp#27;[m&amp#27;[0m
&amp#27;[m&amp#27;[34m2021-06-10T18:24:35,586 [main] INFO   MCRMODSMetadataShareAgent: Checking relatedItem hierarchy of mir_mods_00004711.&amp#27;[m&amp#27;[0m
&amp#27;[m&amp#27;[34m2021-06-10T18:24:35,658 [main] INFO   MCRClassificationMappingEventHandler: check mappings mir_mods_00004711&amp#27;[m&amp#27;[0m
&amp#27;[m&amp#27;[34m2021-06-10T18:24:35,761 [main] INFO   MCRVersioningMetadataStore: Versioning metadata store mir_mods repository URL: file:/tmp/junit11057615408979682655/mcrhome/mir-module/data/versions-metadata/mir/mods/&amp#27;[m&amp#27;[0m
&amp#27;[m&amp#27;[34m2021-06-10T18:24:35,768 [main] INFO   MCRVersioningMetadataStore: repURL: file:///tmp/junit11057615408979682655/mcrhome/mir-module/data/versions-metadata/mir/mods&amp#27;[m&amp#27;[0m
&amp#27;[m&amp#27;[34m2021-06-10T18:24:35,769 [main] INFO   MCRVersioningMetadataStore: Repository does not exist, creating new SVN repository at file:/tmp/junit11057615408979682655/mcrhome/mir-module/data/versions-metadata/mir/mods/&amp#27;[m&amp#27;[0m
&amp#27;[m&amp#27;[34m2021-06-10T18:24:36,446 [main] INFO   MCRStoreManager: Adding instance of MCRVersioningMetadataStore as MCRStore 'mir_mods'.&amp#27;[m&amp#27;[0m
&amp#27;[m&amp#27;[34m2021-06-10T18:24:36,722 [main] INFO   MCRVersionedMetadata: SVN commit of create finished, new revision 1&amp#27;[m&amp#27;[0m
&amp#27;[m&amp#27;[34m2021-06-10T18:24:36,741 [main] INFO   MCRMailEventHandler: Preparing mail for: mir_mods_00004711&amp#27;[m&amp#27;[0m
&amp#27;[m&amp#27;[34m2021-06-10T18:24:36,790 [main] INFO   MCRMailer: Generating e-mail from mycoreobject using e-mail-events.xsl&amp#27;[m&amp#27;[0m
&amp#27;[m&amp#27;[34m2021-06-10T18:24:37,198 [main] INFO   MCRErrorListener: SystemID: file:/home/travis/build/MyCoRe-Org/mir/mir-module/target/classes/xsl/e-mail-events.xsl [19,18]: 
      type:
      MCRObject
      action:
      create&amp#27;[m&amp#27;[0m
&amp#27;[m&amp#27;[34m2021-06-10T18:24:37,213 [main] INFO   MCRErrorListener: SystemID: file:/home/travis/build/MyCoRe-Org/mir/mir-module/target/classes/xsl/e-mail-events.xsl [76,26]: Do not send mail for unknown reason.&amp#27;[m&amp#27;[0m
&amp#27;[m&amp#27;[31m2021-06-10T18:24:37,217 [main] WARN   MCRMailer: Will not send e-mail, no 'to' address specified&amp#27;[m&amp#27;[0m
&amp#27;[m&amp#27;[34m2021-06-10T18:24:37,217 [main] INFO   MCRObjectCommands: mir_mods_00004711 loaded.&amp#27;[m&amp#27;[0m
&amp#27;[mnull Command processed (1898 ms)
&amp#27;[34m2021-06-10T18:24:37,217 [main] INFO   MCRCommand: Syntax matched (executed): load all derivates from directory {0}&amp#27;[m&amp#27;[0m
&amp#27;[mnull Command processed (1 ms)
&amp#27;[34m2021-06-10T18:24:37,221 [main] INFO   MCRCommand: Syntax matched (executed): load derivate from file {0}&amp#27;[m&amp#27;[0m
&amp#27;[m&amp#27;[34m2021-06-10T18:24:37,222 [main] INFO   MCRDerivateCommands: Reading file /home/travis/build/MyCoRe-Org/mir/mir-module/target/test-classes/MIRStrategyTest/derivates/mir_derivate_00004711.xml ...&amp#27;[m&amp#27;[0m
&amp#27;[m&amp#27;[34m2021-06-10T18:24:37,246 [main] INFO   MCRDerivateCommands: Source path --> /home/travis/build/MyCoRe-Org/mir/mir-module/target/test-classes/MIRStrategyTest/derivates/mir_derivate_00004711&amp#27;[m&amp#27;[0m
&amp#27;[m&amp#27;[34m2021-06-10T18:24:37,253 [main] INFO   MCRXMLMetadataManager: Resolved mir/derivate/ to file:/tmp/junit11057615408979682655/mcrhome/mir-module/data/versions-metadata/mir/derivate/ for MCR.IFS2.Store.mir_derivate.SVNRepositoryURL&amp#27;[m&amp#27;[0m
&amp#27;[m&amp#27;[34m2021-06-10T18:24:37,297 [main] INFO   MCRVersioningMetadataStore: Versioning metadata store mir_derivate repository URL: file:/tmp/junit11057615408979682655/mcrhome/mir-module/data/versions-metadata/mir/derivate/&amp#27;[m&amp#27;[0m
&amp#27;[m&amp#27;[34m2021-06-10T18:24:37,297 [main] INFO   MCRVersioningMetadataStore: repURL: file:///tmp/junit11057615408979682655/mcrhome/mir-module/data/versions-metadata/mir/derivate&amp#27;[m&amp#27;[0m
&amp#27;[m&amp#27;[34m2021-06-10T18:24:37,297 [main] INFO   MCRVersioningMetadataStore: Repository does not exist, creating new SVN repository at file:/tmp/junit11057615408979682655/mcrhome/mir-module/data/versions-metadata/mir/derivate/&amp#27;[m&amp#27;[0m
&amp#27;[m&amp#27;[34m2021-06-10T18:24:37,337 [main] INFO   MCRStoreManager: Adding instance of MCRVersioningMetadataStore as MCRStore 'mir_derivate'.&amp#27;[m&amp#27;[0m
&amp#27;[m&amp#27;[34m2021-06-10T18:24:37,387 [main] INFO   MCRVersionedMetadata: SVN commit of create finished, new revision 1&amp#27;[m&amp#27;[0m
&amp#27;[m&amp#27;[34m2021-06-10T18:24:37,388 [main] INFO   MCRMailEventHandler: Preparing mail for: mir_derivate_00004711&amp#27;[m&amp#27;[0m
&amp#27;[m&amp#27;[34m2021-06-10T18:24:37,388 [main] INFO   MCRMailer: Generating e-mail from mycorederivate using e-mail-events.xsl&amp#27;[m&amp#27;[0m
&amp#27;[m&amp#27;[34m2021-06-10T18:24:37,404 [main] INFO   MCRErrorListener: SystemID: file:/home/travis/build/MyCoRe-Org/mir/mir-module/target/classes/xsl/e-mail-events.xsl [19,18]: 
      type:
      MCRDerivate
      action:
      create&amp#27;[m&amp#27;[0m
&amp#27;[m&amp#27;[31m2021-06-10T18:24:37,406 [main] WARN   MCRMailer: Will not send e-mail, no 'to' address specified&amp#27;[m&amp#27;[0m
&amp#27;[m&amp#27;[34m2021-06-10T18:24:37,445 [main] INFO   MCRFileSystemUtils: Configured MCR.IFS2.Store.IFS2_mir_derivate.Class=org.mycore.datamodel.ifs2.MCRFileStore&amp#27;[m&amp#27;[0m
&amp#27;[m&amp#27;[34m2021-06-10T18:24:37,451 [main] INFO   MCRFileSystemUtils: Configured MCR.IFS2.Store.IFS2_mir_derivate.BaseDir=/tmp/junit11057615408979682655/mcrhome/mir-module/data/content/mir/derivate&amp#27;[m&amp#27;[0m
&amp#27;[m&amp#27;[34m2021-06-10T18:24:37,457 [main] INFO   MCRFileSystemUtils: Configured MCR.IFS2.Store.IFS2_mir_derivate.Prefix=mir_derivate_&amp#27;[m&amp#27;[0m
&amp#27;[m&amp#27;[34m2021-06-10T18:24:37,464 [main] INFO   MCRFileSystemUtils: Configured MCR.IFS2.Store.IFS2_mir_derivate.SlotLayout=4-2-2&amp#27;[m&amp#27;[0m
&amp#27;[m&amp#27;[34m2021-06-10T18:24:37,465 [main] INFO   MCRStoreManager: Adding instance of MCRFileStore as MCRStore 'IFS2_mir_derivate'.&amp#27;[m&amp#27;[0m
&amp#27;[m&amp#27;[34m2021-06-10T18:24:37,471 [main] INFO   MCRIFSFileSystem: Created root directory: mir_derivate_00004711:/&amp#27;[m&amp#27;[0m
&amp#27;[m&amp#27;[34m2021-06-10T18:24:37,510 [main] INFO   MCRClassificationMappingEventHandler: check mappings mir_mods_00004711&amp#27;[m&amp#27;[0m
&amp#27;[m&amp#27;[34m2021-06-10T18:24:37,638 [main] INFO   MCRVersionedMetadata: SVN commit of update finished, new revision 2&amp#27;[m&amp#27;[0m
&amp#27;[m&amp#27;[34m2021-06-10T18:24:37,675 [main] INFO   MCRMailEventHandler: Preparing mail for: mir_mods_00004711&amp#27;[m&amp#27;[0m
&amp#27;[m&amp#27;[34m2021-06-10T18:24:37,675 [main] INFO   MCRMailer: Generating e-mail from mycoreobject using e-mail-events.xsl&amp#27;[m&amp#27;[0m
&amp#27;[m&amp#27;[34m2021-06-10T18:24:37,700 [main] INFO   MCRErrorListener: SystemID: file:/home/travis/build/MyCoRe-Org/mir/mir-module/target/classes/xsl/e-mail-events.xsl [19,18]: 
      type:
      MCRObject
      action:
      update&amp#27;[m&amp#27;[0m
&amp#27;[m&amp#27;[34m2021-06-10T18:24:37,701 [main] INFO   MCRErrorListener: SystemID: file:/home/travis/build/MyCoRe-Org/mir/mir-module/target/classes/xsl/e-mail-events.xsl [66,26]: Do not send mail as action is not create.&amp#27;[m&amp#27;[0m
&amp#27;[m&amp#27;[31m2021-06-10T18:24:37,703 [main] WARN   MCRMailer: Will not send e-mail, no 'to' address specified&amp#27;[m&amp#27;[0m
&amp#27;[m&amp#27;[34m2021-06-10T18:24:37,703 [main] INFO   MCRDerivateCommands: mir_derivate_00004711 loaded.&amp#27;[m&amp#27;[0m
&amp#27;[m&amp#27;[34m2021-06-10T18:24:37,703 [main] INFO   MCRDerivateCommands: &amp#27;[m&amp#27;[0m
&amp#27;[mnull Command processed (482 ms)
&amp#27;[34m2021-06-10T18:24:37,908 [main] INFO   MCRUserManager: user saved: junit&amp#27;[m&amp#27;[0m
&amp#27;[m&amp#27;[34m2021-06-10T18:24:37,908 [main] INFO   MCRRoleManager: Assigning junit to these roles: []&amp#27;[m&amp#27;[0m
&amp#27;[m&amp#27;[34m2021-06-10T18:24:38,041 [main] INFO   MCRRoleManager: Assigning junit to these roles: []&amp#27;[m&amp#27;[0m
&amp#27;[m&amp#27;[34m2021-06-10T18:24:38,275 [main] INFO   LogHelper: HHH000204: Processing PersistenceUnitInfo [name: mir-module]&amp#27;[m&amp#27;[0m
&amp#27;[m&amp#27;[34m2021-06-10T18:24:38,288 [main] INFO   HikariDataSource: HikariPool-69 - Starting...&amp#27;[m&amp#27;[0m
&amp#27;[m&amp#27;[31m2021-06-10T18:24:38,288 [main] WARN   DriverDataSource: Registered driver with driverClassName=org.hsqldb.jdbcDriver was not found, trying direct instantiation.&amp#27;[m&amp#27;[0m
&amp#27;[m&amp#27;[34m2021-06-10T18:24:38,289 [main] INFO   PoolBase: HikariPool-69 - Driver does not support get/set network timeout for connections. (feature not supported)&amp#27;[m&amp#27;[0m
&amp#27;[m&amp#27;[34m2021-06-10T18:24:38,289 [main] INFO   HikariDataSource: HikariPool-69 - Start completed.&amp#27;[m&amp#27;[0m
&amp#27;[m&amp#27;[34m2021-06-10T18:24:38,290 [main] INFO   Dialect: HHH000400: Using dialect: org.hibernate.dialect.HSQLDialect&amp#27;[m&amp#27;[0m
&amp#27;[m&amp#27;[31m2021-06-10T18:24:38,308 [main] WARN   JavaTypeDescriptorRegistry: HHH000481: Encountered Java type [class java.lang.Object] for which we could not locate a JavaTypeDescriptor and which does not appear to implement equals and/or hashCode.  This can lead to significant performance problems when performing equality/dirty checking involving this Java type.  Consider registering a custom JavaTypeDescriptor or at least implementing equals/hashCode.&amp#27;[m&amp#27;[0m
&amp#27;[m]]></system-out>
    <system-err><![CDATA[Jun 10, 2021 6:24:36 PM javax.mail.Session loadResource
WARNING: expected resource not found: /META-INF/javamail.default.address.map
Foo
]]></system-err>
  </testcase>
</testsuite>