<?xml version="1.0" encoding="UTF-8"?>
<testsuite xmlns:xsi="http://www.w3.org/2001/XMLSchema-instance" xsi:noNamespaceSchemaLocation="https://maven.apache.org/surefire/maven-surefire-plugin/xsd/surefire-test-report-3.0.xsd" version="3.0" name="org.mycore.mir.authorization.accesskeys.TestAccessKeys" time="7.897" tests="14" errors="0" skipped="0" failures="0">
  <properties>
    <property name="awt.toolkit" value="sun.awt.X11.XToolkit"/>
    <property name="git.tags" value=""/>
    <property name="java.specification.version" value="11"/>
    <property name="sun.cpu.isalist" value=""/>
    <property name="sun.jnu.encoding" value="UTF-8"/>
    <property name="git.build.version" value="2021.05-SNAPSHOT"/>
    <property name="java.class.path" value="/home/travis/build/MyCoRe-Org/mir/mir-module/target/test-classes:/home/travis/build/MyCoRe-Org/mir/mir-module/target/classes:/home/travis/.m2/repository/com/google/code/gson/gson/2.8.7/gson-2.8.7.jar:/home/travis/.m2/repository/com/google/guava/guava/30.1.1-jre/guava-30.1.1-jre.jar:/home/travis/.m2/repository/com/google/guava/failureaccess/1.0.1/failureaccess-1.0.1.jar:/home/travis/.m2/repository/com/google/guava/listenablefuture/9999.0-empty-to-avoid-conflict-with-guava/listenablefuture-9999.0-empty-to-avoid-conflict-with-guava.jar:/home/travis/.m2/repository/com/google/code/findbugs/jsr305/3.0.2/jsr305-3.0.2.jar:/home/travis/.m2/repository/org/checkerframework/checker-qual/3.8.0/checker-qual-3.8.0.jar:/home/travis/.m2/repository/com/google/errorprone/error_prone_annotations/2.5.1/error_prone_annotations-2.5.1.jar:/home/travis/.m2/repository/com/google/j2objc/j2objc-annotations/1.3/j2objc-annotations-1.3.jar:/home/travis/.m2/repository/com/zaxxer/HikariCP/3.4.1/HikariCP-3.4.1.jar:/home/travis/.m2/repository/org/slf4j/slf4j-api/1.7.25/slf4j-api-1.7.25.jar:/home/travis/.m2/repository/commons-io/commons-io/2.8.0/commons-io-2.8.0.jar:/home/travis/.m2/repository/jakarta/persistence/jakarta.persistence-api/2.2.3/jakarta.persistence-api-2.2.3.jar:/home/travis/.m2/repository/jakarta/servlet/jakarta.servlet-api/4.0.4/jakarta.servlet-api-4.0.4.jar:/home/travis/.m2/repository/jakarta/ws/rs/jakarta.ws.rs-api/2.1.6/jakarta.ws.rs-api-2.1.6.jar:/home/travis/.m2/repository/jakarta/xml/bind/jakarta.xml.bind-api/2.3.3/jakarta.xml.bind-api-2.3.3.jar:/home/travis/.m2/repository/jakarta/activation/jakarta.activation-api/1.2.2/jakarta.activation-api-1.2.2.jar:/home/travis/.m2/repository/junit/junit/4.13.2/junit-4.13.2.jar:/home/travis/.m2/repository/org/hamcrest/hamcrest-core/2.2/hamcrest-core-2.2.jar:/home/travis/.m2/repository/org/hamcrest/hamcrest/2.2/hamcrest-2.2.jar:/home/travis/.m2/repository/net/sf/saxon/Saxon-HE/10.5/Saxon-HE-10.5.jar:/home/travis/.m2/repository/org/apache/abdera/abdera-core/1.1.3/abdera-core-1.1.3.jar:/home/travis/.m2/repository/org/apache/geronimo/specs/geronimo-stax-api_1.0_spec/1.0.1/geronimo-stax-api_1.0_spec-1.0.1.jar:/home/travis/.m2/repository/commons-codec/commons-codec/1.4/commons-codec-1.4.jar:/home/travis/.m2/repository/commons-logging/commons-logging/1.0.4/commons-logging-1.0.4.jar:/home/travis/.m2/repository/org/apache/abdera/abdera-i18n/1.1.3/abdera-i18n-1.1.3.jar:/home/travis/.m2/repository/org/apache/commons/commons-compress/1.20/commons-compress-1.20.jar:/home/travis/.m2/repository/org/apache/httpcomponents/httpclient/4.5.13/httpclient-4.5.13.jar:/home/travis/.m2/repository/org/apache/httpcomponents/httpcore/4.4.14/httpcore-4.4.14.jar:/home/travis/.m2/repository/org/apache/logging/log4j/log4j-api/2.14.1/log4j-api-2.14.1.jar:/home/travis/.m2/repository/org/apache/solr/solr-solrj/8.8.2/solr-solrj-8.8.2.jar:/home/travis/.m2/repository/commons-lang/commons-lang/2.6/commons-lang-2.6.jar:/home/travis/.m2/repository/org/apache/commons/commons-math3/3.6.1/commons-math3-3.6.1.jar:/home/travis/.m2/repository/org/apache/zookeeper/zookeeper/3.6.2/zookeeper-3.6.2.jar:/home/travis/.m2/repository/org/apache/zookeeper/zookeeper-jute/3.6.2/zookeeper-jute-3.6.2.jar:/home/travis/.m2/repository/org/xerial/snappy/snappy-java/1.1.7.6/snappy-java-1.1.7.6.jar:/home/travis/.m2/repository/org/hibernate/hibernate-hikaricp/5.4.4.Final/hibernate-hikaricp-5.4.4.Final.jar:/home/travis/.m2/repository/org/jboss/logging/jboss-logging/3.3.2.Final/jboss-logging-3.3.2.Final.jar:/home/travis/.m2/repository/org/hibernate/hibernate-core/5.4.28.Final/hibernate-core-5.4.28.Final.jar:/home/travis/.m2/repository/net/bytebuddy/byte-buddy/1.10.17/byte-buddy-1.10.17.jar:/home/travis/.m2/repository/antlr/antlr/2.7.7/antlr-2.7.7.jar:/home/travis/.m2/repository/org/jboss/spec/javax/transaction/jboss-transaction-api_1.2_spec/1.1.1.Final/jboss-transaction-api_1.2_spec-1.1.1.Final.jar:/home/travis/.m2/repository/org/jboss/jandex/2.2.3.Final/jandex-2.2.3.Final.jar:/home/travis/.m2/repository/com/fasterxml/classmate/1.5.1/classmate-1.5.1.jar:/home/travis/.m2/repository/org/dom4j/dom4j/2.1.3/dom4j-2.1.3.jar:/home/travis/.m2/repository/org/hibernate/common/hibernate-commons-annotations/5.1.2.Final/hibernate-commons-annotations-5.1.2.Final.jar:/home/travis/.m2/repository/org/hsqldb/hsqldb/2.6.0/hsqldb-2.6.0.jar:/home/travis/.m2/repository/org/jdom/jdom2/2.0.6/jdom2-2.0.6.jar:/home/travis/.m2/repository/org/jsoup/jsoup/1.12.1/jsoup-1.12.1.jar:/home/travis/.m2/repository/org/mycore/mycore-base/2021.05-SNAPSHOT/mycore-base-2021.05-SNAPSHOT.jar:/home/travis/.m2/repository/com/auth0/java-jwt/3.16.0/java-jwt-3.16.0.jar:/home/travis/.m2/repository/com/fasterxml/jackson/core/jackson-annotations/2.12.3/jackson-annotations-2.12.3.jar:/home/travis/.m2/repository/com/fasterxml/jackson/core/jackson-core/2.12.3/jackson-core-2.12.3.jar:/home/travis/.m2/repository/com/fasterxml/jackson/core/jackson-databind/2.12.3/jackson-databind-2.12.3.jar:/home/travis/.m2/repository/com/fasterxml/jackson/module/jackson-module-jaxb-annotations/2.12.3/jackson-module-jaxb-annotations-2.12.3.jar:/home/travis/.m2/repository/com/google/zxing/core/3.4.1/core-3.4.1.jar:/home/travis/.m2/repository/com/ibm/icu/icu4j/69.1/icu4j-69.1.jar:/home/travis/.m2/repository/com/jcraft/jsch/0.1.55/jsch-0.1.55.jar:/home/travis/.m2/repository/com/sun/activation/jakarta.activation/1.2.2/jakarta.activation-1.2.2.jar:/home/travis/.m2/repository/com/sun/mail/mailapi/1.6.5/mailapi-1.6.5.jar:/home/travis/.m2/repository/com/sun/mail/smtp/1.6.5/smtp-1.6.5.jar:/home/travis/.m2/repository/commons-beanutils/commons-beanutils/1.9.4/commons-beanutils-1.9.4.jar:/home/travis/.m2/repository/commons-collections/commons-collections/3.2.2/commons-collections-3.2.2.jar:/home/travis/.m2/repository/io/swagger/core/v3/swagger-annotations/2.1.9/swagger-annotations-2.1.9.jar:/home/travis/.m2/repository/jakarta/annotation/jakarta.annotation-api/1.3.5/jakarta.annotation-api-1.3.5.jar:/home/travis/.m2/repository/jakarta/inject/jakarta.inject-api/1.0.1/jakarta.inject-api-1.0.1.jar:/home/travis/.m2/repository/jakarta/websocket/jakarta.websocket-api/1.1.2/jakarta.websocket-api-1.1.2.jar:/home/travis/.m2/repository/jaxen/jaxen/1.2.0/jaxen-1.2.0.jar:/home/travis/.m2/repository/net/java/dev/jna/jna/5.6.0/jna-5.6.0.jar:/home/travis/.m2/repository/org/apache/httpcomponents/httpclient-cache/4.5.13/httpclient-cache-4.5.13.jar:/home/travis/.m2/repository/org/apache/logging/log4j/log4j-core/2.14.1/log4j-core-2.14.1.jar:/home/travis/.m2/repository/org/apache/logging/log4j/log4j-web/2.14.1/log4j-web-2.14.1.jar:/home/travis/.m2/repository/org/glassfish/hk2/hk2-api/2.6.1/hk2-api-2.6.1.jar:/home/travis/.m2/repository/org/glassfish/hk2/hk2-utils/2.6.1/hk2-utils-2.6.1.jar:/home/travis/.m2/repository/org/glassfish/jaxb/jaxb-runtime/2.3.3/jaxb-runtime-2.3.3.jar:/home/travis/.m2/repository/org/glassfish/jaxb/txw2/2.3.3/txw2-2.3.3.jar:/home/travis/.m2/repository/com/sun/istack/istack-commons-runtime/3.0.11/istack-commons-runtime-3.0.11.jar:/home/travis/.m2/repository/org/glassfish/jersey/containers/jersey-container-servlet-core/2.34/jersey-container-servlet-core-2.34.jar:/home/travis/.m2/repository/org/glassfish/hk2/external/jakarta.inject/2.6.1/jakarta.inject-2.6.1.jar:/home/travis/.m2/repository/org/glassfish/jersey/core/jersey-common/2.34/jersey-common-2.34.jar:/home/travis/.m2/repository/org/glassfish/hk2/osgi-resource-locator/1.0.3/osgi-resource-locator-1.0.3.jar:/home/travis/.m2/repository/org/glassfish/jersey/core/jersey-client/2.34/jersey-client-2.34.jar:/home/travis/.m2/repository/org/glassfish/jersey/core/jersey-server/2.34/jersey-server-2.34.jar:/home/travis/.m2/repository/org/glassfish/jersey/media/jersey-media-multipart/2.34/jersey-media-multipart-2.34.jar:/home/travis/.m2/repository/org/jvnet/mimepull/mimepull/1.9.13/mimepull-1.9.13.jar:/home/travis/.m2/repository/org/javassist/javassist/3.28.0-GA/javassist-3.28.0-GA.jar:/home/travis/.m2/repository/org/tmatesoft/svnkit/svnkit/1.10.3/svnkit-1.10.3.jar:/home/travis/.m2/repository/de/regnis/q/sequence/sequence-library/1.0.4/sequence-library-1.0.4.jar:/home/travis/.m2/repository/org/tmatesoft/sqljet/sqljet/1.1.14/sqljet-1.1.14.jar:/home/travis/.m2/repository/org/antlr/antlr-runtime/3.4/antlr-runtime-3.4.jar:/home/travis/.m2/repository/net/java/dev/jna/jna-platform/5.6.0/jna-platform-5.6.0.jar:/home/travis/.m2/repository/org/lz4/lz4-java/1.4.1/lz4-java-1.4.1.jar:/home/travis/.m2/repository/se/jiderhamn/classloader-leak-prevention/classloader-leak-prevention-core/2.7.0/classloader-leak-prevention-core-2.7.0.jar:/home/travis/.m2/repository/xalan/serializer/2.7.2/serializer-2.7.2.jar:/home/travis/.m2/repository/xalan/xalan/2.7.2/xalan-2.7.2.jar:/home/travis/.m2/repository/org/apache/logging/log4j/log4j-slf4j-impl/2.14.1/log4j-slf4j-impl-2.14.1.jar:/home/travis/.m2/repository/org/glassfish/jersey/inject/jersey-hk2/2.34/jersey-hk2-2.34.jar:/home/travis/.m2/repository/org/glassfish/hk2/hk2-locator/2.6.1/hk2-locator-2.6.1.jar:/home/travis/.m2/repository/org/glassfish/hk2/external/aopalliance-repackaged/2.6.1/aopalliance-repackaged-2.6.1.jar:/home/travis/.m2/repository/org/mycore/mycore-base/2021.05-SNAPSHOT/mycore-base-2021.05-SNAPSHOT-tests.jar:/home/travis/.m2/repository/org/mycore/mycore-mods/2021.05-SNAPSHOT/mycore-mods-2021.05-SNAPSHOT.jar:/home/travis/.m2/repository/com/rometools/rome/1.15.0/rome-1.15.0.jar:/home/travis/.m2/repository/com/rometools/rome-utils/1.15.0/rome-utils-1.15.0.jar:/home/travis/.m2/repository/org/bibsonomy/bibsonomy-bibtex-parser/3.9.2/bibsonomy-bibtex-parser-3.9.2.jar:/home/travis/.m2/repository/org/bibsonomy/bibsonomy-common/3.9.2/bibsonomy-common-3.9.2.jar:/home/travis/.m2/repository/org/bibsonomy/bibsonomy-model/3.9.2/bibsonomy-model-3.9.2.jar:/home/travis/.m2/repository/joda-time/joda-time/2.3/joda-time-2.3.jar:/home/travis/.m2/repository/org/mycore/mycore-pi/2021.05-SNAPSHOT/mycore-pi-2021.05-SNAPSHOT.jar:/home/travis/.m2/repository/jakarta/validation/jakarta.validation-api/2.0.2/jakarta.validation-api-2.0.2.jar:/home/travis/.m2/repository/org/apache/httpcomponents/httpmime/4.5.13/httpmime-4.5.13.jar:/home/travis/.m2/repository/org/mycore/mycore-solr/2021.05-SNAPSHOT/mycore-solr-2021.05-SNAPSHOT.jar:/home/travis/.m2/repository/org/mycore/mycore-classbrowser/2021.05-SNAPSHOT/mycore-classbrowser-2021.05-SNAPSHOT.jar:/home/travis/.m2/repository/org/mycore/mycore-sword/2021.05-SNAPSHOT/mycore-sword-2021.05-SNAPSHOT.jar:/home/travis/.m2/repository/com/fasterxml/woodstox/woodstox-core/6.2.6/woodstox-core-6.2.6.jar:/home/travis/.m2/repository/org/codehaus/woodstox/stax2-api/4.2.1/stax2-api-4.2.1.jar:/home/travis/.m2/repository/org/apache/abdera/abdera-parser/1.1.3/abdera-parser-1.1.3.jar:/home/travis/.m2/repository/org/apache/ws/commons/axiom/axiom-api/1.2.14/axiom-api-1.2.14.jar:/home/travis/.m2/repository/org/apache/james/apache-mime4j-core/0.7.2/apache-mime4j-core-0.7.2.jar:/home/travis/.m2/repository/org/apache/ws/commons/axiom/axiom-impl/1.2.14/axiom-impl-1.2.14.jar:/home/travis/.m2/repository/org/mycore/mets/mets-validator/1.3/mets-validator-1.3.jar:/home/travis/.m2/repository/org/mycore/mycore-user2/2021.05-SNAPSHOT/mycore-user2-2021.05-SNAPSHOT.jar:/home/travis/.m2/repository/org/jasig/cas/cas-client-core/3.1.10/cas-client-core-3.1.10.jar:/home/travis/.m2/repository/org/mycore/mycore-wfc/2021.05-SNAPSHOT/mycore-wfc-2021.05-SNAPSHOT.jar:/home/travis/.m2/repository/org/mycore/mycore-xeditor/2021.05-SNAPSHOT/mycore-xeditor-2021.05-SNAPSHOT.jar:/home/travis/.m2/repository/org/mycore/sword/easy-sword2-lib/1.0.5/easy-sword2-lib-1.0.5.jar:/home/travis/.m2/repository/commons-fileupload/commons-fileupload/1.4/commons-fileupload-1.4.jar:/home/travis/.m2/repository/org/apache/logging/log4j/log4j-1.2-api/2.14.1/log4j-1.2-api-2.14.1.jar:/home/travis/.m2/repository/org/mycore/mycore-csl/2021.05-SNAPSHOT/mycore-csl-2021.05-SNAPSHOT.jar:/home/travis/.m2/repository/de/undercouch/citeproc-java/2.0.0/citeproc-java-2.0.0.jar:/home/travis/.m2/repository/org/apache/commons/commons-lang3/3.12.0/commons-lang3-3.12.0.jar:/home/travis/.m2/repository/org/apache/commons/commons-text/1.8/commons-text-1.8.jar:/home/travis/.m2/repository/org/antlr/antlr4-runtime/4.7.2/antlr4-runtime-4.7.2.jar:/home/travis/.m2/repository/org/graalvm/sdk/graal-sdk/19.2.1/graal-sdk-19.2.1.jar:/home/travis/.m2/repository/org/graalvm/js/js/19.2.1/js-19.2.1.jar:/home/travis/.m2/repository/org/graalvm/regex/regex/19.2.1/regex-19.2.1.jar:/home/travis/.m2/repository/org/graalvm/truffle/truffle-api/19.2.1/truffle-api-19.2.1.jar:/home/travis/.m2/repository/org/ow2/asm/asm/6.2.1/asm-6.2.1.jar:/home/travis/.m2/repository/org/ow2/asm/asm-tree/6.2.1/asm-tree-6.2.1.jar:/home/travis/.m2/repository/org/ow2/asm/asm-analysis/6.2.1/asm-analysis-6.2.1.jar:/home/travis/.m2/repository/org/ow2/asm/asm-commons/6.2.1/asm-commons-6.2.1.jar:/home/travis/.m2/repository/org/ow2/asm/asm-util/6.2.1/asm-util-6.2.1.jar:/home/travis/.m2/repository/org/jbibtex/jbibtex/1.0.18/jbibtex-1.0.18.jar:/home/travis/.m2/repository/org/citationstyles/locales/21.3/locales-21.3.jar:/home/travis/.m2/repository/org/citationstyles/styles/21.3/styles-21.3.jar:/home/travis/.m2/repository/org/mycore/mycore-ifs/2021.05-SNAPSHOT/mycore-ifs-2021.05-SNAPSHOT.jar:/home/travis/.m2/repository/org/mycore/pica2mods/pica2mods-xslt/2.0-SNAPSHOT/pica2mods-xslt-2.0-SNAPSHOT.jar:"/>
    <property name="git.branch" value="main"/>
    <property name="java.vm.vendor" value="Oracle Corporation"/>
    <property name="sun.arch.data.model" value="64"/>
    <property name="git.build.number" value="3506"/>
    <property name="java.vendor.url" value="http://java.oracle.com/"/>
    <property name="user.timezone" value="UTC"/>
    <property name="git.build.number.unique" value="774286455"/>
    <property name="os.name" value="Linux"/>
    <property name="java.vm.specification.version" value="11"/>
    <property name="sun.java.launcher" value="SUN_STANDARD"/>
    <property name="user.country" value="US"/>
    <property name="git.build.user.name" value="Travis CI User"/>
    <property name="sun.boot.library.path" value="/usr/local/lib/jvm/openjdk11/lib"/>
    <property name="sun.java.command" value="/home/travis/build/MyCoRe-Org/mir/mir-module/target/surefire/surefirebooter12024234766998927967.jar /home/travis/build/MyCoRe-Org/mir/mir-module/target/surefire 2021-06-11T16-07-27_035-jvmRun1 surefire4012980644400578897tmp surefire_04205813478902456103tmp"/>
    <property name="jdk.debug" value="release"/>
    <property name="surefire.test.class.path" value="/home/travis/build/MyCoRe-Org/mir/mir-module/target/test-classes:/home/travis/build/MyCoRe-Org/mir/mir-module/target/classes:/home/travis/.m2/repository/com/google/code/gson/gson/2.8.7/gson-2.8.7.jar:/home/travis/.m2/repository/com/google/guava/guava/30.1.1-jre/guava-30.1.1-jre.jar:/home/travis/.m2/repository/com/google/guava/failureaccess/1.0.1/failureaccess-1.0.1.jar:/home/travis/.m2/repository/com/google/guava/listenablefuture/9999.0-empty-to-avoid-conflict-with-guava/listenablefuture-9999.0-empty-to-avoid-conflict-with-guava.jar:/home/travis/.m2/repository/com/google/code/findbugs/jsr305/3.0.2/jsr305-3.0.2.jar:/home/travis/.m2/repository/org/checkerframework/checker-qual/3.8.0/checker-qual-3.8.0.jar:/home/travis/.m2/repository/com/google/errorprone/error_prone_annotations/2.5.1/error_prone_annotations-2.5.1.jar:/home/travis/.m2/repository/com/google/j2objc/j2objc-annotations/1.3/j2objc-annotations-1.3.jar:/home/travis/.m2/repository/com/zaxxer/HikariCP/3.4.1/HikariCP-3.4.1.jar:/home/travis/.m2/repository/org/slf4j/slf4j-api/1.7.25/slf4j-api-1.7.25.jar:/home/travis/.m2/repository/commons-io/commons-io/2.8.0/commons-io-2.8.0.jar:/home/travis/.m2/repository/jakarta/persistence/jakarta.persistence-api/2.2.3/jakarta.persistence-api-2.2.3.jar:/home/travis/.m2/repository/jakarta/servlet/jakarta.servlet-api/4.0.4/jakarta.servlet-api-4.0.4.jar:/home/travis/.m2/repository/jakarta/ws/rs/jakarta.ws.rs-api/2.1.6/jakarta.ws.rs-api-2.1.6.jar:/home/travis/.m2/repository/jakarta/xml/bind/jakarta.xml.bind-api/2.3.3/jakarta.xml.bind-api-2.3.3.jar:/home/travis/.m2/repository/jakarta/activation/jakarta.activation-api/1.2.2/jakarta.activation-api-1.2.2.jar:/home/travis/.m2/repository/junit/junit/4.13.2/junit-4.13.2.jar:/home/travis/.m2/repository/org/hamcrest/hamcrest-core/2.2/hamcrest-core-2.2.jar:/home/travis/.m2/repository/org/hamcrest/hamcrest/2.2/hamcrest-2.2.jar:/home/travis/.m2/repository/net/sf/saxon/Saxon-HE/10.5/Saxon-HE-10.5.jar:/home/travis/.m2/repository/org/apache/abdera/abdera-core/1.1.3/abdera-core-1.1.3.jar:/home/travis/.m2/repository/org/apache/geronimo/specs/geronimo-stax-api_1.0_spec/1.0.1/geronimo-stax-api_1.0_spec-1.0.1.jar:/home/travis/.m2/repository/commons-codec/commons-codec/1.4/commons-codec-1.4.jar:/home/travis/.m2/repository/commons-logging/commons-logging/1.0.4/commons-logging-1.0.4.jar:/home/travis/.m2/repository/org/apache/abdera/abdera-i18n/1.1.3/abdera-i18n-1.1.3.jar:/home/travis/.m2/repository/org/apache/commons/commons-compress/1.20/commons-compress-1.20.jar:/home/travis/.m2/repository/org/apache/httpcomponents/httpclient/4.5.13/httpclient-4.5.13.jar:/home/travis/.m2/repository/org/apache/httpcomponents/httpcore/4.4.14/httpcore-4.4.14.jar:/home/travis/.m2/repository/org/apache/logging/log4j/log4j-api/2.14.1/log4j-api-2.14.1.jar:/home/travis/.m2/repository/org/apache/solr/solr-solrj/8.8.2/solr-solrj-8.8.2.jar:/home/travis/.m2/repository/commons-lang/commons-lang/2.6/commons-lang-2.6.jar:/home/travis/.m2/repository/org/apache/commons/commons-math3/3.6.1/commons-math3-3.6.1.jar:/home/travis/.m2/repository/org/apache/zookeeper/zookeeper/3.6.2/zookeeper-3.6.2.jar:/home/travis/.m2/repository/org/apache/zookeeper/zookeeper-jute/3.6.2/zookeeper-jute-3.6.2.jar:/home/travis/.m2/repository/org/xerial/snappy/snappy-java/1.1.7.6/snappy-java-1.1.7.6.jar:/home/travis/.m2/repository/org/hibernate/hibernate-hikaricp/5.4.4.Final/hibernate-hikaricp-5.4.4.Final.jar:/home/travis/.m2/repository/org/jboss/logging/jboss-logging/3.3.2.Final/jboss-logging-3.3.2.Final.jar:/home/travis/.m2/repository/org/hibernate/hibernate-core/5.4.28.Final/hibernate-core-5.4.28.Final.jar:/home/travis/.m2/repository/net/bytebuddy/byte-buddy/1.10.17/byte-buddy-1.10.17.jar:/home/travis/.m2/repository/antlr/antlr/2.7.7/antlr-2.7.7.jar:/home/travis/.m2/repository/org/jboss/spec/javax/transaction/jboss-transaction-api_1.2_spec/1.1.1.Final/jboss-transaction-api_1.2_spec-1.1.1.Final.jar:/home/travis/.m2/repository/org/jboss/jandex/2.2.3.Final/jandex-2.2.3.Final.jar:/home/travis/.m2/repository/com/fasterxml/classmate/1.5.1/classmate-1.5.1.jar:/home/travis/.m2/repository/org/dom4j/dom4j/2.1.3/dom4j-2.1.3.jar:/home/travis/.m2/repository/org/hibernate/common/hibernate-commons-annotations/5.1.2.Final/hibernate-commons-annotations-5.1.2.Final.jar:/home/travis/.m2/repository/org/hsqldb/hsqldb/2.6.0/hsqldb-2.6.0.jar:/home/travis/.m2/repository/org/jdom/jdom2/2.0.6/jdom2-2.0.6.jar:/home/travis/.m2/repository/org/jsoup/jsoup/1.12.1/jsoup-1.12.1.jar:/home/travis/.m2/repository/org/mycore/mycore-base/2021.05-SNAPSHOT/mycore-base-2021.05-SNAPSHOT.jar:/home/travis/.m2/repository/com/auth0/java-jwt/3.16.0/java-jwt-3.16.0.jar:/home/travis/.m2/repository/com/fasterxml/jackson/core/jackson-annotations/2.12.3/jackson-annotations-2.12.3.jar:/home/travis/.m2/repository/com/fasterxml/jackson/core/jackson-core/2.12.3/jackson-core-2.12.3.jar:/home/travis/.m2/repository/com/fasterxml/jackson/core/jackson-databind/2.12.3/jackson-databind-2.12.3.jar:/home/travis/.m2/repository/com/fasterxml/jackson/module/jackson-module-jaxb-annotations/2.12.3/jackson-module-jaxb-annotations-2.12.3.jar:/home/travis/.m2/repository/com/google/zxing/core/3.4.1/core-3.4.1.jar:/home/travis/.m2/repository/com/ibm/icu/icu4j/69.1/icu4j-69.1.jar:/home/travis/.m2/repository/com/jcraft/jsch/0.1.55/jsch-0.1.55.jar:/home/travis/.m2/repository/com/sun/activation/jakarta.activation/1.2.2/jakarta.activation-1.2.2.jar:/home/travis/.m2/repository/com/sun/mail/mailapi/1.6.5/mailapi-1.6.5.jar:/home/travis/.m2/repository/com/sun/mail/smtp/1.6.5/smtp-1.6.5.jar:/home/travis/.m2/repository/commons-beanutils/commons-beanutils/1.9.4/commons-beanutils-1.9.4.jar:/home/travis/.m2/repository/commons-collections/commons-collections/3.2.2/commons-collections-3.2.2.jar:/home/travis/.m2/repository/io/swagger/core/v3/swagger-annotations/2.1.9/swagger-annotations-2.1.9.jar:/home/travis/.m2/repository/jakarta/annotation/jakarta.annotation-api/1.3.5/jakarta.annotation-api-1.3.5.jar:/home/travis/.m2/repository/jakarta/inject/jakarta.inject-api/1.0.1/jakarta.inject-api-1.0.1.jar:/home/travis/.m2/repository/jakarta/websocket/jakarta.websocket-api/1.1.2/jakarta.websocket-api-1.1.2.jar:/home/travis/.m2/repository/jaxen/jaxen/1.2.0/jaxen-1.2.0.jar:/home/travis/.m2/repository/net/java/dev/jna/jna/5.6.0/jna-5.6.0.jar:/home/travis/.m2/repository/org/apache/httpcomponents/httpclient-cache/4.5.13/httpclient-cache-4.5.13.jar:/home/travis/.m2/repository/org/apache/logging/log4j/log4j-core/2.14.1/log4j-core-2.14.1.jar:/home/travis/.m2/repository/org/apache/logging/log4j/log4j-web/2.14.1/log4j-web-2.14.1.jar:/home/travis/.m2/repository/org/glassfish/hk2/hk2-api/2.6.1/hk2-api-2.6.1.jar:/home/travis/.m2/repository/org/glassfish/hk2/hk2-utils/2.6.1/hk2-utils-2.6.1.jar:/home/travis/.m2/repository/org/glassfish/jaxb/jaxb-runtime/2.3.3/jaxb-runtime-2.3.3.jar:/home/travis/.m2/repository/org/glassfish/jaxb/txw2/2.3.3/txw2-2.3.3.jar:/home/travis/.m2/repository/com/sun/istack/istack-commons-runtime/3.0.11/istack-commons-runtime-3.0.11.jar:/home/travis/.m2/repository/org/glassfish/jersey/containers/jersey-container-servlet-core/2.34/jersey-container-servlet-core-2.34.jar:/home/travis/.m2/repository/org/glassfish/hk2/external/jakarta.inject/2.6.1/jakarta.inject-2.6.1.jar:/home/travis/.m2/repository/org/glassfish/jersey/core/jersey-common/2.34/jersey-common-2.34.jar:/home/travis/.m2/repository/org/glassfish/hk2/osgi-resource-locator/1.0.3/osgi-resource-locator-1.0.3.jar:/home/travis/.m2/repository/org/glassfish/jersey/core/jersey-client/2.34/jersey-client-2.34.jar:/home/travis/.m2/repository/org/glassfish/jersey/core/jersey-server/2.34/jersey-server-2.34.jar:/home/travis/.m2/repository/org/glassfish/jersey/media/jersey-media-multipart/2.34/jersey-media-multipart-2.34.jar:/home/travis/.m2/repository/org/jvnet/mimepull/mimepull/1.9.13/mimepull-1.9.13.jar:/home/travis/.m2/repository/org/javassist/javassist/3.28.0-GA/javassist-3.28.0-GA.jar:/home/travis/.m2/repository/org/tmatesoft/svnkit/svnkit/1.10.3/svnkit-1.10.3.jar:/home/travis/.m2/repository/de/regnis/q/sequence/sequence-library/1.0.4/sequence-library-1.0.4.jar:/home/travis/.m2/repository/org/tmatesoft/sqljet/sqljet/1.1.14/sqljet-1.1.14.jar:/home/travis/.m2/repository/org/antlr/antlr-runtime/3.4/antlr-runtime-3.4.jar:/home/travis/.m2/repository/net/java/dev/jna/jna-platform/5.6.0/jna-platform-5.6.0.jar:/home/travis/.m2/repository/org/lz4/lz4-java/1.4.1/lz4-java-1.4.1.jar:/home/travis/.m2/repository/se/jiderhamn/classloader-leak-prevention/classloader-leak-prevention-core/2.7.0/classloader-leak-prevention-core-2.7.0.jar:/home/travis/.m2/repository/xalan/serializer/2.7.2/serializer-2.7.2.jar:/home/travis/.m2/repository/xalan/xalan/2.7.2/xalan-2.7.2.jar:/home/travis/.m2/repository/org/apache/logging/log4j/log4j-slf4j-impl/2.14.1/log4j-slf4j-impl-2.14.1.jar:/home/travis/.m2/repository/org/glassfish/jersey/inject/jersey-hk2/2.34/jersey-hk2-2.34.jar:/home/travis/.m2/repository/org/glassfish/hk2/hk2-locator/2.6.1/hk2-locator-2.6.1.jar:/home/travis/.m2/repository/org/glassfish/hk2/external/aopalliance-repackaged/2.6.1/aopalliance-repackaged-2.6.1.jar:/home/travis/.m2/repository/org/mycore/mycore-base/2021.05-SNAPSHOT/mycore-base-2021.05-SNAPSHOT-tests.jar:/home/travis/.m2/repository/org/mycore/mycore-mods/2021.05-SNAPSHOT/mycore-mods-2021.05-SNAPSHOT.jar:/home/travis/.m2/repository/com/rometools/rome/1.15.0/rome-1.15.0.jar:/home/travis/.m2/repository/com/rometools/rome-utils/1.15.0/rome-utils-1.15.0.jar:/home/travis/.m2/repository/org/bibsonomy/bibsonomy-bibtex-parser/3.9.2/bibsonomy-bibtex-parser-3.9.2.jar:/home/travis/.m2/repository/org/bibsonomy/bibsonomy-common/3.9.2/bibsonomy-common-3.9.2.jar:/home/travis/.m2/repository/org/bibsonomy/bibsonomy-model/3.9.2/bibsonomy-model-3.9.2.jar:/home/travis/.m2/repository/joda-time/joda-time/2.3/joda-time-2.3.jar:/home/travis/.m2/repository/org/mycore/mycore-pi/2021.05-SNAPSHOT/mycore-pi-2021.05-SNAPSHOT.jar:/home/travis/.m2/repository/jakarta/validation/jakarta.validation-api/2.0.2/jakarta.validation-api-2.0.2.jar:/home/travis/.m2/repository/org/apache/httpcomponents/httpmime/4.5.13/httpmime-4.5.13.jar:/home/travis/.m2/repository/org/mycore/mycore-solr/2021.05-SNAPSHOT/mycore-solr-2021.05-SNAPSHOT.jar:/home/travis/.m2/repository/org/mycore/mycore-classbrowser/2021.05-SNAPSHOT/mycore-classbrowser-2021.05-SNAPSHOT.jar:/home/travis/.m2/repository/org/mycore/mycore-sword/2021.05-SNAPSHOT/mycore-sword-2021.05-SNAPSHOT.jar:/home/travis/.m2/repository/com/fasterxml/woodstox/woodstox-core/6.2.6/woodstox-core-6.2.6.jar:/home/travis/.m2/repository/org/codehaus/woodstox/stax2-api/4.2.1/stax2-api-4.2.1.jar:/home/travis/.m2/repository/org/apache/abdera/abdera-parser/1.1.3/abdera-parser-1.1.3.jar:/home/travis/.m2/repository/org/apache/ws/commons/axiom/axiom-api/1.2.14/axiom-api-1.2.14.jar:/home/travis/.m2/repository/org/apache/james/apache-mime4j-core/0.7.2/apache-mime4j-core-0.7.2.jar:/home/travis/.m2/repository/org/apache/ws/commons/axiom/axiom-impl/1.2.14/axiom-impl-1.2.14.jar:/home/travis/.m2/repository/org/mycore/mets/mets-validator/1.3/mets-validator-1.3.jar:/home/travis/.m2/repository/org/mycore/mycore-user2/2021.05-SNAPSHOT/mycore-user2-2021.05-SNAPSHOT.jar:/home/travis/.m2/repository/org/jasig/cas/cas-client-core/3.1.10/cas-client-core-3.1.10.jar:/home/travis/.m2/repository/org/mycore/mycore-wfc/2021.05-SNAPSHOT/mycore-wfc-2021.05-SNAPSHOT.jar:/home/travis/.m2/repository/org/mycore/mycore-xeditor/2021.05-SNAPSHOT/mycore-xeditor-2021.05-SNAPSHOT.jar:/home/travis/.m2/repository/org/mycore/sword/easy-sword2-lib/1.0.5/easy-sword2-lib-1.0.5.jar:/home/travis/.m2/repository/commons-fileupload/commons-fileupload/1.4/commons-fileupload-1.4.jar:/home/travis/.m2/repository/org/apache/logging/log4j/log4j-1.2-api/2.14.1/log4j-1.2-api-2.14.1.jar:/home/travis/.m2/repository/org/mycore/mycore-csl/2021.05-SNAPSHOT/mycore-csl-2021.05-SNAPSHOT.jar:/home/travis/.m2/repository/de/undercouch/citeproc-java/2.0.0/citeproc-java-2.0.0.jar:/home/travis/.m2/repository/org/apache/commons/commons-lang3/3.12.0/commons-lang3-3.12.0.jar:/home/travis/.m2/repository/org/apache/commons/commons-text/1.8/commons-text-1.8.jar:/home/travis/.m2/repository/org/antlr/antlr4-runtime/4.7.2/antlr4-runtime-4.7.2.jar:/home/travis/.m2/repository/org/graalvm/sdk/graal-sdk/19.2.1/graal-sdk-19.2.1.jar:/home/travis/.m2/repository/org/graalvm/js/js/19.2.1/js-19.2.1.jar:/home/travis/.m2/repository/org/graalvm/regex/regex/19.2.1/regex-19.2.1.jar:/home/travis/.m2/repository/org/graalvm/truffle/truffle-api/19.2.1/truffle-api-19.2.1.jar:/home/travis/.m2/repository/org/ow2/asm/asm/6.2.1/asm-6.2.1.jar:/home/travis/.m2/repository/org/ow2/asm/asm-tree/6.2.1/asm-tree-6.2.1.jar:/home/travis/.m2/repository/org/ow2/asm/asm-analysis/6.2.1/asm-analysis-6.2.1.jar:/home/travis/.m2/repository/org/ow2/asm/asm-commons/6.2.1/asm-commons-6.2.1.jar:/home/travis/.m2/repository/org/ow2/asm/asm-util/6.2.1/asm-util-6.2.1.jar:/home/travis/.m2/repository/org/jbibtex/jbibtex/1.0.18/jbibtex-1.0.18.jar:/home/travis/.m2/repository/org/citationstyles/locales/21.3/locales-21.3.jar:/home/travis/.m2/repository/org/citationstyles/styles/21.3/styles-21.3.jar:/home/travis/.m2/repository/org/mycore/mycore-ifs/2021.05-SNAPSHOT/mycore-ifs-2021.05-SNAPSHOT.jar:/home/travis/.m2/repository/org/mycore/pica2mods/pica2mods-xslt/2.0-SNAPSHOT/pica2mods-xslt-2.0-SNAPSHOT.jar:"/>
    <property name="sun.cpu.endian" value="little"/>
    <property name="MCR.Home" value="/tmp/junit3023002330692038066/mcrhome"/>
    <property name="user.home" value="/home/travis"/>
    <property name="user.language" value="en"/>
    <property name="git.closest.tag.commit.count" value="51"/>
    <property name="java.specification.vendor" value="Oracle Corporation"/>
    <property name="java.version.date" value="2019-01-15"/>
    <property name="java.home" value="/usr/local/lib/jvm/openjdk11"/>
    <property name="git.total.commit.count" value="225"/>
    <property name="file.separator" value="/"/>
    <property name="basedir" value="/home/travis/build/MyCoRe-Org/mir/mir-module"/>
    <property name="java.vm.compressedOopsMode" value="32-bit"/>
    <property name="line.separator" value="&#10;"/>
    <property name="java.specification.name" value="Java Platform API Specification"/>
    <property name="java.vm.specification.vendor" value="Oracle Corporation"/>
    <property name="java.awt.graphicsenv" value="sun.awt.X11GraphicsEnvironment"/>
    <property name="git.commit.id.full" value="c3bcede8d219bac139dbb4341d810b64c67e5037"/>
    <property name="git.closest.tag.name" value="v2020.06.2"/>
    <property name="git.local.branch.ahead" value="NO_REMOTE"/>
    <property name="git.build.time" value="2021-06-11T16:06:44Z"/>
    <property name="surefire.real.class.path" value="/home/travis/build/MyCoRe-Org/mir/mir-module/target/surefire/surefirebooter12024234766998927967.jar"/>
    <property name="git.commit.message.full" value="Merge branch &apos;2020.06.x&apos;&#10;&#10;* 2020.06.x:&#10;  [maven-release-plugin] prepare for next development iteration&#10;  [maven-release-plugin] prepare release v2020.06.2&#10;  prepare for LTS release"/>
    <property name="sun.management.compiler" value="HotSpot 64-Bit Tiered Compilers"/>
    <property name="java.runtime.version" value="11.0.2+9"/>
    <property name="user.name" value="travis"/>
    <property name="path.separator" value=":"/>
    <property name="os.version" value="5.4.0-1032-gcp"/>
    <property name="java.runtime.name" value="OpenJDK Runtime Environment"/>
    <property name="file.encoding" value="UTF-8"/>
    <property name="java.vm.name" value="OpenJDK 64-Bit Server VM"/>
    <property name="java.vendor.version" value="18.9"/>
    <property name="jetty" value="true"/>
    <property name="git.local.branch.behind" value="NO_REMOTE"/>
    <property name="git.dirty" value="false"/>
    <property name="localRepository" value="/home/travis/.m2/repository"/>
    <property name="java.vendor.url.bug" value="http://bugreport.java.com/bugreport/"/>
    <property name="java.io.tmpdir" value="/tmp"/>
    <property name="com.zaxxer.hikari.pool_number" value="18"/>
    <property name="java.version" value="11.0.2"/>
    <property name="user.dir" value="/home/travis/build/MyCoRe-Org/mir/mir-module"/>
    <property name="os.arch" value="amd64"/>
    <property name="git.commit.user.name" value="Sebastian Hofmann"/>
    <property name="git.commit.id.abbrev" value="c3bcede"/>
    <property name="java.vm.specification.name" value="Java Virtual Machine Specification"/>
    <property name="java.awt.printerjob" value="sun.print.PSPrinterJob"/>
    <property name="git.commit.id.describe-short" value="v2020.06.2-51"/>
    <property name="sun.os.patch.level" value="unknown"/>
    <property name="git.commit.id.describe" value="v2020.06.2-51-gc3bcede"/>
    <property name="java.library.path" value="/usr/java/packages/lib:/usr/lib64:/lib64:/lib:/usr/lib"/>
    <property name="git.commit.message.short" value="Merge branch &apos;2020.06.x&apos;"/>
    <property name="java.vendor" value="Oracle Corporation"/>
    <property name="java.vm.info" value="mixed mode"/>
    <property name="java.vm.version" value="11.0.2+9"/>
    <property name="sun.io.unicode.encoding" value="UnicodeLittle"/>
    <property name="MCRRuntimeComponentDetector.underTesting" value="mir-module"/>
    <property name="java.class.version" value="55.0"/>
    <property name="git.commit.time" value="2021-06-11T15:50:39Z"/>
    <property name="MCR.AppName" value="mir-module"/>
    <property name="git.remote.origin.url" value="https://github.com/MyCoRe-Org/mir.git"/>
  </properties>
  <testcase name="testServFlagsTransformWithOtherTypes" classname="org.mycore.mir.authorization.accesskeys.TestAccessKeys" time="0.706">
    <system-out><![CDATA[Creating config directory: /tmp/junit3023002330692038066/mcrhome/mir-module
MyCoRe components detected: mcr:mycore-base, mcr:mycore-solr, mcr:mycore-user2, mcr:mycore-xeditor, mcr:mycore-classbrowser, mcr:mycore-mods, mcr:mycore-csl, mcr:mycore-ifs, mcr:mycore-pi, mcr:mycore-sword, mcr:mycore-wfc
Applications modules detected: app:mir-module
&amp#27;[34m2021-06-11T16:07:45,212 [main] INFO   MCRConfigurationInputStream: Current configuration directory: /tmp/junit3023002330692038066/mcrhome/mir-module&amp#27;[m&amp#27;[0m
&amp#27;[m&amp#27;[34m2021-06-11T16:07:45,251 [main] INFO   LogHelper: HHH000204: Processing PersistenceUnitInfo [name: mir-module]&amp#27;[m&amp#27;[0m
&amp#27;[m&amp#27;[34m2021-06-11T16:07:45,274 [main] INFO   HikariDataSource: HikariPool-19 - Starting...&amp#27;[m&amp#27;[0m
&amp#27;[m&amp#27;[31m2021-06-11T16:07:45,274 [main] WARN   DriverDataSource: Registered driver with driverClassName=org.hsqldb.jdbcDriver was not found, trying direct instantiation.&amp#27;[m&amp#27;[0m
&amp#27;[m&amp#27;[34m2021-06-11T16:07:45,276 [main] INFO   PoolBase: HikariPool-19 - Driver does not support get/set network timeout for connections. (feature not supported)&amp#27;[m&amp#27;[0m
&amp#27;[m&amp#27;[34m2021-06-11T16:07:45,277 [main] INFO   HikariDataSource: HikariPool-19 - Start completed.&amp#27;[m&amp#27;[0m
&amp#27;[m&amp#27;[34m2021-06-11T16:07:45,278 [main] INFO   Dialect: HHH000400: Using dialect: org.hibernate.dialect.HSQLDialect&amp#27;[m&amp#27;[0m
&amp#27;[m&amp#27;[31m2021-06-11T16:07:45,309 [main] WARN   JavaTypeDescriptorRegistry: HHH000481: Encountered Java type [class java.lang.Object] for which we could not locate a JavaTypeDescriptor and which does not appear to implement equals and/or hashCode.  This can lead to significant performance problems when performing equality/dirty checking involving this Java type.  Consider registering a custom JavaTypeDescriptor or at least implementing equals/hashCode.&amp#27;[m&amp#27;[0m
&amp#27;[m&amp#27;[31m2021-06-11T16:07:45,485 [main] WARN   MetadataContext: HHH015011: Unable to locate static metamodel field : org.mycore.datamodel.classifications2.MCRCategoryID_#id; this may or may not indicate a problem with the static metamodel&amp#27;[m&amp#27;[0m
&amp#27;[m&amp#27;[34m2021-06-11T16:07:45,491 [main] INFO   JtaPlatformInitiator: HHH000490: Using JtaPlatform implementation: [org.hibernate.engine.transaction.jta.platform.internal.NoJtaPlatform]&amp#27;[m&amp#27;[0m
&amp#27;[m&amp#27;[34m2021-06-11T16:07:45,565 [main] INFO   LogHelper: HHH000204: Processing PersistenceUnitInfo [name: mir-module]&amp#27;[m&amp#27;[0m
&amp#27;[m&amp#27;[34m2021-06-11T16:07:45,597 [main] INFO   HikariDataSource: HikariPool-20 - Starting...&amp#27;[m&amp#27;[0m
&amp#27;[m&amp#27;[31m2021-06-11T16:07:45,597 [main] WARN   DriverDataSource: Registered driver with driverClassName=org.hsqldb.jdbcDriver was not found, trying direct instantiation.&amp#27;[m&amp#27;[0m
&amp#27;[m&amp#27;[34m2021-06-11T16:07:45,605 [main] INFO   PoolBase: HikariPool-20 - Driver does not support get/set network timeout for connections. (feature not supported)&amp#27;[m&amp#27;[0m
&amp#27;[m&amp#27;[34m2021-06-11T16:07:45,607 [main] INFO   HikariDataSource: HikariPool-20 - Start completed.&amp#27;[m&amp#27;[0m
&amp#27;[m&amp#27;[34m2021-06-11T16:07:45,608 [main] INFO   Dialect: HHH000400: Using dialect: org.hibernate.dialect.HSQLDialect&amp#27;[m&amp#27;[0m
&amp#27;[m&amp#27;[31m2021-06-11T16:07:45,647 [main] WARN   JavaTypeDescriptorRegistry: HHH000481: Encountered Java type [class java.lang.Object] for which we could not locate a JavaTypeDescriptor and which does not appear to implement equals and/or hashCode.  This can lead to significant performance problems when performing equality/dirty checking involving this Java type.  Consider registering a custom JavaTypeDescriptor or at least implementing equals/hashCode.&amp#27;[m&amp#27;[0m
&amp#27;[m<?xml version="1.0" encoding="UTF-8"?>
<servflags class="MCRMetaLangText">
  <servflag type="readkey" inherited="0" form="plain">blah</servflag>
  <servflag type="writekey" inherited="0" form="plain">blub</servflag>
  <servflag type="createdby" inherited="0" form="plain">administrator</servflag>
</servflags>
&amp#27;[34m2021-06-11T16:07:45,804 [main] INFO   LogHelper: HHH000204: Processing PersistenceUnitInfo [name: mir-module]&amp#27;[m&amp#27;[0m
&amp#27;[m&amp#27;[34m2021-06-11T16:07:45,821 [main] INFO   HikariDataSource: HikariPool-21 - Starting...&amp#27;[m&amp#27;[0m
&amp#27;[m&amp#27;[31m2021-06-11T16:07:45,821 [main] WARN   DriverDataSource: Registered driver with driverClassName=org.hsqldb.jdbcDriver was not found, trying direct instantiation.&amp#27;[m&amp#27;[0m
&amp#27;[m&amp#27;[34m2021-06-11T16:07:45,822 [main] INFO   PoolBase: HikariPool-21 - Driver does not support get/set network timeout for connections. (feature not supported)&amp#27;[m&amp#27;[0m
&amp#27;[m&amp#27;[34m2021-06-11T16:07:45,823 [main] INFO   HikariDataSource: HikariPool-21 - Start completed.&amp#27;[m&amp#27;[0m
&amp#27;[m&amp#27;[34m2021-06-11T16:07:45,823 [main] INFO   Dialect: HHH000400: Using dialect: org.hibernate.dialect.HSQLDialect&amp#27;[m&amp#27;[0m
&amp#27;[m&amp#27;[31m2021-06-11T16:07:45,857 [main] WARN   JavaTypeDescriptorRegistry: HHH000481: Encountered Java type [class java.lang.Object] for which we could not locate a JavaTypeDescriptor and which does not appear to implement equals and/or hashCode.  This can lead to significant performance problems when performing equality/dirty checking involving this Java type.  Consider registering a custom JavaTypeDescriptor or at least implementing equals/hashCode.&amp#27;[m&amp#27;[0m
&amp#27;[m]]></system-out>
  </testcase>
  <testcase name="testKeyPairFull" classname="org.mycore.mir.authorization.accesskeys.TestAccessKeys" time="0.522">
    <system-out><![CDATA[MyCoRe components detected: mcr:mycore-base, mcr:mycore-solr, mcr:mycore-user2, mcr:mycore-xeditor, mcr:mycore-classbrowser, mcr:mycore-mods, mcr:mycore-csl, mcr:mycore-ifs, mcr:mycore-pi, mcr:mycore-sword, mcr:mycore-wfc
Applications modules detected: app:mir-module
&amp#27;[34m2021-06-11T16:07:45,924 [main] INFO   MCRConfigurationInputStream: Current configuration directory: /tmp/junit3023002330692038066/mcrhome/mir-module&amp#27;[m&amp#27;[0m
&amp#27;[m&amp#27;[34m2021-06-11T16:07:45,965 [main] INFO   LogHelper: HHH000204: Processing PersistenceUnitInfo [name: mir-module]&amp#27;[m&amp#27;[0m
&amp#27;[m&amp#27;[34m2021-06-11T16:07:45,993 [main] INFO   HikariDataSource: HikariPool-22 - Starting...&amp#27;[m&amp#27;[0m
&amp#27;[m&amp#27;[31m2021-06-11T16:07:45,993 [main] WARN   DriverDataSource: Registered driver with driverClassName=org.hsqldb.jdbcDriver was not found, trying direct instantiation.&amp#27;[m&amp#27;[0m
&amp#27;[m&amp#27;[34m2021-06-11T16:07:45,997 [main] INFO   PoolBase: HikariPool-22 - Driver does not support get/set network timeout for connections. (feature not supported)&amp#27;[m&amp#27;[0m
&amp#27;[m&amp#27;[34m2021-06-11T16:07:45,998 [main] INFO   HikariDataSource: HikariPool-22 - Start completed.&amp#27;[m&amp#27;[0m
&amp#27;[m&amp#27;[34m2021-06-11T16:07:45,999 [main] INFO   Dialect: HHH000400: Using dialect: org.hibernate.dialect.HSQLDialect&amp#27;[m&amp#27;[0m
&amp#27;[m&amp#27;[31m2021-06-11T16:07:46,041 [main] WARN   JavaTypeDescriptorRegistry: HHH000481: Encountered Java type [class java.lang.Object] for which we could not locate a JavaTypeDescriptor and which does not appear to implement equals and/or hashCode.  This can lead to significant performance problems when performing equality/dirty checking involving this Java type.  Consider registering a custom JavaTypeDescriptor or at least implementing equals/hashCode.&amp#27;[m&amp#27;[0m
&amp#27;[m&amp#27;[31m2021-06-11T16:07:46,208 [main] WARN   MetadataContext: HHH015011: Unable to locate static metamodel field : org.mycore.datamodel.classifications2.MCRCategoryID_#id; this may or may not indicate a problem with the static metamodel&amp#27;[m&amp#27;[0m
&amp#27;[m&amp#27;[34m2021-06-11T16:07:46,212 [main] INFO   JtaPlatformInitiator: HHH000490: Using JtaPlatform implementation: [org.hibernate.engine.transaction.jta.platform.internal.NoJtaPlatform]&amp#27;[m&amp#27;[0m
&amp#27;[m&amp#27;[34m2021-06-11T16:07:46,284 [main] INFO   LogHelper: HHH000204: Processing PersistenceUnitInfo [name: mir-module]&amp#27;[m&amp#27;[0m
&amp#27;[m&amp#27;[34m2021-06-11T16:07:46,298 [main] INFO   HikariDataSource: HikariPool-23 - Starting...&amp#27;[m&amp#27;[0m
&amp#27;[m&amp#27;[31m2021-06-11T16:07:46,299 [main] WARN   DriverDataSource: Registered driver with driverClassName=org.hsqldb.jdbcDriver was not found, trying direct instantiation.&amp#27;[m&amp#27;[0m
&amp#27;[m&amp#27;[34m2021-06-11T16:07:46,300 [main] INFO   PoolBase: HikariPool-23 - Driver does not support get/set network timeout for connections. (feature not supported)&amp#27;[m&amp#27;[0m
&amp#27;[m&amp#27;[34m2021-06-11T16:07:46,300 [main] INFO   HikariDataSource: HikariPool-23 - Start completed.&amp#27;[m&amp#27;[0m
&amp#27;[m&amp#27;[34m2021-06-11T16:07:46,301 [main] INFO   Dialect: HHH000400: Using dialect: org.hibernate.dialect.HSQLDialect&amp#27;[m&amp#27;[0m
&amp#27;[m&amp#27;[31m2021-06-11T16:07:46,324 [main] WARN   JavaTypeDescriptorRegistry: HHH000481: Encountered Java type [class java.lang.Object] for which we could not locate a JavaTypeDescriptor and which does not appear to implement equals and/or hashCode.  This can lead to significant performance problems when performing equality/dirty checking involving this Java type.  Consider registering a custom JavaTypeDescriptor or at least implementing equals/hashCode.&amp#27;[m&amp#27;[0m
&amp#27;[m&amp#27;[34m2021-06-11T16:07:46,361 [main] INFO   LogHelper: HHH000204: Processing PersistenceUnitInfo [name: mir-module]&amp#27;[m&amp#27;[0m
&amp#27;[m&amp#27;[34m2021-06-11T16:07:46,374 [main] INFO   HikariDataSource: HikariPool-24 - Starting...&amp#27;[m&amp#27;[0m
&amp#27;[m&amp#27;[31m2021-06-11T16:07:46,375 [main] WARN   DriverDataSource: Registered driver with driverClassName=org.hsqldb.jdbcDriver was not found, trying direct instantiation.&amp#27;[m&amp#27;[0m
&amp#27;[m&amp#27;[34m2021-06-11T16:07:46,376 [main] INFO   PoolBase: HikariPool-24 - Driver does not support get/set network timeout for connections. (feature not supported)&amp#27;[m&amp#27;[0m
&amp#27;[m&amp#27;[34m2021-06-11T16:07:46,376 [main] INFO   HikariDataSource: HikariPool-24 - Start completed.&amp#27;[m&amp#27;[0m
&amp#27;[m&amp#27;[34m2021-06-11T16:07:46,377 [main] INFO   Dialect: HHH000400: Using dialect: org.hibernate.dialect.HSQLDialect&amp#27;[m&amp#27;[0m
&amp#27;[m&amp#27;[31m2021-06-11T16:07:46,400 [main] WARN   JavaTypeDescriptorRegistry: HHH000481: Encountered Java type [class java.lang.Object] for which we could not locate a JavaTypeDescriptor and which does not appear to implement equals and/or hashCode.  This can lead to significant performance problems when performing equality/dirty checking involving this Java type.  Consider registering a custom JavaTypeDescriptor or at least implementing equals/hashCode.&amp#27;[m&amp#27;[0m
&amp#27;[m]]></system-out>
  </testcase>
  <testcase name="testCreateKeyPair" classname="org.mycore.mir.authorization.accesskeys.TestAccessKeys" time="0.757">
    <system-out><![CDATA[MyCoRe components detected: mcr:mycore-base, mcr:mycore-solr, mcr:mycore-user2, mcr:mycore-xeditor, mcr:mycore-classbrowser, mcr:mycore-mods, mcr:mycore-csl, mcr:mycore-ifs, mcr:mycore-pi, mcr:mycore-sword, mcr:mycore-wfc
Applications modules detected: app:mir-module
&amp#27;[34m2021-06-11T16:07:46,422 [main] INFO   MCRConfigurationInputStream: Current configuration directory: /tmp/junit3023002330692038066/mcrhome/mir-module&amp#27;[m&amp#27;[0m
&amp#27;[m&amp#27;[34m2021-06-11T16:07:46,510 [main] INFO   LogHelper: HHH000204: Processing PersistenceUnitInfo [name: mir-module]&amp#27;[m&amp#27;[0m
&amp#27;[m&amp#27;[34m2021-06-11T16:07:46,524 [main] INFO   HikariDataSource: HikariPool-25 - Starting...&amp#27;[m&amp#27;[0m
&amp#27;[m&amp#27;[31m2021-06-11T16:07:46,524 [main] WARN   DriverDataSource: Registered driver with driverClassName=org.hsqldb.jdbcDriver was not found, trying direct instantiation.&amp#27;[m&amp#27;[0m
&amp#27;[m&amp#27;[34m2021-06-11T16:07:46,525 [main] INFO   PoolBase: HikariPool-25 - Driver does not support get/set network timeout for connections. (feature not supported)&amp#27;[m&amp#27;[0m
&amp#27;[m&amp#27;[34m2021-06-11T16:07:46,526 [main] INFO   HikariDataSource: HikariPool-25 - Start completed.&amp#27;[m&amp#27;[0m
&amp#27;[m&amp#27;[34m2021-06-11T16:07:46,526 [main] INFO   Dialect: HHH000400: Using dialect: org.hibernate.dialect.HSQLDialect&amp#27;[m&amp#27;[0m
&amp#27;[m&amp#27;[31m2021-06-11T16:07:46,550 [main] WARN   JavaTypeDescriptorRegistry: HHH000481: Encountered Java type [class java.lang.Object] for which we could not locate a JavaTypeDescriptor and which does not appear to implement equals and/or hashCode.  This can lead to significant performance problems when performing equality/dirty checking involving this Java type.  Consider registering a custom JavaTypeDescriptor or at least implementing equals/hashCode.&amp#27;[m&amp#27;[0m
&amp#27;[m&amp#27;[31m2021-06-11T16:07:46,713 [main] WARN   MetadataContext: HHH015011: Unable to locate static metamodel field : org.mycore.datamodel.classifications2.MCRCategoryID_#id; this may or may not indicate a problem with the static metamodel&amp#27;[m&amp#27;[0m
&amp#27;[m&amp#27;[34m2021-06-11T16:07:46,717 [main] INFO   JtaPlatformInitiator: HHH000490: Using JtaPlatform implementation: [org.hibernate.engine.transaction.jta.platform.internal.NoJtaPlatform]&amp#27;[m&amp#27;[0m
&amp#27;[m&amp#27;[34m2021-06-11T16:07:46,792 [main] INFO   LogHelper: HHH000204: Processing PersistenceUnitInfo [name: mir-module]&amp#27;[m&amp#27;[0m
&amp#27;[m&amp#27;[34m2021-06-11T16:07:46,807 [main] INFO   HikariDataSource: HikariPool-26 - Starting...&amp#27;[m&amp#27;[0m
&amp#27;[m&amp#27;[31m2021-06-11T16:07:46,807 [main] WARN   DriverDataSource: Registered driver with driverClassName=org.hsqldb.jdbcDriver was not found, trying direct instantiation.&amp#27;[m&amp#27;[0m
&amp#27;[m&amp#27;[34m2021-06-11T16:07:46,808 [main] INFO   PoolBase: HikariPool-26 - Driver does not support get/set network timeout for connections. (feature not supported)&amp#27;[m&amp#27;[0m
&amp#27;[m&amp#27;[34m2021-06-11T16:07:46,808 [main] INFO   HikariDataSource: HikariPool-26 - Start completed.&amp#27;[m&amp#27;[0m
&amp#27;[m&amp#27;[34m2021-06-11T16:07:46,809 [main] INFO   Dialect: HHH000400: Using dialect: org.hibernate.dialect.HSQLDialect&amp#27;[m&amp#27;[0m
&amp#27;[m&amp#27;[31m2021-06-11T16:07:46,837 [main] WARN   JavaTypeDescriptorRegistry: HHH000481: Encountered Java type [class java.lang.Object] for which we could not locate a JavaTypeDescriptor and which does not appear to implement equals and/or hashCode.  This can lead to significant performance problems when performing equality/dirty checking involving this Java type.  Consider registering a custom JavaTypeDescriptor or at least implementing equals/hashCode.&amp#27;[m&amp#27;[0m
&amp#27;[m&amp#27;[34m2021-06-11T16:07:47,112 [main] INFO   LogHelper: HHH000204: Processing PersistenceUnitInfo [name: mir-module]&amp#27;[m&amp#27;[0m
&amp#27;[m&amp#27;[34m2021-06-11T16:07:47,126 [main] INFO   HikariDataSource: HikariPool-27 - Starting...&amp#27;[m&amp#27;[0m
&amp#27;[m&amp#27;[31m2021-06-11T16:07:47,126 [main] WARN   DriverDataSource: Registered driver with driverClassName=org.hsqldb.jdbcDriver was not found, trying direct instantiation.&amp#27;[m&amp#27;[0m
&amp#27;[m&amp#27;[34m2021-06-11T16:07:47,128 [main] INFO   PoolBase: HikariPool-27 - Driver does not support get/set network timeout for connections. (feature not supported)&amp#27;[m&amp#27;[0m
&amp#27;[m&amp#27;[34m2021-06-11T16:07:47,130 [main] INFO   HikariDataSource: HikariPool-27 - Start completed.&amp#27;[m&amp#27;[0m
&amp#27;[m&amp#27;[34m2021-06-11T16:07:47,130 [main] INFO   Dialect: HHH000400: Using dialect: org.hibernate.dialect.HSQLDialect&amp#27;[m&amp#27;[0m
&amp#27;[m&amp#27;[31m2021-06-11T16:07:47,168 [main] WARN   JavaTypeDescriptorRegistry: HHH000481: Encountered Java type [class java.lang.Object] for which we could not locate a JavaTypeDescriptor and which does not appear to implement equals and/or hashCode.  This can lead to significant performance problems when performing equality/dirty checking involving this Java type.  Consider registering a custom JavaTypeDescriptor or at least implementing equals/hashCode.&amp#27;[m&amp#27;[0m
&amp#27;[m]]></system-out>
  </testcase>
  <testcase name="testUpdateKeyPair" classname="org.mycore.mir.authorization.accesskeys.TestAccessKeys" time="0.8">
    <system-out><![CDATA[MyCoRe components detected: mcr:mycore-base, mcr:mycore-solr, mcr:mycore-user2, mcr:mycore-xeditor, mcr:mycore-classbrowser, mcr:mycore-mods, mcr:mycore-csl, mcr:mycore-ifs, mcr:mycore-pi, mcr:mycore-sword, mcr:mycore-wfc
Applications modules detected: app:mir-module
&amp#27;[34m2021-06-11T16:07:47,193 [main] INFO   MCRConfigurationInputStream: Current configuration directory: /tmp/junit3023002330692038066/mcrhome/mir-module&amp#27;[m&amp#27;[0m
&amp#27;[m&amp#27;[34m2021-06-11T16:07:47,251 [main] INFO   LogHelper: HHH000204: Processing PersistenceUnitInfo [name: mir-module]&amp#27;[m&amp#27;[0m
&amp#27;[m&amp#27;[34m2021-06-11T16:07:47,307 [main] INFO   HikariDataSource: HikariPool-28 - Starting...&amp#27;[m&amp#27;[0m
&amp#27;[m&amp#27;[31m2021-06-11T16:07:47,307 [main] WARN   DriverDataSource: Registered driver with driverClassName=org.hsqldb.jdbcDriver was not found, trying direct instantiation.&amp#27;[m&amp#27;[0m
&amp#27;[m&amp#27;[34m2021-06-11T16:07:47,312 [main] INFO   PoolBase: HikariPool-28 - Driver does not support get/set network timeout for connections. (feature not supported)&amp#27;[m&amp#27;[0m
&amp#27;[m&amp#27;[34m2021-06-11T16:07:47,318 [main] INFO   HikariDataSource: HikariPool-28 - Start completed.&amp#27;[m&amp#27;[0m
&amp#27;[m&amp#27;[34m2021-06-11T16:07:47,319 [main] INFO   Dialect: HHH000400: Using dialect: org.hibernate.dialect.HSQLDialect&amp#27;[m&amp#27;[0m
&amp#27;[m&amp#27;[31m2021-06-11T16:07:47,353 [main] WARN   JavaTypeDescriptorRegistry: HHH000481: Encountered Java type [class java.lang.Object] for which we could not locate a JavaTypeDescriptor and which does not appear to implement equals and/or hashCode.  This can lead to significant performance problems when performing equality/dirty checking involving this Java type.  Consider registering a custom JavaTypeDescriptor or at least implementing equals/hashCode.&amp#27;[m&amp#27;[0m
&amp#27;[m&amp#27;[31m2021-06-11T16:07:47,562 [main] WARN   MetadataContext: HHH015011: Unable to locate static metamodel field : org.mycore.datamodel.classifications2.MCRCategoryID_#id; this may or may not indicate a problem with the static metamodel&amp#27;[m&amp#27;[0m
&amp#27;[m&amp#27;[34m2021-06-11T16:07:47,568 [main] INFO   JtaPlatformInitiator: HHH000490: Using JtaPlatform implementation: [org.hibernate.engine.transaction.jta.platform.internal.NoJtaPlatform]&amp#27;[m&amp#27;[0m
&amp#27;[m&amp#27;[34m2021-06-11T16:07:47,696 [main] INFO   LogHelper: HHH000204: Processing PersistenceUnitInfo [name: mir-module]&amp#27;[m&amp#27;[0m
&amp#27;[m&amp#27;[34m2021-06-11T16:07:47,722 [main] INFO   HikariDataSource: HikariPool-29 - Starting...&amp#27;[m&amp#27;[0m
&amp#27;[m&amp#27;[31m2021-06-11T16:07:47,722 [main] WARN   DriverDataSource: Registered driver with driverClassName=org.hsqldb.jdbcDriver was not found, trying direct instantiation.&amp#27;[m&amp#27;[0m
&amp#27;[m&amp#27;[34m2021-06-11T16:07:47,724 [main] INFO   PoolBase: HikariPool-29 - Driver does not support get/set network timeout for connections. (feature not supported)&amp#27;[m&amp#27;[0m
&amp#27;[m&amp#27;[34m2021-06-11T16:07:47,726 [main] INFO   HikariDataSource: HikariPool-29 - Start completed.&amp#27;[m&amp#27;[0m
&amp#27;[m&amp#27;[34m2021-06-11T16:07:47,726 [main] INFO   Dialect: HHH000400: Using dialect: org.hibernate.dialect.HSQLDialect&amp#27;[m&amp#27;[0m
&amp#27;[m&amp#27;[31m2021-06-11T16:07:47,758 [main] WARN   JavaTypeDescriptorRegistry: HHH000481: Encountered Java type [class java.lang.Object] for which we could not locate a JavaTypeDescriptor and which does not appear to implement equals and/or hashCode.  This can lead to significant performance problems when performing equality/dirty checking involving this Java type.  Consider registering a custom JavaTypeDescriptor or at least implementing equals/hashCode.&amp#27;[m&amp#27;[0m
&amp#27;[m&amp#27;[34m2021-06-11T16:07:47,906 [main] INFO   LogHelper: HHH000204: Processing PersistenceUnitInfo [name: mir-module]&amp#27;[m&amp#27;[0m
&amp#27;[m&amp#27;[34m2021-06-11T16:07:47,927 [main] INFO   HikariDataSource: HikariPool-30 - Starting...&amp#27;[m&amp#27;[0m
&amp#27;[m&amp#27;[31m2021-06-11T16:07:47,927 [main] WARN   DriverDataSource: Registered driver with driverClassName=org.hsqldb.jdbcDriver was not found, trying direct instantiation.&amp#27;[m&amp#27;[0m
&amp#27;[m&amp#27;[34m2021-06-11T16:07:47,928 [main] INFO   PoolBase: HikariPool-30 - Driver does not support get/set network timeout for connections. (feature not supported)&amp#27;[m&amp#27;[0m
&amp#27;[m&amp#27;[34m2021-06-11T16:07:47,930 [main] INFO   HikariDataSource: HikariPool-30 - Start completed.&amp#27;[m&amp#27;[0m
&amp#27;[m&amp#27;[34m2021-06-11T16:07:47,934 [main] INFO   Dialect: HHH000400: Using dialect: org.hibernate.dialect.HSQLDialect&amp#27;[m&amp#27;[0m
&amp#27;[m&amp#27;[31m2021-06-11T16:07:47,965 [main] WARN   JavaTypeDescriptorRegistry: HHH000481: Encountered Java type [class java.lang.Object] for which we could not locate a JavaTypeDescriptor and which does not appear to implement equals and/or hashCode.  This can lead to significant performance problems when performing equality/dirty checking involving this Java type.  Consider registering a custom JavaTypeDescriptor or at least implementing equals/hashCode.&amp#27;[m&amp#27;[0m
&amp#27;[m]]></system-out>
  </testcase>
  <testcase name="testExistsKeyPair" classname="org.mycore.mir.authorization.accesskeys.TestAccessKeys" time="0.562">
    <system-out><![CDATA[MyCoRe components detected: mcr:mycore-base, mcr:mycore-solr, mcr:mycore-user2, mcr:mycore-xeditor, mcr:mycore-classbrowser, mcr:mycore-mods, mcr:mycore-csl, mcr:mycore-ifs, mcr:mycore-pi, mcr:mycore-sword, mcr:mycore-wfc
Applications modules detected: app:mir-module
&amp#27;[34m2021-06-11T16:07:47,978 [main] INFO   MCRConfigurationInputStream: Current configuration directory: /tmp/junit3023002330692038066/mcrhome/mir-module&amp#27;[m&amp#27;[0m
&amp#27;[m&amp#27;[34m2021-06-11T16:07:48,024 [main] INFO   LogHelper: HHH000204: Processing PersistenceUnitInfo [name: mir-module]&amp#27;[m&amp#27;[0m
&amp#27;[m&amp#27;[34m2021-06-11T16:07:48,079 [main] INFO   HikariDataSource: HikariPool-31 - Starting...&amp#27;[m&amp#27;[0m
&amp#27;[m&amp#27;[31m2021-06-11T16:07:48,083 [main] WARN   DriverDataSource: Registered driver with driverClassName=org.hsqldb.jdbcDriver was not found, trying direct instantiation.&amp#27;[m&amp#27;[0m
&amp#27;[m&amp#27;[34m2021-06-11T16:07:48,091 [main] INFO   PoolBase: HikariPool-31 - Driver does not support get/set network timeout for connections. (feature not supported)&amp#27;[m&amp#27;[0m
&amp#27;[m&amp#27;[34m2021-06-11T16:07:48,093 [main] INFO   HikariDataSource: HikariPool-31 - Start completed.&amp#27;[m&amp#27;[0m
&amp#27;[m&amp#27;[34m2021-06-11T16:07:48,094 [main] INFO   Dialect: HHH000400: Using dialect: org.hibernate.dialect.HSQLDialect&amp#27;[m&amp#27;[0m
&amp#27;[m&amp#27;[31m2021-06-11T16:07:48,130 [main] WARN   JavaTypeDescriptorRegistry: HHH000481: Encountered Java type [class java.lang.Object] for which we could not locate a JavaTypeDescriptor and which does not appear to implement equals and/or hashCode.  This can lead to significant performance problems when performing equality/dirty checking involving this Java type.  Consider registering a custom JavaTypeDescriptor or at least implementing equals/hashCode.&amp#27;[m&amp#27;[0m
&amp#27;[m&amp#27;[31m2021-06-11T16:07:48,297 [main] WARN   MetadataContext: HHH015011: Unable to locate static metamodel field : org.mycore.datamodel.classifications2.MCRCategoryID_#id; this may or may not indicate a problem with the static metamodel&amp#27;[m&amp#27;[0m
&amp#27;[m&amp#27;[34m2021-06-11T16:07:48,302 [main] INFO   JtaPlatformInitiator: HHH000490: Using JtaPlatform implementation: [org.hibernate.engine.transaction.jta.platform.internal.NoJtaPlatform]&amp#27;[m&amp#27;[0m
&amp#27;[m&amp#27;[34m2021-06-11T16:07:48,359 [main] INFO   LogHelper: HHH000204: Processing PersistenceUnitInfo [name: mir-module]&amp#27;[m&amp#27;[0m
&amp#27;[m&amp#27;[34m2021-06-11T16:07:48,373 [main] INFO   HikariDataSource: HikariPool-32 - Starting...&amp#27;[m&amp#27;[0m
&amp#27;[m&amp#27;[31m2021-06-11T16:07:48,374 [main] WARN   DriverDataSource: Registered driver with driverClassName=org.hsqldb.jdbcDriver was not found, trying direct instantiation.&amp#27;[m&amp#27;[0m
&amp#27;[m&amp#27;[34m2021-06-11T16:07:48,374 [main] INFO   PoolBase: HikariPool-32 - Driver does not support get/set network timeout for connections. (feature not supported)&amp#27;[m&amp#27;[0m
&amp#27;[m&amp#27;[34m2021-06-11T16:07:48,375 [main] INFO   HikariDataSource: HikariPool-32 - Start completed.&amp#27;[m&amp#27;[0m
&amp#27;[m&amp#27;[34m2021-06-11T16:07:48,375 [main] INFO   Dialect: HHH000400: Using dialect: org.hibernate.dialect.HSQLDialect&amp#27;[m&amp#27;[0m
&amp#27;[m&amp#27;[31m2021-06-11T16:07:48,407 [main] WARN   JavaTypeDescriptorRegistry: HHH000481: Encountered Java type [class java.lang.Object] for which we could not locate a JavaTypeDescriptor and which does not appear to implement equals and/or hashCode.  This can lead to significant performance problems when performing equality/dirty checking involving this Java type.  Consider registering a custom JavaTypeDescriptor or at least implementing equals/hashCode.&amp#27;[m&amp#27;[0m
&amp#27;[m&amp#27;[34m2021-06-11T16:07:48,488 [main] INFO   LogHelper: HHH000204: Processing PersistenceUnitInfo [name: mir-module]&amp#27;[m&amp#27;[0m
&amp#27;[m&amp#27;[34m2021-06-11T16:07:48,502 [main] INFO   HikariDataSource: HikariPool-33 - Starting...&amp#27;[m&amp#27;[0m
&amp#27;[m&amp#27;[31m2021-06-11T16:07:48,503 [main] WARN   DriverDataSource: Registered driver with driverClassName=org.hsqldb.jdbcDriver was not found, trying direct instantiation.&amp#27;[m&amp#27;[0m
&amp#27;[m&amp#27;[34m2021-06-11T16:07:48,503 [main] INFO   PoolBase: HikariPool-33 - Driver does not support get/set network timeout for connections. (feature not supported)&amp#27;[m&amp#27;[0m
&amp#27;[m&amp#27;[34m2021-06-11T16:07:48,504 [main] INFO   HikariDataSource: HikariPool-33 - Start completed.&amp#27;[m&amp#27;[0m
&amp#27;[m&amp#27;[34m2021-06-11T16:07:48,504 [main] INFO   Dialect: HHH000400: Using dialect: org.hibernate.dialect.HSQLDialect&amp#27;[m&amp#27;[0m
&amp#27;[m&amp#27;[31m2021-06-11T16:07:48,528 [main] WARN   JavaTypeDescriptorRegistry: HHH000481: Encountered Java type [class java.lang.Object] for which we could not locate a JavaTypeDescriptor and which does not appear to implement equals and/or hashCode.  This can lead to significant performance problems when performing equality/dirty checking involving this Java type.  Consider registering a custom JavaTypeDescriptor or at least implementing equals/hashCode.&amp#27;[m&amp#27;[0m
&amp#27;[m]]></system-out>
  </testcase>
  <testcase name="testKeyPairWithMatchingKeys" classname="org.mycore.mir.authorization.accesskeys.TestAccessKeys" time="0.535">
    <system-out><![CDATA[MyCoRe components detected: mcr:mycore-base, mcr:mycore-solr, mcr:mycore-user2, mcr:mycore-xeditor, mcr:mycore-classbrowser, mcr:mycore-mods, mcr:mycore-csl, mcr:mycore-ifs, mcr:mycore-pi, mcr:mycore-sword, mcr:mycore-wfc
Applications modules detected: app:mir-module
&amp#27;[34m2021-06-11T16:07:48,547 [main] INFO   MCRConfigurationInputStream: Current configuration directory: /tmp/junit3023002330692038066/mcrhome/mir-module&amp#27;[m&amp#27;[0m
&amp#27;[m&amp#27;[34m2021-06-11T16:07:48,610 [main] INFO   LogHelper: HHH000204: Processing PersistenceUnitInfo [name: mir-module]&amp#27;[m&amp#27;[0m
&amp#27;[m&amp#27;[34m2021-06-11T16:07:48,644 [main] INFO   HikariDataSource: HikariPool-34 - Starting...&amp#27;[m&amp#27;[0m
&amp#27;[m&amp#27;[31m2021-06-11T16:07:48,644 [main] WARN   DriverDataSource: Registered driver with driverClassName=org.hsqldb.jdbcDriver was not found, trying direct instantiation.&amp#27;[m&amp#27;[0m
&amp#27;[m&amp#27;[34m2021-06-11T16:07:48,645 [main] INFO   PoolBase: HikariPool-34 - Driver does not support get/set network timeout for connections. (feature not supported)&amp#27;[m&amp#27;[0m
&amp#27;[m&amp#27;[34m2021-06-11T16:07:48,645 [main] INFO   HikariDataSource: HikariPool-34 - Start completed.&amp#27;[m&amp#27;[0m
&amp#27;[m&amp#27;[34m2021-06-11T16:07:48,646 [main] INFO   Dialect: HHH000400: Using dialect: org.hibernate.dialect.HSQLDialect&amp#27;[m&amp#27;[0m
&amp#27;[m&amp#27;[31m2021-06-11T16:07:48,669 [main] WARN   JavaTypeDescriptorRegistry: HHH000481: Encountered Java type [class java.lang.Object] for which we could not locate a JavaTypeDescriptor and which does not appear to implement equals and/or hashCode.  This can lead to significant performance problems when performing equality/dirty checking involving this Java type.  Consider registering a custom JavaTypeDescriptor or at least implementing equals/hashCode.&amp#27;[m&amp#27;[0m
&amp#27;[m&amp#27;[31m2021-06-11T16:07:48,810 [main] WARN   MetadataContext: HHH015011: Unable to locate static metamodel field : org.mycore.datamodel.classifications2.MCRCategoryID_#id; this may or may not indicate a problem with the static metamodel&amp#27;[m&amp#27;[0m
&amp#27;[m&amp#27;[34m2021-06-11T16:07:48,815 [main] INFO   JtaPlatformInitiator: HHH000490: Using JtaPlatform implementation: [org.hibernate.engine.transaction.jta.platform.internal.NoJtaPlatform]&amp#27;[m&amp#27;[0m
&amp#27;[m&amp#27;[34m2021-06-11T16:07:48,878 [main] INFO   LogHelper: HHH000204: Processing PersistenceUnitInfo [name: mir-module]&amp#27;[m&amp#27;[0m
&amp#27;[m&amp#27;[34m2021-06-11T16:07:48,896 [main] INFO   HikariDataSource: HikariPool-35 - Starting...&amp#27;[m&amp#27;[0m
&amp#27;[m&amp#27;[31m2021-06-11T16:07:48,897 [main] WARN   DriverDataSource: Registered driver with driverClassName=org.hsqldb.jdbcDriver was not found, trying direct instantiation.&amp#27;[m&amp#27;[0m
&amp#27;[m&amp#27;[34m2021-06-11T16:07:48,899 [main] INFO   PoolBase: HikariPool-35 - Driver does not support get/set network timeout for connections. (feature not supported)&amp#27;[m&amp#27;[0m
&amp#27;[m&amp#27;[34m2021-06-11T16:07:48,899 [main] INFO   HikariDataSource: HikariPool-35 - Start completed.&amp#27;[m&amp#27;[0m
&amp#27;[m&amp#27;[34m2021-06-11T16:07:48,900 [main] INFO   Dialect: HHH000400: Using dialect: org.hibernate.dialect.HSQLDialect&amp#27;[m&amp#27;[0m
&amp#27;[m&amp#27;[31m2021-06-11T16:07:48,931 [main] WARN   JavaTypeDescriptorRegistry: HHH000481: Encountered Java type [class java.lang.Object] for which we could not locate a JavaTypeDescriptor and which does not appear to implement equals and/or hashCode.  This can lead to significant performance problems when performing equality/dirty checking involving this Java type.  Consider registering a custom JavaTypeDescriptor or at least implementing equals/hashCode.&amp#27;[m&amp#27;[0m
&amp#27;[m&amp#27;[34m2021-06-11T16:07:48,992 [main] INFO   LogHelper: HHH000204: Processing PersistenceUnitInfo [name: mir-module]&amp#27;[m&amp#27;[0m
&amp#27;[m&amp#27;[34m2021-06-11T16:07:49,013 [main] INFO   HikariDataSource: HikariPool-36 - Starting...&amp#27;[m&amp#27;[0m
&amp#27;[m&amp#27;[31m2021-06-11T16:07:49,014 [main] WARN   DriverDataSource: Registered driver with driverClassName=org.hsqldb.jdbcDriver was not found, trying direct instantiation.&amp#27;[m&amp#27;[0m
&amp#27;[m&amp#27;[34m2021-06-11T16:07:49,014 [main] INFO   PoolBase: HikariPool-36 - Driver does not support get/set network timeout for connections. (feature not supported)&amp#27;[m&amp#27;[0m
&amp#27;[m&amp#27;[34m2021-06-11T16:07:49,018 [main] INFO   HikariDataSource: HikariPool-36 - Start completed.&amp#27;[m&amp#27;[0m
&amp#27;[m&amp#27;[34m2021-06-11T16:07:49,018 [main] INFO   Dialect: HHH000400: Using dialect: org.hibernate.dialect.HSQLDialect&amp#27;[m&amp#27;[0m
&amp#27;[m&amp#27;[31m2021-06-11T16:07:49,057 [main] WARN   JavaTypeDescriptorRegistry: HHH000481: Encountered Java type [class java.lang.Object] for which we could not locate a JavaTypeDescriptor and which does not appear to implement equals and/or hashCode.  This can lead to significant performance problems when performing equality/dirty checking involving this Java type.  Consider registering a custom JavaTypeDescriptor or at least implementing equals/hashCode.&amp#27;[m&amp#27;[0m
&amp#27;[m]]></system-out>
  </testcase>
  <testcase name="testTransientUser" classname="org.mycore.mir.authorization.accesskeys.TestAccessKeys" time="0.632">
    <system-out><![CDATA[MyCoRe components detected: mcr:mycore-base, mcr:mycore-solr, mcr:mycore-user2, mcr:mycore-xeditor, mcr:mycore-classbrowser, mcr:mycore-mods, mcr:mycore-csl, mcr:mycore-ifs, mcr:mycore-pi, mcr:mycore-sword, mcr:mycore-wfc
Applications modules detected: app:mir-module
&amp#27;[34m2021-06-11T16:07:49,077 [main] INFO   MCRConfigurationInputStream: Current configuration directory: /tmp/junit3023002330692038066/mcrhome/mir-module&amp#27;[m&amp#27;[0m
&amp#27;[m&amp#27;[34m2021-06-11T16:07:49,135 [main] INFO   LogHelper: HHH000204: Processing PersistenceUnitInfo [name: mir-module]&amp#27;[m&amp#27;[0m
&amp#27;[m&amp#27;[34m2021-06-11T16:07:49,192 [main] INFO   HikariDataSource: HikariPool-37 - Starting...&amp#27;[m&amp#27;[0m
&amp#27;[m&amp#27;[31m2021-06-11T16:07:49,193 [main] WARN   DriverDataSource: Registered driver with driverClassName=org.hsqldb.jdbcDriver was not found, trying direct instantiation.&amp#27;[m&amp#27;[0m
&amp#27;[m&amp#27;[34m2021-06-11T16:07:49,198 [main] INFO   PoolBase: HikariPool-37 - Driver does not support get/set network timeout for connections. (feature not supported)&amp#27;[m&amp#27;[0m
&amp#27;[m&amp#27;[34m2021-06-11T16:07:49,199 [main] INFO   HikariDataSource: HikariPool-37 - Start completed.&amp#27;[m&amp#27;[0m
&amp#27;[m&amp#27;[34m2021-06-11T16:07:49,200 [main] INFO   Dialect: HHH000400: Using dialect: org.hibernate.dialect.HSQLDialect&amp#27;[m&amp#27;[0m
&amp#27;[m&amp#27;[31m2021-06-11T16:07:49,219 [main] WARN   JavaTypeDescriptorRegistry: HHH000481: Encountered Java type [class java.lang.Object] for which we could not locate a JavaTypeDescriptor and which does not appear to implement equals and/or hashCode.  This can lead to significant performance problems when performing equality/dirty checking involving this Java type.  Consider registering a custom JavaTypeDescriptor or at least implementing equals/hashCode.&amp#27;[m&amp#27;[0m
&amp#27;[m&amp#27;[31m2021-06-11T16:07:49,341 [main] WARN   MetadataContext: HHH015011: Unable to locate static metamodel field : org.mycore.datamodel.classifications2.MCRCategoryID_#id; this may or may not indicate a problem with the static metamodel&amp#27;[m&amp#27;[0m
&amp#27;[m&amp#27;[34m2021-06-11T16:07:49,347 [main] INFO   JtaPlatformInitiator: HHH000490: Using JtaPlatform implementation: [org.hibernate.engine.transaction.jta.platform.internal.NoJtaPlatform]&amp#27;[m&amp#27;[0m
&amp#27;[m&amp#27;[34m2021-06-11T16:07:49,398 [main] INFO   LogHelper: HHH000204: Processing PersistenceUnitInfo [name: mir-module]&amp#27;[m&amp#27;[0m
&amp#27;[m&amp#27;[34m2021-06-11T16:07:49,411 [main] INFO   HikariDataSource: HikariPool-38 - Starting...&amp#27;[m&amp#27;[0m
&amp#27;[m&amp#27;[31m2021-06-11T16:07:49,411 [main] WARN   DriverDataSource: Registered driver with driverClassName=org.hsqldb.jdbcDriver was not found, trying direct instantiation.&amp#27;[m&amp#27;[0m
&amp#27;[m&amp#27;[34m2021-06-11T16:07:49,412 [main] INFO   PoolBase: HikariPool-38 - Driver does not support get/set network timeout for connections. (feature not supported)&amp#27;[m&amp#27;[0m
&amp#27;[m&amp#27;[34m2021-06-11T16:07:49,413 [main] INFO   HikariDataSource: HikariPool-38 - Start completed.&amp#27;[m&amp#27;[0m
&amp#27;[m&amp#27;[34m2021-06-11T16:07:49,413 [main] INFO   Dialect: HHH000400: Using dialect: org.hibernate.dialect.HSQLDialect&amp#27;[m&amp#27;[0m
&amp#27;[m&amp#27;[31m2021-06-11T16:07:49,433 [main] WARN   JavaTypeDescriptorRegistry: HHH000481: Encountered Java type [class java.lang.Object] for which we could not locate a JavaTypeDescriptor and which does not appear to implement equals and/or hashCode.  This can lead to significant performance problems when performing equality/dirty checking involving this Java type.  Consider registering a custom JavaTypeDescriptor or at least implementing equals/hashCode.&amp#27;[m&amp#27;[0m
&amp#27;[m&amp#27;[34m2021-06-11T16:07:49,578 [main] INFO   MCRUserManager: user saved: junit&amp#27;[m&amp#27;[0m
&amp#27;[m&amp#27;[34m2021-06-11T16:07:49,578 [main] INFO   MCRRoleManager: Assigning junit to these roles: []&amp#27;[m&amp#27;[0m
&amp#27;[m&amp#27;[34m2021-06-11T16:07:49,665 [main] INFO   LogHelper: HHH000204: Processing PersistenceUnitInfo [name: mir-module]&amp#27;[m&amp#27;[0m
&amp#27;[m&amp#27;[34m2021-06-11T16:07:49,678 [main] INFO   HikariDataSource: HikariPool-39 - Starting...&amp#27;[m&amp#27;[0m
&amp#27;[m&amp#27;[31m2021-06-11T16:07:49,678 [main] WARN   DriverDataSource: Registered driver with driverClassName=org.hsqldb.jdbcDriver was not found, trying direct instantiation.&amp#27;[m&amp#27;[0m
&amp#27;[m&amp#27;[34m2021-06-11T16:07:49,679 [main] INFO   PoolBase: HikariPool-39 - Driver does not support get/set network timeout for connections. (feature not supported)&amp#27;[m&amp#27;[0m
&amp#27;[m&amp#27;[34m2021-06-11T16:07:49,679 [main] INFO   HikariDataSource: HikariPool-39 - Start completed.&amp#27;[m&amp#27;[0m
&amp#27;[m&amp#27;[34m2021-06-11T16:07:49,680 [main] INFO   Dialect: HHH000400: Using dialect: org.hibernate.dialect.HSQLDialect&amp#27;[m&amp#27;[0m
&amp#27;[m&amp#27;[31m2021-06-11T16:07:49,701 [main] WARN   JavaTypeDescriptorRegistry: HHH000481: Encountered Java type [class java.lang.Object] for which we could not locate a JavaTypeDescriptor and which does not appear to implement equals and/or hashCode.  This can lead to significant performance problems when performing equality/dirty checking involving this Java type.  Consider registering a custom JavaTypeDescriptor or at least implementing equals/hashCode.&amp#27;[m&amp#27;[0m
&amp#27;[m]]></system-out>
  </testcase>
  <testcase name="testDeleteKeyPair" classname="org.mycore.mir.authorization.accesskeys.TestAccessKeys" time="0.507">
    <system-out><![CDATA[MyCoRe components detected: mcr:mycore-base, mcr:mycore-solr, mcr:mycore-user2, mcr:mycore-xeditor, mcr:mycore-classbrowser, mcr:mycore-mods, mcr:mycore-csl, mcr:mycore-ifs, mcr:mycore-pi, mcr:mycore-sword, mcr:mycore-wfc
Applications modules detected: app:mir-module
&amp#27;[34m2021-06-11T16:07:49,726 [main] INFO   MCRConfigurationInputStream: Current configuration directory: /tmp/junit3023002330692038066/mcrhome/mir-module&amp#27;[m&amp#27;[0m
&amp#27;[m&amp#27;[34m2021-06-11T16:07:49,778 [main] INFO   LogHelper: HHH000204: Processing PersistenceUnitInfo [name: mir-module]&amp#27;[m&amp#27;[0m
&amp#27;[m&amp#27;[34m2021-06-11T16:07:49,798 [main] INFO   HikariDataSource: HikariPool-40 - Starting...&amp#27;[m&amp#27;[0m
&amp#27;[m&amp#27;[31m2021-06-11T16:07:49,798 [main] WARN   DriverDataSource: Registered driver with driverClassName=org.hsqldb.jdbcDriver was not found, trying direct instantiation.&amp#27;[m&amp#27;[0m
&amp#27;[m&amp#27;[34m2021-06-11T16:07:49,799 [main] INFO   PoolBase: HikariPool-40 - Driver does not support get/set network timeout for connections. (feature not supported)&amp#27;[m&amp#27;[0m
&amp#27;[m&amp#27;[34m2021-06-11T16:07:49,806 [main] INFO   HikariDataSource: HikariPool-40 - Start completed.&amp#27;[m&amp#27;[0m
&amp#27;[m&amp#27;[34m2021-06-11T16:07:49,806 [main] INFO   Dialect: HHH000400: Using dialect: org.hibernate.dialect.HSQLDialect&amp#27;[m&amp#27;[0m
&amp#27;[m&amp#27;[31m2021-06-11T16:07:49,829 [main] WARN   JavaTypeDescriptorRegistry: HHH000481: Encountered Java type [class java.lang.Object] for which we could not locate a JavaTypeDescriptor and which does not appear to implement equals and/or hashCode.  This can lead to significant performance problems when performing equality/dirty checking involving this Java type.  Consider registering a custom JavaTypeDescriptor or at least implementing equals/hashCode.&amp#27;[m&amp#27;[0m
&amp#27;[m&amp#27;[31m2021-06-11T16:07:49,967 [main] WARN   MetadataContext: HHH015011: Unable to locate static metamodel field : org.mycore.datamodel.classifications2.MCRCategoryID_#id; this may or may not indicate a problem with the static metamodel&amp#27;[m&amp#27;[0m
&amp#27;[m&amp#27;[34m2021-06-11T16:07:49,971 [main] INFO   JtaPlatformInitiator: HHH000490: Using JtaPlatform implementation: [org.hibernate.engine.transaction.jta.platform.internal.NoJtaPlatform]&amp#27;[m&amp#27;[0m
&amp#27;[m&amp#27;[34m2021-06-11T16:07:50,033 [main] INFO   LogHelper: HHH000204: Processing PersistenceUnitInfo [name: mir-module]&amp#27;[m&amp#27;[0m
&amp#27;[m&amp#27;[34m2021-06-11T16:07:50,051 [main] INFO   HikariDataSource: HikariPool-41 - Starting...&amp#27;[m&amp#27;[0m
&amp#27;[m&amp#27;[31m2021-06-11T16:07:50,051 [main] WARN   DriverDataSource: Registered driver with driverClassName=org.hsqldb.jdbcDriver was not found, trying direct instantiation.&amp#27;[m&amp#27;[0m
&amp#27;[m&amp#27;[34m2021-06-11T16:07:50,052 [main] INFO   PoolBase: HikariPool-41 - Driver does not support get/set network timeout for connections. (feature not supported)&amp#27;[m&amp#27;[0m
&amp#27;[m&amp#27;[34m2021-06-11T16:07:50,052 [main] INFO   HikariDataSource: HikariPool-41 - Start completed.&amp#27;[m&amp#27;[0m
&amp#27;[m&amp#27;[34m2021-06-11T16:07:50,053 [main] INFO   Dialect: HHH000400: Using dialect: org.hibernate.dialect.HSQLDialect&amp#27;[m&amp#27;[0m
&amp#27;[m&amp#27;[31m2021-06-11T16:07:50,075 [main] WARN   JavaTypeDescriptorRegistry: HHH000481: Encountered Java type [class java.lang.Object] for which we could not locate a JavaTypeDescriptor and which does not appear to implement equals and/or hashCode.  This can lead to significant performance problems when performing equality/dirty checking involving this Java type.  Consider registering a custom JavaTypeDescriptor or at least implementing equals/hashCode.&amp#27;[m&amp#27;[0m
&amp#27;[m&amp#27;[34m2021-06-11T16:07:50,156 [main] INFO   LogHelper: HHH000204: Processing PersistenceUnitInfo [name: mir-module]&amp#27;[m&amp#27;[0m
&amp#27;[m&amp#27;[34m2021-06-11T16:07:50,172 [main] INFO   HikariDataSource: HikariPool-42 - Starting...&amp#27;[m&amp#27;[0m
&amp#27;[m&amp#27;[31m2021-06-11T16:07:50,172 [main] WARN   DriverDataSource: Registered driver with driverClassName=org.hsqldb.jdbcDriver was not found, trying direct instantiation.&amp#27;[m&amp#27;[0m
&amp#27;[m&amp#27;[34m2021-06-11T16:07:50,173 [main] INFO   PoolBase: HikariPool-42 - Driver does not support get/set network timeout for connections. (feature not supported)&amp#27;[m&amp#27;[0m
&amp#27;[m&amp#27;[34m2021-06-11T16:07:50,173 [main] INFO   HikariDataSource: HikariPool-42 - Start completed.&amp#27;[m&amp#27;[0m
&amp#27;[m&amp#27;[34m2021-06-11T16:07:50,174 [main] INFO   Dialect: HHH000400: Using dialect: org.hibernate.dialect.HSQLDialect&amp#27;[m&amp#27;[0m
&amp#27;[m&amp#27;[31m2021-06-11T16:07:50,216 [main] WARN   JavaTypeDescriptorRegistry: HHH000481: Encountered Java type [class java.lang.Object] for which we could not locate a JavaTypeDescriptor and which does not appear to implement equals and/or hashCode.  This can lead to significant performance problems when performing equality/dirty checking involving this Java type.  Consider registering a custom JavaTypeDescriptor or at least implementing equals/hashCode.&amp#27;[m&amp#27;[0m
&amp#27;[m]]></system-out>
  </testcase>
  <testcase name="testServFlagsTransform" classname="org.mycore.mir.authorization.accesskeys.TestAccessKeys" time="0.424">
    <system-out><![CDATA[MyCoRe components detected: mcr:mycore-base, mcr:mycore-solr, mcr:mycore-user2, mcr:mycore-xeditor, mcr:mycore-classbrowser, mcr:mycore-mods, mcr:mycore-csl, mcr:mycore-ifs, mcr:mycore-pi, mcr:mycore-sword, mcr:mycore-wfc
Applications modules detected: app:mir-module
&amp#27;[34m2021-06-11T16:07:50,239 [main] INFO   MCRConfigurationInputStream: Current configuration directory: /tmp/junit3023002330692038066/mcrhome/mir-module&amp#27;[m&amp#27;[0m
&amp#27;[m&amp#27;[34m2021-06-11T16:07:50,319 [main] INFO   LogHelper: HHH000204: Processing PersistenceUnitInfo [name: mir-module]&amp#27;[m&amp#27;[0m
&amp#27;[m&amp#27;[34m2021-06-11T16:07:50,335 [main] INFO   HikariDataSource: HikariPool-43 - Starting...&amp#27;[m&amp#27;[0m
&amp#27;[m&amp#27;[31m2021-06-11T16:07:50,336 [main] WARN   DriverDataSource: Registered driver with driverClassName=org.hsqldb.jdbcDriver was not found, trying direct instantiation.&amp#27;[m&amp#27;[0m
&amp#27;[m&amp#27;[34m2021-06-11T16:07:50,337 [main] INFO   PoolBase: HikariPool-43 - Driver does not support get/set network timeout for connections. (feature not supported)&amp#27;[m&amp#27;[0m
&amp#27;[m&amp#27;[34m2021-06-11T16:07:50,337 [main] INFO   HikariDataSource: HikariPool-43 - Start completed.&amp#27;[m&amp#27;[0m
&amp#27;[m&amp#27;[34m2021-06-11T16:07:50,338 [main] INFO   Dialect: HHH000400: Using dialect: org.hibernate.dialect.HSQLDialect&amp#27;[m&amp#27;[0m
&amp#27;[m&amp#27;[31m2021-06-11T16:07:50,362 [main] WARN   JavaTypeDescriptorRegistry: HHH000481: Encountered Java type [class java.lang.Object] for which we could not locate a JavaTypeDescriptor and which does not appear to implement equals and/or hashCode.  This can lead to significant performance problems when performing equality/dirty checking involving this Java type.  Consider registering a custom JavaTypeDescriptor or at least implementing equals/hashCode.&amp#27;[m&amp#27;[0m
&amp#27;[m&amp#27;[31m2021-06-11T16:07:50,481 [main] WARN   MetadataContext: HHH015011: Unable to locate static metamodel field : org.mycore.datamodel.classifications2.MCRCategoryID_#id; this may or may not indicate a problem with the static metamodel&amp#27;[m&amp#27;[0m
&amp#27;[m&amp#27;[34m2021-06-11T16:07:50,486 [main] INFO   JtaPlatformInitiator: HHH000490: Using JtaPlatform implementation: [org.hibernate.engine.transaction.jta.platform.internal.NoJtaPlatform]&amp#27;[m&amp#27;[0m
&amp#27;[m&amp#27;[34m2021-06-11T16:07:50,533 [main] INFO   LogHelper: HHH000204: Processing PersistenceUnitInfo [name: mir-module]&amp#27;[m&amp#27;[0m
&amp#27;[m&amp#27;[34m2021-06-11T16:07:50,546 [main] INFO   HikariDataSource: HikariPool-44 - Starting...&amp#27;[m&amp#27;[0m
&amp#27;[m&amp#27;[31m2021-06-11T16:07:50,546 [main] WARN   DriverDataSource: Registered driver with driverClassName=org.hsqldb.jdbcDriver was not found, trying direct instantiation.&amp#27;[m&amp#27;[0m
&amp#27;[m&amp#27;[34m2021-06-11T16:07:50,547 [main] INFO   PoolBase: HikariPool-44 - Driver does not support get/set network timeout for connections. (feature not supported)&amp#27;[m&amp#27;[0m
&amp#27;[m&amp#27;[34m2021-06-11T16:07:50,547 [main] INFO   HikariDataSource: HikariPool-44 - Start completed.&amp#27;[m&amp#27;[0m
&amp#27;[m&amp#27;[34m2021-06-11T16:07:50,548 [main] INFO   Dialect: HHH000400: Using dialect: org.hibernate.dialect.HSQLDialect&amp#27;[m&amp#27;[0m
&amp#27;[m&amp#27;[31m2021-06-11T16:07:50,568 [main] WARN   JavaTypeDescriptorRegistry: HHH000481: Encountered Java type [class java.lang.Object] for which we could not locate a JavaTypeDescriptor and which does not appear to implement equals and/or hashCode.  This can lead to significant performance problems when performing equality/dirty checking involving this Java type.  Consider registering a custom JavaTypeDescriptor or at least implementing equals/hashCode.&amp#27;[m&amp#27;[0m
&amp#27;[m<?xml version="1.0" encoding="UTF-8"?>
<servflags class="MCRMetaLangText">
  <servflag type="readkey" inherited="0" form="plain">blah</servflag>
  <servflag type="writekey" inherited="0" form="plain">blub</servflag>
</servflags>
&amp#27;[34m2021-06-11T16:07:50,598 [main] INFO   LogHelper: HHH000204: Processing PersistenceUnitInfo [name: mir-module]&amp#27;[m&amp#27;[0m
&amp#27;[m&amp#27;[34m2021-06-11T16:07:50,610 [main] INFO   HikariDataSource: HikariPool-45 - Starting...&amp#27;[m&amp#27;[0m
&amp#27;[m&amp#27;[31m2021-06-11T16:07:50,611 [main] WARN   DriverDataSource: Registered driver with driverClassName=org.hsqldb.jdbcDriver was not found, trying direct instantiation.&amp#27;[m&amp#27;[0m
&amp#27;[m&amp#27;[34m2021-06-11T16:07:50,612 [main] INFO   PoolBase: HikariPool-45 - Driver does not support get/set network timeout for connections. (feature not supported)&amp#27;[m&amp#27;[0m
&amp#27;[m&amp#27;[34m2021-06-11T16:07:50,612 [main] INFO   HikariDataSource: HikariPool-45 - Start completed.&amp#27;[m&amp#27;[0m
&amp#27;[m&amp#27;[34m2021-06-11T16:07:50,612 [main] INFO   Dialect: HHH000400: Using dialect: org.hibernate.dialect.HSQLDialect&amp#27;[m&amp#27;[0m
&amp#27;[m&amp#27;[31m2021-06-11T16:07:50,632 [main] WARN   JavaTypeDescriptorRegistry: HHH000481: Encountered Java type [class java.lang.Object] for which we could not locate a JavaTypeDescriptor and which does not appear to implement equals and/or hashCode.  This can lead to significant performance problems when performing equality/dirty checking involving this Java type.  Consider registering a custom JavaTypeDescriptor or at least implementing equals/hashCode.&amp#27;[m&amp#27;[0m
&amp#27;[m]]></system-out>
  </testcase>
  <testcase name="testKeyPairTransform" classname="org.mycore.mir.authorization.accesskeys.TestAccessKeys" time="0.548">
    <system-out><![CDATA[MyCoRe components detected: mcr:mycore-base, mcr:mycore-solr, mcr:mycore-user2, mcr:mycore-xeditor, mcr:mycore-classbrowser, mcr:mycore-mods, mcr:mycore-csl, mcr:mycore-ifs, mcr:mycore-pi, mcr:mycore-sword, mcr:mycore-wfc
Applications modules detected: app:mir-module
&amp#27;[34m2021-06-11T16:07:50,643 [main] INFO   MCRConfigurationInputStream: Current configuration directory: /tmp/junit3023002330692038066/mcrhome/mir-module&amp#27;[m&amp#27;[0m
&amp#27;[m&amp#27;[34m2021-06-11T16:07:50,717 [main] INFO   LogHelper: HHH000204: Processing PersistenceUnitInfo [name: mir-module]&amp#27;[m&amp#27;[0m
&amp#27;[m&amp#27;[34m2021-06-11T16:07:50,742 [main] INFO   HikariDataSource: HikariPool-46 - Starting...&amp#27;[m&amp#27;[0m
&amp#27;[m&amp#27;[31m2021-06-11T16:07:50,748 [main] WARN   DriverDataSource: Registered driver with driverClassName=org.hsqldb.jdbcDriver was not found, trying direct instantiation.&amp#27;[m&amp#27;[0m
&amp#27;[m&amp#27;[34m2021-06-11T16:07:50,749 [main] INFO   PoolBase: HikariPool-46 - Driver does not support get/set network timeout for connections. (feature not supported)&amp#27;[m&amp#27;[0m
&amp#27;[m&amp#27;[34m2021-06-11T16:07:50,754 [main] INFO   HikariDataSource: HikariPool-46 - Start completed.&amp#27;[m&amp#27;[0m
&amp#27;[m&amp#27;[34m2021-06-11T16:07:50,754 [main] INFO   Dialect: HHH000400: Using dialect: org.hibernate.dialect.HSQLDialect&amp#27;[m&amp#27;[0m
&amp#27;[m&amp#27;[31m2021-06-11T16:07:50,777 [main] WARN   JavaTypeDescriptorRegistry: HHH000481: Encountered Java type [class java.lang.Object] for which we could not locate a JavaTypeDescriptor and which does not appear to implement equals and/or hashCode.  This can lead to significant performance problems when performing equality/dirty checking involving this Java type.  Consider registering a custom JavaTypeDescriptor or at least implementing equals/hashCode.&amp#27;[m&amp#27;[0m
&amp#27;[m&amp#27;[31m2021-06-11T16:07:50,979 [main] WARN   MetadataContext: HHH015011: Unable to locate static metamodel field : org.mycore.datamodel.classifications2.MCRCategoryID_#id; this may or may not indicate a problem with the static metamodel&amp#27;[m&amp#27;[0m
&amp#27;[m&amp#27;[34m2021-06-11T16:07:50,985 [main] INFO   JtaPlatformInitiator: HHH000490: Using JtaPlatform implementation: [org.hibernate.engine.transaction.jta.platform.internal.NoJtaPlatform]&amp#27;[m&amp#27;[0m
&amp#27;[m&amp#27;[34m2021-06-11T16:07:51,041 [main] INFO   LogHelper: HHH000204: Processing PersistenceUnitInfo [name: mir-module]&amp#27;[m&amp#27;[0m
&amp#27;[m&amp#27;[34m2021-06-11T16:07:51,053 [main] INFO   HikariDataSource: HikariPool-47 - Starting...&amp#27;[m&amp#27;[0m
&amp#27;[m&amp#27;[31m2021-06-11T16:07:51,053 [main] WARN   DriverDataSource: Registered driver with driverClassName=org.hsqldb.jdbcDriver was not found, trying direct instantiation.&amp#27;[m&amp#27;[0m
&amp#27;[m&amp#27;[34m2021-06-11T16:07:51,054 [main] INFO   PoolBase: HikariPool-47 - Driver does not support get/set network timeout for connections. (feature not supported)&amp#27;[m&amp#27;[0m
&amp#27;[m&amp#27;[34m2021-06-11T16:07:51,054 [main] INFO   HikariDataSource: HikariPool-47 - Start completed.&amp#27;[m&amp#27;[0m
&amp#27;[m&amp#27;[34m2021-06-11T16:07:51,055 [main] INFO   Dialect: HHH000400: Using dialect: org.hibernate.dialect.HSQLDialect&amp#27;[m&amp#27;[0m
&amp#27;[m&amp#27;[31m2021-06-11T16:07:51,078 [main] WARN   JavaTypeDescriptorRegistry: HHH000481: Encountered Java type [class java.lang.Object] for which we could not locate a JavaTypeDescriptor and which does not appear to implement equals and/or hashCode.  This can lead to significant performance problems when performing equality/dirty checking involving this Java type.  Consider registering a custom JavaTypeDescriptor or at least implementing equals/hashCode.&amp#27;[m&amp#27;[0m
&amp#27;[m<?xml version="1.0" encoding="UTF-8"?>
<accesskeys objId="mir_test_00000001" readkey="blah" writekey="blub" />
&amp#27;[34m2021-06-11T16:07:51,113 [main] INFO   LogHelper: HHH000204: Processing PersistenceUnitInfo [name: mir-module]&amp#27;[m&amp#27;[0m
&amp#27;[m&amp#27;[34m2021-06-11T16:07:51,132 [main] INFO   HikariDataSource: HikariPool-48 - Starting...&amp#27;[m&amp#27;[0m
&amp#27;[m&amp#27;[31m2021-06-11T16:07:51,132 [main] WARN   DriverDataSource: Registered driver with driverClassName=org.hsqldb.jdbcDriver was not found, trying direct instantiation.&amp#27;[m&amp#27;[0m
&amp#27;[m&amp#27;[34m2021-06-11T16:07:51,133 [main] INFO   PoolBase: HikariPool-48 - Driver does not support get/set network timeout for connections. (feature not supported)&amp#27;[m&amp#27;[0m
&amp#27;[m&amp#27;[34m2021-06-11T16:07:51,135 [main] INFO   HikariDataSource: HikariPool-48 - Start completed.&amp#27;[m&amp#27;[0m
&amp#27;[m&amp#27;[34m2021-06-11T16:07:51,136 [main] INFO   Dialect: HHH000400: Using dialect: org.hibernate.dialect.HSQLDialect&amp#27;[m&amp#27;[0m
&amp#27;[m&amp#27;[31m2021-06-11T16:07:51,165 [main] WARN   JavaTypeDescriptorRegistry: HHH000481: Encountered Java type [class java.lang.Object] for which we could not locate a JavaTypeDescriptor and which does not appear to implement equals and/or hashCode.  This can lead to significant performance problems when performing equality/dirty checking involving this Java type.  Consider registering a custom JavaTypeDescriptor or at least implementing equals/hashCode.&amp#27;[m&amp#27;[0m
&amp#27;[m]]></system-out>
  </testcase>
  <testcase name="testAccessKeysTransform" classname="org.mycore.mir.authorization.accesskeys.TestAccessKeys" time="0.435">
    <system-out><![CDATA[MyCoRe components detected: mcr:mycore-base, mcr:mycore-solr, mcr:mycore-user2, mcr:mycore-xeditor, mcr:mycore-classbrowser, mcr:mycore-mods, mcr:mycore-csl, mcr:mycore-ifs, mcr:mycore-pi, mcr:mycore-sword, mcr:mycore-wfc
Applications modules detected: app:mir-module
&amp#27;[34m2021-06-11T16:07:51,205 [main] INFO   MCRConfigurationInputStream: Current configuration directory: /tmp/junit3023002330692038066/mcrhome/mir-module&amp#27;[m&amp#27;[0m
&amp#27;[m&amp#27;[34m2021-06-11T16:07:51,228 [main] INFO   LogHelper: HHH000204: Processing PersistenceUnitInfo [name: mir-module]&amp#27;[m&amp#27;[0m
&amp#27;[m&amp#27;[34m2021-06-11T16:07:51,274 [main] INFO   HikariDataSource: HikariPool-49 - Starting...&amp#27;[m&amp#27;[0m
&amp#27;[m&amp#27;[31m2021-06-11T16:07:51,275 [main] WARN   DriverDataSource: Registered driver with driverClassName=org.hsqldb.jdbcDriver was not found, trying direct instantiation.&amp#27;[m&amp#27;[0m
&amp#27;[m&amp#27;[34m2021-06-11T16:07:51,277 [main] INFO   PoolBase: HikariPool-49 - Driver does not support get/set network timeout for connections. (feature not supported)&amp#27;[m&amp#27;[0m
&amp#27;[m&amp#27;[34m2021-06-11T16:07:51,278 [main] INFO   HikariDataSource: HikariPool-49 - Start completed.&amp#27;[m&amp#27;[0m
&amp#27;[m&amp#27;[34m2021-06-11T16:07:51,278 [main] INFO   Dialect: HHH000400: Using dialect: org.hibernate.dialect.HSQLDialect&amp#27;[m&amp#27;[0m
&amp#27;[m&amp#27;[31m2021-06-11T16:07:51,306 [main] WARN   JavaTypeDescriptorRegistry: HHH000481: Encountered Java type [class java.lang.Object] for which we could not locate a JavaTypeDescriptor and which does not appear to implement equals and/or hashCode.  This can lead to significant performance problems when performing equality/dirty checking involving this Java type.  Consider registering a custom JavaTypeDescriptor or at least implementing equals/hashCode.&amp#27;[m&amp#27;[0m
&amp#27;[m&amp#27;[31m2021-06-11T16:07:51,428 [main] WARN   MetadataContext: HHH015011: Unable to locate static metamodel field : org.mycore.datamodel.classifications2.MCRCategoryID_#id; this may or may not indicate a problem with the static metamodel&amp#27;[m&amp#27;[0m
&amp#27;[m&amp#27;[34m2021-06-11T16:07:51,433 [main] INFO   JtaPlatformInitiator: HHH000490: Using JtaPlatform implementation: [org.hibernate.engine.transaction.jta.platform.internal.NoJtaPlatform]&amp#27;[m&amp#27;[0m
&amp#27;[m&amp#27;[34m2021-06-11T16:07:51,494 [main] INFO   LogHelper: HHH000204: Processing PersistenceUnitInfo [name: mir-module]&amp#27;[m&amp#27;[0m
&amp#27;[m&amp#27;[34m2021-06-11T16:07:51,508 [main] INFO   HikariDataSource: HikariPool-50 - Starting...&amp#27;[m&amp#27;[0m
&amp#27;[m&amp#27;[31m2021-06-11T16:07:51,508 [main] WARN   DriverDataSource: Registered driver with driverClassName=org.hsqldb.jdbcDriver was not found, trying direct instantiation.&amp#27;[m&amp#27;[0m
&amp#27;[m&amp#27;[34m2021-06-11T16:07:51,509 [main] INFO   PoolBase: HikariPool-50 - Driver does not support get/set network timeout for connections. (feature not supported)&amp#27;[m&amp#27;[0m
&amp#27;[m&amp#27;[34m2021-06-11T16:07:51,510 [main] INFO   HikariDataSource: HikariPool-50 - Start completed.&amp#27;[m&amp#27;[0m
&amp#27;[m&amp#27;[34m2021-06-11T16:07:51,510 [main] INFO   Dialect: HHH000400: Using dialect: org.hibernate.dialect.HSQLDialect&amp#27;[m&amp#27;[0m
&amp#27;[m&amp#27;[31m2021-06-11T16:07:51,532 [main] WARN   JavaTypeDescriptorRegistry: HHH000481: Encountered Java type [class java.lang.Object] for which we could not locate a JavaTypeDescriptor and which does not appear to implement equals and/or hashCode.  This can lead to significant performance problems when performing equality/dirty checking involving this Java type.  Consider registering a custom JavaTypeDescriptor or at least implementing equals/hashCode.&amp#27;[m&amp#27;[0m
&amp#27;[m<?xml version="1.0" encoding="UTF-8"?>
<accesskeys objId="mir_test_00000001" readkey="blah" writekey="blub" />
&amp#27;[34m2021-06-11T16:07:51,571 [main] INFO   LogHelper: HHH000204: Processing PersistenceUnitInfo [name: mir-module]&amp#27;[m&amp#27;[0m
&amp#27;[m&amp#27;[34m2021-06-11T16:07:51,586 [main] INFO   HikariDataSource: HikariPool-51 - Starting...&amp#27;[m&amp#27;[0m
&amp#27;[m&amp#27;[31m2021-06-11T16:07:51,586 [main] WARN   DriverDataSource: Registered driver with driverClassName=org.hsqldb.jdbcDriver was not found, trying direct instantiation.&amp#27;[m&amp#27;[0m
&amp#27;[m&amp#27;[34m2021-06-11T16:07:51,587 [main] INFO   PoolBase: HikariPool-51 - Driver does not support get/set network timeout for connections. (feature not supported)&amp#27;[m&amp#27;[0m
&amp#27;[m&amp#27;[34m2021-06-11T16:07:51,587 [main] INFO   HikariDataSource: HikariPool-51 - Start completed.&amp#27;[m&amp#27;[0m
&amp#27;[m&amp#27;[34m2021-06-11T16:07:51,588 [main] INFO   Dialect: HHH000400: Using dialect: org.hibernate.dialect.HSQLDialect&amp#27;[m&amp#27;[0m
&amp#27;[m&amp#27;[31m2021-06-11T16:07:51,615 [main] WARN   JavaTypeDescriptorRegistry: HHH000481: Encountered Java type [class java.lang.Object] for which we could not locate a JavaTypeDescriptor and which does not appear to implement equals and/or hashCode.  This can lead to significant performance problems when performing equality/dirty checking involving this Java type.  Consider registering a custom JavaTypeDescriptor or at least implementing equals/hashCode.&amp#27;[m&amp#27;[0m
&amp#27;[m]]></system-out>
  </testcase>
  <testcase name="testKeyPairWithoutWriteKey" classname="org.mycore.mir.authorization.accesskeys.TestAccessKeys" time="0.454">
    <system-out><![CDATA[MyCoRe components detected: mcr:mycore-base, mcr:mycore-solr, mcr:mycore-user2, mcr:mycore-xeditor, mcr:mycore-classbrowser, mcr:mycore-mods, mcr:mycore-csl, mcr:mycore-ifs, mcr:mycore-pi, mcr:mycore-sword, mcr:mycore-wfc
Applications modules detected: app:mir-module
&amp#27;[34m2021-06-11T16:07:51,650 [main] INFO   MCRConfigurationInputStream: Current configuration directory: /tmp/junit3023002330692038066/mcrhome/mir-module&amp#27;[m&amp#27;[0m
&amp#27;[m&amp#27;[34m2021-06-11T16:07:51,699 [main] INFO   LogHelper: HHH000204: Processing PersistenceUnitInfo [name: mir-module]&amp#27;[m&amp#27;[0m
&amp#27;[m&amp#27;[34m2021-06-11T16:07:51,721 [main] INFO   HikariDataSource: HikariPool-52 - Starting...&amp#27;[m&amp#27;[0m
&amp#27;[m&amp#27;[31m2021-06-11T16:07:51,721 [main] WARN   DriverDataSource: Registered driver with driverClassName=org.hsqldb.jdbcDriver was not found, trying direct instantiation.&amp#27;[m&amp#27;[0m
&amp#27;[m&amp#27;[34m2021-06-11T16:07:51,722 [main] INFO   PoolBase: HikariPool-52 - Driver does not support get/set network timeout for connections. (feature not supported)&amp#27;[m&amp#27;[0m
&amp#27;[m&amp#27;[34m2021-06-11T16:07:51,723 [main] INFO   HikariDataSource: HikariPool-52 - Start completed.&amp#27;[m&amp#27;[0m
&amp#27;[m&amp#27;[34m2021-06-11T16:07:51,723 [main] INFO   Dialect: HHH000400: Using dialect: org.hibernate.dialect.HSQLDialect&amp#27;[m&amp#27;[0m
&amp#27;[m&amp#27;[31m2021-06-11T16:07:51,766 [main] WARN   JavaTypeDescriptorRegistry: HHH000481: Encountered Java type [class java.lang.Object] for which we could not locate a JavaTypeDescriptor and which does not appear to implement equals and/or hashCode.  This can lead to significant performance problems when performing equality/dirty checking involving this Java type.  Consider registering a custom JavaTypeDescriptor or at least implementing equals/hashCode.&amp#27;[m&amp#27;[0m
&amp#27;[m&amp#27;[31m2021-06-11T16:07:51,909 [main] WARN   MetadataContext: HHH015011: Unable to locate static metamodel field : org.mycore.datamodel.classifications2.MCRCategoryID_#id; this may or may not indicate a problem with the static metamodel&amp#27;[m&amp#27;[0m
&amp#27;[m&amp#27;[34m2021-06-11T16:07:51,914 [main] INFO   JtaPlatformInitiator: HHH000490: Using JtaPlatform implementation: [org.hibernate.engine.transaction.jta.platform.internal.NoJtaPlatform]&amp#27;[m&amp#27;[0m
&amp#27;[m&amp#27;[34m2021-06-11T16:07:51,960 [main] INFO   LogHelper: HHH000204: Processing PersistenceUnitInfo [name: mir-module]&amp#27;[m&amp#27;[0m
&amp#27;[m&amp#27;[34m2021-06-11T16:07:51,973 [main] INFO   HikariDataSource: HikariPool-53 - Starting...&amp#27;[m&amp#27;[0m
&amp#27;[m&amp#27;[31m2021-06-11T16:07:51,973 [main] WARN   DriverDataSource: Registered driver with driverClassName=org.hsqldb.jdbcDriver was not found, trying direct instantiation.&amp#27;[m&amp#27;[0m
&amp#27;[m&amp#27;[34m2021-06-11T16:07:51,974 [main] INFO   PoolBase: HikariPool-53 - Driver does not support get/set network timeout for connections. (feature not supported)&amp#27;[m&amp#27;[0m
&amp#27;[m&amp#27;[34m2021-06-11T16:07:51,974 [main] INFO   HikariDataSource: HikariPool-53 - Start completed.&amp#27;[m&amp#27;[0m
&amp#27;[m&amp#27;[34m2021-06-11T16:07:51,975 [main] INFO   Dialect: HHH000400: Using dialect: org.hibernate.dialect.HSQLDialect&amp#27;[m&amp#27;[0m
&amp#27;[m&amp#27;[31m2021-06-11T16:07:51,995 [main] WARN   JavaTypeDescriptorRegistry: HHH000481: Encountered Java type [class java.lang.Object] for which we could not locate a JavaTypeDescriptor and which does not appear to implement equals and/or hashCode.  This can lead to significant performance problems when performing equality/dirty checking involving this Java type.  Consider registering a custom JavaTypeDescriptor or at least implementing equals/hashCode.&amp#27;[m&amp#27;[0m
&amp#27;[m&amp#27;[34m2021-06-11T16:07:52,023 [main] INFO   LogHelper: HHH000204: Processing PersistenceUnitInfo [name: mir-module]&amp#27;[m&amp#27;[0m
&amp#27;[m&amp#27;[34m2021-06-11T16:07:52,036 [main] INFO   HikariDataSource: HikariPool-54 - Starting...&amp#27;[m&amp#27;[0m
&amp#27;[m&amp#27;[31m2021-06-11T16:07:52,036 [main] WARN   DriverDataSource: Registered driver with driverClassName=org.hsqldb.jdbcDriver was not found, trying direct instantiation.&amp#27;[m&amp#27;[0m
&amp#27;[m&amp#27;[34m2021-06-11T16:07:52,037 [main] INFO   PoolBase: HikariPool-54 - Driver does not support get/set network timeout for connections. (feature not supported)&amp#27;[m&amp#27;[0m
&amp#27;[m&amp#27;[34m2021-06-11T16:07:52,038 [main] INFO   HikariDataSource: HikariPool-54 - Start completed.&amp#27;[m&amp#27;[0m
&amp#27;[m&amp#27;[34m2021-06-11T16:07:52,038 [main] INFO   Dialect: HHH000400: Using dialect: org.hibernate.dialect.HSQLDialect&amp#27;[m&amp#27;[0m
&amp#27;[m&amp#27;[31m2021-06-11T16:07:52,075 [main] WARN   JavaTypeDescriptorRegistry: HHH000481: Encountered Java type [class java.lang.Object] for which we could not locate a JavaTypeDescriptor and which does not appear to implement equals and/or hashCode.  This can lead to significant performance problems when performing equality/dirty checking involving this Java type.  Consider registering a custom JavaTypeDescriptor or at least implementing equals/hashCode.&amp#27;[m&amp#27;[0m
&amp#27;[m]]></system-out>
  </testcase>
  <testcase name="testKeyPairWithoutReadKey" classname="org.mycore.mir.authorization.accesskeys.TestAccessKeys" time="0.513">
    <system-out><![CDATA[MyCoRe components detected: mcr:mycore-base, mcr:mycore-solr, mcr:mycore-user2, mcr:mycore-xeditor, mcr:mycore-classbrowser, mcr:mycore-mods, mcr:mycore-csl, mcr:mycore-ifs, mcr:mycore-pi, mcr:mycore-sword, mcr:mycore-wfc
Applications modules detected: app:mir-module
&amp#27;[34m2021-06-11T16:07:52,100 [main] INFO   MCRConfigurationInputStream: Current configuration directory: /tmp/junit3023002330692038066/mcrhome/mir-module&amp#27;[m&amp#27;[0m
&amp#27;[m&amp#27;[34m2021-06-11T16:07:52,136 [main] INFO   LogHelper: HHH000204: Processing PersistenceUnitInfo [name: mir-module]&amp#27;[m&amp#27;[0m
&amp#27;[m&amp#27;[34m2021-06-11T16:07:52,162 [main] INFO   HikariDataSource: HikariPool-55 - Starting...&amp#27;[m&amp#27;[0m
&amp#27;[m&amp#27;[31m2021-06-11T16:07:52,162 [main] WARN   DriverDataSource: Registered driver with driverClassName=org.hsqldb.jdbcDriver was not found, trying direct instantiation.&amp#27;[m&amp#27;[0m
&amp#27;[m&amp#27;[34m2021-06-11T16:07:52,164 [main] INFO   PoolBase: HikariPool-55 - Driver does not support get/set network timeout for connections. (feature not supported)&amp#27;[m&amp#27;[0m
&amp#27;[m&amp#27;[34m2021-06-11T16:07:52,164 [main] INFO   HikariDataSource: HikariPool-55 - Start completed.&amp#27;[m&amp#27;[0m
&amp#27;[m&amp#27;[34m2021-06-11T16:07:52,164 [main] INFO   Dialect: HHH000400: Using dialect: org.hibernate.dialect.HSQLDialect&amp#27;[m&amp#27;[0m
&amp#27;[m&amp#27;[31m2021-06-11T16:07:52,197 [main] WARN   JavaTypeDescriptorRegistry: HHH000481: Encountered Java type [class java.lang.Object] for which we could not locate a JavaTypeDescriptor and which does not appear to implement equals and/or hashCode.  This can lead to significant performance problems when performing equality/dirty checking involving this Java type.  Consider registering a custom JavaTypeDescriptor or at least implementing equals/hashCode.&amp#27;[m&amp#27;[0m
&amp#27;[m&amp#27;[31m2021-06-11T16:07:52,342 [main] WARN   MetadataContext: HHH015011: Unable to locate static metamodel field : org.mycore.datamodel.classifications2.MCRCategoryID_#id; this may or may not indicate a problem with the static metamodel&amp#27;[m&amp#27;[0m
&amp#27;[m&amp#27;[34m2021-06-11T16:07:52,347 [main] INFO   JtaPlatformInitiator: HHH000490: Using JtaPlatform implementation: [org.hibernate.engine.transaction.jta.platform.internal.NoJtaPlatform]&amp#27;[m&amp#27;[0m
&amp#27;[m&amp#27;[34m2021-06-11T16:07:52,409 [main] INFO   LogHelper: HHH000204: Processing PersistenceUnitInfo [name: mir-module]&amp#27;[m&amp#27;[0m
&amp#27;[m&amp#27;[34m2021-06-11T16:07:52,424 [main] INFO   HikariDataSource: HikariPool-56 - Starting...&amp#27;[m&amp#27;[0m
&amp#27;[m&amp#27;[31m2021-06-11T16:07:52,424 [main] WARN   DriverDataSource: Registered driver with driverClassName=org.hsqldb.jdbcDriver was not found, trying direct instantiation.&amp#27;[m&amp#27;[0m
&amp#27;[m&amp#27;[34m2021-06-11T16:07:52,425 [main] INFO   PoolBase: HikariPool-56 - Driver does not support get/set network timeout for connections. (feature not supported)&amp#27;[m&amp#27;[0m
&amp#27;[m&amp#27;[34m2021-06-11T16:07:52,425 [main] INFO   HikariDataSource: HikariPool-56 - Start completed.&amp#27;[m&amp#27;[0m
&amp#27;[m&amp#27;[34m2021-06-11T16:07:52,426 [main] INFO   Dialect: HHH000400: Using dialect: org.hibernate.dialect.HSQLDialect&amp#27;[m&amp#27;[0m
&amp#27;[m&amp#27;[31m2021-06-11T16:07:52,448 [main] WARN   JavaTypeDescriptorRegistry: HHH000481: Encountered Java type [class java.lang.Object] for which we could not locate a JavaTypeDescriptor and which does not appear to implement equals and/or hashCode.  This can lead to significant performance problems when performing equality/dirty checking involving this Java type.  Consider registering a custom JavaTypeDescriptor or at least implementing equals/hashCode.&amp#27;[m&amp#27;[0m
&amp#27;[m&amp#27;[34m2021-06-11T16:07:52,487 [main] INFO   LogHelper: HHH000204: Processing PersistenceUnitInfo [name: mir-module]&amp#27;[m&amp#27;[0m
&amp#27;[m&amp#27;[34m2021-06-11T16:07:52,503 [main] INFO   HikariDataSource: HikariPool-57 - Starting...&amp#27;[m&amp#27;[0m
&amp#27;[m&amp#27;[31m2021-06-11T16:07:52,504 [main] WARN   DriverDataSource: Registered driver with driverClassName=org.hsqldb.jdbcDriver was not found, trying direct instantiation.&amp#27;[m&amp#27;[0m
&amp#27;[m&amp#27;[34m2021-06-11T16:07:52,504 [main] INFO   PoolBase: HikariPool-57 - Driver does not support get/set network timeout for connections. (feature not supported)&amp#27;[m&amp#27;[0m
&amp#27;[m&amp#27;[34m2021-06-11T16:07:52,512 [main] INFO   HikariDataSource: HikariPool-57 - Start completed.&amp#27;[m&amp#27;[0m
&amp#27;[m&amp#27;[34m2021-06-11T16:07:52,513 [main] INFO   Dialect: HHH000400: Using dialect: org.hibernate.dialect.HSQLDialect&amp#27;[m&amp#27;[0m
&amp#27;[m&amp#27;[31m2021-06-11T16:07:52,539 [main] WARN   JavaTypeDescriptorRegistry: HHH000481: Encountered Java type [class java.lang.Object] for which we could not locate a JavaTypeDescriptor and which does not appear to implement equals and/or hashCode.  This can lead to significant performance problems when performing equality/dirty checking involving this Java type.  Consider registering a custom JavaTypeDescriptor or at least implementing equals/hashCode.&amp#27;[m&amp#27;[0m
&amp#27;[m]]></system-out>
  </testcase>
  <testcase name="testCreateSameKeyPair" classname="org.mycore.mir.authorization.accesskeys.TestAccessKeys" time="0.476">
    <system-out><![CDATA[MyCoRe components detected: mcr:mycore-base, mcr:mycore-solr, mcr:mycore-user2, mcr:mycore-xeditor, mcr:mycore-classbrowser, mcr:mycore-mods, mcr:mycore-csl, mcr:mycore-ifs, mcr:mycore-pi, mcr:mycore-sword, mcr:mycore-wfc
Applications modules detected: app:mir-module
&amp#27;[34m2021-06-11T16:07:52,615 [main] INFO   MCRConfigurationInputStream: Current configuration directory: /tmp/junit3023002330692038066/mcrhome/mir-module&amp#27;[m&amp#27;[0m
&amp#27;[m&amp#27;[34m2021-06-11T16:07:52,659 [main] INFO   LogHelper: HHH000204: Processing PersistenceUnitInfo [name: mir-module]&amp#27;[m&amp#27;[0m
&amp#27;[m&amp#27;[34m2021-06-11T16:07:52,678 [main] INFO   HikariDataSource: HikariPool-58 - Starting...&amp#27;[m&amp#27;[0m
&amp#27;[m&amp#27;[31m2021-06-11T16:07:52,679 [main] WARN   DriverDataSource: Registered driver with driverClassName=org.hsqldb.jdbcDriver was not found, trying direct instantiation.&amp#27;[m&amp#27;[0m
&amp#27;[m&amp#27;[34m2021-06-11T16:07:52,680 [main] INFO   PoolBase: HikariPool-58 - Driver does not support get/set network timeout for connections. (feature not supported)&amp#27;[m&amp#27;[0m
&amp#27;[m&amp#27;[34m2021-06-11T16:07:52,681 [main] INFO   HikariDataSource: HikariPool-58 - Start completed.&amp#27;[m&amp#27;[0m
&amp#27;[m&amp#27;[34m2021-06-11T16:07:52,681 [main] INFO   Dialect: HHH000400: Using dialect: org.hibernate.dialect.HSQLDialect&amp#27;[m&amp#27;[0m
&amp#27;[m&amp#27;[31m2021-06-11T16:07:52,707 [main] WARN   JavaTypeDescriptorRegistry: HHH000481: Encountered Java type [class java.lang.Object] for which we could not locate a JavaTypeDescriptor and which does not appear to implement equals and/or hashCode.  This can lead to significant performance problems when performing equality/dirty checking involving this Java type.  Consider registering a custom JavaTypeDescriptor or at least implementing equals/hashCode.&amp#27;[m&amp#27;[0m
&amp#27;[m&amp#27;[31m2021-06-11T16:07:52,864 [main] WARN   MetadataContext: HHH015011: Unable to locate static metamodel field : org.mycore.datamodel.classifications2.MCRCategoryID_#id; this may or may not indicate a problem with the static metamodel&amp#27;[m&amp#27;[0m
&amp#27;[m&amp#27;[34m2021-06-11T16:07:52,870 [main] INFO   JtaPlatformInitiator: HHH000490: Using JtaPlatform implementation: [org.hibernate.engine.transaction.jta.platform.internal.NoJtaPlatform]&amp#27;[m&amp#27;[0m
&amp#27;[m&amp#27;[34m2021-06-11T16:07:52,931 [main] INFO   LogHelper: HHH000204: Processing PersistenceUnitInfo [name: mir-module]&amp#27;[m&amp#27;[0m
&amp#27;[m&amp#27;[34m2021-06-11T16:07:52,946 [main] INFO   HikariDataSource: HikariPool-59 - Starting...&amp#27;[m&amp#27;[0m
&amp#27;[m&amp#27;[31m2021-06-11T16:07:52,946 [main] WARN   DriverDataSource: Registered driver with driverClassName=org.hsqldb.jdbcDriver was not found, trying direct instantiation.&amp#27;[m&amp#27;[0m
&amp#27;[m&amp#27;[34m2021-06-11T16:07:52,947 [main] INFO   PoolBase: HikariPool-59 - Driver does not support get/set network timeout for connections. (feature not supported)&amp#27;[m&amp#27;[0m
&amp#27;[m&amp#27;[34m2021-06-11T16:07:52,947 [main] INFO   HikariDataSource: HikariPool-59 - Start completed.&amp#27;[m&amp#27;[0m
&amp#27;[m&amp#27;[34m2021-06-11T16:07:52,948 [main] INFO   Dialect: HHH000400: Using dialect: org.hibernate.dialect.HSQLDialect&amp#27;[m&amp#27;[0m
&amp#27;[m&amp#27;[31m2021-06-11T16:07:52,970 [main] WARN   JavaTypeDescriptorRegistry: HHH000481: Encountered Java type [class java.lang.Object] for which we could not locate a JavaTypeDescriptor and which does not appear to implement equals and/or hashCode.  This can lead to significant performance problems when performing equality/dirty checking involving this Java type.  Consider registering a custom JavaTypeDescriptor or at least implementing equals/hashCode.&amp#27;[m&amp#27;[0m
&amp#27;[m&amp#27;[34m2021-06-11T16:07:53,021 [main] INFO   LogHelper: HHH000204: Processing PersistenceUnitInfo [name: mir-module]&amp#27;[m&amp#27;[0m
&amp#27;[m&amp#27;[34m2021-06-11T16:07:53,035 [main] INFO   HikariDataSource: HikariPool-60 - Starting...&amp#27;[m&amp#27;[0m
&amp#27;[m&amp#27;[31m2021-06-11T16:07:53,035 [main] WARN   DriverDataSource: Registered driver with driverClassName=org.hsqldb.jdbcDriver was not found, trying direct instantiation.&amp#27;[m&amp#27;[0m
&amp#27;[m&amp#27;[34m2021-06-11T16:07:53,036 [main] INFO   PoolBase: HikariPool-60 - Driver does not support get/set network timeout for connections. (feature not supported)&amp#27;[m&amp#27;[0m
&amp#27;[m&amp#27;[34m2021-06-11T16:07:53,037 [main] INFO   HikariDataSource: HikariPool-60 - Start completed.&amp#27;[m&amp#27;[0m
&amp#27;[m&amp#27;[34m2021-06-11T16:07:53,037 [main] INFO   Dialect: HHH000400: Using dialect: org.hibernate.dialect.HSQLDialect&amp#27;[m&amp#27;[0m
&amp#27;[m&amp#27;[31m2021-06-11T16:07:53,061 [main] WARN   JavaTypeDescriptorRegistry: HHH000481: Encountered Java type [class java.lang.Object] for which we could not locate a JavaTypeDescriptor and which does not appear to implement equals and/or hashCode.  This can lead to significant performance problems when performing equality/dirty checking involving this Java type.  Consider registering a custom JavaTypeDescriptor or at least implementing equals/hashCode.&amp#27;[m&amp#27;[0m
&amp#27;[m]]></system-out>
  </testcase>
</testsuite>