<?xml version="1.0" encoding="UTF-8"?>
<testsuite xmlns:xsi="http://www.w3.org/2001/XMLSchema-instance" xsi:noNamespaceSchemaLocation="https://maven.apache.org/surefire/maven-surefire-plugin/xsd/surefire-test-report-3.0.xsd" version="3.0" name="org.mycore.mir.authorization.MIRStrategyTest" time="7.392" tests="3" errors="0" skipped="0" failures="0">
  <properties>
    <property name="awt.toolkit" value="sun.awt.X11.XToolkit"/>
    <property name="git.tags" value=""/>
    <property name="java.specification.version" value="11"/>
    <property name="sun.cpu.isalist" value=""/>
    <property name="sun.jnu.encoding" value="UTF-8"/>
    <property name="git.build.version" value="2021.05-SNAPSHOT"/>
    <property name="java.class.path" value="/home/travis/build/MyCoRe-Org/mir/mir-module/target/test-classes:/home/travis/build/MyCoRe-Org/mir/mir-module/target/classes:/home/travis/.m2/repository/com/google/code/gson/gson/2.8.7/gson-2.8.7.jar:/home/travis/.m2/repository/com/google/guava/guava/30.1.1-jre/guava-30.1.1-jre.jar:/home/travis/.m2/repository/com/google/guava/failureaccess/1.0.1/failureaccess-1.0.1.jar:/home/travis/.m2/repository/com/google/guava/listenablefuture/9999.0-empty-to-avoid-conflict-with-guava/listenablefuture-9999.0-empty-to-avoid-conflict-with-guava.jar:/home/travis/.m2/repository/com/google/code/findbugs/jsr305/3.0.2/jsr305-3.0.2.jar:/home/travis/.m2/repository/org/checkerframework/checker-qual/3.8.0/checker-qual-3.8.0.jar:/home/travis/.m2/repository/com/google/errorprone/error_prone_annotations/2.5.1/error_prone_annotations-2.5.1.jar:/home/travis/.m2/repository/com/google/j2objc/j2objc-annotations/1.3/j2objc-annotations-1.3.jar:/home/travis/.m2/repository/com/zaxxer/HikariCP/3.4.1/HikariCP-3.4.1.jar:/home/travis/.m2/repository/org/slf4j/slf4j-api/1.7.25/slf4j-api-1.7.25.jar:/home/travis/.m2/repository/commons-io/commons-io/2.8.0/commons-io-2.8.0.jar:/home/travis/.m2/repository/jakarta/persistence/jakarta.persistence-api/2.2.3/jakarta.persistence-api-2.2.3.jar:/home/travis/.m2/repository/jakarta/servlet/jakarta.servlet-api/4.0.4/jakarta.servlet-api-4.0.4.jar:/home/travis/.m2/repository/jakarta/ws/rs/jakarta.ws.rs-api/2.1.6/jakarta.ws.rs-api-2.1.6.jar:/home/travis/.m2/repository/jakarta/xml/bind/jakarta.xml.bind-api/2.3.3/jakarta.xml.bind-api-2.3.3.jar:/home/travis/.m2/repository/jakarta/activation/jakarta.activation-api/1.2.2/jakarta.activation-api-1.2.2.jar:/home/travis/.m2/repository/junit/junit/4.13.2/junit-4.13.2.jar:/home/travis/.m2/repository/org/hamcrest/hamcrest-core/2.2/hamcrest-core-2.2.jar:/home/travis/.m2/repository/org/hamcrest/hamcrest/2.2/hamcrest-2.2.jar:/home/travis/.m2/repository/net/sf/saxon/Saxon-HE/10.5/Saxon-HE-10.5.jar:/home/travis/.m2/repository/org/apache/abdera/abdera-core/1.1.3/abdera-core-1.1.3.jar:/home/travis/.m2/repository/org/apache/geronimo/specs/geronimo-stax-api_1.0_spec/1.0.1/geronimo-stax-api_1.0_spec-1.0.1.jar:/home/travis/.m2/repository/commons-codec/commons-codec/1.4/commons-codec-1.4.jar:/home/travis/.m2/repository/commons-logging/commons-logging/1.0.4/commons-logging-1.0.4.jar:/home/travis/.m2/repository/org/apache/abdera/abdera-i18n/1.1.3/abdera-i18n-1.1.3.jar:/home/travis/.m2/repository/org/apache/commons/commons-compress/1.20/commons-compress-1.20.jar:/home/travis/.m2/repository/org/apache/httpcomponents/httpclient/4.5.13/httpclient-4.5.13.jar:/home/travis/.m2/repository/org/apache/httpcomponents/httpcore/4.4.14/httpcore-4.4.14.jar:/home/travis/.m2/repository/org/apache/logging/log4j/log4j-api/2.14.1/log4j-api-2.14.1.jar:/home/travis/.m2/repository/org/apache/solr/solr-solrj/8.8.2/solr-solrj-8.8.2.jar:/home/travis/.m2/repository/commons-lang/commons-lang/2.6/commons-lang-2.6.jar:/home/travis/.m2/repository/org/apache/commons/commons-math3/3.6.1/commons-math3-3.6.1.jar:/home/travis/.m2/repository/org/apache/zookeeper/zookeeper/3.6.2/zookeeper-3.6.2.jar:/home/travis/.m2/repository/org/apache/zookeeper/zookeeper-jute/3.6.2/zookeeper-jute-3.6.2.jar:/home/travis/.m2/repository/org/xerial/snappy/snappy-java/1.1.7.6/snappy-java-1.1.7.6.jar:/home/travis/.m2/repository/org/hibernate/hibernate-hikaricp/5.4.4.Final/hibernate-hikaricp-5.4.4.Final.jar:/home/travis/.m2/repository/org/jboss/logging/jboss-logging/3.3.2.Final/jboss-logging-3.3.2.Final.jar:/home/travis/.m2/repository/org/hibernate/hibernate-core/5.4.28.Final/hibernate-core-5.4.28.Final.jar:/home/travis/.m2/repository/net/bytebuddy/byte-buddy/1.10.17/byte-buddy-1.10.17.jar:/home/travis/.m2/repository/antlr/antlr/2.7.7/antlr-2.7.7.jar:/home/travis/.m2/repository/org/jboss/spec/javax/transaction/jboss-transaction-api_1.2_spec/1.1.1.Final/jboss-transaction-api_1.2_spec-1.1.1.Final.jar:/home/travis/.m2/repository/org/jboss/jandex/2.2.3.Final/jandex-2.2.3.Final.jar:/home/travis/.m2/repository/com/fasterxml/classmate/1.5.1/classmate-1.5.1.jar:/home/travis/.m2/repository/org/dom4j/dom4j/2.1.3/dom4j-2.1.3.jar:/home/travis/.m2/repository/org/hibernate/common/hibernate-commons-annotations/5.1.2.Final/hibernate-commons-annotations-5.1.2.Final.jar:/home/travis/.m2/repository/org/hsqldb/hsqldb/2.6.0/hsqldb-2.6.0.jar:/home/travis/.m2/repository/org/jdom/jdom2/2.0.6/jdom2-2.0.6.jar:/home/travis/.m2/repository/org/jsoup/jsoup/1.12.1/jsoup-1.12.1.jar:/home/travis/.m2/repository/org/mycore/mycore-base/2021.05-SNAPSHOT/mycore-base-2021.05-SNAPSHOT.jar:/home/travis/.m2/repository/com/auth0/java-jwt/3.16.0/java-jwt-3.16.0.jar:/home/travis/.m2/repository/com/fasterxml/jackson/core/jackson-annotations/2.12.3/jackson-annotations-2.12.3.jar:/home/travis/.m2/repository/com/fasterxml/jackson/core/jackson-core/2.12.3/jackson-core-2.12.3.jar:/home/travis/.m2/repository/com/fasterxml/jackson/core/jackson-databind/2.12.3/jackson-databind-2.12.3.jar:/home/travis/.m2/repository/com/fasterxml/jackson/module/jackson-module-jaxb-annotations/2.12.3/jackson-module-jaxb-annotations-2.12.3.jar:/home/travis/.m2/repository/com/google/zxing/core/3.4.1/core-3.4.1.jar:/home/travis/.m2/repository/com/ibm/icu/icu4j/69.1/icu4j-69.1.jar:/home/travis/.m2/repository/com/jcraft/jsch/0.1.55/jsch-0.1.55.jar:/home/travis/.m2/repository/com/sun/activation/jakarta.activation/1.2.2/jakarta.activation-1.2.2.jar:/home/travis/.m2/repository/com/sun/mail/mailapi/1.6.5/mailapi-1.6.5.jar:/home/travis/.m2/repository/com/sun/mail/smtp/1.6.5/smtp-1.6.5.jar:/home/travis/.m2/repository/commons-beanutils/commons-beanutils/1.9.4/commons-beanutils-1.9.4.jar:/home/travis/.m2/repository/commons-collections/commons-collections/3.2.2/commons-collections-3.2.2.jar:/home/travis/.m2/repository/io/swagger/core/v3/swagger-annotations/2.1.9/swagger-annotations-2.1.9.jar:/home/travis/.m2/repository/jakarta/annotation/jakarta.annotation-api/1.3.5/jakarta.annotation-api-1.3.5.jar:/home/travis/.m2/repository/jakarta/inject/jakarta.inject-api/1.0.1/jakarta.inject-api-1.0.1.jar:/home/travis/.m2/repository/jakarta/websocket/jakarta.websocket-api/1.1.2/jakarta.websocket-api-1.1.2.jar:/home/travis/.m2/repository/jaxen/jaxen/1.2.0/jaxen-1.2.0.jar:/home/travis/.m2/repository/net/java/dev/jna/jna/5.6.0/jna-5.6.0.jar:/home/travis/.m2/repository/org/apache/httpcomponents/httpclient-cache/4.5.13/httpclient-cache-4.5.13.jar:/home/travis/.m2/repository/org/apache/logging/log4j/log4j-core/2.14.1/log4j-core-2.14.1.jar:/home/travis/.m2/repository/org/apache/logging/log4j/log4j-web/2.14.1/log4j-web-2.14.1.jar:/home/travis/.m2/repository/org/glassfish/hk2/hk2-api/2.6.1/hk2-api-2.6.1.jar:/home/travis/.m2/repository/org/glassfish/hk2/hk2-utils/2.6.1/hk2-utils-2.6.1.jar:/home/travis/.m2/repository/org/glassfish/jaxb/jaxb-runtime/2.3.3/jaxb-runtime-2.3.3.jar:/home/travis/.m2/repository/org/glassfish/jaxb/txw2/2.3.3/txw2-2.3.3.jar:/home/travis/.m2/repository/com/sun/istack/istack-commons-runtime/3.0.11/istack-commons-runtime-3.0.11.jar:/home/travis/.m2/repository/org/glassfish/jersey/containers/jersey-container-servlet-core/2.34/jersey-container-servlet-core-2.34.jar:/home/travis/.m2/repository/org/glassfish/hk2/external/jakarta.inject/2.6.1/jakarta.inject-2.6.1.jar:/home/travis/.m2/repository/org/glassfish/jersey/core/jersey-common/2.34/jersey-common-2.34.jar:/home/travis/.m2/repository/org/glassfish/hk2/osgi-resource-locator/1.0.3/osgi-resource-locator-1.0.3.jar:/home/travis/.m2/repository/org/glassfish/jersey/core/jersey-client/2.34/jersey-client-2.34.jar:/home/travis/.m2/repository/org/glassfish/jersey/core/jersey-server/2.34/jersey-server-2.34.jar:/home/travis/.m2/repository/org/glassfish/jersey/media/jersey-media-multipart/2.34/jersey-media-multipart-2.34.jar:/home/travis/.m2/repository/org/jvnet/mimepull/mimepull/1.9.13/mimepull-1.9.13.jar:/home/travis/.m2/repository/org/javassist/javassist/3.28.0-GA/javassist-3.28.0-GA.jar:/home/travis/.m2/repository/org/tmatesoft/svnkit/svnkit/1.10.3/svnkit-1.10.3.jar:/home/travis/.m2/repository/de/regnis/q/sequence/sequence-library/1.0.4/sequence-library-1.0.4.jar:/home/travis/.m2/repository/org/tmatesoft/sqljet/sqljet/1.1.14/sqljet-1.1.14.jar:/home/travis/.m2/repository/org/antlr/antlr-runtime/3.4/antlr-runtime-3.4.jar:/home/travis/.m2/repository/net/java/dev/jna/jna-platform/5.6.0/jna-platform-5.6.0.jar:/home/travis/.m2/repository/org/lz4/lz4-java/1.4.1/lz4-java-1.4.1.jar:/home/travis/.m2/repository/se/jiderhamn/classloader-leak-prevention/classloader-leak-prevention-core/2.7.0/classloader-leak-prevention-core-2.7.0.jar:/home/travis/.m2/repository/xalan/serializer/2.7.2/serializer-2.7.2.jar:/home/travis/.m2/repository/xalan/xalan/2.7.2/xalan-2.7.2.jar:/home/travis/.m2/repository/org/apache/logging/log4j/log4j-slf4j-impl/2.14.1/log4j-slf4j-impl-2.14.1.jar:/home/travis/.m2/repository/org/glassfish/jersey/inject/jersey-hk2/2.34/jersey-hk2-2.34.jar:/home/travis/.m2/repository/org/glassfish/hk2/hk2-locator/2.6.1/hk2-locator-2.6.1.jar:/home/travis/.m2/repository/org/glassfish/hk2/external/aopalliance-repackaged/2.6.1/aopalliance-repackaged-2.6.1.jar:/home/travis/.m2/repository/org/mycore/mycore-base/2021.05-SNAPSHOT/mycore-base-2021.05-SNAPSHOT-tests.jar:/home/travis/.m2/repository/org/mycore/mycore-mods/2021.05-SNAPSHOT/mycore-mods-2021.05-SNAPSHOT.jar:/home/travis/.m2/repository/com/rometools/rome/1.15.0/rome-1.15.0.jar:/home/travis/.m2/repository/com/rometools/rome-utils/1.15.0/rome-utils-1.15.0.jar:/home/travis/.m2/repository/org/bibsonomy/bibsonomy-bibtex-parser/3.9.2/bibsonomy-bibtex-parser-3.9.2.jar:/home/travis/.m2/repository/org/bibsonomy/bibsonomy-common/3.9.2/bibsonomy-common-3.9.2.jar:/home/travis/.m2/repository/org/bibsonomy/bibsonomy-model/3.9.2/bibsonomy-model-3.9.2.jar:/home/travis/.m2/repository/joda-time/joda-time/2.3/joda-time-2.3.jar:/home/travis/.m2/repository/org/mycore/mycore-pi/2021.05-SNAPSHOT/mycore-pi-2021.05-SNAPSHOT.jar:/home/travis/.m2/repository/jakarta/validation/jakarta.validation-api/2.0.2/jakarta.validation-api-2.0.2.jar:/home/travis/.m2/repository/org/apache/httpcomponents/httpmime/4.5.13/httpmime-4.5.13.jar:/home/travis/.m2/repository/org/mycore/mycore-solr/2021.05-SNAPSHOT/mycore-solr-2021.05-SNAPSHOT.jar:/home/travis/.m2/repository/org/mycore/mycore-classbrowser/2021.05-SNAPSHOT/mycore-classbrowser-2021.05-SNAPSHOT.jar:/home/travis/.m2/repository/org/mycore/mycore-sword/2021.05-SNAPSHOT/mycore-sword-2021.05-SNAPSHOT.jar:/home/travis/.m2/repository/com/fasterxml/woodstox/woodstox-core/6.2.6/woodstox-core-6.2.6.jar:/home/travis/.m2/repository/org/codehaus/woodstox/stax2-api/4.2.1/stax2-api-4.2.1.jar:/home/travis/.m2/repository/org/apache/abdera/abdera-parser/1.1.3/abdera-parser-1.1.3.jar:/home/travis/.m2/repository/org/apache/ws/commons/axiom/axiom-api/1.2.14/axiom-api-1.2.14.jar:/home/travis/.m2/repository/org/apache/james/apache-mime4j-core/0.7.2/apache-mime4j-core-0.7.2.jar:/home/travis/.m2/repository/org/apache/ws/commons/axiom/axiom-impl/1.2.14/axiom-impl-1.2.14.jar:/home/travis/.m2/repository/org/mycore/mets/mets-validator/1.3/mets-validator-1.3.jar:/home/travis/.m2/repository/org/mycore/mycore-user2/2021.05-SNAPSHOT/mycore-user2-2021.05-SNAPSHOT.jar:/home/travis/.m2/repository/org/jasig/cas/cas-client-core/3.1.10/cas-client-core-3.1.10.jar:/home/travis/.m2/repository/org/mycore/mycore-wfc/2021.05-SNAPSHOT/mycore-wfc-2021.05-SNAPSHOT.jar:/home/travis/.m2/repository/org/mycore/mycore-xeditor/2021.05-SNAPSHOT/mycore-xeditor-2021.05-SNAPSHOT.jar:/home/travis/.m2/repository/org/mycore/sword/easy-sword2-lib/1.0.5/easy-sword2-lib-1.0.5.jar:/home/travis/.m2/repository/commons-fileupload/commons-fileupload/1.4/commons-fileupload-1.4.jar:/home/travis/.m2/repository/org/apache/logging/log4j/log4j-1.2-api/2.14.1/log4j-1.2-api-2.14.1.jar:/home/travis/.m2/repository/org/mycore/mycore-csl/2021.05-SNAPSHOT/mycore-csl-2021.05-SNAPSHOT.jar:/home/travis/.m2/repository/de/undercouch/citeproc-java/2.0.0/citeproc-java-2.0.0.jar:/home/travis/.m2/repository/org/apache/commons/commons-lang3/3.12.0/commons-lang3-3.12.0.jar:/home/travis/.m2/repository/org/apache/commons/commons-text/1.8/commons-text-1.8.jar:/home/travis/.m2/repository/org/antlr/antlr4-runtime/4.7.2/antlr4-runtime-4.7.2.jar:/home/travis/.m2/repository/org/graalvm/sdk/graal-sdk/19.2.1/graal-sdk-19.2.1.jar:/home/travis/.m2/repository/org/graalvm/js/js/19.2.1/js-19.2.1.jar:/home/travis/.m2/repository/org/graalvm/regex/regex/19.2.1/regex-19.2.1.jar:/home/travis/.m2/repository/org/graalvm/truffle/truffle-api/19.2.1/truffle-api-19.2.1.jar:/home/travis/.m2/repository/org/ow2/asm/asm/6.2.1/asm-6.2.1.jar:/home/travis/.m2/repository/org/ow2/asm/asm-tree/6.2.1/asm-tree-6.2.1.jar:/home/travis/.m2/repository/org/ow2/asm/asm-analysis/6.2.1/asm-analysis-6.2.1.jar:/home/travis/.m2/repository/org/ow2/asm/asm-commons/6.2.1/asm-commons-6.2.1.jar:/home/travis/.m2/repository/org/ow2/asm/asm-util/6.2.1/asm-util-6.2.1.jar:/home/travis/.m2/repository/org/jbibtex/jbibtex/1.0.18/jbibtex-1.0.18.jar:/home/travis/.m2/repository/org/citationstyles/locales/21.3/locales-21.3.jar:/home/travis/.m2/repository/org/citationstyles/styles/21.3/styles-21.3.jar:/home/travis/.m2/repository/org/mycore/mycore-ifs/2021.05-SNAPSHOT/mycore-ifs-2021.05-SNAPSHOT.jar:/home/travis/.m2/repository/org/mycore/pica2mods/pica2mods-xslt/2.0-SNAPSHOT/pica2mods-xslt-2.0-SNAPSHOT.jar:"/>
    <property name="git.branch" value="main"/>
    <property name="java.vm.vendor" value="Oracle Corporation"/>
    <property name="sun.arch.data.model" value="64"/>
    <property name="git.build.number" value="3502"/>
    <property name="java.vendor.url" value="http://java.oracle.com/"/>
    <property name="user.timezone" value="UTC"/>
    <property name="git.build.number.unique" value="774281585"/>
    <property name="os.name" value="Linux"/>
    <property name="java.vm.specification.version" value="11"/>
    <property name="sun.java.launcher" value="SUN_STANDARD"/>
    <property name="user.country" value="US"/>
    <property name="git.build.user.name" value="Travis CI User"/>
    <property name="sun.boot.library.path" value="/usr/local/lib/jvm/openjdk11/lib"/>
    <property name="sun.java.command" value="/home/travis/build/MyCoRe-Org/mir/mir-module/target/surefire/surefirebooter8864334070070014166.jar /home/travis/build/MyCoRe-Org/mir/mir-module/target/surefire 2021-06-11T14-59-27_387-jvmRun1 surefire18432451225688298008tmp surefire_0457861618595550040tmp"/>
    <property name="jdk.debug" value="release"/>
    <property name="surefire.test.class.path" value="/home/travis/build/MyCoRe-Org/mir/mir-module/target/test-classes:/home/travis/build/MyCoRe-Org/mir/mir-module/target/classes:/home/travis/.m2/repository/com/google/code/gson/gson/2.8.7/gson-2.8.7.jar:/home/travis/.m2/repository/com/google/guava/guava/30.1.1-jre/guava-30.1.1-jre.jar:/home/travis/.m2/repository/com/google/guava/failureaccess/1.0.1/failureaccess-1.0.1.jar:/home/travis/.m2/repository/com/google/guava/listenablefuture/9999.0-empty-to-avoid-conflict-with-guava/listenablefuture-9999.0-empty-to-avoid-conflict-with-guava.jar:/home/travis/.m2/repository/com/google/code/findbugs/jsr305/3.0.2/jsr305-3.0.2.jar:/home/travis/.m2/repository/org/checkerframework/checker-qual/3.8.0/checker-qual-3.8.0.jar:/home/travis/.m2/repository/com/google/errorprone/error_prone_annotations/2.5.1/error_prone_annotations-2.5.1.jar:/home/travis/.m2/repository/com/google/j2objc/j2objc-annotations/1.3/j2objc-annotations-1.3.jar:/home/travis/.m2/repository/com/zaxxer/HikariCP/3.4.1/HikariCP-3.4.1.jar:/home/travis/.m2/repository/org/slf4j/slf4j-api/1.7.25/slf4j-api-1.7.25.jar:/home/travis/.m2/repository/commons-io/commons-io/2.8.0/commons-io-2.8.0.jar:/home/travis/.m2/repository/jakarta/persistence/jakarta.persistence-api/2.2.3/jakarta.persistence-api-2.2.3.jar:/home/travis/.m2/repository/jakarta/servlet/jakarta.servlet-api/4.0.4/jakarta.servlet-api-4.0.4.jar:/home/travis/.m2/repository/jakarta/ws/rs/jakarta.ws.rs-api/2.1.6/jakarta.ws.rs-api-2.1.6.jar:/home/travis/.m2/repository/jakarta/xml/bind/jakarta.xml.bind-api/2.3.3/jakarta.xml.bind-api-2.3.3.jar:/home/travis/.m2/repository/jakarta/activation/jakarta.activation-api/1.2.2/jakarta.activation-api-1.2.2.jar:/home/travis/.m2/repository/junit/junit/4.13.2/junit-4.13.2.jar:/home/travis/.m2/repository/org/hamcrest/hamcrest-core/2.2/hamcrest-core-2.2.jar:/home/travis/.m2/repository/org/hamcrest/hamcrest/2.2/hamcrest-2.2.jar:/home/travis/.m2/repository/net/sf/saxon/Saxon-HE/10.5/Saxon-HE-10.5.jar:/home/travis/.m2/repository/org/apache/abdera/abdera-core/1.1.3/abdera-core-1.1.3.jar:/home/travis/.m2/repository/org/apache/geronimo/specs/geronimo-stax-api_1.0_spec/1.0.1/geronimo-stax-api_1.0_spec-1.0.1.jar:/home/travis/.m2/repository/commons-codec/commons-codec/1.4/commons-codec-1.4.jar:/home/travis/.m2/repository/commons-logging/commons-logging/1.0.4/commons-logging-1.0.4.jar:/home/travis/.m2/repository/org/apache/abdera/abdera-i18n/1.1.3/abdera-i18n-1.1.3.jar:/home/travis/.m2/repository/org/apache/commons/commons-compress/1.20/commons-compress-1.20.jar:/home/travis/.m2/repository/org/apache/httpcomponents/httpclient/4.5.13/httpclient-4.5.13.jar:/home/travis/.m2/repository/org/apache/httpcomponents/httpcore/4.4.14/httpcore-4.4.14.jar:/home/travis/.m2/repository/org/apache/logging/log4j/log4j-api/2.14.1/log4j-api-2.14.1.jar:/home/travis/.m2/repository/org/apache/solr/solr-solrj/8.8.2/solr-solrj-8.8.2.jar:/home/travis/.m2/repository/commons-lang/commons-lang/2.6/commons-lang-2.6.jar:/home/travis/.m2/repository/org/apache/commons/commons-math3/3.6.1/commons-math3-3.6.1.jar:/home/travis/.m2/repository/org/apache/zookeeper/zookeeper/3.6.2/zookeeper-3.6.2.jar:/home/travis/.m2/repository/org/apache/zookeeper/zookeeper-jute/3.6.2/zookeeper-jute-3.6.2.jar:/home/travis/.m2/repository/org/xerial/snappy/snappy-java/1.1.7.6/snappy-java-1.1.7.6.jar:/home/travis/.m2/repository/org/hibernate/hibernate-hikaricp/5.4.4.Final/hibernate-hikaricp-5.4.4.Final.jar:/home/travis/.m2/repository/org/jboss/logging/jboss-logging/3.3.2.Final/jboss-logging-3.3.2.Final.jar:/home/travis/.m2/repository/org/hibernate/hibernate-core/5.4.28.Final/hibernate-core-5.4.28.Final.jar:/home/travis/.m2/repository/net/bytebuddy/byte-buddy/1.10.17/byte-buddy-1.10.17.jar:/home/travis/.m2/repository/antlr/antlr/2.7.7/antlr-2.7.7.jar:/home/travis/.m2/repository/org/jboss/spec/javax/transaction/jboss-transaction-api_1.2_spec/1.1.1.Final/jboss-transaction-api_1.2_spec-1.1.1.Final.jar:/home/travis/.m2/repository/org/jboss/jandex/2.2.3.Final/jandex-2.2.3.Final.jar:/home/travis/.m2/repository/com/fasterxml/classmate/1.5.1/classmate-1.5.1.jar:/home/travis/.m2/repository/org/dom4j/dom4j/2.1.3/dom4j-2.1.3.jar:/home/travis/.m2/repository/org/hibernate/common/hibernate-commons-annotations/5.1.2.Final/hibernate-commons-annotations-5.1.2.Final.jar:/home/travis/.m2/repository/org/hsqldb/hsqldb/2.6.0/hsqldb-2.6.0.jar:/home/travis/.m2/repository/org/jdom/jdom2/2.0.6/jdom2-2.0.6.jar:/home/travis/.m2/repository/org/jsoup/jsoup/1.12.1/jsoup-1.12.1.jar:/home/travis/.m2/repository/org/mycore/mycore-base/2021.05-SNAPSHOT/mycore-base-2021.05-SNAPSHOT.jar:/home/travis/.m2/repository/com/auth0/java-jwt/3.16.0/java-jwt-3.16.0.jar:/home/travis/.m2/repository/com/fasterxml/jackson/core/jackson-annotations/2.12.3/jackson-annotations-2.12.3.jar:/home/travis/.m2/repository/com/fasterxml/jackson/core/jackson-core/2.12.3/jackson-core-2.12.3.jar:/home/travis/.m2/repository/com/fasterxml/jackson/core/jackson-databind/2.12.3/jackson-databind-2.12.3.jar:/home/travis/.m2/repository/com/fasterxml/jackson/module/jackson-module-jaxb-annotations/2.12.3/jackson-module-jaxb-annotations-2.12.3.jar:/home/travis/.m2/repository/com/google/zxing/core/3.4.1/core-3.4.1.jar:/home/travis/.m2/repository/com/ibm/icu/icu4j/69.1/icu4j-69.1.jar:/home/travis/.m2/repository/com/jcraft/jsch/0.1.55/jsch-0.1.55.jar:/home/travis/.m2/repository/com/sun/activation/jakarta.activation/1.2.2/jakarta.activation-1.2.2.jar:/home/travis/.m2/repository/com/sun/mail/mailapi/1.6.5/mailapi-1.6.5.jar:/home/travis/.m2/repository/com/sun/mail/smtp/1.6.5/smtp-1.6.5.jar:/home/travis/.m2/repository/commons-beanutils/commons-beanutils/1.9.4/commons-beanutils-1.9.4.jar:/home/travis/.m2/repository/commons-collections/commons-collections/3.2.2/commons-collections-3.2.2.jar:/home/travis/.m2/repository/io/swagger/core/v3/swagger-annotations/2.1.9/swagger-annotations-2.1.9.jar:/home/travis/.m2/repository/jakarta/annotation/jakarta.annotation-api/1.3.5/jakarta.annotation-api-1.3.5.jar:/home/travis/.m2/repository/jakarta/inject/jakarta.inject-api/1.0.1/jakarta.inject-api-1.0.1.jar:/home/travis/.m2/repository/jakarta/websocket/jakarta.websocket-api/1.1.2/jakarta.websocket-api-1.1.2.jar:/home/travis/.m2/repository/jaxen/jaxen/1.2.0/jaxen-1.2.0.jar:/home/travis/.m2/repository/net/java/dev/jna/jna/5.6.0/jna-5.6.0.jar:/home/travis/.m2/repository/org/apache/httpcomponents/httpclient-cache/4.5.13/httpclient-cache-4.5.13.jar:/home/travis/.m2/repository/org/apache/logging/log4j/log4j-core/2.14.1/log4j-core-2.14.1.jar:/home/travis/.m2/repository/org/apache/logging/log4j/log4j-web/2.14.1/log4j-web-2.14.1.jar:/home/travis/.m2/repository/org/glassfish/hk2/hk2-api/2.6.1/hk2-api-2.6.1.jar:/home/travis/.m2/repository/org/glassfish/hk2/hk2-utils/2.6.1/hk2-utils-2.6.1.jar:/home/travis/.m2/repository/org/glassfish/jaxb/jaxb-runtime/2.3.3/jaxb-runtime-2.3.3.jar:/home/travis/.m2/repository/org/glassfish/jaxb/txw2/2.3.3/txw2-2.3.3.jar:/home/travis/.m2/repository/com/sun/istack/istack-commons-runtime/3.0.11/istack-commons-runtime-3.0.11.jar:/home/travis/.m2/repository/org/glassfish/jersey/containers/jersey-container-servlet-core/2.34/jersey-container-servlet-core-2.34.jar:/home/travis/.m2/repository/org/glassfish/hk2/external/jakarta.inject/2.6.1/jakarta.inject-2.6.1.jar:/home/travis/.m2/repository/org/glassfish/jersey/core/jersey-common/2.34/jersey-common-2.34.jar:/home/travis/.m2/repository/org/glassfish/hk2/osgi-resource-locator/1.0.3/osgi-resource-locator-1.0.3.jar:/home/travis/.m2/repository/org/glassfish/jersey/core/jersey-client/2.34/jersey-client-2.34.jar:/home/travis/.m2/repository/org/glassfish/jersey/core/jersey-server/2.34/jersey-server-2.34.jar:/home/travis/.m2/repository/org/glassfish/jersey/media/jersey-media-multipart/2.34/jersey-media-multipart-2.34.jar:/home/travis/.m2/repository/org/jvnet/mimepull/mimepull/1.9.13/mimepull-1.9.13.jar:/home/travis/.m2/repository/org/javassist/javassist/3.28.0-GA/javassist-3.28.0-GA.jar:/home/travis/.m2/repository/org/tmatesoft/svnkit/svnkit/1.10.3/svnkit-1.10.3.jar:/home/travis/.m2/repository/de/regnis/q/sequence/sequence-library/1.0.4/sequence-library-1.0.4.jar:/home/travis/.m2/repository/org/tmatesoft/sqljet/sqljet/1.1.14/sqljet-1.1.14.jar:/home/travis/.m2/repository/org/antlr/antlr-runtime/3.4/antlr-runtime-3.4.jar:/home/travis/.m2/repository/net/java/dev/jna/jna-platform/5.6.0/jna-platform-5.6.0.jar:/home/travis/.m2/repository/org/lz4/lz4-java/1.4.1/lz4-java-1.4.1.jar:/home/travis/.m2/repository/se/jiderhamn/classloader-leak-prevention/classloader-leak-prevention-core/2.7.0/classloader-leak-prevention-core-2.7.0.jar:/home/travis/.m2/repository/xalan/serializer/2.7.2/serializer-2.7.2.jar:/home/travis/.m2/repository/xalan/xalan/2.7.2/xalan-2.7.2.jar:/home/travis/.m2/repository/org/apache/logging/log4j/log4j-slf4j-impl/2.14.1/log4j-slf4j-impl-2.14.1.jar:/home/travis/.m2/repository/org/glassfish/jersey/inject/jersey-hk2/2.34/jersey-hk2-2.34.jar:/home/travis/.m2/repository/org/glassfish/hk2/hk2-locator/2.6.1/hk2-locator-2.6.1.jar:/home/travis/.m2/repository/org/glassfish/hk2/external/aopalliance-repackaged/2.6.1/aopalliance-repackaged-2.6.1.jar:/home/travis/.m2/repository/org/mycore/mycore-base/2021.05-SNAPSHOT/mycore-base-2021.05-SNAPSHOT-tests.jar:/home/travis/.m2/repository/org/mycore/mycore-mods/2021.05-SNAPSHOT/mycore-mods-2021.05-SNAPSHOT.jar:/home/travis/.m2/repository/com/rometools/rome/1.15.0/rome-1.15.0.jar:/home/travis/.m2/repository/com/rometools/rome-utils/1.15.0/rome-utils-1.15.0.jar:/home/travis/.m2/repository/org/bibsonomy/bibsonomy-bibtex-parser/3.9.2/bibsonomy-bibtex-parser-3.9.2.jar:/home/travis/.m2/repository/org/bibsonomy/bibsonomy-common/3.9.2/bibsonomy-common-3.9.2.jar:/home/travis/.m2/repository/org/bibsonomy/bibsonomy-model/3.9.2/bibsonomy-model-3.9.2.jar:/home/travis/.m2/repository/joda-time/joda-time/2.3/joda-time-2.3.jar:/home/travis/.m2/repository/org/mycore/mycore-pi/2021.05-SNAPSHOT/mycore-pi-2021.05-SNAPSHOT.jar:/home/travis/.m2/repository/jakarta/validation/jakarta.validation-api/2.0.2/jakarta.validation-api-2.0.2.jar:/home/travis/.m2/repository/org/apache/httpcomponents/httpmime/4.5.13/httpmime-4.5.13.jar:/home/travis/.m2/repository/org/mycore/mycore-solr/2021.05-SNAPSHOT/mycore-solr-2021.05-SNAPSHOT.jar:/home/travis/.m2/repository/org/mycore/mycore-classbrowser/2021.05-SNAPSHOT/mycore-classbrowser-2021.05-SNAPSHOT.jar:/home/travis/.m2/repository/org/mycore/mycore-sword/2021.05-SNAPSHOT/mycore-sword-2021.05-SNAPSHOT.jar:/home/travis/.m2/repository/com/fasterxml/woodstox/woodstox-core/6.2.6/woodstox-core-6.2.6.jar:/home/travis/.m2/repository/org/codehaus/woodstox/stax2-api/4.2.1/stax2-api-4.2.1.jar:/home/travis/.m2/repository/org/apache/abdera/abdera-parser/1.1.3/abdera-parser-1.1.3.jar:/home/travis/.m2/repository/org/apache/ws/commons/axiom/axiom-api/1.2.14/axiom-api-1.2.14.jar:/home/travis/.m2/repository/org/apache/james/apache-mime4j-core/0.7.2/apache-mime4j-core-0.7.2.jar:/home/travis/.m2/repository/org/apache/ws/commons/axiom/axiom-impl/1.2.14/axiom-impl-1.2.14.jar:/home/travis/.m2/repository/org/mycore/mets/mets-validator/1.3/mets-validator-1.3.jar:/home/travis/.m2/repository/org/mycore/mycore-user2/2021.05-SNAPSHOT/mycore-user2-2021.05-SNAPSHOT.jar:/home/travis/.m2/repository/org/jasig/cas/cas-client-core/3.1.10/cas-client-core-3.1.10.jar:/home/travis/.m2/repository/org/mycore/mycore-wfc/2021.05-SNAPSHOT/mycore-wfc-2021.05-SNAPSHOT.jar:/home/travis/.m2/repository/org/mycore/mycore-xeditor/2021.05-SNAPSHOT/mycore-xeditor-2021.05-SNAPSHOT.jar:/home/travis/.m2/repository/org/mycore/sword/easy-sword2-lib/1.0.5/easy-sword2-lib-1.0.5.jar:/home/travis/.m2/repository/commons-fileupload/commons-fileupload/1.4/commons-fileupload-1.4.jar:/home/travis/.m2/repository/org/apache/logging/log4j/log4j-1.2-api/2.14.1/log4j-1.2-api-2.14.1.jar:/home/travis/.m2/repository/org/mycore/mycore-csl/2021.05-SNAPSHOT/mycore-csl-2021.05-SNAPSHOT.jar:/home/travis/.m2/repository/de/undercouch/citeproc-java/2.0.0/citeproc-java-2.0.0.jar:/home/travis/.m2/repository/org/apache/commons/commons-lang3/3.12.0/commons-lang3-3.12.0.jar:/home/travis/.m2/repository/org/apache/commons/commons-text/1.8/commons-text-1.8.jar:/home/travis/.m2/repository/org/antlr/antlr4-runtime/4.7.2/antlr4-runtime-4.7.2.jar:/home/travis/.m2/repository/org/graalvm/sdk/graal-sdk/19.2.1/graal-sdk-19.2.1.jar:/home/travis/.m2/repository/org/graalvm/js/js/19.2.1/js-19.2.1.jar:/home/travis/.m2/repository/org/graalvm/regex/regex/19.2.1/regex-19.2.1.jar:/home/travis/.m2/repository/org/graalvm/truffle/truffle-api/19.2.1/truffle-api-19.2.1.jar:/home/travis/.m2/repository/org/ow2/asm/asm/6.2.1/asm-6.2.1.jar:/home/travis/.m2/repository/org/ow2/asm/asm-tree/6.2.1/asm-tree-6.2.1.jar:/home/travis/.m2/repository/org/ow2/asm/asm-analysis/6.2.1/asm-analysis-6.2.1.jar:/home/travis/.m2/repository/org/ow2/asm/asm-commons/6.2.1/asm-commons-6.2.1.jar:/home/travis/.m2/repository/org/ow2/asm/asm-util/6.2.1/asm-util-6.2.1.jar:/home/travis/.m2/repository/org/jbibtex/jbibtex/1.0.18/jbibtex-1.0.18.jar:/home/travis/.m2/repository/org/citationstyles/locales/21.3/locales-21.3.jar:/home/travis/.m2/repository/org/citationstyles/styles/21.3/styles-21.3.jar:/home/travis/.m2/repository/org/mycore/mycore-ifs/2021.05-SNAPSHOT/mycore-ifs-2021.05-SNAPSHOT.jar:/home/travis/.m2/repository/org/mycore/pica2mods/pica2mods-xslt/2.0-SNAPSHOT/pica2mods-xslt-2.0-SNAPSHOT.jar:"/>
    <property name="sun.cpu.endian" value="little"/>
    <property name="MCR.Home" value="/tmp/junit7870422393394764292/mcrhome"/>
    <property name="user.home" value="/home/travis"/>
    <property name="user.language" value="en"/>
    <property name="git.closest.tag.commit.count" value="39"/>
    <property name="java.specification.vendor" value="Oracle Corporation"/>
    <property name="java.version.date" value="2019-01-15"/>
    <property name="java.home" value="/usr/local/lib/jvm/openjdk11"/>
    <property name="git.total.commit.count" value="225"/>
    <property name="file.separator" value="/"/>
    <property name="basedir" value="/home/travis/build/MyCoRe-Org/mir/mir-module"/>
    <property name="java.vm.compressedOopsMode" value="32-bit"/>
    <property name="line.separator" value="&#10;"/>
    <property name="java.specification.name" value="Java Platform API Specification"/>
    <property name="java.vm.specification.vendor" value="Oracle Corporation"/>
    <property name="java.awt.graphicsenv" value="sun.awt.X11GraphicsEnvironment"/>
    <property name="git.commit.id.full" value="22f9b427999412a754ee68eb28e0eeaf5137df45"/>
    <property name="git.closest.tag.name" value="v2021.02"/>
    <property name="git.local.branch.ahead" value="NO_REMOTE"/>
    <property name="git.build.time" value="2021-06-11T14:58:46Z"/>
    <property name="surefire.real.class.path" value="/home/travis/build/MyCoRe-Org/mir/mir-module/target/surefire/surefirebooter8864334070070014166.jar"/>
    <property name="git.commit.message.full" value="Merge branch &apos;2020.06.x&apos;&#10;&#10;* 2020.06.x:&#10;  MIR-994 allow export of publication list with a csl style&#10;  MIR-998-problems_with_search_entity (#598)&#10;  MIR-1004 add article number to metadata view and editor (#605)&#10;  MIR-1006 publications with date issued range generate invalid datacite&#10;  MIR-1008 NPE in MirSelfRegistrationServlet&#10;  MIR-1010 Added Blog as a new document type (#622)&#10;  MIR-1011 Added new required keyword template field&#10;  MIR-1013 use pica2mods library for enrichment resolver (#615)&#10;  MIR-1021 remove obsolete code for managed PIDs, is already solved ... (#620)&#10;  MIR-1022 MIRStrategy does not work right and is not testet (#623)&#10;  MIR-1023 do not pass Content-Security-Policy-Header from solr&#10;  MIR-1026 minor spelling and translation correction in data forms&#10;  special case for rights_reserved and filter for empty fields&#10;  added creativework type to all rights served text"/>
    <property name="sun.management.compiler" value="HotSpot 64-Bit Tiered Compilers"/>
    <property name="java.runtime.version" value="11.0.2+9"/>
    <property name="user.name" value="travis"/>
    <property name="path.separator" value=":"/>
    <property name="os.version" value="5.4.0-1032-gcp"/>
    <property name="java.runtime.name" value="OpenJDK Runtime Environment"/>
    <property name="file.encoding" value="UTF-8"/>
    <property name="java.vm.name" value="OpenJDK 64-Bit Server VM"/>
    <property name="java.vendor.version" value="18.9"/>
    <property name="jetty" value="true"/>
    <property name="git.local.branch.behind" value="NO_REMOTE"/>
    <property name="git.dirty" value="false"/>
    <property name="localRepository" value="/home/travis/.m2/repository"/>
    <property name="java.vendor.url.bug" value="http://bugreport.java.com/bugreport/"/>
    <property name="java.io.tmpdir" value="/tmp"/>
    <property name="com.zaxxer.hikari.pool_number" value="60"/>
    <property name="java.version" value="11.0.2"/>
    <property name="user.dir" value="/home/travis/build/MyCoRe-Org/mir/mir-module"/>
    <property name="os.arch" value="amd64"/>
    <property name="git.commit.user.name" value="Sebastian Hofmann"/>
    <property name="git.commit.id.abbrev" value="22f9b42"/>
    <property name="java.vm.specification.name" value="Java Virtual Machine Specification"/>
    <property name="java.awt.printerjob" value="sun.print.PSPrinterJob"/>
    <property name="git.commit.id.describe-short" value="v2021.02-39"/>
    <property name="sun.os.patch.level" value="unknown"/>
    <property name="git.commit.id.describe" value="v2021.02-39-g22f9b42"/>
    <property name="java.library.path" value="/usr/java/packages/lib:/usr/lib64:/lib64:/lib:/usr/lib"/>
    <property name="git.commit.message.short" value="Merge branch &apos;2020.06.x&apos;"/>
    <property name="java.vendor" value="Oracle Corporation"/>
    <property name="java.vm.info" value="mixed mode"/>
    <property name="java.vm.version" value="11.0.2+9"/>
    <property name="sun.io.unicode.encoding" value="UnicodeLittle"/>
    <property name="MCRRuntimeComponentDetector.underTesting" value="mir-module"/>
    <property name="java.class.version" value="55.0"/>
    <property name="git.commit.time" value="2021-06-11T14:53:06Z"/>
    <property name="MCR.AppName" value="mir-module"/>
    <property name="git.remote.origin.url" value="https://github.com/MyCoRe-Org/mir.git"/>
  </properties>
  <testcase name="checkGuestPermission" classname="org.mycore.mir.authorization.MIRStrategyTest" time="1.719">
    <system-out><![CDATA[Creating config directory: /tmp/junit7870422393394764292/mcrhome/mir-module
MyCoRe components detected: mcr:mycore-base, mcr:mycore-solr, mcr:mycore-user2, mcr:mycore-xeditor, mcr:mycore-classbrowser, mcr:mycore-mods, mcr:mycore-csl, mcr:mycore-ifs, mcr:mycore-pi, mcr:mycore-sword, mcr:mycore-wfc
Applications modules detected: app:mir-module
&amp#27;[34m2021-06-11T14:59:55,192 [main] INFO   MCRConfigurationInputStream: Current configuration directory: /tmp/junit7870422393394764292/mcrhome/mir-module&amp#27;[m&amp#27;[0m
&amp#27;[m&amp#27;[34m2021-06-11T14:59:55,226 [main] INFO   LogHelper: HHH000204: Processing PersistenceUnitInfo [name: mir-module]&amp#27;[m&amp#27;[0m
&amp#27;[m&amp#27;[34m2021-06-11T14:59:55,244 [main] INFO   HikariDataSource: HikariPool-61 - Starting...&amp#27;[m&amp#27;[0m
&amp#27;[m&amp#27;[31m2021-06-11T14:59:55,244 [main] WARN   DriverDataSource: Registered driver with driverClassName=org.hsqldb.jdbcDriver was not found, trying direct instantiation.&amp#27;[m&amp#27;[0m
&amp#27;[m&amp#27;[34m2021-06-11T14:59:55,245 [main] INFO   PoolBase: HikariPool-61 - Driver does not support get/set network timeout for connections. (feature not supported)&amp#27;[m&amp#27;[0m
&amp#27;[m&amp#27;[34m2021-06-11T14:59:55,245 [main] INFO   HikariDataSource: HikariPool-61 - Start completed.&amp#27;[m&amp#27;[0m
&amp#27;[m&amp#27;[34m2021-06-11T14:59:55,246 [main] INFO   Dialect: HHH000400: Using dialect: org.hibernate.dialect.HSQLDialect&amp#27;[m&amp#27;[0m
&amp#27;[m&amp#27;[31m2021-06-11T14:59:55,280 [main] WARN   JavaTypeDescriptorRegistry: HHH000481: Encountered Java type [class java.lang.Object] for which we could not locate a JavaTypeDescriptor and which does not appear to implement equals and/or hashCode.  This can lead to significant performance problems when performing equality/dirty checking involving this Java type.  Consider registering a custom JavaTypeDescriptor or at least implementing equals/hashCode.&amp#27;[m&amp#27;[0m
&amp#27;[m&amp#27;[31m2021-06-11T14:59:55,471 [main] WARN   MetadataContext: HHH015011: Unable to locate static metamodel field : org.mycore.datamodel.classifications2.MCRCategoryID_#id; this may or may not indicate a problem with the static metamodel&amp#27;[m&amp#27;[0m
&amp#27;[m&amp#27;[34m2021-06-11T14:59:55,476 [main] INFO   JtaPlatformInitiator: HHH000490: Using JtaPlatform implementation: [org.hibernate.engine.transaction.jta.platform.internal.NoJtaPlatform]&amp#27;[m&amp#27;[0m
&amp#27;[m&amp#27;[34m2021-06-11T14:59:55,551 [main] INFO   LogHelper: HHH000204: Processing PersistenceUnitInfo [name: mir-module]&amp#27;[m&amp#27;[0m
&amp#27;[m&amp#27;[34m2021-06-11T14:59:55,564 [main] INFO   HikariDataSource: HikariPool-62 - Starting...&amp#27;[m&amp#27;[0m
&amp#27;[m&amp#27;[31m2021-06-11T14:59:55,569 [main] WARN   DriverDataSource: Registered driver with driverClassName=org.hsqldb.jdbcDriver was not found, trying direct instantiation.&amp#27;[m&amp#27;[0m
&amp#27;[m&amp#27;[34m2021-06-11T14:59:55,570 [main] INFO   PoolBase: HikariPool-62 - Driver does not support get/set network timeout for connections. (feature not supported)&amp#27;[m&amp#27;[0m
&amp#27;[m&amp#27;[34m2021-06-11T14:59:55,574 [main] INFO   HikariDataSource: HikariPool-62 - Start completed.&amp#27;[m&amp#27;[0m
&amp#27;[m&amp#27;[34m2021-06-11T14:59:55,575 [main] INFO   Dialect: HHH000400: Using dialect: org.hibernate.dialect.HSQLDialect&amp#27;[m&amp#27;[0m
&amp#27;[m&amp#27;[31m2021-06-11T14:59:55,600 [main] WARN   JavaTypeDescriptorRegistry: HHH000481: Encountered Java type [class java.lang.Object] for which we could not locate a JavaTypeDescriptor and which does not appear to implement equals and/or hashCode.  This can lead to significant performance problems when performing equality/dirty checking involving this Java type.  Consider registering a custom JavaTypeDescriptor or at least implementing equals/hashCode.&amp#27;[m&amp#27;[0m
&amp#27;[mFile location: /MIRStrategyTest/class/mir_access.xml
&amp#27;[34m2021-06-11T14:59:55,746 [main] INFO   MCRCommandLineInterface: load permissions data from file ${app.home}/config/acl/permissions.xml --> load permissions data from file /home/travis/build/MyCoRe-Org/mir/mir-cli/src/main/config/acl/permissions.xml&amp#27;[m&amp#27;[0m
&amp#27;[m&amp#27;[34m2021-06-11T14:59:55,750 [main] INFO   MCRCommand: Syntax matched (executed): load permissions data from file {0}&amp#27;[m&amp#27;[0m
&amp#27;[m&amp#27;[34m2021-06-11T14:59:55,751 [main] INFO   MCRAccessCommands: Reading file /home/travis/build/MyCoRe-Org/mir/mir-cli/src/main/config/acl/permissions.xml ...&amp#27;[m&amp#27;[0m
&amp#27;[mnull Command processed (182 ms)
&amp#27;[34m2021-06-11T14:59:55,946 [main] INFO   MCRCommandLineInterface: update permission read for id default with rulefile ${app.home}/config/acl/grant-all.xml described by ${acl-description.all} --> update permission read for id default with rulefile /home/travis/build/MyCoRe-Org/mir/mir-cli/src/main/config/acl/grant-all.xml described by always allowed&amp#27;[m&amp#27;[0m
&amp#27;[m&amp#27;[34m2021-06-11T14:59:55,946 [main] INFO   MCRCommand: Syntax matched (executed): update permission {0} for id {1} with rulefile {2} described by {3}&amp#27;[m&amp#27;[0m
&amp#27;[mnull Command processed (27 ms)
&amp#27;[34m2021-06-11T14:59:55,973 [main] INFO   MCRCommandLineInterface: update permission writedb for id default with rulefile ${app.home}/config/acl/grant-admin.xml described by ${acl-description.admins} --> update permission writedb for id default with rulefile /home/travis/build/MyCoRe-Org/mir/mir-cli/src/main/config/acl/grant-admin.xml described by administrators only&amp#27;[m&amp#27;[0m
&amp#27;[m&amp#27;[34m2021-06-11T14:59:55,974 [main] INFO   MCRCommand: Syntax matched (executed): update permission {0} for id {1} with rulefile {2} described by {3}&amp#27;[m&amp#27;[0m
&amp#27;[mnull Command processed (24 ms)
&amp#27;[34m2021-06-11T14:59:55,998 [main] INFO   MCRCommandLineInterface: update permission deletedb for id default with rulefile ${app.home}/config/acl/grant-admin.xml described by ${acl-description.admins} --> update permission deletedb for id default with rulefile /home/travis/build/MyCoRe-Org/mir/mir-cli/src/main/config/acl/grant-admin.xml described by administrators only&amp#27;[m&amp#27;[0m
&amp#27;[m&amp#27;[34m2021-06-11T14:59:55,999 [main] INFO   MCRCommand: Syntax matched (executed): update permission {0} for id {1} with rulefile {2} described by {3}&amp#27;[m&amp#27;[0m
&amp#27;[mnull Command processed (14 ms)
&amp#27;[34m2021-06-11T14:59:56,014 [main] INFO   MCRCommandLineInterface: update permission view for id default_mods with rulefile ${app.home}/config/acl/grant-all.xml described by ${acl-description.all} --> update permission view for id default_mods with rulefile /home/travis/build/MyCoRe-Org/mir/mir-cli/src/main/config/acl/grant-all.xml described by always allowed&amp#27;[m&amp#27;[0m
&amp#27;[m&amp#27;[34m2021-06-11T14:59:56,015 [main] INFO   MCRCommand: Syntax matched (executed): update permission {0} for id {1} with rulefile {2} described by {3}&amp#27;[m&amp#27;[0m
&amp#27;[mnull Command processed (17 ms)
&amp#27;[34m2021-06-11T14:59:56,032 [main] INFO   MCRCommandLineInterface: update permission preview for id default_mods with rulefile ${app.home}/config/acl/grant-all.xml described by ${acl-description.all} --> update permission preview for id default_mods with rulefile /home/travis/build/MyCoRe-Org/mir/mir-cli/src/main/config/acl/grant-all.xml described by always allowed&amp#27;[m&amp#27;[0m
&amp#27;[m&amp#27;[34m2021-06-11T14:59:56,032 [main] INFO   MCRCommand: Syntax matched (executed): update permission {0} for id {1} with rulefile {2} described by {3}&amp#27;[m&amp#27;[0m
&amp#27;[mnull Command processed (16 ms)
&amp#27;[34m2021-06-11T14:59:56,048 [main] INFO   MCRCommandLineInterface: update permission read for id default_mods with rulefile ${app.home}/config/acl/grant-all.xml described by ${acl-description.all} --> update permission read for id default_mods with rulefile /home/travis/build/MyCoRe-Org/mir/mir-cli/src/main/config/acl/grant-all.xml described by always allowed&amp#27;[m&amp#27;[0m
&amp#27;[m&amp#27;[34m2021-06-11T14:59:56,049 [main] INFO   MCRCommand: Syntax matched (executed): update permission {0} for id {1} with rulefile {2} described by {3}&amp#27;[m&amp#27;[0m
&amp#27;[mnull Command processed (19 ms)
&amp#27;[34m2021-06-11T14:59:56,069 [main] INFO   MCRCommandLineInterface: update permission writedb for id default_mods with rulefile ${app.home}/config/acl/grant-editors.xml described by ${acl-description.editors} --> update permission writedb for id default_mods with rulefile /home/travis/build/MyCoRe-Org/mir/mir-cli/src/main/config/acl/grant-editors.xml described by administrators and editors&amp#27;[m&amp#27;[0m
&amp#27;[m&amp#27;[34m2021-06-11T14:59:56,069 [main] INFO   MCRCommand: Syntax matched (executed): update permission {0} for id {1} with rulefile {2} described by {3}&amp#27;[m&amp#27;[0m
&amp#27;[mnull Command processed (22 ms)
&amp#27;[34m2021-06-11T14:59:56,092 [main] INFO   MCRCommandLineInterface: update permission deletedb for id default_mods with rulefile ${app.home}/config/acl/grant-admin.xml described by ${acl-description.admins} --> update permission deletedb for id default_mods with rulefile /home/travis/build/MyCoRe-Org/mir/mir-cli/src/main/config/acl/grant-admin.xml described by administrators only&amp#27;[m&amp#27;[0m
&amp#27;[m&amp#27;[34m2021-06-11T14:59:56,092 [main] INFO   MCRCommand: Syntax matched (executed): update permission {0} for id {1} with rulefile {2} described by {3}&amp#27;[m&amp#27;[0m
&amp#27;[mnull Command processed (16 ms)
&amp#27;[34m2021-06-11T14:59:56,109 [main] INFO   MCRCommandLineInterface: update permission addurn for id default_derivate with rulefile ${app.home}/config/acl/grant-editors.xml described by ${acl-description.editors} --> update permission addurn for id default_derivate with rulefile /home/travis/build/MyCoRe-Org/mir/mir-cli/src/main/config/acl/grant-editors.xml described by administrators and editors&amp#27;[m&amp#27;[0m
&amp#27;[m&amp#27;[34m2021-06-11T14:59:56,109 [main] INFO   MCRCommand: Syntax matched (executed): update permission {0} for id {1} with rulefile {2} described by {3}&amp#27;[m&amp#27;[0m
&amp#27;[mnull Command processed (23 ms)
&amp#27;[34m2021-06-11T14:59:56,132 [main] INFO   MCRCommandLineInterface: update permission read for id derivate:mir_access:intern with rulefile ${app.home}/config/acl/require-login.xml described by ${acl-description.require-login} --> update permission read for id derivate:mir_access:intern with rulefile /home/travis/build/MyCoRe-Org/mir/mir-cli/src/main/config/acl/require-login.xml described by require login&amp#27;[m&amp#27;[0m
&amp#27;[m&amp#27;[34m2021-06-11T14:59:56,133 [main] INFO   MCRCommand: Syntax matched (executed): update permission {0} for id {1} with rulefile {2} described by {3}&amp#27;[m&amp#27;[0m
&amp#27;[mnull Command processed (18 ms)
&amp#27;[34m2021-06-11T14:59:56,151 [main] INFO   MCRCommandLineInterface: update permission read for id derivate:mir_access:unlimited with rulefile ${app.home}/config/acl/grant-all.xml described by ${acl-description.require-login} --> update permission read for id derivate:mir_access:unlimited with rulefile /home/travis/build/MyCoRe-Org/mir/mir-cli/src/main/config/acl/grant-all.xml described by require login&amp#27;[m&amp#27;[0m
&amp#27;[m&amp#27;[34m2021-06-11T14:59:56,152 [main] INFO   MCRCommand: Syntax matched (executed): update permission {0} for id {1} with rulefile {2} described by {3}&amp#27;[m&amp#27;[0m
&amp#27;[mnull Command processed (21 ms)
&amp#27;[34m2021-06-11T14:59:56,174 [main] INFO   MCRCommandLineInterface: update permission writedb for id mir_genres with rulefile ${app.home}/config/acl/grant-admin.xml described by ${acl-description.admins} --> update permission writedb for id mir_genres with rulefile /home/travis/build/MyCoRe-Org/mir/mir-cli/src/main/config/acl/grant-admin.xml described by administrators only&amp#27;[m&amp#27;[0m
&amp#27;[m&amp#27;[34m2021-06-11T14:59:56,174 [main] INFO   MCRCommand: Syntax matched (executed): update permission {0} for id {1} with rulefile {2} described by {3}&amp#27;[m&amp#27;[0m
&amp#27;[mnull Command processed (16 ms)
&amp#27;[34m2021-06-11T14:59:56,190 [main] INFO   MCRCommandLineInterface: update permission writedb for id mir_institutes with rulefile ${app.home}/config/acl/grant-admin.xml described by ${acl-description.admins} --> update permission writedb for id mir_institutes with rulefile /home/travis/build/MyCoRe-Org/mir/mir-cli/src/main/config/acl/grant-admin.xml described by administrators only&amp#27;[m&amp#27;[0m
&amp#27;[m&amp#27;[34m2021-06-11T14:59:56,191 [main] INFO   MCRCommand: Syntax matched (executed): update permission {0} for id {1} with rulefile {2} described by {3}&amp#27;[m&amp#27;[0m
&amp#27;[mnull Command processed (19 ms)
&amp#27;[34m2021-06-11T14:59:56,210 [main] INFO   MCRCommandLineInterface: update permission writedb for id mir_licenses with rulefile ${app.home}/config/acl/grant-admin.xml described by ${acl-description.admins} --> update permission writedb for id mir_licenses with rulefile /home/travis/build/MyCoRe-Org/mir/mir-cli/src/main/config/acl/grant-admin.xml described by administrators only&amp#27;[m&amp#27;[0m
&amp#27;[m&amp#27;[34m2021-06-11T14:59:56,210 [main] INFO   MCRCommand: Syntax matched (executed): update permission {0} for id {1} with rulefile {2} described by {3}&amp#27;[m&amp#27;[0m
&amp#27;[mnull Command processed (23 ms)
&amp#27;[34m2021-06-11T14:59:56,234 [main] INFO   MCRCommandLineInterface: update permission writedb for id rfc5646 with rulefile ${app.home}/config/acl/grant-admin.xml described by ${acl-description.admins} --> update permission writedb for id rfc5646 with rulefile /home/travis/build/MyCoRe-Org/mir/mir-cli/src/main/config/acl/grant-admin.xml described by administrators only&amp#27;[m&amp#27;[0m
&amp#27;[m&amp#27;[34m2021-06-11T14:59:56,240 [main] INFO   MCRCommand: Syntax matched (executed): update permission {0} for id {1} with rulefile {2} described by {3}&amp#27;[m&amp#27;[0m
&amp#27;[mnull Command processed (15 ms)
&amp#27;[34m2021-06-11T14:59:56,255 [main] INFO   MCRCommandLineInterface: update permission writedb for id marcrelator with rulefile ${app.home}/config/acl/grant-admin.xml described by ${acl-description.admins} --> update permission writedb for id marcrelator with rulefile /home/travis/build/MyCoRe-Org/mir/mir-cli/src/main/config/acl/grant-admin.xml described by administrators only&amp#27;[m&amp#27;[0m
&amp#27;[m&amp#27;[34m2021-06-11T14:59:56,256 [main] INFO   MCRCommand: Syntax matched (executed): update permission {0} for id {1} with rulefile {2} described by {3}&amp#27;[m&amp#27;[0m
&amp#27;[mnull Command processed (17 ms)
&amp#27;[34m2021-06-11T14:59:56,275 [main] INFO   MCRCommandLineInterface: update permission writedb for id noteTypes with rulefile ${app.home}/config/acl/grant-admin.xml described by ${acl-description.admins} --> update permission writedb for id noteTypes with rulefile /home/travis/build/MyCoRe-Org/mir/mir-cli/src/main/config/acl/grant-admin.xml described by administrators only&amp#27;[m&amp#27;[0m
&amp#27;[m&amp#27;[34m2021-06-11T14:59:56,275 [main] INFO   MCRCommand: Syntax matched (executed): update permission {0} for id {1} with rulefile {2} described by {3}&amp#27;[m&amp#27;[0m
&amp#27;[mnull Command processed (16 ms)
&amp#27;[34m2021-06-11T14:59:56,291 [main] INFO   MCRCommandLineInterface: update permission writedb for id SDNB with rulefile ${app.home}/config/acl/grant-admin.xml described by ${acl-description.admins} --> update permission writedb for id SDNB with rulefile /home/travis/build/MyCoRe-Org/mir/mir-cli/src/main/config/acl/grant-admin.xml described by administrators only&amp#27;[m&amp#27;[0m
&amp#27;[m&amp#27;[34m2021-06-11T14:59:56,291 [main] INFO   MCRCommand: Syntax matched (executed): update permission {0} for id {1} with rulefile {2} described by {3}&amp#27;[m&amp#27;[0m
&amp#27;[mnull Command processed (12 ms)
&amp#27;[34m2021-06-11T14:59:56,304 [main] INFO   MCRCommandLineInterface: update permission read for id mods:mir_access:accessKey with rulefile ${app.home}/config/acl/grant-editors.xml described by ${acl-description.editors} --> update permission read for id mods:mir_access:accessKey with rulefile /home/travis/build/MyCoRe-Org/mir/mir-cli/src/main/config/acl/grant-editors.xml described by administrators and editors&amp#27;[m&amp#27;[0m
&amp#27;[m&amp#27;[34m2021-06-11T14:59:56,304 [main] INFO   MCRCommand: Syntax matched (executed): update permission {0} for id {1} with rulefile {2} described by {3}&amp#27;[m&amp#27;[0m
&amp#27;[mnull Command processed (25 ms)
&amp#27;[34m2021-06-11T14:59:56,330 [main] INFO   MCRCommandLineInterface: update permission writedb for id mods:mir_access:accessKey with rulefile ${app.home}/config/acl/grant-editors.xml described by ${acl-description.editors} --> update permission writedb for id mods:mir_access:accessKey with rulefile /home/travis/build/MyCoRe-Org/mir/mir-cli/src/main/config/acl/grant-editors.xml described by administrators and editors&amp#27;[m&amp#27;[0m
&amp#27;[m&amp#27;[34m2021-06-11T14:59:56,331 [main] INFO   MCRCommand: Syntax matched (executed): update permission {0} for id {1} with rulefile {2} described by {3}&amp#27;[m&amp#27;[0m
&amp#27;[mnull Command processed (12 ms)
&amp#27;[34m2021-06-11T14:59:56,344 [main] INFO   MCRCommandLineInterface: update permission read for id derivate:mir_access:accessKey with rulefile ${app.home}/config/acl/grant-editors.xml described by ${acl-description.editors} --> update permission read for id derivate:mir_access:accessKey with rulefile /home/travis/build/MyCoRe-Org/mir/mir-cli/src/main/config/acl/grant-editors.xml described by administrators and editors&amp#27;[m&amp#27;[0m
&amp#27;[m&amp#27;[34m2021-06-11T14:59:56,344 [main] INFO   MCRCommand: Syntax matched (executed): update permission {0} for id {1} with rulefile {2} described by {3}&amp#27;[m&amp#27;[0m
&amp#27;[mnull Command processed (13 ms)
&amp#27;[34m2021-06-11T14:59:56,358 [main] INFO   MCRCommandLineInterface: update permission writedb for id derivate:mir_access:accessKey with rulefile ${app.home}/config/acl/grant-editors.xml described by ${acl-description.editors} --> update permission writedb for id derivate:mir_access:accessKey with rulefile /home/travis/build/MyCoRe-Org/mir/mir-cli/src/main/config/acl/grant-editors.xml described by administrators and editors&amp#27;[m&amp#27;[0m
&amp#27;[m&amp#27;[34m2021-06-11T14:59:56,365 [main] INFO   MCRCommand: Syntax matched (executed): update permission {0} for id {1} with rulefile {2} described by {3}&amp#27;[m&amp#27;[0m
&amp#27;[mnull Command processed (12 ms)
&amp#27;[34m2021-06-11T14:59:56,377 [main] INFO   MCRCommand: Syntax matched (executed): load classification from url {0}&amp#27;[m&amp#27;[0m
&amp#27;[m&amp#27;[34m2021-06-11T14:59:56,439 [main] INFO   MCRCategoryDAOImpl: Category mir_access saved.&amp#27;[m&amp#27;[0m
&amp#27;[mnull Command processed (62 ms)
&amp#27;[34m2021-06-11T14:59:56,809 [main] INFO   LogHelper: HHH000204: Processing PersistenceUnitInfo [name: mir-module]&amp#27;[m&amp#27;[0m
&amp#27;[m&amp#27;[34m2021-06-11T14:59:56,831 [main] INFO   HikariDataSource: HikariPool-63 - Starting...&amp#27;[m&amp#27;[0m
&amp#27;[m&amp#27;[31m2021-06-11T14:59:56,831 [main] WARN   DriverDataSource: Registered driver with driverClassName=org.hsqldb.jdbcDriver was not found, trying direct instantiation.&amp#27;[m&amp#27;[0m
&amp#27;[m&amp#27;[34m2021-06-11T14:59:56,832 [main] INFO   PoolBase: HikariPool-63 - Driver does not support get/set network timeout for connections. (feature not supported)&amp#27;[m&amp#27;[0m
&amp#27;[m&amp#27;[34m2021-06-11T14:59:56,836 [main] INFO   HikariDataSource: HikariPool-63 - Start completed.&amp#27;[m&amp#27;[0m
&amp#27;[m&amp#27;[34m2021-06-11T14:59:56,836 [main] INFO   Dialect: HHH000400: Using dialect: org.hibernate.dialect.HSQLDialect&amp#27;[m&amp#27;[0m
&amp#27;[m&amp#27;[31m2021-06-11T14:59:56,864 [main] WARN   JavaTypeDescriptorRegistry: HHH000481: Encountered Java type [class java.lang.Object] for which we could not locate a JavaTypeDescriptor and which does not appear to implement equals and/or hashCode.  This can lead to significant performance problems when performing equality/dirty checking involving this Java type.  Consider registering a custom JavaTypeDescriptor or at least implementing equals/hashCode.&amp#27;[m&amp#27;[0m
&amp#27;[m]]></system-out>
  </testcase>
  <testcase name="checkSuperUserPermission" classname="org.mycore.mir.authorization.MIRStrategyTest" time="1.441">
    <system-out><![CDATA[MyCoRe components detected: mcr:mycore-base, mcr:mycore-solr, mcr:mycore-user2, mcr:mycore-xeditor, mcr:mycore-classbrowser, mcr:mycore-mods, mcr:mycore-csl, mcr:mycore-ifs, mcr:mycore-pi, mcr:mycore-sword, mcr:mycore-wfc
Applications modules detected: app:mir-module
&amp#27;[34m2021-06-11T14:59:56,898 [main] INFO   MCRConfigurationInputStream: Current configuration directory: /tmp/junit7870422393394764292/mcrhome/mir-module&amp#27;[m&amp#27;[0m
&amp#27;[m&amp#27;[34m2021-06-11T14:59:56,974 [main] INFO   LogHelper: HHH000204: Processing PersistenceUnitInfo [name: mir-module]&amp#27;[m&amp#27;[0m
&amp#27;[m&amp#27;[34m2021-06-11T14:59:57,036 [main] INFO   HikariDataSource: HikariPool-64 - Starting...&amp#27;[m&amp#27;[0m
&amp#27;[m&amp#27;[31m2021-06-11T14:59:57,040 [main] WARN   DriverDataSource: Registered driver with driverClassName=org.hsqldb.jdbcDriver was not found, trying direct instantiation.&amp#27;[m&amp#27;[0m
&amp#27;[m&amp#27;[34m2021-06-11T14:59:57,041 [main] INFO   PoolBase: HikariPool-64 - Driver does not support get/set network timeout for connections. (feature not supported)&amp#27;[m&amp#27;[0m
&amp#27;[m&amp#27;[34m2021-06-11T14:59:57,052 [main] INFO   HikariDataSource: HikariPool-64 - Start completed.&amp#27;[m&amp#27;[0m
&amp#27;[m&amp#27;[34m2021-06-11T14:59:57,053 [main] INFO   Dialect: HHH000400: Using dialect: org.hibernate.dialect.HSQLDialect&amp#27;[m&amp#27;[0m
&amp#27;[m&amp#27;[31m2021-06-11T14:59:57,207 [main] WARN   JavaTypeDescriptorRegistry: HHH000481: Encountered Java type [class java.lang.Object] for which we could not locate a JavaTypeDescriptor and which does not appear to implement equals and/or hashCode.  This can lead to significant performance problems when performing equality/dirty checking involving this Java type.  Consider registering a custom JavaTypeDescriptor or at least implementing equals/hashCode.&amp#27;[m&amp#27;[0m
&amp#27;[m&amp#27;[31m2021-06-11T14:59:57,386 [main] WARN   MetadataContext: HHH015011: Unable to locate static metamodel field : org.mycore.datamodel.classifications2.MCRCategoryID_#id; this may or may not indicate a problem with the static metamodel&amp#27;[m&amp#27;[0m
&amp#27;[m&amp#27;[34m2021-06-11T14:59:57,392 [main] INFO   JtaPlatformInitiator: HHH000490: Using JtaPlatform implementation: [org.hibernate.engine.transaction.jta.platform.internal.NoJtaPlatform]&amp#27;[m&amp#27;[0m
&amp#27;[m&amp#27;[34m2021-06-11T14:59:57,460 [main] INFO   LogHelper: HHH000204: Processing PersistenceUnitInfo [name: mir-module]&amp#27;[m&amp#27;[0m
&amp#27;[m&amp#27;[34m2021-06-11T14:59:57,474 [main] INFO   HikariDataSource: HikariPool-65 - Starting...&amp#27;[m&amp#27;[0m
&amp#27;[m&amp#27;[31m2021-06-11T14:59:57,474 [main] WARN   DriverDataSource: Registered driver with driverClassName=org.hsqldb.jdbcDriver was not found, trying direct instantiation.&amp#27;[m&amp#27;[0m
&amp#27;[m&amp#27;[34m2021-06-11T14:59:57,475 [main] INFO   PoolBase: HikariPool-65 - Driver does not support get/set network timeout for connections. (feature not supported)&amp#27;[m&amp#27;[0m
&amp#27;[m&amp#27;[34m2021-06-11T14:59:57,476 [main] INFO   HikariDataSource: HikariPool-65 - Start completed.&amp#27;[m&amp#27;[0m
&amp#27;[m&amp#27;[34m2021-06-11T14:59:57,476 [main] INFO   Dialect: HHH000400: Using dialect: org.hibernate.dialect.HSQLDialect&amp#27;[m&amp#27;[0m
&amp#27;[m&amp#27;[31m2021-06-11T14:59:57,502 [main] WARN   JavaTypeDescriptorRegistry: HHH000481: Encountered Java type [class java.lang.Object] for which we could not locate a JavaTypeDescriptor and which does not appear to implement equals and/or hashCode.  This can lead to significant performance problems when performing equality/dirty checking involving this Java type.  Consider registering a custom JavaTypeDescriptor or at least implementing equals/hashCode.&amp#27;[m&amp#27;[0m
&amp#27;[mFile location: /MIRStrategyTest/class/mir_access.xml
&amp#27;[34m2021-06-11T14:59:57,538 [main] INFO   MCRCommandLineInterface: load permissions data from file ${app.home}/config/acl/permissions.xml --> load permissions data from file /home/travis/build/MyCoRe-Org/mir/mir-cli/src/main/config/acl/permissions.xml&amp#27;[m&amp#27;[0m
&amp#27;[m&amp#27;[34m2021-06-11T14:59:57,538 [main] INFO   MCRCommand: Syntax matched (executed): load permissions data from file {0}&amp#27;[m&amp#27;[0m
&amp#27;[m&amp#27;[34m2021-06-11T14:59:57,538 [main] INFO   MCRAccessCommands: Reading file /home/travis/build/MyCoRe-Org/mir/mir-cli/src/main/config/acl/permissions.xml ...&amp#27;[m&amp#27;[0m
&amp#27;[mnull Command processed (87 ms)
&amp#27;[34m2021-06-11T14:59:57,626 [main] INFO   MCRCommandLineInterface: update permission read for id default with rulefile ${app.home}/config/acl/grant-all.xml described by ${acl-description.all} --> update permission read for id default with rulefile /home/travis/build/MyCoRe-Org/mir/mir-cli/src/main/config/acl/grant-all.xml described by always allowed&amp#27;[m&amp#27;[0m
&amp#27;[m&amp#27;[34m2021-06-11T14:59:57,626 [main] INFO   MCRCommand: Syntax matched (executed): update permission {0} for id {1} with rulefile {2} described by {3}&amp#27;[m&amp#27;[0m
&amp#27;[mnull Command processed (17 ms)
&amp#27;[34m2021-06-11T14:59:57,644 [main] INFO   MCRCommandLineInterface: update permission writedb for id default with rulefile ${app.home}/config/acl/grant-admin.xml described by ${acl-description.admins} --> update permission writedb for id default with rulefile /home/travis/build/MyCoRe-Org/mir/mir-cli/src/main/config/acl/grant-admin.xml described by administrators only&amp#27;[m&amp#27;[0m
&amp#27;[m&amp#27;[34m2021-06-11T14:59:57,644 [main] INFO   MCRCommand: Syntax matched (executed): update permission {0} for id {1} with rulefile {2} described by {3}&amp#27;[m&amp#27;[0m
&amp#27;[mnull Command processed (21 ms)
&amp#27;[34m2021-06-11T14:59:57,666 [main] INFO   MCRCommandLineInterface: update permission deletedb for id default with rulefile ${app.home}/config/acl/grant-admin.xml described by ${acl-description.admins} --> update permission deletedb for id default with rulefile /home/travis/build/MyCoRe-Org/mir/mir-cli/src/main/config/acl/grant-admin.xml described by administrators only&amp#27;[m&amp#27;[0m
&amp#27;[m&amp#27;[34m2021-06-11T14:59:57,666 [main] INFO   MCRCommand: Syntax matched (executed): update permission {0} for id {1} with rulefile {2} described by {3}&amp#27;[m&amp#27;[0m
&amp#27;[mnull Command processed (12 ms)
&amp#27;[34m2021-06-11T14:59:57,679 [main] INFO   MCRCommandLineInterface: update permission view for id default_mods with rulefile ${app.home}/config/acl/grant-all.xml described by ${acl-description.all} --> update permission view for id default_mods with rulefile /home/travis/build/MyCoRe-Org/mir/mir-cli/src/main/config/acl/grant-all.xml described by always allowed&amp#27;[m&amp#27;[0m
&amp#27;[m&amp#27;[34m2021-06-11T14:59:57,679 [main] INFO   MCRCommand: Syntax matched (executed): update permission {0} for id {1} with rulefile {2} described by {3}&amp#27;[m&amp#27;[0m
&amp#27;[mnull Command processed (10 ms)
&amp#27;[34m2021-06-11T14:59:57,689 [main] INFO   MCRCommandLineInterface: update permission preview for id default_mods with rulefile ${app.home}/config/acl/grant-all.xml described by ${acl-description.all} --> update permission preview for id default_mods with rulefile /home/travis/build/MyCoRe-Org/mir/mir-cli/src/main/config/acl/grant-all.xml described by always allowed&amp#27;[m&amp#27;[0m
&amp#27;[m&amp#27;[34m2021-06-11T14:59:57,690 [main] INFO   MCRCommand: Syntax matched (executed): update permission {0} for id {1} with rulefile {2} described by {3}&amp#27;[m&amp#27;[0m
&amp#27;[mnull Command processed (22 ms)
&amp#27;[34m2021-06-11T14:59:57,711 [main] INFO   MCRCommandLineInterface: update permission read for id default_mods with rulefile ${app.home}/config/acl/grant-all.xml described by ${acl-description.all} --> update permission read for id default_mods with rulefile /home/travis/build/MyCoRe-Org/mir/mir-cli/src/main/config/acl/grant-all.xml described by always allowed&amp#27;[m&amp#27;[0m
&amp#27;[m&amp#27;[34m2021-06-11T14:59:57,711 [main] INFO   MCRCommand: Syntax matched (executed): update permission {0} for id {1} with rulefile {2} described by {3}&amp#27;[m&amp#27;[0m
&amp#27;[mnull Command processed (8 ms)
&amp#27;[34m2021-06-11T14:59:57,719 [main] INFO   MCRCommandLineInterface: update permission writedb for id default_mods with rulefile ${app.home}/config/acl/grant-editors.xml described by ${acl-description.editors} --> update permission writedb for id default_mods with rulefile /home/travis/build/MyCoRe-Org/mir/mir-cli/src/main/config/acl/grant-editors.xml described by administrators and editors&amp#27;[m&amp#27;[0m
&amp#27;[m&amp#27;[34m2021-06-11T14:59:57,720 [main] INFO   MCRCommand: Syntax matched (executed): update permission {0} for id {1} with rulefile {2} described by {3}&amp#27;[m&amp#27;[0m
&amp#27;[mnull Command processed (11 ms)
&amp#27;[34m2021-06-11T14:59:57,731 [main] INFO   MCRCommandLineInterface: update permission deletedb for id default_mods with rulefile ${app.home}/config/acl/grant-admin.xml described by ${acl-description.admins} --> update permission deletedb for id default_mods with rulefile /home/travis/build/MyCoRe-Org/mir/mir-cli/src/main/config/acl/grant-admin.xml described by administrators only&amp#27;[m&amp#27;[0m
&amp#27;[m&amp#27;[34m2021-06-11T14:59:57,732 [main] INFO   MCRCommand: Syntax matched (executed): update permission {0} for id {1} with rulefile {2} described by {3}&amp#27;[m&amp#27;[0m
&amp#27;[mnull Command processed (12 ms)
&amp#27;[34m2021-06-11T14:59:57,745 [main] INFO   MCRCommandLineInterface: update permission addurn for id default_derivate with rulefile ${app.home}/config/acl/grant-editors.xml described by ${acl-description.editors} --> update permission addurn for id default_derivate with rulefile /home/travis/build/MyCoRe-Org/mir/mir-cli/src/main/config/acl/grant-editors.xml described by administrators and editors&amp#27;[m&amp#27;[0m
&amp#27;[m&amp#27;[34m2021-06-11T14:59:57,747 [main] INFO   MCRCommand: Syntax matched (executed): update permission {0} for id {1} with rulefile {2} described by {3}&amp#27;[m&amp#27;[0m
&amp#27;[mnull Command processed (16 ms)
&amp#27;[34m2021-06-11T14:59:57,764 [main] INFO   MCRCommandLineInterface: update permission read for id derivate:mir_access:intern with rulefile ${app.home}/config/acl/require-login.xml described by ${acl-description.require-login} --> update permission read for id derivate:mir_access:intern with rulefile /home/travis/build/MyCoRe-Org/mir/mir-cli/src/main/config/acl/require-login.xml described by require login&amp#27;[m&amp#27;[0m
&amp#27;[m&amp#27;[34m2021-06-11T14:59:57,764 [main] INFO   MCRCommand: Syntax matched (executed): update permission {0} for id {1} with rulefile {2} described by {3}&amp#27;[m&amp#27;[0m
&amp#27;[mnull Command processed (23 ms)
&amp#27;[34m2021-06-11T14:59:57,787 [main] INFO   MCRCommandLineInterface: update permission read for id derivate:mir_access:unlimited with rulefile ${app.home}/config/acl/grant-all.xml described by ${acl-description.require-login} --> update permission read for id derivate:mir_access:unlimited with rulefile /home/travis/build/MyCoRe-Org/mir/mir-cli/src/main/config/acl/grant-all.xml described by require login&amp#27;[m&amp#27;[0m
&amp#27;[m&amp#27;[34m2021-06-11T14:59:57,788 [main] INFO   MCRCommand: Syntax matched (executed): update permission {0} for id {1} with rulefile {2} described by {3}&amp#27;[m&amp#27;[0m
&amp#27;[mnull Command processed (16 ms)
&amp#27;[34m2021-06-11T14:59:57,805 [main] INFO   MCRCommandLineInterface: update permission writedb for id mir_genres with rulefile ${app.home}/config/acl/grant-admin.xml described by ${acl-description.admins} --> update permission writedb for id mir_genres with rulefile /home/travis/build/MyCoRe-Org/mir/mir-cli/src/main/config/acl/grant-admin.xml described by administrators only&amp#27;[m&amp#27;[0m
&amp#27;[m&amp#27;[34m2021-06-11T14:59:57,805 [main] INFO   MCRCommand: Syntax matched (executed): update permission {0} for id {1} with rulefile {2} described by {3}&amp#27;[m&amp#27;[0m
&amp#27;[mnull Command processed (11 ms)
&amp#27;[34m2021-06-11T14:59:57,816 [main] INFO   MCRCommandLineInterface: update permission writedb for id mir_institutes with rulefile ${app.home}/config/acl/grant-admin.xml described by ${acl-description.admins} --> update permission writedb for id mir_institutes with rulefile /home/travis/build/MyCoRe-Org/mir/mir-cli/src/main/config/acl/grant-admin.xml described by administrators only&amp#27;[m&amp#27;[0m
&amp#27;[m&amp#27;[34m2021-06-11T14:59:57,822 [main] INFO   MCRCommand: Syntax matched (executed): update permission {0} for id {1} with rulefile {2} described by {3}&amp#27;[m&amp#27;[0m
&amp#27;[mnull Command processed (14 ms)
&amp#27;[34m2021-06-11T14:59:57,837 [main] INFO   MCRCommandLineInterface: update permission writedb for id mir_licenses with rulefile ${app.home}/config/acl/grant-admin.xml described by ${acl-description.admins} --> update permission writedb for id mir_licenses with rulefile /home/travis/build/MyCoRe-Org/mir/mir-cli/src/main/config/acl/grant-admin.xml described by administrators only&amp#27;[m&amp#27;[0m
&amp#27;[m&amp#27;[34m2021-06-11T14:59:57,837 [main] INFO   MCRCommand: Syntax matched (executed): update permission {0} for id {1} with rulefile {2} described by {3}&amp#27;[m&amp#27;[0m
&amp#27;[mnull Command processed (18 ms)
&amp#27;[34m2021-06-11T14:59:57,856 [main] INFO   MCRCommandLineInterface: update permission writedb for id rfc5646 with rulefile ${app.home}/config/acl/grant-admin.xml described by ${acl-description.admins} --> update permission writedb for id rfc5646 with rulefile /home/travis/build/MyCoRe-Org/mir/mir-cli/src/main/config/acl/grant-admin.xml described by administrators only&amp#27;[m&amp#27;[0m
&amp#27;[m&amp#27;[34m2021-06-11T14:59:57,856 [main] INFO   MCRCommand: Syntax matched (executed): update permission {0} for id {1} with rulefile {2} described by {3}&amp#27;[m&amp#27;[0m
&amp#27;[mnull Command processed (14 ms)
&amp#27;[34m2021-06-11T14:59:57,870 [main] INFO   MCRCommandLineInterface: update permission writedb for id marcrelator with rulefile ${app.home}/config/acl/grant-admin.xml described by ${acl-description.admins} --> update permission writedb for id marcrelator with rulefile /home/travis/build/MyCoRe-Org/mir/mir-cli/src/main/config/acl/grant-admin.xml described by administrators only&amp#27;[m&amp#27;[0m
&amp#27;[m&amp#27;[34m2021-06-11T14:59:57,870 [main] INFO   MCRCommand: Syntax matched (executed): update permission {0} for id {1} with rulefile {2} described by {3}&amp#27;[m&amp#27;[0m
&amp#27;[mnull Command processed (7 ms)
&amp#27;[34m2021-06-11T14:59:57,877 [main] INFO   MCRCommandLineInterface: update permission writedb for id noteTypes with rulefile ${app.home}/config/acl/grant-admin.xml described by ${acl-description.admins} --> update permission writedb for id noteTypes with rulefile /home/travis/build/MyCoRe-Org/mir/mir-cli/src/main/config/acl/grant-admin.xml described by administrators only&amp#27;[m&amp#27;[0m
&amp#27;[m&amp#27;[34m2021-06-11T14:59:57,878 [main] INFO   MCRCommand: Syntax matched (executed): update permission {0} for id {1} with rulefile {2} described by {3}&amp#27;[m&amp#27;[0m
&amp#27;[mnull Command processed (8 ms)
&amp#27;[34m2021-06-11T14:59:57,887 [main] INFO   MCRCommandLineInterface: update permission writedb for id SDNB with rulefile ${app.home}/config/acl/grant-admin.xml described by ${acl-description.admins} --> update permission writedb for id SDNB with rulefile /home/travis/build/MyCoRe-Org/mir/mir-cli/src/main/config/acl/grant-admin.xml described by administrators only&amp#27;[m&amp#27;[0m
&amp#27;[m&amp#27;[34m2021-06-11T14:59:57,887 [main] INFO   MCRCommand: Syntax matched (executed): update permission {0} for id {1} with rulefile {2} described by {3}&amp#27;[m&amp#27;[0m
&amp#27;[mnull Command processed (11 ms)
&amp#27;[34m2021-06-11T14:59:57,898 [main] INFO   MCRCommandLineInterface: update permission read for id mods:mir_access:accessKey with rulefile ${app.home}/config/acl/grant-editors.xml described by ${acl-description.editors} --> update permission read for id mods:mir_access:accessKey with rulefile /home/travis/build/MyCoRe-Org/mir/mir-cli/src/main/config/acl/grant-editors.xml described by administrators and editors&amp#27;[m&amp#27;[0m
&amp#27;[m&amp#27;[34m2021-06-11T14:59:57,898 [main] INFO   MCRCommand: Syntax matched (executed): update permission {0} for id {1} with rulefile {2} described by {3}&amp#27;[m&amp#27;[0m
&amp#27;[mnull Command processed (18 ms)
&amp#27;[34m2021-06-11T14:59:57,916 [main] INFO   MCRCommandLineInterface: update permission writedb for id mods:mir_access:accessKey with rulefile ${app.home}/config/acl/grant-editors.xml described by ${acl-description.editors} --> update permission writedb for id mods:mir_access:accessKey with rulefile /home/travis/build/MyCoRe-Org/mir/mir-cli/src/main/config/acl/grant-editors.xml described by administrators and editors&amp#27;[m&amp#27;[0m
&amp#27;[m&amp#27;[34m2021-06-11T14:59:57,917 [main] INFO   MCRCommand: Syntax matched (executed): update permission {0} for id {1} with rulefile {2} described by {3}&amp#27;[m&amp#27;[0m
&amp#27;[mnull Command processed (8 ms)
&amp#27;[34m2021-06-11T14:59:57,925 [main] INFO   MCRCommandLineInterface: update permission read for id derivate:mir_access:accessKey with rulefile ${app.home}/config/acl/grant-editors.xml described by ${acl-description.editors} --> update permission read for id derivate:mir_access:accessKey with rulefile /home/travis/build/MyCoRe-Org/mir/mir-cli/src/main/config/acl/grant-editors.xml described by administrators and editors&amp#27;[m&amp#27;[0m
&amp#27;[m&amp#27;[34m2021-06-11T14:59:57,925 [main] INFO   MCRCommand: Syntax matched (executed): update permission {0} for id {1} with rulefile {2} described by {3}&amp#27;[m&amp#27;[0m
&amp#27;[mnull Command processed (8 ms)
&amp#27;[34m2021-06-11T14:59:57,934 [main] INFO   MCRCommandLineInterface: update permission writedb for id derivate:mir_access:accessKey with rulefile ${app.home}/config/acl/grant-editors.xml described by ${acl-description.editors} --> update permission writedb for id derivate:mir_access:accessKey with rulefile /home/travis/build/MyCoRe-Org/mir/mir-cli/src/main/config/acl/grant-editors.xml described by administrators and editors&amp#27;[m&amp#27;[0m
&amp#27;[m&amp#27;[34m2021-06-11T14:59:57,934 [main] INFO   MCRCommand: Syntax matched (executed): update permission {0} for id {1} with rulefile {2} described by {3}&amp#27;[m&amp#27;[0m
&amp#27;[mnull Command processed (8 ms)
&amp#27;[34m2021-06-11T14:59:57,943 [main] INFO   MCRCommand: Syntax matched (executed): load classification from url {0}&amp#27;[m&amp#27;[0m
&amp#27;[m&amp#27;[34m2021-06-11T14:59:57,959 [main] INFO   MCRCategoryDAOImpl: Category mir_access saved.&amp#27;[m&amp#27;[0m
&amp#27;[mnull Command processed (18 ms)
&amp#27;[34m2021-06-11T14:59:58,298 [main] INFO   LogHelper: HHH000204: Processing PersistenceUnitInfo [name: mir-module]&amp#27;[m&amp#27;[0m
&amp#27;[m&amp#27;[34m2021-06-11T14:59:58,312 [main] INFO   HikariDataSource: HikariPool-66 - Starting...&amp#27;[m&amp#27;[0m
&amp#27;[m&amp#27;[31m2021-06-11T14:59:58,313 [main] WARN   DriverDataSource: Registered driver with driverClassName=org.hsqldb.jdbcDriver was not found, trying direct instantiation.&amp#27;[m&amp#27;[0m
&amp#27;[m&amp#27;[34m2021-06-11T14:59:58,313 [main] INFO   PoolBase: HikariPool-66 - Driver does not support get/set network timeout for connections. (feature not supported)&amp#27;[m&amp#27;[0m
&amp#27;[m&amp#27;[34m2021-06-11T14:59:58,314 [main] INFO   HikariDataSource: HikariPool-66 - Start completed.&amp#27;[m&amp#27;[0m
&amp#27;[m&amp#27;[34m2021-06-11T14:59:58,314 [main] INFO   Dialect: HHH000400: Using dialect: org.hibernate.dialect.HSQLDialect&amp#27;[m&amp#27;[0m
&amp#27;[m&amp#27;[31m2021-06-11T14:59:58,340 [main] WARN   JavaTypeDescriptorRegistry: HHH000481: Encountered Java type [class java.lang.Object] for which we could not locate a JavaTypeDescriptor and which does not appear to implement equals and/or hashCode.  This can lead to significant performance problems when performing equality/dirty checking involving this Java type.  Consider registering a custom JavaTypeDescriptor or at least implementing equals/hashCode.&amp#27;[m&amp#27;[0m
&amp#27;[m]]></system-out>
  </testcase>
  <testcase name="checkAccessKeyPermission" classname="org.mycore.mir.authorization.MIRStrategyTest" time="4.231">
    <system-out><![CDATA[MyCoRe components detected: mcr:mycore-base, mcr:mycore-solr, mcr:mycore-user2, mcr:mycore-xeditor, mcr:mycore-classbrowser, mcr:mycore-mods, mcr:mycore-csl, mcr:mycore-ifs, mcr:mycore-pi, mcr:mycore-sword, mcr:mycore-wfc
Applications modules detected: app:mir-module
&amp#27;[34m2021-06-11T14:59:58,367 [main] INFO   MCRConfigurationInputStream: Current configuration directory: /tmp/junit7870422393394764292/mcrhome/mir-module&amp#27;[m&amp#27;[0m
&amp#27;[m&amp#27;[34m2021-06-11T14:59:58,436 [main] INFO   LogHelper: HHH000204: Processing PersistenceUnitInfo [name: mir-module]&amp#27;[m&amp#27;[0m
&amp#27;[m&amp#27;[34m2021-06-11T14:59:58,472 [main] INFO   HikariDataSource: HikariPool-67 - Starting...&amp#27;[m&amp#27;[0m
&amp#27;[m&amp#27;[31m2021-06-11T14:59:58,472 [main] WARN   DriverDataSource: Registered driver with driverClassName=org.hsqldb.jdbcDriver was not found, trying direct instantiation.&amp#27;[m&amp#27;[0m
&amp#27;[m&amp#27;[34m2021-06-11T14:59:58,477 [main] INFO   PoolBase: HikariPool-67 - Driver does not support get/set network timeout for connections. (feature not supported)&amp#27;[m&amp#27;[0m
&amp#27;[m&amp#27;[34m2021-06-11T14:59:58,478 [main] INFO   HikariDataSource: HikariPool-67 - Start completed.&amp#27;[m&amp#27;[0m
&amp#27;[m&amp#27;[34m2021-06-11T14:59:58,479 [main] INFO   Dialect: HHH000400: Using dialect: org.hibernate.dialect.HSQLDialect&amp#27;[m&amp#27;[0m
&amp#27;[m&amp#27;[31m2021-06-11T14:59:58,558 [main] WARN   JavaTypeDescriptorRegistry: HHH000481: Encountered Java type [class java.lang.Object] for which we could not locate a JavaTypeDescriptor and which does not appear to implement equals and/or hashCode.  This can lead to significant performance problems when performing equality/dirty checking involving this Java type.  Consider registering a custom JavaTypeDescriptor or at least implementing equals/hashCode.&amp#27;[m&amp#27;[0m
&amp#27;[m&amp#27;[31m2021-06-11T14:59:58,844 [main] WARN   MetadataContext: HHH015011: Unable to locate static metamodel field : org.mycore.datamodel.classifications2.MCRCategoryID_#id; this may or may not indicate a problem with the static metamodel&amp#27;[m&amp#27;[0m
&amp#27;[m&amp#27;[34m2021-06-11T14:59:58,848 [main] INFO   JtaPlatformInitiator: HHH000490: Using JtaPlatform implementation: [org.hibernate.engine.transaction.jta.platform.internal.NoJtaPlatform]&amp#27;[m&amp#27;[0m
&amp#27;[m&amp#27;[34m2021-06-11T14:59:58,900 [main] INFO   LogHelper: HHH000204: Processing PersistenceUnitInfo [name: mir-module]&amp#27;[m&amp#27;[0m
&amp#27;[m&amp#27;[34m2021-06-11T14:59:58,917 [main] INFO   HikariDataSource: HikariPool-68 - Starting...&amp#27;[m&amp#27;[0m
&amp#27;[m&amp#27;[31m2021-06-11T14:59:58,917 [main] WARN   DriverDataSource: Registered driver with driverClassName=org.hsqldb.jdbcDriver was not found, trying direct instantiation.&amp#27;[m&amp#27;[0m
&amp#27;[m&amp#27;[34m2021-06-11T14:59:58,918 [main] INFO   PoolBase: HikariPool-68 - Driver does not support get/set network timeout for connections. (feature not supported)&amp#27;[m&amp#27;[0m
&amp#27;[m&amp#27;[34m2021-06-11T14:59:58,918 [main] INFO   HikariDataSource: HikariPool-68 - Start completed.&amp#27;[m&amp#27;[0m
&amp#27;[m&amp#27;[34m2021-06-11T14:59:58,919 [main] INFO   Dialect: HHH000400: Using dialect: org.hibernate.dialect.HSQLDialect&amp#27;[m&amp#27;[0m
&amp#27;[m&amp#27;[31m2021-06-11T14:59:58,937 [main] WARN   JavaTypeDescriptorRegistry: HHH000481: Encountered Java type [class java.lang.Object] for which we could not locate a JavaTypeDescriptor and which does not appear to implement equals and/or hashCode.  This can lead to significant performance problems when performing equality/dirty checking involving this Java type.  Consider registering a custom JavaTypeDescriptor or at least implementing equals/hashCode.&amp#27;[m&amp#27;[0m
&amp#27;[mFile location: /MIRStrategyTest/class/mir_access.xml
&amp#27;[34m2021-06-11T14:59:58,955 [main] INFO   MCRCommandLineInterface: load permissions data from file ${app.home}/config/acl/permissions.xml --> load permissions data from file /home/travis/build/MyCoRe-Org/mir/mir-cli/src/main/config/acl/permissions.xml&amp#27;[m&amp#27;[0m
&amp#27;[m&amp#27;[34m2021-06-11T14:59:58,955 [main] INFO   MCRCommand: Syntax matched (executed): load permissions data from file {0}&amp#27;[m&amp#27;[0m
&amp#27;[m&amp#27;[34m2021-06-11T14:59:58,955 [main] INFO   MCRAccessCommands: Reading file /home/travis/build/MyCoRe-Org/mir/mir-cli/src/main/config/acl/permissions.xml ...&amp#27;[m&amp#27;[0m
&amp#27;[mnull Command processed (47 ms)
&amp#27;[34m2021-06-11T14:59:59,002 [main] INFO   MCRCommandLineInterface: update permission read for id default with rulefile ${app.home}/config/acl/grant-all.xml described by ${acl-description.all} --> update permission read for id default with rulefile /home/travis/build/MyCoRe-Org/mir/mir-cli/src/main/config/acl/grant-all.xml described by always allowed&amp#27;[m&amp#27;[0m
&amp#27;[m&amp#27;[34m2021-06-11T14:59:59,003 [main] INFO   MCRCommand: Syntax matched (executed): update permission {0} for id {1} with rulefile {2} described by {3}&amp#27;[m&amp#27;[0m
&amp#27;[mnull Command processed (17 ms)
&amp#27;[34m2021-06-11T14:59:59,019 [main] INFO   MCRCommandLineInterface: update permission writedb for id default with rulefile ${app.home}/config/acl/grant-admin.xml described by ${acl-description.admins} --> update permission writedb for id default with rulefile /home/travis/build/MyCoRe-Org/mir/mir-cli/src/main/config/acl/grant-admin.xml described by administrators only&amp#27;[m&amp#27;[0m
&amp#27;[m&amp#27;[34m2021-06-11T14:59:59,019 [main] INFO   MCRCommand: Syntax matched (executed): update permission {0} for id {1} with rulefile {2} described by {3}&amp#27;[m&amp#27;[0m
&amp#27;[mnull Command processed (11 ms)
&amp#27;[34m2021-06-11T14:59:59,030 [main] INFO   MCRCommandLineInterface: update permission deletedb for id default with rulefile ${app.home}/config/acl/grant-admin.xml described by ${acl-description.admins} --> update permission deletedb for id default with rulefile /home/travis/build/MyCoRe-Org/mir/mir-cli/src/main/config/acl/grant-admin.xml described by administrators only&amp#27;[m&amp#27;[0m
&amp#27;[m&amp#27;[34m2021-06-11T14:59:59,031 [main] INFO   MCRCommand: Syntax matched (executed): update permission {0} for id {1} with rulefile {2} described by {3}&amp#27;[m&amp#27;[0m
&amp#27;[mnull Command processed (14 ms)
&amp#27;[34m2021-06-11T14:59:59,044 [main] INFO   MCRCommandLineInterface: update permission view for id default_mods with rulefile ${app.home}/config/acl/grant-all.xml described by ${acl-description.all} --> update permission view for id default_mods with rulefile /home/travis/build/MyCoRe-Org/mir/mir-cli/src/main/config/acl/grant-all.xml described by always allowed&amp#27;[m&amp#27;[0m
&amp#27;[m&amp#27;[34m2021-06-11T14:59:59,044 [main] INFO   MCRCommand: Syntax matched (executed): update permission {0} for id {1} with rulefile {2} described by {3}&amp#27;[m&amp#27;[0m
&amp#27;[mnull Command processed (21 ms)
&amp#27;[34m2021-06-11T14:59:59,065 [main] INFO   MCRCommandLineInterface: update permission preview for id default_mods with rulefile ${app.home}/config/acl/grant-all.xml described by ${acl-description.all} --> update permission preview for id default_mods with rulefile /home/travis/build/MyCoRe-Org/mir/mir-cli/src/main/config/acl/grant-all.xml described by always allowed&amp#27;[m&amp#27;[0m
&amp#27;[m&amp#27;[34m2021-06-11T14:59:59,065 [main] INFO   MCRCommand: Syntax matched (executed): update permission {0} for id {1} with rulefile {2} described by {3}&amp#27;[m&amp#27;[0m
&amp#27;[mnull Command processed (7 ms)
&amp#27;[34m2021-06-11T14:59:59,072 [main] INFO   MCRCommandLineInterface: update permission read for id default_mods with rulefile ${app.home}/config/acl/grant-all.xml described by ${acl-description.all} --> update permission read for id default_mods with rulefile /home/travis/build/MyCoRe-Org/mir/mir-cli/src/main/config/acl/grant-all.xml described by always allowed&amp#27;[m&amp#27;[0m
&amp#27;[m&amp#27;[34m2021-06-11T14:59:59,072 [main] INFO   MCRCommand: Syntax matched (executed): update permission {0} for id {1} with rulefile {2} described by {3}&amp#27;[m&amp#27;[0m
&amp#27;[mnull Command processed (17 ms)
&amp#27;[34m2021-06-11T14:59:59,089 [main] INFO   MCRCommandLineInterface: update permission writedb for id default_mods with rulefile ${app.home}/config/acl/grant-editors.xml described by ${acl-description.editors} --> update permission writedb for id default_mods with rulefile /home/travis/build/MyCoRe-Org/mir/mir-cli/src/main/config/acl/grant-editors.xml described by administrators and editors&amp#27;[m&amp#27;[0m
&amp#27;[m&amp#27;[34m2021-06-11T14:59:59,091 [main] INFO   MCRCommand: Syntax matched (executed): update permission {0} for id {1} with rulefile {2} described by {3}&amp#27;[m&amp#27;[0m
&amp#27;[mnull Command processed (19 ms)
&amp#27;[34m2021-06-11T14:59:59,110 [main] INFO   MCRCommandLineInterface: update permission deletedb for id default_mods with rulefile ${app.home}/config/acl/grant-admin.xml described by ${acl-description.admins} --> update permission deletedb for id default_mods with rulefile /home/travis/build/MyCoRe-Org/mir/mir-cli/src/main/config/acl/grant-admin.xml described by administrators only&amp#27;[m&amp#27;[0m
&amp#27;[m&amp#27;[34m2021-06-11T14:59:59,110 [main] INFO   MCRCommand: Syntax matched (executed): update permission {0} for id {1} with rulefile {2} described by {3}&amp#27;[m&amp#27;[0m
&amp#27;[mnull Command processed (14 ms)
&amp#27;[34m2021-06-11T14:59:59,124 [main] INFO   MCRCommandLineInterface: update permission addurn for id default_derivate with rulefile ${app.home}/config/acl/grant-editors.xml described by ${acl-description.editors} --> update permission addurn for id default_derivate with rulefile /home/travis/build/MyCoRe-Org/mir/mir-cli/src/main/config/acl/grant-editors.xml described by administrators and editors&amp#27;[m&amp#27;[0m
&amp#27;[m&amp#27;[34m2021-06-11T14:59:59,124 [main] INFO   MCRCommand: Syntax matched (executed): update permission {0} for id {1} with rulefile {2} described by {3}&amp#27;[m&amp#27;[0m
&amp#27;[mnull Command processed (10 ms)
&amp#27;[34m2021-06-11T14:59:59,134 [main] INFO   MCRCommandLineInterface: update permission read for id derivate:mir_access:intern with rulefile ${app.home}/config/acl/require-login.xml described by ${acl-description.require-login} --> update permission read for id derivate:mir_access:intern with rulefile /home/travis/build/MyCoRe-Org/mir/mir-cli/src/main/config/acl/require-login.xml described by require login&amp#27;[m&amp#27;[0m
&amp#27;[m&amp#27;[34m2021-06-11T14:59:59,136 [main] INFO   MCRCommand: Syntax matched (executed): update permission {0} for id {1} with rulefile {2} described by {3}&amp#27;[m&amp#27;[0m
&amp#27;[mnull Command processed (15 ms)
&amp#27;[34m2021-06-11T14:59:59,149 [main] INFO   MCRCommandLineInterface: update permission read for id derivate:mir_access:unlimited with rulefile ${app.home}/config/acl/grant-all.xml described by ${acl-description.require-login} --> update permission read for id derivate:mir_access:unlimited with rulefile /home/travis/build/MyCoRe-Org/mir/mir-cli/src/main/config/acl/grant-all.xml described by require login&amp#27;[m&amp#27;[0m
&amp#27;[m&amp#27;[34m2021-06-11T14:59:59,150 [main] INFO   MCRCommand: Syntax matched (executed): update permission {0} for id {1} with rulefile {2} described by {3}&amp#27;[m&amp#27;[0m
&amp#27;[mnull Command processed (19 ms)
&amp#27;[34m2021-06-11T14:59:59,169 [main] INFO   MCRCommandLineInterface: update permission writedb for id mir_genres with rulefile ${app.home}/config/acl/grant-admin.xml described by ${acl-description.admins} --> update permission writedb for id mir_genres with rulefile /home/travis/build/MyCoRe-Org/mir/mir-cli/src/main/config/acl/grant-admin.xml described by administrators only&amp#27;[m&amp#27;[0m
&amp#27;[m&amp#27;[34m2021-06-11T14:59:59,169 [main] INFO   MCRCommand: Syntax matched (executed): update permission {0} for id {1} with rulefile {2} described by {3}&amp#27;[m&amp#27;[0m
&amp#27;[mnull Command processed (7 ms)
&amp#27;[34m2021-06-11T14:59:59,176 [main] INFO   MCRCommandLineInterface: update permission writedb for id mir_institutes with rulefile ${app.home}/config/acl/grant-admin.xml described by ${acl-description.admins} --> update permission writedb for id mir_institutes with rulefile /home/travis/build/MyCoRe-Org/mir/mir-cli/src/main/config/acl/grant-admin.xml described by administrators only&amp#27;[m&amp#27;[0m
&amp#27;[m&amp#27;[34m2021-06-11T14:59:59,177 [main] INFO   MCRCommand: Syntax matched (executed): update permission {0} for id {1} with rulefile {2} described by {3}&amp#27;[m&amp#27;[0m
&amp#27;[mnull Command processed (6 ms)
&amp#27;[34m2021-06-11T14:59:59,183 [main] INFO   MCRCommandLineInterface: update permission writedb for id mir_licenses with rulefile ${app.home}/config/acl/grant-admin.xml described by ${acl-description.admins} --> update permission writedb for id mir_licenses with rulefile /home/travis/build/MyCoRe-Org/mir/mir-cli/src/main/config/acl/grant-admin.xml described by administrators only&amp#27;[m&amp#27;[0m
&amp#27;[m&amp#27;[34m2021-06-11T14:59:59,183 [main] INFO   MCRCommand: Syntax matched (executed): update permission {0} for id {1} with rulefile {2} described by {3}&amp#27;[m&amp#27;[0m
&amp#27;[mnull Command processed (7 ms)
&amp#27;[34m2021-06-11T14:59:59,190 [main] INFO   MCRCommandLineInterface: update permission writedb for id rfc5646 with rulefile ${app.home}/config/acl/grant-admin.xml described by ${acl-description.admins} --> update permission writedb for id rfc5646 with rulefile /home/travis/build/MyCoRe-Org/mir/mir-cli/src/main/config/acl/grant-admin.xml described by administrators only&amp#27;[m&amp#27;[0m
&amp#27;[m&amp#27;[34m2021-06-11T14:59:59,190 [main] INFO   MCRCommand: Syntax matched (executed): update permission {0} for id {1} with rulefile {2} described by {3}&amp#27;[m&amp#27;[0m
&amp#27;[mnull Command processed (7 ms)
&amp#27;[34m2021-06-11T14:59:59,197 [main] INFO   MCRCommandLineInterface: update permission writedb for id marcrelator with rulefile ${app.home}/config/acl/grant-admin.xml described by ${acl-description.admins} --> update permission writedb for id marcrelator with rulefile /home/travis/build/MyCoRe-Org/mir/mir-cli/src/main/config/acl/grant-admin.xml described by administrators only&amp#27;[m&amp#27;[0m
&amp#27;[m&amp#27;[34m2021-06-11T14:59:59,197 [main] INFO   MCRCommand: Syntax matched (executed): update permission {0} for id {1} with rulefile {2} described by {3}&amp#27;[m&amp#27;[0m
&amp#27;[mnull Command processed (6 ms)
&amp#27;[34m2021-06-11T14:59:59,204 [main] INFO   MCRCommandLineInterface: update permission writedb for id noteTypes with rulefile ${app.home}/config/acl/grant-admin.xml described by ${acl-description.admins} --> update permission writedb for id noteTypes with rulefile /home/travis/build/MyCoRe-Org/mir/mir-cli/src/main/config/acl/grant-admin.xml described by administrators only&amp#27;[m&amp#27;[0m
&amp#27;[m&amp#27;[34m2021-06-11T14:59:59,204 [main] INFO   MCRCommand: Syntax matched (executed): update permission {0} for id {1} with rulefile {2} described by {3}&amp#27;[m&amp#27;[0m
&amp#27;[mnull Command processed (12 ms)
&amp#27;[34m2021-06-11T14:59:59,216 [main] INFO   MCRCommandLineInterface: update permission writedb for id SDNB with rulefile ${app.home}/config/acl/grant-admin.xml described by ${acl-description.admins} --> update permission writedb for id SDNB with rulefile /home/travis/build/MyCoRe-Org/mir/mir-cli/src/main/config/acl/grant-admin.xml described by administrators only&amp#27;[m&amp#27;[0m
&amp#27;[m&amp#27;[34m2021-06-11T14:59:59,216 [main] INFO   MCRCommand: Syntax matched (executed): update permission {0} for id {1} with rulefile {2} described by {3}&amp#27;[m&amp#27;[0m
&amp#27;[mnull Command processed (12 ms)
&amp#27;[34m2021-06-11T14:59:59,228 [main] INFO   MCRCommandLineInterface: update permission read for id mods:mir_access:accessKey with rulefile ${app.home}/config/acl/grant-editors.xml described by ${acl-description.editors} --> update permission read for id mods:mir_access:accessKey with rulefile /home/travis/build/MyCoRe-Org/mir/mir-cli/src/main/config/acl/grant-editors.xml described by administrators and editors&amp#27;[m&amp#27;[0m
&amp#27;[m&amp#27;[34m2021-06-11T14:59:59,229 [main] INFO   MCRCommand: Syntax matched (executed): update permission {0} for id {1} with rulefile {2} described by {3}&amp#27;[m&amp#27;[0m
&amp#27;[mnull Command processed (13 ms)
&amp#27;[34m2021-06-11T14:59:59,242 [main] INFO   MCRCommandLineInterface: update permission writedb for id mods:mir_access:accessKey with rulefile ${app.home}/config/acl/grant-editors.xml described by ${acl-description.editors} --> update permission writedb for id mods:mir_access:accessKey with rulefile /home/travis/build/MyCoRe-Org/mir/mir-cli/src/main/config/acl/grant-editors.xml described by administrators and editors&amp#27;[m&amp#27;[0m
&amp#27;[m&amp#27;[34m2021-06-11T14:59:59,243 [main] INFO   MCRCommand: Syntax matched (executed): update permission {0} for id {1} with rulefile {2} described by {3}&amp#27;[m&amp#27;[0m
&amp#27;[mnull Command processed (8 ms)
&amp#27;[34m2021-06-11T14:59:59,251 [main] INFO   MCRCommandLineInterface: update permission read for id derivate:mir_access:accessKey with rulefile ${app.home}/config/acl/grant-editors.xml described by ${acl-description.editors} --> update permission read for id derivate:mir_access:accessKey with rulefile /home/travis/build/MyCoRe-Org/mir/mir-cli/src/main/config/acl/grant-editors.xml described by administrators and editors&amp#27;[m&amp#27;[0m
&amp#27;[m&amp#27;[34m2021-06-11T14:59:59,251 [main] INFO   MCRCommand: Syntax matched (executed): update permission {0} for id {1} with rulefile {2} described by {3}&amp#27;[m&amp#27;[0m
&amp#27;[mnull Command processed (9 ms)
&amp#27;[34m2021-06-11T14:59:59,260 [main] INFO   MCRCommandLineInterface: update permission writedb for id derivate:mir_access:accessKey with rulefile ${app.home}/config/acl/grant-editors.xml described by ${acl-description.editors} --> update permission writedb for id derivate:mir_access:accessKey with rulefile /home/travis/build/MyCoRe-Org/mir/mir-cli/src/main/config/acl/grant-editors.xml described by administrators and editors&amp#27;[m&amp#27;[0m
&amp#27;[m&amp#27;[34m2021-06-11T14:59:59,260 [main] INFO   MCRCommand: Syntax matched (executed): update permission {0} for id {1} with rulefile {2} described by {3}&amp#27;[m&amp#27;[0m
&amp#27;[mnull Command processed (9 ms)
&amp#27;[34m2021-06-11T14:59:59,269 [main] INFO   MCRCommand: Syntax matched (executed): load classification from url {0}&amp#27;[m&amp#27;[0m
&amp#27;[m&amp#27;[34m2021-06-11T14:59:59,295 [main] INFO   MCRCategoryDAOImpl: Category mir_access saved.&amp#27;[m&amp#27;[0m
&amp#27;[mnull Command processed (27 ms)
&amp#27;[34m2021-06-11T14:59:59,314 [main] INFO   MCRCommand: Syntax matched (executed): load classification from file {0}&amp#27;[m&amp#27;[0m
&amp#27;[mnull Command processed (1 ms)
&amp#27;[34m2021-06-11T14:59:59,317 [main] INFO   MCRCommand: Syntax matched (executed): load classification from url {0}&amp#27;[m&amp#27;[0m
&amp#27;[m&amp#27;[34m2021-06-11T14:59:59,377 [main] INFO   MCRCategoryDAOImpl: Category state saved.&amp#27;[m&amp#27;[0m
&amp#27;[mnull Command processed (61 ms)
&amp#27;[34m2021-06-11T14:59:59,378 [main] INFO   MCRCommand: Syntax matched (executed): load classification from file {0}&amp#27;[m&amp#27;[0m
&amp#27;[mnull Command processed (0 ms)
&amp#27;[34m2021-06-11T14:59:59,386 [main] INFO   MCRCommand: Syntax matched (executed): load classification from url {0}&amp#27;[m&amp#27;[0m
&amp#27;[m&amp#27;[34m2021-06-11T14:59:59,434 [main] INFO   MCRCategoryDAOImpl: Category mcr-roles saved.&amp#27;[m&amp#27;[0m
&amp#27;[mnull Command processed (48 ms)
&amp#27;[34m2021-06-11T14:59:59,434 [main] INFO   MCRCommand: Syntax matched (executed): load all objects from directory {0}&amp#27;[m&amp#27;[0m
&amp#27;[mnull Command processed (3 ms)
&amp#27;[34m2021-06-11T14:59:59,440 [main] INFO   MCRCommand: Syntax matched (executed): load object from file {0}&amp#27;[m&amp#27;[0m
&amp#27;[m&amp#27;[34m2021-06-11T14:59:59,441 [main] INFO   MCRObjectCommands: Reading file /home/travis/build/MyCoRe-Org/mir/mir-module/target/test-classes/MIRStrategyTest/objects/mir_mods_00004711.xml ...&amp#27;[m&amp#27;[0m
&amp#27;[m&amp#27;[34m2021-06-11T14:59:59,548 [main] INFO   MCRXMLMetadataManager: SVN Base: file:////tmp/junit7870422393394764292/mcrhome/mir-module/data/versions-metadata/&amp#27;[m&amp#27;[0m
&amp#27;[m&amp#27;[34m2021-06-11T14:59:59,579 [main] INFO   MCRXMLMetadataManager: Resolved mir/mods/ to file:/tmp/junit7870422393394764292/mcrhome/mir-module/data/versions-metadata/mir/mods/ for MCR.IFS2.Store.mir_mods.SVNRepositoryURL&amp#27;[m&amp#27;[0m
&amp#27;[m&amp#27;[34m2021-06-11T14:59:59,709 [main] INFO   MCRMODSMetadataShareAgent: Checking relatedItem hierarchy of mir_mods_00004711.&amp#27;[m&amp#27;[0m
&amp#27;[m&amp#27;[34m2021-06-11T14:59:59,795 [main] INFO   MCRClassificationMappingEventHandler: check mappings mir_mods_00004711&amp#27;[m&amp#27;[0m
&amp#27;[m&amp#27;[34m2021-06-11T14:59:59,902 [main] INFO   MCRVersioningMetadataStore: Versioning metadata store mir_mods repository URL: file:/tmp/junit7870422393394764292/mcrhome/mir-module/data/versions-metadata/mir/mods/&amp#27;[m&amp#27;[0m
&amp#27;[m&amp#27;[34m2021-06-11T14:59:59,910 [main] INFO   MCRVersioningMetadataStore: repURL: file:///tmp/junit7870422393394764292/mcrhome/mir-module/data/versions-metadata/mir/mods&amp#27;[m&amp#27;[0m
&amp#27;[m&amp#27;[34m2021-06-11T14:59:59,910 [main] INFO   MCRVersioningMetadataStore: Repository does not exist, creating new SVN repository at file:/tmp/junit7870422393394764292/mcrhome/mir-module/data/versions-metadata/mir/mods/&amp#27;[m&amp#27;[0m
&amp#27;[m&amp#27;[34m2021-06-11T15:00:00,572 [main] INFO   MCRStoreManager: Adding instance of MCRVersioningMetadataStore as MCRStore 'mir_mods'.&amp#27;[m&amp#27;[0m
&amp#27;[m&amp#27;[34m2021-06-11T15:00:00,818 [main] INFO   MCRVersionedMetadata: SVN commit of create finished, new revision 1&amp#27;[m&amp#27;[0m
&amp#27;[m&amp#27;[34m2021-06-11T15:00:00,841 [main] INFO   MCRMailEventHandler: Preparing mail for: mir_mods_00004711&amp#27;[m&amp#27;[0m
&amp#27;[m&amp#27;[34m2021-06-11T15:00:00,893 [main] INFO   MCRMailer: Generating e-mail from mycoreobject using e-mail-events.xsl&amp#27;[m&amp#27;[0m
&amp#27;[m&amp#27;[34m2021-06-11T15:00:01,400 [main] INFO   MCRErrorListener: SystemID: file:/home/travis/build/MyCoRe-Org/mir/mir-module/target/classes/xsl/e-mail-events.xsl [19,18]: 
      type:
      MCRObject
      action:
      create&amp#27;[m&amp#27;[0m
&amp#27;[m&amp#27;[34m2021-06-11T15:00:01,417 [main] INFO   MCRErrorListener: SystemID: file:/home/travis/build/MyCoRe-Org/mir/mir-module/target/classes/xsl/e-mail-events.xsl [76,26]: Do not send mail for unknown reason.&amp#27;[m&amp#27;[0m
&amp#27;[m&amp#27;[31m2021-06-11T15:00:01,423 [main] WARN   MCRMailer: Will not send e-mail, no 'to' address specified&amp#27;[m&amp#27;[0m
&amp#27;[m&amp#27;[34m2021-06-11T15:00:01,423 [main] INFO   MCRObjectCommands: mir_mods_00004711 loaded.&amp#27;[m&amp#27;[0m
&amp#27;[mnull Command processed (1983 ms)
&amp#27;[34m2021-06-11T15:00:01,423 [main] INFO   MCRCommand: Syntax matched (executed): load all derivates from directory {0}&amp#27;[m&amp#27;[0m
&amp#27;[mnull Command processed (2 ms)
&amp#27;[34m2021-06-11T15:00:01,430 [main] INFO   MCRCommand: Syntax matched (executed): load derivate from file {0}&amp#27;[m&amp#27;[0m
&amp#27;[m&amp#27;[34m2021-06-11T15:00:01,431 [main] INFO   MCRDerivateCommands: Reading file /home/travis/build/MyCoRe-Org/mir/mir-module/target/test-classes/MIRStrategyTest/derivates/mir_derivate_00004711.xml ...&amp#27;[m&amp#27;[0m
&amp#27;[m&amp#27;[34m2021-06-11T15:00:01,464 [main] INFO   MCRDerivateCommands: Source path --> /home/travis/build/MyCoRe-Org/mir/mir-module/target/test-classes/MIRStrategyTest/derivates/mir_derivate_00004711&amp#27;[m&amp#27;[0m
&amp#27;[m&amp#27;[34m2021-06-11T15:00:01,471 [main] INFO   MCRXMLMetadataManager: Resolved mir/derivate/ to file:/tmp/junit7870422393394764292/mcrhome/mir-module/data/versions-metadata/mir/derivate/ for MCR.IFS2.Store.mir_derivate.SVNRepositoryURL&amp#27;[m&amp#27;[0m
&amp#27;[m&amp#27;[34m2021-06-11T15:00:01,524 [main] INFO   MCRVersioningMetadataStore: Versioning metadata store mir_derivate repository URL: file:/tmp/junit7870422393394764292/mcrhome/mir-module/data/versions-metadata/mir/derivate/&amp#27;[m&amp#27;[0m
&amp#27;[m&amp#27;[34m2021-06-11T15:00:01,524 [main] INFO   MCRVersioningMetadataStore: repURL: file:///tmp/junit7870422393394764292/mcrhome/mir-module/data/versions-metadata/mir/derivate&amp#27;[m&amp#27;[0m
&amp#27;[m&amp#27;[34m2021-06-11T15:00:01,524 [main] INFO   MCRVersioningMetadataStore: Repository does not exist, creating new SVN repository at file:/tmp/junit7870422393394764292/mcrhome/mir-module/data/versions-metadata/mir/derivate/&amp#27;[m&amp#27;[0m
&amp#27;[m&amp#27;[34m2021-06-11T15:00:01,575 [main] INFO   MCRStoreManager: Adding instance of MCRVersioningMetadataStore as MCRStore 'mir_derivate'.&amp#27;[m&amp#27;[0m
&amp#27;[m&amp#27;[34m2021-06-11T15:00:01,666 [main] INFO   MCRVersionedMetadata: SVN commit of create finished, new revision 1&amp#27;[m&amp#27;[0m
&amp#27;[m&amp#27;[34m2021-06-11T15:00:01,668 [main] INFO   MCRMailEventHandler: Preparing mail for: mir_derivate_00004711&amp#27;[m&amp#27;[0m
&amp#27;[m&amp#27;[34m2021-06-11T15:00:01,668 [main] INFO   MCRMailer: Generating e-mail from mycorederivate using e-mail-events.xsl&amp#27;[m&amp#27;[0m
&amp#27;[m&amp#27;[34m2021-06-11T15:00:01,684 [main] INFO   MCRErrorListener: SystemID: file:/home/travis/build/MyCoRe-Org/mir/mir-module/target/classes/xsl/e-mail-events.xsl [19,18]: 
      type:
      MCRDerivate
      action:
      create&amp#27;[m&amp#27;[0m
&amp#27;[m&amp#27;[31m2021-06-11T15:00:01,686 [main] WARN   MCRMailer: Will not send e-mail, no 'to' address specified&amp#27;[m&amp#27;[0m
&amp#27;[m&amp#27;[34m2021-06-11T15:00:01,732 [main] INFO   MCRFileSystemUtils: Configured MCR.IFS2.Store.IFS2_mir_derivate.Class=org.mycore.datamodel.ifs2.MCRFileStore&amp#27;[m&amp#27;[0m
&amp#27;[m&amp#27;[34m2021-06-11T15:00:01,737 [main] INFO   MCRFileSystemUtils: Configured MCR.IFS2.Store.IFS2_mir_derivate.BaseDir=/tmp/junit7870422393394764292/mcrhome/mir-module/data/content/mir/derivate&amp#27;[m&amp#27;[0m
&amp#27;[m&amp#27;[34m2021-06-11T15:00:01,742 [main] INFO   MCRFileSystemUtils: Configured MCR.IFS2.Store.IFS2_mir_derivate.Prefix=mir_derivate_&amp#27;[m&amp#27;[0m
&amp#27;[m&amp#27;[34m2021-06-11T15:00:01,747 [main] INFO   MCRFileSystemUtils: Configured MCR.IFS2.Store.IFS2_mir_derivate.SlotLayout=4-2-2&amp#27;[m&amp#27;[0m
&amp#27;[m&amp#27;[34m2021-06-11T15:00:01,749 [main] INFO   MCRStoreManager: Adding instance of MCRFileStore as MCRStore 'IFS2_mir_derivate'.&amp#27;[m&amp#27;[0m
&amp#27;[m&amp#27;[34m2021-06-11T15:00:01,755 [main] INFO   MCRIFSFileSystem: Created root directory: mir_derivate_00004711:/&amp#27;[m&amp#27;[0m
&amp#27;[m&amp#27;[34m2021-06-11T15:00:01,797 [main] INFO   MCRClassificationMappingEventHandler: check mappings mir_mods_00004711&amp#27;[m&amp#27;[0m
&amp#27;[m&amp#27;[34m2021-06-11T15:00:01,877 [main] INFO   MCRVersionedMetadata: SVN commit of update finished, new revision 2&amp#27;[m&amp#27;[0m
&amp#27;[m&amp#27;[34m2021-06-11T15:00:01,894 [main] INFO   MCRMailEventHandler: Preparing mail for: mir_mods_00004711&amp#27;[m&amp#27;[0m
&amp#27;[m&amp#27;[34m2021-06-11T15:00:01,894 [main] INFO   MCRMailer: Generating e-mail from mycoreobject using e-mail-events.xsl&amp#27;[m&amp#27;[0m
&amp#27;[m&amp#27;[34m2021-06-11T15:00:01,909 [main] INFO   MCRErrorListener: SystemID: file:/home/travis/build/MyCoRe-Org/mir/mir-module/target/classes/xsl/e-mail-events.xsl [19,18]: 
      type:
      MCRObject
      action:
      update&amp#27;[m&amp#27;[0m
&amp#27;[m&amp#27;[34m2021-06-11T15:00:01,911 [main] INFO   MCRErrorListener: SystemID: file:/home/travis/build/MyCoRe-Org/mir/mir-module/target/classes/xsl/e-mail-events.xsl [66,26]: Do not send mail as action is not create.&amp#27;[m&amp#27;[0m
&amp#27;[m&amp#27;[31m2021-06-11T15:00:01,913 [main] WARN   MCRMailer: Will not send e-mail, no 'to' address specified&amp#27;[m&amp#27;[0m
&amp#27;[m&amp#27;[34m2021-06-11T15:00:01,913 [main] INFO   MCRDerivateCommands: mir_derivate_00004711 loaded.&amp#27;[m&amp#27;[0m
&amp#27;[m&amp#27;[34m2021-06-11T15:00:01,913 [main] INFO   MCRDerivateCommands: &amp#27;[m&amp#27;[0m
&amp#27;[mnull Command processed (484 ms)
&amp#27;[34m2021-06-11T15:00:02,038 [main] INFO   MCRUserManager: user saved: junit&amp#27;[m&amp#27;[0m
&amp#27;[m&amp#27;[34m2021-06-11T15:00:02,038 [main] INFO   MCRRoleManager: Assigning junit to these roles: []&amp#27;[m&amp#27;[0m
&amp#27;[m&amp#27;[34m2021-06-11T15:00:02,168 [main] INFO   MCRRoleManager: Assigning junit to these roles: []&amp#27;[m&amp#27;[0m
&amp#27;[m&amp#27;[34m2021-06-11T15:00:02,457 [main] INFO   LogHelper: HHH000204: Processing PersistenceUnitInfo [name: mir-module]&amp#27;[m&amp#27;[0m
&amp#27;[m&amp#27;[34m2021-06-11T15:00:02,469 [main] INFO   HikariDataSource: HikariPool-69 - Starting...&amp#27;[m&amp#27;[0m
&amp#27;[m&amp#27;[31m2021-06-11T15:00:02,470 [main] WARN   DriverDataSource: Registered driver with driverClassName=org.hsqldb.jdbcDriver was not found, trying direct instantiation.&amp#27;[m&amp#27;[0m
&amp#27;[m&amp#27;[34m2021-06-11T15:00:02,470 [main] INFO   PoolBase: HikariPool-69 - Driver does not support get/set network timeout for connections. (feature not supported)&amp#27;[m&amp#27;[0m
&amp#27;[m&amp#27;[34m2021-06-11T15:00:02,471 [main] INFO   HikariDataSource: HikariPool-69 - Start completed.&amp#27;[m&amp#27;[0m
&amp#27;[m&amp#27;[34m2021-06-11T15:00:02,471 [main] INFO   Dialect: HHH000400: Using dialect: org.hibernate.dialect.HSQLDialect&amp#27;[m&amp#27;[0m
&amp#27;[m&amp#27;[31m2021-06-11T15:00:02,494 [main] WARN   JavaTypeDescriptorRegistry: HHH000481: Encountered Java type [class java.lang.Object] for which we could not locate a JavaTypeDescriptor and which does not appear to implement equals and/or hashCode.  This can lead to significant performance problems when performing equality/dirty checking involving this Java type.  Consider registering a custom JavaTypeDescriptor or at least implementing equals/hashCode.&amp#27;[m&amp#27;[0m
&amp#27;[m]]></system-out>
    <system-err><![CDATA[Jun 11, 2021 3:00:00 PM javax.mail.Session loadResource
WARNING: expected resource not found: /META-INF/javamail.default.address.map
Foo
]]></system-err>
  </testcase>
</testsuite>