<?xml version="1.0" encoding="UTF-8"?>
<testsuite xmlns:xsi="http://www.w3.org/2001/XMLSchema-instance" xsi:noNamespaceSchemaLocation="https://maven.apache.org/surefire/maven-surefire-plugin/xsd/surefire-test-report-3.0.xsd" version="3.0" name="org.mycore.mir.authorization.MIRStrategyTest" time="7.27" tests="3" errors="0" skipped="0" failures="0">
  <properties>
    <property name="awt.toolkit" value="sun.awt.X11.XToolkit"/>
    <property name="git.tags" value=""/>
    <property name="java.specification.version" value="11"/>
    <property name="sun.cpu.isalist" value=""/>
    <property name="sun.jnu.encoding" value="UTF-8"/>
    <property name="git.build.version" value="2021.05-SNAPSHOT"/>
    <property name="java.class.path" value="/home/travis/build/MyCoRe-Org/mir/mir-module/target/test-classes:/home/travis/build/MyCoRe-Org/mir/mir-module/target/classes:/home/travis/.m2/repository/com/google/code/gson/gson/2.8.7/gson-2.8.7.jar:/home/travis/.m2/repository/com/google/guava/guava/30.1.1-jre/guava-30.1.1-jre.jar:/home/travis/.m2/repository/com/google/guava/failureaccess/1.0.1/failureaccess-1.0.1.jar:/home/travis/.m2/repository/com/google/guava/listenablefuture/9999.0-empty-to-avoid-conflict-with-guava/listenablefuture-9999.0-empty-to-avoid-conflict-with-guava.jar:/home/travis/.m2/repository/com/google/code/findbugs/jsr305/3.0.2/jsr305-3.0.2.jar:/home/travis/.m2/repository/org/checkerframework/checker-qual/3.8.0/checker-qual-3.8.0.jar:/home/travis/.m2/repository/com/google/errorprone/error_prone_annotations/2.5.1/error_prone_annotations-2.5.1.jar:/home/travis/.m2/repository/com/google/j2objc/j2objc-annotations/1.3/j2objc-annotations-1.3.jar:/home/travis/.m2/repository/com/zaxxer/HikariCP/3.4.1/HikariCP-3.4.1.jar:/home/travis/.m2/repository/org/slf4j/slf4j-api/1.7.25/slf4j-api-1.7.25.jar:/home/travis/.m2/repository/commons-io/commons-io/2.8.0/commons-io-2.8.0.jar:/home/travis/.m2/repository/jakarta/persistence/jakarta.persistence-api/2.2.3/jakarta.persistence-api-2.2.3.jar:/home/travis/.m2/repository/jakarta/servlet/jakarta.servlet-api/4.0.4/jakarta.servlet-api-4.0.4.jar:/home/travis/.m2/repository/jakarta/ws/rs/jakarta.ws.rs-api/2.1.6/jakarta.ws.rs-api-2.1.6.jar:/home/travis/.m2/repository/jakarta/xml/bind/jakarta.xml.bind-api/2.3.3/jakarta.xml.bind-api-2.3.3.jar:/home/travis/.m2/repository/jakarta/activation/jakarta.activation-api/1.2.2/jakarta.activation-api-1.2.2.jar:/home/travis/.m2/repository/junit/junit/4.13.2/junit-4.13.2.jar:/home/travis/.m2/repository/org/hamcrest/hamcrest-core/2.2/hamcrest-core-2.2.jar:/home/travis/.m2/repository/org/hamcrest/hamcrest/2.2/hamcrest-2.2.jar:/home/travis/.m2/repository/net/sf/saxon/Saxon-HE/10.5/Saxon-HE-10.5.jar:/home/travis/.m2/repository/org/apache/abdera/abdera-core/1.1.3/abdera-core-1.1.3.jar:/home/travis/.m2/repository/org/apache/geronimo/specs/geronimo-stax-api_1.0_spec/1.0.1/geronimo-stax-api_1.0_spec-1.0.1.jar:/home/travis/.m2/repository/commons-codec/commons-codec/1.4/commons-codec-1.4.jar:/home/travis/.m2/repository/commons-logging/commons-logging/1.0.4/commons-logging-1.0.4.jar:/home/travis/.m2/repository/org/apache/abdera/abdera-i18n/1.1.3/abdera-i18n-1.1.3.jar:/home/travis/.m2/repository/org/apache/commons/commons-compress/1.20/commons-compress-1.20.jar:/home/travis/.m2/repository/org/apache/httpcomponents/httpclient/4.5.13/httpclient-4.5.13.jar:/home/travis/.m2/repository/org/apache/httpcomponents/httpcore/4.4.14/httpcore-4.4.14.jar:/home/travis/.m2/repository/org/apache/logging/log4j/log4j-api/2.14.1/log4j-api-2.14.1.jar:/home/travis/.m2/repository/org/apache/solr/solr-solrj/8.8.2/solr-solrj-8.8.2.jar:/home/travis/.m2/repository/commons-lang/commons-lang/2.6/commons-lang-2.6.jar:/home/travis/.m2/repository/org/apache/commons/commons-math3/3.6.1/commons-math3-3.6.1.jar:/home/travis/.m2/repository/org/apache/zookeeper/zookeeper/3.6.2/zookeeper-3.6.2.jar:/home/travis/.m2/repository/org/apache/zookeeper/zookeeper-jute/3.6.2/zookeeper-jute-3.6.2.jar:/home/travis/.m2/repository/org/xerial/snappy/snappy-java/1.1.7.6/snappy-java-1.1.7.6.jar:/home/travis/.m2/repository/org/hibernate/hibernate-hikaricp/5.4.4.Final/hibernate-hikaricp-5.4.4.Final.jar:/home/travis/.m2/repository/org/jboss/logging/jboss-logging/3.3.2.Final/jboss-logging-3.3.2.Final.jar:/home/travis/.m2/repository/org/hibernate/hibernate-core/5.4.28.Final/hibernate-core-5.4.28.Final.jar:/home/travis/.m2/repository/net/bytebuddy/byte-buddy/1.10.17/byte-buddy-1.10.17.jar:/home/travis/.m2/repository/antlr/antlr/2.7.7/antlr-2.7.7.jar:/home/travis/.m2/repository/org/jboss/spec/javax/transaction/jboss-transaction-api_1.2_spec/1.1.1.Final/jboss-transaction-api_1.2_spec-1.1.1.Final.jar:/home/travis/.m2/repository/org/jboss/jandex/2.2.3.Final/jandex-2.2.3.Final.jar:/home/travis/.m2/repository/com/fasterxml/classmate/1.5.1/classmate-1.5.1.jar:/home/travis/.m2/repository/org/dom4j/dom4j/2.1.3/dom4j-2.1.3.jar:/home/travis/.m2/repository/org/hibernate/common/hibernate-commons-annotations/5.1.2.Final/hibernate-commons-annotations-5.1.2.Final.jar:/home/travis/.m2/repository/org/hsqldb/hsqldb/2.6.0/hsqldb-2.6.0.jar:/home/travis/.m2/repository/org/jdom/jdom2/2.0.6/jdom2-2.0.6.jar:/home/travis/.m2/repository/org/jsoup/jsoup/1.12.1/jsoup-1.12.1.jar:/home/travis/.m2/repository/org/mycore/mycore-base/2021.05-SNAPSHOT/mycore-base-2021.05-SNAPSHOT.jar:/home/travis/.m2/repository/com/auth0/java-jwt/3.16.0/java-jwt-3.16.0.jar:/home/travis/.m2/repository/com/fasterxml/jackson/core/jackson-annotations/2.12.3/jackson-annotations-2.12.3.jar:/home/travis/.m2/repository/com/fasterxml/jackson/core/jackson-core/2.12.3/jackson-core-2.12.3.jar:/home/travis/.m2/repository/com/fasterxml/jackson/core/jackson-databind/2.12.3/jackson-databind-2.12.3.jar:/home/travis/.m2/repository/com/fasterxml/jackson/module/jackson-module-jaxb-annotations/2.12.3/jackson-module-jaxb-annotations-2.12.3.jar:/home/travis/.m2/repository/com/google/zxing/core/3.4.1/core-3.4.1.jar:/home/travis/.m2/repository/com/ibm/icu/icu4j/69.1/icu4j-69.1.jar:/home/travis/.m2/repository/com/jcraft/jsch/0.1.55/jsch-0.1.55.jar:/home/travis/.m2/repository/com/sun/activation/jakarta.activation/1.2.2/jakarta.activation-1.2.2.jar:/home/travis/.m2/repository/com/sun/mail/mailapi/1.6.5/mailapi-1.6.5.jar:/home/travis/.m2/repository/com/sun/mail/smtp/1.6.5/smtp-1.6.5.jar:/home/travis/.m2/repository/commons-beanutils/commons-beanutils/1.9.4/commons-beanutils-1.9.4.jar:/home/travis/.m2/repository/commons-collections/commons-collections/3.2.2/commons-collections-3.2.2.jar:/home/travis/.m2/repository/io/swagger/core/v3/swagger-annotations/2.1.9/swagger-annotations-2.1.9.jar:/home/travis/.m2/repository/jakarta/annotation/jakarta.annotation-api/1.3.5/jakarta.annotation-api-1.3.5.jar:/home/travis/.m2/repository/jakarta/inject/jakarta.inject-api/1.0.1/jakarta.inject-api-1.0.1.jar:/home/travis/.m2/repository/jakarta/websocket/jakarta.websocket-api/1.1.2/jakarta.websocket-api-1.1.2.jar:/home/travis/.m2/repository/jaxen/jaxen/1.2.0/jaxen-1.2.0.jar:/home/travis/.m2/repository/net/java/dev/jna/jna/5.6.0/jna-5.6.0.jar:/home/travis/.m2/repository/org/apache/httpcomponents/httpclient-cache/4.5.13/httpclient-cache-4.5.13.jar:/home/travis/.m2/repository/org/apache/logging/log4j/log4j-core/2.14.1/log4j-core-2.14.1.jar:/home/travis/.m2/repository/org/apache/logging/log4j/log4j-web/2.14.1/log4j-web-2.14.1.jar:/home/travis/.m2/repository/org/glassfish/hk2/hk2-api/2.6.1/hk2-api-2.6.1.jar:/home/travis/.m2/repository/org/glassfish/hk2/hk2-utils/2.6.1/hk2-utils-2.6.1.jar:/home/travis/.m2/repository/org/glassfish/jaxb/jaxb-runtime/2.3.3/jaxb-runtime-2.3.3.jar:/home/travis/.m2/repository/org/glassfish/jaxb/txw2/2.3.3/txw2-2.3.3.jar:/home/travis/.m2/repository/com/sun/istack/istack-commons-runtime/3.0.11/istack-commons-runtime-3.0.11.jar:/home/travis/.m2/repository/org/glassfish/jersey/containers/jersey-container-servlet-core/2.34/jersey-container-servlet-core-2.34.jar:/home/travis/.m2/repository/org/glassfish/hk2/external/jakarta.inject/2.6.1/jakarta.inject-2.6.1.jar:/home/travis/.m2/repository/org/glassfish/jersey/core/jersey-common/2.34/jersey-common-2.34.jar:/home/travis/.m2/repository/org/glassfish/hk2/osgi-resource-locator/1.0.3/osgi-resource-locator-1.0.3.jar:/home/travis/.m2/repository/org/glassfish/jersey/core/jersey-client/2.34/jersey-client-2.34.jar:/home/travis/.m2/repository/org/glassfish/jersey/core/jersey-server/2.34/jersey-server-2.34.jar:/home/travis/.m2/repository/org/glassfish/jersey/media/jersey-media-multipart/2.34/jersey-media-multipart-2.34.jar:/home/travis/.m2/repository/org/jvnet/mimepull/mimepull/1.9.13/mimepull-1.9.13.jar:/home/travis/.m2/repository/org/javassist/javassist/3.28.0-GA/javassist-3.28.0-GA.jar:/home/travis/.m2/repository/org/tmatesoft/svnkit/svnkit/1.10.3/svnkit-1.10.3.jar:/home/travis/.m2/repository/de/regnis/q/sequence/sequence-library/1.0.4/sequence-library-1.0.4.jar:/home/travis/.m2/repository/org/tmatesoft/sqljet/sqljet/1.1.14/sqljet-1.1.14.jar:/home/travis/.m2/repository/org/antlr/antlr-runtime/3.4/antlr-runtime-3.4.jar:/home/travis/.m2/repository/net/java/dev/jna/jna-platform/5.6.0/jna-platform-5.6.0.jar:/home/travis/.m2/repository/org/lz4/lz4-java/1.4.1/lz4-java-1.4.1.jar:/home/travis/.m2/repository/se/jiderhamn/classloader-leak-prevention/classloader-leak-prevention-core/2.7.0/classloader-leak-prevention-core-2.7.0.jar:/home/travis/.m2/repository/xalan/serializer/2.7.2/serializer-2.7.2.jar:/home/travis/.m2/repository/xalan/xalan/2.7.2/xalan-2.7.2.jar:/home/travis/.m2/repository/org/apache/logging/log4j/log4j-slf4j-impl/2.14.1/log4j-slf4j-impl-2.14.1.jar:/home/travis/.m2/repository/org/glassfish/jersey/inject/jersey-hk2/2.34/jersey-hk2-2.34.jar:/home/travis/.m2/repository/org/glassfish/hk2/hk2-locator/2.6.1/hk2-locator-2.6.1.jar:/home/travis/.m2/repository/org/glassfish/hk2/external/aopalliance-repackaged/2.6.1/aopalliance-repackaged-2.6.1.jar:/home/travis/.m2/repository/org/mycore/mycore-base/2021.05-SNAPSHOT/mycore-base-2021.05-SNAPSHOT-tests.jar:/home/travis/.m2/repository/org/mycore/mycore-mods/2021.05-SNAPSHOT/mycore-mods-2021.05-SNAPSHOT.jar:/home/travis/.m2/repository/com/rometools/rome/1.15.0/rome-1.15.0.jar:/home/travis/.m2/repository/com/rometools/rome-utils/1.15.0/rome-utils-1.15.0.jar:/home/travis/.m2/repository/org/bibsonomy/bibsonomy-bibtex-parser/3.9.2/bibsonomy-bibtex-parser-3.9.2.jar:/home/travis/.m2/repository/org/bibsonomy/bibsonomy-common/3.9.2/bibsonomy-common-3.9.2.jar:/home/travis/.m2/repository/org/bibsonomy/bibsonomy-model/3.9.2/bibsonomy-model-3.9.2.jar:/home/travis/.m2/repository/joda-time/joda-time/2.3/joda-time-2.3.jar:/home/travis/.m2/repository/org/mycore/mycore-pi/2021.05-SNAPSHOT/mycore-pi-2021.05-SNAPSHOT.jar:/home/travis/.m2/repository/jakarta/validation/jakarta.validation-api/2.0.2/jakarta.validation-api-2.0.2.jar:/home/travis/.m2/repository/org/apache/httpcomponents/httpmime/4.5.13/httpmime-4.5.13.jar:/home/travis/.m2/repository/org/mycore/mycore-solr/2021.05-SNAPSHOT/mycore-solr-2021.05-SNAPSHOT.jar:/home/travis/.m2/repository/org/mycore/mycore-classbrowser/2021.05-SNAPSHOT/mycore-classbrowser-2021.05-SNAPSHOT.jar:/home/travis/.m2/repository/org/mycore/mycore-sword/2021.05-SNAPSHOT/mycore-sword-2021.05-SNAPSHOT.jar:/home/travis/.m2/repository/com/fasterxml/woodstox/woodstox-core/6.2.6/woodstox-core-6.2.6.jar:/home/travis/.m2/repository/org/codehaus/woodstox/stax2-api/4.2.1/stax2-api-4.2.1.jar:/home/travis/.m2/repository/org/apache/abdera/abdera-parser/1.1.3/abdera-parser-1.1.3.jar:/home/travis/.m2/repository/org/apache/ws/commons/axiom/axiom-api/1.2.14/axiom-api-1.2.14.jar:/home/travis/.m2/repository/org/apache/james/apache-mime4j-core/0.7.2/apache-mime4j-core-0.7.2.jar:/home/travis/.m2/repository/org/apache/ws/commons/axiom/axiom-impl/1.2.14/axiom-impl-1.2.14.jar:/home/travis/.m2/repository/org/mycore/mets/mets-validator/1.3/mets-validator-1.3.jar:/home/travis/.m2/repository/org/mycore/mycore-user2/2021.05-SNAPSHOT/mycore-user2-2021.05-SNAPSHOT.jar:/home/travis/.m2/repository/org/jasig/cas/cas-client-core/3.1.10/cas-client-core-3.1.10.jar:/home/travis/.m2/repository/org/mycore/mycore-wfc/2021.05-SNAPSHOT/mycore-wfc-2021.05-SNAPSHOT.jar:/home/travis/.m2/repository/org/mycore/mycore-xeditor/2021.05-SNAPSHOT/mycore-xeditor-2021.05-SNAPSHOT.jar:/home/travis/.m2/repository/org/mycore/sword/easy-sword2-lib/1.0.5/easy-sword2-lib-1.0.5.jar:/home/travis/.m2/repository/commons-fileupload/commons-fileupload/1.4/commons-fileupload-1.4.jar:/home/travis/.m2/repository/org/apache/logging/log4j/log4j-1.2-api/2.14.1/log4j-1.2-api-2.14.1.jar:/home/travis/.m2/repository/org/mycore/mycore-csl/2021.05-SNAPSHOT/mycore-csl-2021.05-SNAPSHOT.jar:/home/travis/.m2/repository/de/undercouch/citeproc-java/2.0.0/citeproc-java-2.0.0.jar:/home/travis/.m2/repository/org/apache/commons/commons-lang3/3.12.0/commons-lang3-3.12.0.jar:/home/travis/.m2/repository/org/apache/commons/commons-text/1.8/commons-text-1.8.jar:/home/travis/.m2/repository/org/antlr/antlr4-runtime/4.7.2/antlr4-runtime-4.7.2.jar:/home/travis/.m2/repository/org/graalvm/sdk/graal-sdk/19.2.1/graal-sdk-19.2.1.jar:/home/travis/.m2/repository/org/graalvm/js/js/19.2.1/js-19.2.1.jar:/home/travis/.m2/repository/org/graalvm/regex/regex/19.2.1/regex-19.2.1.jar:/home/travis/.m2/repository/org/graalvm/truffle/truffle-api/19.2.1/truffle-api-19.2.1.jar:/home/travis/.m2/repository/org/ow2/asm/asm/6.2.1/asm-6.2.1.jar:/home/travis/.m2/repository/org/ow2/asm/asm-tree/6.2.1/asm-tree-6.2.1.jar:/home/travis/.m2/repository/org/ow2/asm/asm-analysis/6.2.1/asm-analysis-6.2.1.jar:/home/travis/.m2/repository/org/ow2/asm/asm-commons/6.2.1/asm-commons-6.2.1.jar:/home/travis/.m2/repository/org/ow2/asm/asm-util/6.2.1/asm-util-6.2.1.jar:/home/travis/.m2/repository/org/jbibtex/jbibtex/1.0.18/jbibtex-1.0.18.jar:/home/travis/.m2/repository/org/citationstyles/locales/21.3/locales-21.3.jar:/home/travis/.m2/repository/org/citationstyles/styles/21.3/styles-21.3.jar:/home/travis/.m2/repository/org/mycore/mycore-ifs/2021.05-SNAPSHOT/mycore-ifs-2021.05-SNAPSHOT.jar:/home/travis/.m2/repository/org/mycore/pica2mods/pica2mods-xslt/2.0-SNAPSHOT/pica2mods-xslt-2.0-SNAPSHOT.jar:"/>
    <property name="git.branch" value="main"/>
    <property name="java.vm.vendor" value="Oracle Corporation"/>
    <property name="sun.arch.data.model" value="64"/>
    <property name="git.build.number" value="3506"/>
    <property name="java.vendor.url" value="http://java.oracle.com/"/>
    <property name="user.timezone" value="UTC"/>
    <property name="git.build.number.unique" value="774286455"/>
    <property name="os.name" value="Linux"/>
    <property name="java.vm.specification.version" value="11"/>
    <property name="sun.java.launcher" value="SUN_STANDARD"/>
    <property name="user.country" value="US"/>
    <property name="git.build.user.name" value="Travis CI User"/>
    <property name="sun.boot.library.path" value="/usr/local/lib/jvm/openjdk11/lib"/>
    <property name="sun.java.command" value="/home/travis/build/MyCoRe-Org/mir/mir-module/target/surefire/surefirebooter12024234766998927967.jar /home/travis/build/MyCoRe-Org/mir/mir-module/target/surefire 2021-06-11T16-07-27_035-jvmRun1 surefire4012980644400578897tmp surefire_04205813478902456103tmp"/>
    <property name="jdk.debug" value="release"/>
    <property name="surefire.test.class.path" value="/home/travis/build/MyCoRe-Org/mir/mir-module/target/test-classes:/home/travis/build/MyCoRe-Org/mir/mir-module/target/classes:/home/travis/.m2/repository/com/google/code/gson/gson/2.8.7/gson-2.8.7.jar:/home/travis/.m2/repository/com/google/guava/guava/30.1.1-jre/guava-30.1.1-jre.jar:/home/travis/.m2/repository/com/google/guava/failureaccess/1.0.1/failureaccess-1.0.1.jar:/home/travis/.m2/repository/com/google/guava/listenablefuture/9999.0-empty-to-avoid-conflict-with-guava/listenablefuture-9999.0-empty-to-avoid-conflict-with-guava.jar:/home/travis/.m2/repository/com/google/code/findbugs/jsr305/3.0.2/jsr305-3.0.2.jar:/home/travis/.m2/repository/org/checkerframework/checker-qual/3.8.0/checker-qual-3.8.0.jar:/home/travis/.m2/repository/com/google/errorprone/error_prone_annotations/2.5.1/error_prone_annotations-2.5.1.jar:/home/travis/.m2/repository/com/google/j2objc/j2objc-annotations/1.3/j2objc-annotations-1.3.jar:/home/travis/.m2/repository/com/zaxxer/HikariCP/3.4.1/HikariCP-3.4.1.jar:/home/travis/.m2/repository/org/slf4j/slf4j-api/1.7.25/slf4j-api-1.7.25.jar:/home/travis/.m2/repository/commons-io/commons-io/2.8.0/commons-io-2.8.0.jar:/home/travis/.m2/repository/jakarta/persistence/jakarta.persistence-api/2.2.3/jakarta.persistence-api-2.2.3.jar:/home/travis/.m2/repository/jakarta/servlet/jakarta.servlet-api/4.0.4/jakarta.servlet-api-4.0.4.jar:/home/travis/.m2/repository/jakarta/ws/rs/jakarta.ws.rs-api/2.1.6/jakarta.ws.rs-api-2.1.6.jar:/home/travis/.m2/repository/jakarta/xml/bind/jakarta.xml.bind-api/2.3.3/jakarta.xml.bind-api-2.3.3.jar:/home/travis/.m2/repository/jakarta/activation/jakarta.activation-api/1.2.2/jakarta.activation-api-1.2.2.jar:/home/travis/.m2/repository/junit/junit/4.13.2/junit-4.13.2.jar:/home/travis/.m2/repository/org/hamcrest/hamcrest-core/2.2/hamcrest-core-2.2.jar:/home/travis/.m2/repository/org/hamcrest/hamcrest/2.2/hamcrest-2.2.jar:/home/travis/.m2/repository/net/sf/saxon/Saxon-HE/10.5/Saxon-HE-10.5.jar:/home/travis/.m2/repository/org/apache/abdera/abdera-core/1.1.3/abdera-core-1.1.3.jar:/home/travis/.m2/repository/org/apache/geronimo/specs/geronimo-stax-api_1.0_spec/1.0.1/geronimo-stax-api_1.0_spec-1.0.1.jar:/home/travis/.m2/repository/commons-codec/commons-codec/1.4/commons-codec-1.4.jar:/home/travis/.m2/repository/commons-logging/commons-logging/1.0.4/commons-logging-1.0.4.jar:/home/travis/.m2/repository/org/apache/abdera/abdera-i18n/1.1.3/abdera-i18n-1.1.3.jar:/home/travis/.m2/repository/org/apache/commons/commons-compress/1.20/commons-compress-1.20.jar:/home/travis/.m2/repository/org/apache/httpcomponents/httpclient/4.5.13/httpclient-4.5.13.jar:/home/travis/.m2/repository/org/apache/httpcomponents/httpcore/4.4.14/httpcore-4.4.14.jar:/home/travis/.m2/repository/org/apache/logging/log4j/log4j-api/2.14.1/log4j-api-2.14.1.jar:/home/travis/.m2/repository/org/apache/solr/solr-solrj/8.8.2/solr-solrj-8.8.2.jar:/home/travis/.m2/repository/commons-lang/commons-lang/2.6/commons-lang-2.6.jar:/home/travis/.m2/repository/org/apache/commons/commons-math3/3.6.1/commons-math3-3.6.1.jar:/home/travis/.m2/repository/org/apache/zookeeper/zookeeper/3.6.2/zookeeper-3.6.2.jar:/home/travis/.m2/repository/org/apache/zookeeper/zookeeper-jute/3.6.2/zookeeper-jute-3.6.2.jar:/home/travis/.m2/repository/org/xerial/snappy/snappy-java/1.1.7.6/snappy-java-1.1.7.6.jar:/home/travis/.m2/repository/org/hibernate/hibernate-hikaricp/5.4.4.Final/hibernate-hikaricp-5.4.4.Final.jar:/home/travis/.m2/repository/org/jboss/logging/jboss-logging/3.3.2.Final/jboss-logging-3.3.2.Final.jar:/home/travis/.m2/repository/org/hibernate/hibernate-core/5.4.28.Final/hibernate-core-5.4.28.Final.jar:/home/travis/.m2/repository/net/bytebuddy/byte-buddy/1.10.17/byte-buddy-1.10.17.jar:/home/travis/.m2/repository/antlr/antlr/2.7.7/antlr-2.7.7.jar:/home/travis/.m2/repository/org/jboss/spec/javax/transaction/jboss-transaction-api_1.2_spec/1.1.1.Final/jboss-transaction-api_1.2_spec-1.1.1.Final.jar:/home/travis/.m2/repository/org/jboss/jandex/2.2.3.Final/jandex-2.2.3.Final.jar:/home/travis/.m2/repository/com/fasterxml/classmate/1.5.1/classmate-1.5.1.jar:/home/travis/.m2/repository/org/dom4j/dom4j/2.1.3/dom4j-2.1.3.jar:/home/travis/.m2/repository/org/hibernate/common/hibernate-commons-annotations/5.1.2.Final/hibernate-commons-annotations-5.1.2.Final.jar:/home/travis/.m2/repository/org/hsqldb/hsqldb/2.6.0/hsqldb-2.6.0.jar:/home/travis/.m2/repository/org/jdom/jdom2/2.0.6/jdom2-2.0.6.jar:/home/travis/.m2/repository/org/jsoup/jsoup/1.12.1/jsoup-1.12.1.jar:/home/travis/.m2/repository/org/mycore/mycore-base/2021.05-SNAPSHOT/mycore-base-2021.05-SNAPSHOT.jar:/home/travis/.m2/repository/com/auth0/java-jwt/3.16.0/java-jwt-3.16.0.jar:/home/travis/.m2/repository/com/fasterxml/jackson/core/jackson-annotations/2.12.3/jackson-annotations-2.12.3.jar:/home/travis/.m2/repository/com/fasterxml/jackson/core/jackson-core/2.12.3/jackson-core-2.12.3.jar:/home/travis/.m2/repository/com/fasterxml/jackson/core/jackson-databind/2.12.3/jackson-databind-2.12.3.jar:/home/travis/.m2/repository/com/fasterxml/jackson/module/jackson-module-jaxb-annotations/2.12.3/jackson-module-jaxb-annotations-2.12.3.jar:/home/travis/.m2/repository/com/google/zxing/core/3.4.1/core-3.4.1.jar:/home/travis/.m2/repository/com/ibm/icu/icu4j/69.1/icu4j-69.1.jar:/home/travis/.m2/repository/com/jcraft/jsch/0.1.55/jsch-0.1.55.jar:/home/travis/.m2/repository/com/sun/activation/jakarta.activation/1.2.2/jakarta.activation-1.2.2.jar:/home/travis/.m2/repository/com/sun/mail/mailapi/1.6.5/mailapi-1.6.5.jar:/home/travis/.m2/repository/com/sun/mail/smtp/1.6.5/smtp-1.6.5.jar:/home/travis/.m2/repository/commons-beanutils/commons-beanutils/1.9.4/commons-beanutils-1.9.4.jar:/home/travis/.m2/repository/commons-collections/commons-collections/3.2.2/commons-collections-3.2.2.jar:/home/travis/.m2/repository/io/swagger/core/v3/swagger-annotations/2.1.9/swagger-annotations-2.1.9.jar:/home/travis/.m2/repository/jakarta/annotation/jakarta.annotation-api/1.3.5/jakarta.annotation-api-1.3.5.jar:/home/travis/.m2/repository/jakarta/inject/jakarta.inject-api/1.0.1/jakarta.inject-api-1.0.1.jar:/home/travis/.m2/repository/jakarta/websocket/jakarta.websocket-api/1.1.2/jakarta.websocket-api-1.1.2.jar:/home/travis/.m2/repository/jaxen/jaxen/1.2.0/jaxen-1.2.0.jar:/home/travis/.m2/repository/net/java/dev/jna/jna/5.6.0/jna-5.6.0.jar:/home/travis/.m2/repository/org/apache/httpcomponents/httpclient-cache/4.5.13/httpclient-cache-4.5.13.jar:/home/travis/.m2/repository/org/apache/logging/log4j/log4j-core/2.14.1/log4j-core-2.14.1.jar:/home/travis/.m2/repository/org/apache/logging/log4j/log4j-web/2.14.1/log4j-web-2.14.1.jar:/home/travis/.m2/repository/org/glassfish/hk2/hk2-api/2.6.1/hk2-api-2.6.1.jar:/home/travis/.m2/repository/org/glassfish/hk2/hk2-utils/2.6.1/hk2-utils-2.6.1.jar:/home/travis/.m2/repository/org/glassfish/jaxb/jaxb-runtime/2.3.3/jaxb-runtime-2.3.3.jar:/home/travis/.m2/repository/org/glassfish/jaxb/txw2/2.3.3/txw2-2.3.3.jar:/home/travis/.m2/repository/com/sun/istack/istack-commons-runtime/3.0.11/istack-commons-runtime-3.0.11.jar:/home/travis/.m2/repository/org/glassfish/jersey/containers/jersey-container-servlet-core/2.34/jersey-container-servlet-core-2.34.jar:/home/travis/.m2/repository/org/glassfish/hk2/external/jakarta.inject/2.6.1/jakarta.inject-2.6.1.jar:/home/travis/.m2/repository/org/glassfish/jersey/core/jersey-common/2.34/jersey-common-2.34.jar:/home/travis/.m2/repository/org/glassfish/hk2/osgi-resource-locator/1.0.3/osgi-resource-locator-1.0.3.jar:/home/travis/.m2/repository/org/glassfish/jersey/core/jersey-client/2.34/jersey-client-2.34.jar:/home/travis/.m2/repository/org/glassfish/jersey/core/jersey-server/2.34/jersey-server-2.34.jar:/home/travis/.m2/repository/org/glassfish/jersey/media/jersey-media-multipart/2.34/jersey-media-multipart-2.34.jar:/home/travis/.m2/repository/org/jvnet/mimepull/mimepull/1.9.13/mimepull-1.9.13.jar:/home/travis/.m2/repository/org/javassist/javassist/3.28.0-GA/javassist-3.28.0-GA.jar:/home/travis/.m2/repository/org/tmatesoft/svnkit/svnkit/1.10.3/svnkit-1.10.3.jar:/home/travis/.m2/repository/de/regnis/q/sequence/sequence-library/1.0.4/sequence-library-1.0.4.jar:/home/travis/.m2/repository/org/tmatesoft/sqljet/sqljet/1.1.14/sqljet-1.1.14.jar:/home/travis/.m2/repository/org/antlr/antlr-runtime/3.4/antlr-runtime-3.4.jar:/home/travis/.m2/repository/net/java/dev/jna/jna-platform/5.6.0/jna-platform-5.6.0.jar:/home/travis/.m2/repository/org/lz4/lz4-java/1.4.1/lz4-java-1.4.1.jar:/home/travis/.m2/repository/se/jiderhamn/classloader-leak-prevention/classloader-leak-prevention-core/2.7.0/classloader-leak-prevention-core-2.7.0.jar:/home/travis/.m2/repository/xalan/serializer/2.7.2/serializer-2.7.2.jar:/home/travis/.m2/repository/xalan/xalan/2.7.2/xalan-2.7.2.jar:/home/travis/.m2/repository/org/apache/logging/log4j/log4j-slf4j-impl/2.14.1/log4j-slf4j-impl-2.14.1.jar:/home/travis/.m2/repository/org/glassfish/jersey/inject/jersey-hk2/2.34/jersey-hk2-2.34.jar:/home/travis/.m2/repository/org/glassfish/hk2/hk2-locator/2.6.1/hk2-locator-2.6.1.jar:/home/travis/.m2/repository/org/glassfish/hk2/external/aopalliance-repackaged/2.6.1/aopalliance-repackaged-2.6.1.jar:/home/travis/.m2/repository/org/mycore/mycore-base/2021.05-SNAPSHOT/mycore-base-2021.05-SNAPSHOT-tests.jar:/home/travis/.m2/repository/org/mycore/mycore-mods/2021.05-SNAPSHOT/mycore-mods-2021.05-SNAPSHOT.jar:/home/travis/.m2/repository/com/rometools/rome/1.15.0/rome-1.15.0.jar:/home/travis/.m2/repository/com/rometools/rome-utils/1.15.0/rome-utils-1.15.0.jar:/home/travis/.m2/repository/org/bibsonomy/bibsonomy-bibtex-parser/3.9.2/bibsonomy-bibtex-parser-3.9.2.jar:/home/travis/.m2/repository/org/bibsonomy/bibsonomy-common/3.9.2/bibsonomy-common-3.9.2.jar:/home/travis/.m2/repository/org/bibsonomy/bibsonomy-model/3.9.2/bibsonomy-model-3.9.2.jar:/home/travis/.m2/repository/joda-time/joda-time/2.3/joda-time-2.3.jar:/home/travis/.m2/repository/org/mycore/mycore-pi/2021.05-SNAPSHOT/mycore-pi-2021.05-SNAPSHOT.jar:/home/travis/.m2/repository/jakarta/validation/jakarta.validation-api/2.0.2/jakarta.validation-api-2.0.2.jar:/home/travis/.m2/repository/org/apache/httpcomponents/httpmime/4.5.13/httpmime-4.5.13.jar:/home/travis/.m2/repository/org/mycore/mycore-solr/2021.05-SNAPSHOT/mycore-solr-2021.05-SNAPSHOT.jar:/home/travis/.m2/repository/org/mycore/mycore-classbrowser/2021.05-SNAPSHOT/mycore-classbrowser-2021.05-SNAPSHOT.jar:/home/travis/.m2/repository/org/mycore/mycore-sword/2021.05-SNAPSHOT/mycore-sword-2021.05-SNAPSHOT.jar:/home/travis/.m2/repository/com/fasterxml/woodstox/woodstox-core/6.2.6/woodstox-core-6.2.6.jar:/home/travis/.m2/repository/org/codehaus/woodstox/stax2-api/4.2.1/stax2-api-4.2.1.jar:/home/travis/.m2/repository/org/apache/abdera/abdera-parser/1.1.3/abdera-parser-1.1.3.jar:/home/travis/.m2/repository/org/apache/ws/commons/axiom/axiom-api/1.2.14/axiom-api-1.2.14.jar:/home/travis/.m2/repository/org/apache/james/apache-mime4j-core/0.7.2/apache-mime4j-core-0.7.2.jar:/home/travis/.m2/repository/org/apache/ws/commons/axiom/axiom-impl/1.2.14/axiom-impl-1.2.14.jar:/home/travis/.m2/repository/org/mycore/mets/mets-validator/1.3/mets-validator-1.3.jar:/home/travis/.m2/repository/org/mycore/mycore-user2/2021.05-SNAPSHOT/mycore-user2-2021.05-SNAPSHOT.jar:/home/travis/.m2/repository/org/jasig/cas/cas-client-core/3.1.10/cas-client-core-3.1.10.jar:/home/travis/.m2/repository/org/mycore/mycore-wfc/2021.05-SNAPSHOT/mycore-wfc-2021.05-SNAPSHOT.jar:/home/travis/.m2/repository/org/mycore/mycore-xeditor/2021.05-SNAPSHOT/mycore-xeditor-2021.05-SNAPSHOT.jar:/home/travis/.m2/repository/org/mycore/sword/easy-sword2-lib/1.0.5/easy-sword2-lib-1.0.5.jar:/home/travis/.m2/repository/commons-fileupload/commons-fileupload/1.4/commons-fileupload-1.4.jar:/home/travis/.m2/repository/org/apache/logging/log4j/log4j-1.2-api/2.14.1/log4j-1.2-api-2.14.1.jar:/home/travis/.m2/repository/org/mycore/mycore-csl/2021.05-SNAPSHOT/mycore-csl-2021.05-SNAPSHOT.jar:/home/travis/.m2/repository/de/undercouch/citeproc-java/2.0.0/citeproc-java-2.0.0.jar:/home/travis/.m2/repository/org/apache/commons/commons-lang3/3.12.0/commons-lang3-3.12.0.jar:/home/travis/.m2/repository/org/apache/commons/commons-text/1.8/commons-text-1.8.jar:/home/travis/.m2/repository/org/antlr/antlr4-runtime/4.7.2/antlr4-runtime-4.7.2.jar:/home/travis/.m2/repository/org/graalvm/sdk/graal-sdk/19.2.1/graal-sdk-19.2.1.jar:/home/travis/.m2/repository/org/graalvm/js/js/19.2.1/js-19.2.1.jar:/home/travis/.m2/repository/org/graalvm/regex/regex/19.2.1/regex-19.2.1.jar:/home/travis/.m2/repository/org/graalvm/truffle/truffle-api/19.2.1/truffle-api-19.2.1.jar:/home/travis/.m2/repository/org/ow2/asm/asm/6.2.1/asm-6.2.1.jar:/home/travis/.m2/repository/org/ow2/asm/asm-tree/6.2.1/asm-tree-6.2.1.jar:/home/travis/.m2/repository/org/ow2/asm/asm-analysis/6.2.1/asm-analysis-6.2.1.jar:/home/travis/.m2/repository/org/ow2/asm/asm-commons/6.2.1/asm-commons-6.2.1.jar:/home/travis/.m2/repository/org/ow2/asm/asm-util/6.2.1/asm-util-6.2.1.jar:/home/travis/.m2/repository/org/jbibtex/jbibtex/1.0.18/jbibtex-1.0.18.jar:/home/travis/.m2/repository/org/citationstyles/locales/21.3/locales-21.3.jar:/home/travis/.m2/repository/org/citationstyles/styles/21.3/styles-21.3.jar:/home/travis/.m2/repository/org/mycore/mycore-ifs/2021.05-SNAPSHOT/mycore-ifs-2021.05-SNAPSHOT.jar:/home/travis/.m2/repository/org/mycore/pica2mods/pica2mods-xslt/2.0-SNAPSHOT/pica2mods-xslt-2.0-SNAPSHOT.jar:"/>
    <property name="sun.cpu.endian" value="little"/>
    <property name="MCR.Home" value="/tmp/junit3023002330692038066/mcrhome"/>
    <property name="user.home" value="/home/travis"/>
    <property name="user.language" value="en"/>
    <property name="git.closest.tag.commit.count" value="51"/>
    <property name="java.specification.vendor" value="Oracle Corporation"/>
    <property name="java.version.date" value="2019-01-15"/>
    <property name="java.home" value="/usr/local/lib/jvm/openjdk11"/>
    <property name="git.total.commit.count" value="225"/>
    <property name="file.separator" value="/"/>
    <property name="basedir" value="/home/travis/build/MyCoRe-Org/mir/mir-module"/>
    <property name="java.vm.compressedOopsMode" value="32-bit"/>
    <property name="line.separator" value="&#10;"/>
    <property name="java.specification.name" value="Java Platform API Specification"/>
    <property name="java.vm.specification.vendor" value="Oracle Corporation"/>
    <property name="java.awt.graphicsenv" value="sun.awt.X11GraphicsEnvironment"/>
    <property name="git.commit.id.full" value="c3bcede8d219bac139dbb4341d810b64c67e5037"/>
    <property name="git.closest.tag.name" value="v2020.06.2"/>
    <property name="git.local.branch.ahead" value="NO_REMOTE"/>
    <property name="git.build.time" value="2021-06-11T16:06:44Z"/>
    <property name="surefire.real.class.path" value="/home/travis/build/MyCoRe-Org/mir/mir-module/target/surefire/surefirebooter12024234766998927967.jar"/>
    <property name="git.commit.message.full" value="Merge branch &apos;2020.06.x&apos;&#10;&#10;* 2020.06.x:&#10;  [maven-release-plugin] prepare for next development iteration&#10;  [maven-release-plugin] prepare release v2020.06.2&#10;  prepare for LTS release"/>
    <property name="sun.management.compiler" value="HotSpot 64-Bit Tiered Compilers"/>
    <property name="java.runtime.version" value="11.0.2+9"/>
    <property name="user.name" value="travis"/>
    <property name="path.separator" value=":"/>
    <property name="os.version" value="5.4.0-1032-gcp"/>
    <property name="java.runtime.name" value="OpenJDK Runtime Environment"/>
    <property name="file.encoding" value="UTF-8"/>
    <property name="java.vm.name" value="OpenJDK 64-Bit Server VM"/>
    <property name="java.vendor.version" value="18.9"/>
    <property name="jetty" value="true"/>
    <property name="git.local.branch.behind" value="NO_REMOTE"/>
    <property name="git.dirty" value="false"/>
    <property name="localRepository" value="/home/travis/.m2/repository"/>
    <property name="java.vendor.url.bug" value="http://bugreport.java.com/bugreport/"/>
    <property name="java.io.tmpdir" value="/tmp"/>
    <property name="com.zaxxer.hikari.pool_number" value="60"/>
    <property name="java.version" value="11.0.2"/>
    <property name="user.dir" value="/home/travis/build/MyCoRe-Org/mir/mir-module"/>
    <property name="os.arch" value="amd64"/>
    <property name="git.commit.user.name" value="Sebastian Hofmann"/>
    <property name="git.commit.id.abbrev" value="c3bcede"/>
    <property name="java.vm.specification.name" value="Java Virtual Machine Specification"/>
    <property name="java.awt.printerjob" value="sun.print.PSPrinterJob"/>
    <property name="git.commit.id.describe-short" value="v2020.06.2-51"/>
    <property name="sun.os.patch.level" value="unknown"/>
    <property name="git.commit.id.describe" value="v2020.06.2-51-gc3bcede"/>
    <property name="java.library.path" value="/usr/java/packages/lib:/usr/lib64:/lib64:/lib:/usr/lib"/>
    <property name="git.commit.message.short" value="Merge branch &apos;2020.06.x&apos;"/>
    <property name="java.vendor" value="Oracle Corporation"/>
    <property name="java.vm.info" value="mixed mode"/>
    <property name="java.vm.version" value="11.0.2+9"/>
    <property name="sun.io.unicode.encoding" value="UnicodeLittle"/>
    <property name="MCRRuntimeComponentDetector.underTesting" value="mir-module"/>
    <property name="java.class.version" value="55.0"/>
    <property name="git.commit.time" value="2021-06-11T15:50:39Z"/>
    <property name="MCR.AppName" value="mir-module"/>
    <property name="git.remote.origin.url" value="https://github.com/MyCoRe-Org/mir.git"/>
  </properties>
  <testcase name="checkGuestPermission" classname="org.mycore.mir.authorization.MIRStrategyTest" time="1.447">
    <system-out><![CDATA[Creating config directory: /tmp/junit3023002330692038066/mcrhome/mir-module
MyCoRe components detected: mcr:mycore-base, mcr:mycore-solr, mcr:mycore-user2, mcr:mycore-xeditor, mcr:mycore-classbrowser, mcr:mycore-mods, mcr:mycore-csl, mcr:mycore-ifs, mcr:mycore-pi, mcr:mycore-sword, mcr:mycore-wfc
Applications modules detected: app:mir-module
&amp#27;[34m2021-06-11T16:07:53,105 [main] INFO   MCRConfigurationInputStream: Current configuration directory: /tmp/junit3023002330692038066/mcrhome/mir-module&amp#27;[m&amp#27;[0m
&amp#27;[m&amp#27;[34m2021-06-11T16:07:53,163 [main] INFO   LogHelper: HHH000204: Processing PersistenceUnitInfo [name: mir-module]&amp#27;[m&amp#27;[0m
&amp#27;[m&amp#27;[34m2021-06-11T16:07:53,195 [main] INFO   HikariDataSource: HikariPool-61 - Starting...&amp#27;[m&amp#27;[0m
&amp#27;[m&amp#27;[31m2021-06-11T16:07:53,195 [main] WARN   DriverDataSource: Registered driver with driverClassName=org.hsqldb.jdbcDriver was not found, trying direct instantiation.&amp#27;[m&amp#27;[0m
&amp#27;[m&amp#27;[34m2021-06-11T16:07:53,196 [main] INFO   PoolBase: HikariPool-61 - Driver does not support get/set network timeout for connections. (feature not supported)&amp#27;[m&amp#27;[0m
&amp#27;[m&amp#27;[34m2021-06-11T16:07:53,196 [main] INFO   HikariDataSource: HikariPool-61 - Start completed.&amp#27;[m&amp#27;[0m
&amp#27;[m&amp#27;[34m2021-06-11T16:07:53,196 [main] INFO   Dialect: HHH000400: Using dialect: org.hibernate.dialect.HSQLDialect&amp#27;[m&amp#27;[0m
&amp#27;[m&amp#27;[31m2021-06-11T16:07:53,220 [main] WARN   JavaTypeDescriptorRegistry: HHH000481: Encountered Java type [class java.lang.Object] for which we could not locate a JavaTypeDescriptor and which does not appear to implement equals and/or hashCode.  This can lead to significant performance problems when performing equality/dirty checking involving this Java type.  Consider registering a custom JavaTypeDescriptor or at least implementing equals/hashCode.&amp#27;[m&amp#27;[0m
&amp#27;[m&amp#27;[31m2021-06-11T16:07:53,344 [main] WARN   MetadataContext: HHH015011: Unable to locate static metamodel field : org.mycore.datamodel.classifications2.MCRCategoryID_#id; this may or may not indicate a problem with the static metamodel&amp#27;[m&amp#27;[0m
&amp#27;[m&amp#27;[34m2021-06-11T16:07:53,348 [main] INFO   JtaPlatformInitiator: HHH000490: Using JtaPlatform implementation: [org.hibernate.engine.transaction.jta.platform.internal.NoJtaPlatform]&amp#27;[m&amp#27;[0m
&amp#27;[m&amp#27;[34m2021-06-11T16:07:53,394 [main] INFO   LogHelper: HHH000204: Processing PersistenceUnitInfo [name: mir-module]&amp#27;[m&amp#27;[0m
&amp#27;[m&amp#27;[34m2021-06-11T16:07:53,406 [main] INFO   HikariDataSource: HikariPool-62 - Starting...&amp#27;[m&amp#27;[0m
&amp#27;[m&amp#27;[31m2021-06-11T16:07:53,407 [main] WARN   DriverDataSource: Registered driver with driverClassName=org.hsqldb.jdbcDriver was not found, trying direct instantiation.&amp#27;[m&amp#27;[0m
&amp#27;[m&amp#27;[34m2021-06-11T16:07:53,408 [main] INFO   PoolBase: HikariPool-62 - Driver does not support get/set network timeout for connections. (feature not supported)&amp#27;[m&amp#27;[0m
&amp#27;[m&amp#27;[34m2021-06-11T16:07:53,408 [main] INFO   HikariDataSource: HikariPool-62 - Start completed.&amp#27;[m&amp#27;[0m
&amp#27;[m&amp#27;[34m2021-06-11T16:07:53,408 [main] INFO   Dialect: HHH000400: Using dialect: org.hibernate.dialect.HSQLDialect&amp#27;[m&amp#27;[0m
&amp#27;[m&amp#27;[31m2021-06-11T16:07:53,427 [main] WARN   JavaTypeDescriptorRegistry: HHH000481: Encountered Java type [class java.lang.Object] for which we could not locate a JavaTypeDescriptor and which does not appear to implement equals and/or hashCode.  This can lead to significant performance problems when performing equality/dirty checking involving this Java type.  Consider registering a custom JavaTypeDescriptor or at least implementing equals/hashCode.&amp#27;[m&amp#27;[0m
&amp#27;[mFile location: /MIRStrategyTest/class/mir_access.xml
&amp#27;[34m2021-06-11T16:07:53,555 [main] INFO   MCRCommandLineInterface: load permissions data from file ${app.home}/config/acl/permissions.xml --> load permissions data from file /home/travis/build/MyCoRe-Org/mir/mir-cli/src/main/config/acl/permissions.xml&amp#27;[m&amp#27;[0m
&amp#27;[m&amp#27;[34m2021-06-11T16:07:53,558 [main] INFO   MCRCommand: Syntax matched (executed): load permissions data from file {0}&amp#27;[m&amp#27;[0m
&amp#27;[m&amp#27;[34m2021-06-11T16:07:53,558 [main] INFO   MCRAccessCommands: Reading file /home/travis/build/MyCoRe-Org/mir/mir-cli/src/main/config/acl/permissions.xml ...&amp#27;[m&amp#27;[0m
&amp#27;[mnull Command processed (121 ms)
&amp#27;[34m2021-06-11T16:07:53,686 [main] INFO   MCRCommandLineInterface: update permission read for id default with rulefile ${app.home}/config/acl/grant-all.xml described by ${acl-description.all} --> update permission read for id default with rulefile /home/travis/build/MyCoRe-Org/mir/mir-cli/src/main/config/acl/grant-all.xml described by always allowed&amp#27;[m&amp#27;[0m
&amp#27;[m&amp#27;[34m2021-06-11T16:07:53,686 [main] INFO   MCRCommand: Syntax matched (executed): update permission {0} for id {1} with rulefile {2} described by {3}&amp#27;[m&amp#27;[0m
&amp#27;[mnull Command processed (14 ms)
&amp#27;[34m2021-06-11T16:07:53,700 [main] INFO   MCRCommandLineInterface: update permission writedb for id default with rulefile ${app.home}/config/acl/grant-admin.xml described by ${acl-description.admins} --> update permission writedb for id default with rulefile /home/travis/build/MyCoRe-Org/mir/mir-cli/src/main/config/acl/grant-admin.xml described by administrators only&amp#27;[m&amp#27;[0m
&amp#27;[m&amp#27;[34m2021-06-11T16:07:53,701 [main] INFO   MCRCommand: Syntax matched (executed): update permission {0} for id {1} with rulefile {2} described by {3}&amp#27;[m&amp#27;[0m
&amp#27;[mnull Command processed (8 ms)
&amp#27;[34m2021-06-11T16:07:53,710 [main] INFO   MCRCommandLineInterface: update permission deletedb for id default with rulefile ${app.home}/config/acl/grant-admin.xml described by ${acl-description.admins} --> update permission deletedb for id default with rulefile /home/travis/build/MyCoRe-Org/mir/mir-cli/src/main/config/acl/grant-admin.xml described by administrators only&amp#27;[m&amp#27;[0m
&amp#27;[m&amp#27;[34m2021-06-11T16:07:53,710 [main] INFO   MCRCommand: Syntax matched (executed): update permission {0} for id {1} with rulefile {2} described by {3}&amp#27;[m&amp#27;[0m
&amp#27;[mnull Command processed (8 ms)
&amp#27;[34m2021-06-11T16:07:53,718 [main] INFO   MCRCommandLineInterface: update permission view for id default_mods with rulefile ${app.home}/config/acl/grant-all.xml described by ${acl-description.all} --> update permission view for id default_mods with rulefile /home/travis/build/MyCoRe-Org/mir/mir-cli/src/main/config/acl/grant-all.xml described by always allowed&amp#27;[m&amp#27;[0m
&amp#27;[m&amp#27;[34m2021-06-11T16:07:53,719 [main] INFO   MCRCommand: Syntax matched (executed): update permission {0} for id {1} with rulefile {2} described by {3}&amp#27;[m&amp#27;[0m
&amp#27;[mnull Command processed (7 ms)
&amp#27;[34m2021-06-11T16:07:53,727 [main] INFO   MCRCommandLineInterface: update permission preview for id default_mods with rulefile ${app.home}/config/acl/grant-all.xml described by ${acl-description.all} --> update permission preview for id default_mods with rulefile /home/travis/build/MyCoRe-Org/mir/mir-cli/src/main/config/acl/grant-all.xml described by always allowed&amp#27;[m&amp#27;[0m
&amp#27;[m&amp#27;[34m2021-06-11T16:07:53,727 [main] INFO   MCRCommand: Syntax matched (executed): update permission {0} for id {1} with rulefile {2} described by {3}&amp#27;[m&amp#27;[0m
&amp#27;[mnull Command processed (8 ms)
&amp#27;[34m2021-06-11T16:07:53,735 [main] INFO   MCRCommandLineInterface: update permission read for id default_mods with rulefile ${app.home}/config/acl/grant-all.xml described by ${acl-description.all} --> update permission read for id default_mods with rulefile /home/travis/build/MyCoRe-Org/mir/mir-cli/src/main/config/acl/grant-all.xml described by always allowed&amp#27;[m&amp#27;[0m
&amp#27;[m&amp#27;[34m2021-06-11T16:07:53,735 [main] INFO   MCRCommand: Syntax matched (executed): update permission {0} for id {1} with rulefile {2} described by {3}&amp#27;[m&amp#27;[0m
&amp#27;[mnull Command processed (8 ms)
&amp#27;[34m2021-06-11T16:07:53,743 [main] INFO   MCRCommandLineInterface: update permission writedb for id default_mods with rulefile ${app.home}/config/acl/grant-editors.xml described by ${acl-description.editors} --> update permission writedb for id default_mods with rulefile /home/travis/build/MyCoRe-Org/mir/mir-cli/src/main/config/acl/grant-editors.xml described by administrators and editors&amp#27;[m&amp#27;[0m
&amp#27;[m&amp#27;[34m2021-06-11T16:07:53,743 [main] INFO   MCRCommand: Syntax matched (executed): update permission {0} for id {1} with rulefile {2} described by {3}&amp#27;[m&amp#27;[0m
&amp#27;[mnull Command processed (8 ms)
&amp#27;[34m2021-06-11T16:07:53,751 [main] INFO   MCRCommandLineInterface: update permission deletedb for id default_mods with rulefile ${app.home}/config/acl/grant-admin.xml described by ${acl-description.admins} --> update permission deletedb for id default_mods with rulefile /home/travis/build/MyCoRe-Org/mir/mir-cli/src/main/config/acl/grant-admin.xml described by administrators only&amp#27;[m&amp#27;[0m
&amp#27;[m&amp#27;[34m2021-06-11T16:07:53,752 [main] INFO   MCRCommand: Syntax matched (executed): update permission {0} for id {1} with rulefile {2} described by {3}&amp#27;[m&amp#27;[0m
&amp#27;[mnull Command processed (12 ms)
&amp#27;[34m2021-06-11T16:07:53,765 [main] INFO   MCRCommandLineInterface: update permission addurn for id default_derivate with rulefile ${app.home}/config/acl/grant-editors.xml described by ${acl-description.editors} --> update permission addurn for id default_derivate with rulefile /home/travis/build/MyCoRe-Org/mir/mir-cli/src/main/config/acl/grant-editors.xml described by administrators and editors&amp#27;[m&amp#27;[0m
&amp#27;[m&amp#27;[34m2021-06-11T16:07:53,765 [main] INFO   MCRCommand: Syntax matched (executed): update permission {0} for id {1} with rulefile {2} described by {3}&amp#27;[m&amp#27;[0m
&amp#27;[mnull Command processed (23 ms)
&amp#27;[34m2021-06-11T16:07:53,788 [main] INFO   MCRCommandLineInterface: update permission read for id derivate:mir_access:intern with rulefile ${app.home}/config/acl/require-login.xml described by ${acl-description.require-login} --> update permission read for id derivate:mir_access:intern with rulefile /home/travis/build/MyCoRe-Org/mir/mir-cli/src/main/config/acl/require-login.xml described by require login&amp#27;[m&amp#27;[0m
&amp#27;[m&amp#27;[34m2021-06-11T16:07:53,788 [main] INFO   MCRCommand: Syntax matched (executed): update permission {0} for id {1} with rulefile {2} described by {3}&amp#27;[m&amp#27;[0m
&amp#27;[mnull Command processed (14 ms)
&amp#27;[34m2021-06-11T16:07:53,802 [main] INFO   MCRCommandLineInterface: update permission read for id derivate:mir_access:unlimited with rulefile ${app.home}/config/acl/grant-all.xml described by ${acl-description.require-login} --> update permission read for id derivate:mir_access:unlimited with rulefile /home/travis/build/MyCoRe-Org/mir/mir-cli/src/main/config/acl/grant-all.xml described by require login&amp#27;[m&amp#27;[0m
&amp#27;[m&amp#27;[34m2021-06-11T16:07:53,803 [main] INFO   MCRCommand: Syntax matched (executed): update permission {0} for id {1} with rulefile {2} described by {3}&amp#27;[m&amp#27;[0m
&amp#27;[mnull Command processed (8 ms)
&amp#27;[34m2021-06-11T16:07:53,811 [main] INFO   MCRCommandLineInterface: update permission writedb for id mir_genres with rulefile ${app.home}/config/acl/grant-admin.xml described by ${acl-description.admins} --> update permission writedb for id mir_genres with rulefile /home/travis/build/MyCoRe-Org/mir/mir-cli/src/main/config/acl/grant-admin.xml described by administrators only&amp#27;[m&amp#27;[0m
&amp#27;[m&amp#27;[34m2021-06-11T16:07:53,812 [main] INFO   MCRCommand: Syntax matched (executed): update permission {0} for id {1} with rulefile {2} described by {3}&amp#27;[m&amp#27;[0m
&amp#27;[mnull Command processed (8 ms)
&amp#27;[34m2021-06-11T16:07:53,820 [main] INFO   MCRCommandLineInterface: update permission writedb for id mir_institutes with rulefile ${app.home}/config/acl/grant-admin.xml described by ${acl-description.admins} --> update permission writedb for id mir_institutes with rulefile /home/travis/build/MyCoRe-Org/mir/mir-cli/src/main/config/acl/grant-admin.xml described by administrators only&amp#27;[m&amp#27;[0m
&amp#27;[m&amp#27;[34m2021-06-11T16:07:53,820 [main] INFO   MCRCommand: Syntax matched (executed): update permission {0} for id {1} with rulefile {2} described by {3}&amp#27;[m&amp#27;[0m
&amp#27;[mnull Command processed (14 ms)
&amp#27;[34m2021-06-11T16:07:53,834 [main] INFO   MCRCommandLineInterface: update permission writedb for id mir_licenses with rulefile ${app.home}/config/acl/grant-admin.xml described by ${acl-description.admins} --> update permission writedb for id mir_licenses with rulefile /home/travis/build/MyCoRe-Org/mir/mir-cli/src/main/config/acl/grant-admin.xml described by administrators only&amp#27;[m&amp#27;[0m
&amp#27;[m&amp#27;[34m2021-06-11T16:07:53,834 [main] INFO   MCRCommand: Syntax matched (executed): update permission {0} for id {1} with rulefile {2} described by {3}&amp#27;[m&amp#27;[0m
&amp#27;[mnull Command processed (21 ms)
&amp#27;[34m2021-06-11T16:07:53,855 [main] INFO   MCRCommandLineInterface: update permission writedb for id rfc5646 with rulefile ${app.home}/config/acl/grant-admin.xml described by ${acl-description.admins} --> update permission writedb for id rfc5646 with rulefile /home/travis/build/MyCoRe-Org/mir/mir-cli/src/main/config/acl/grant-admin.xml described by administrators only&amp#27;[m&amp#27;[0m
&amp#27;[m&amp#27;[34m2021-06-11T16:07:53,855 [main] INFO   MCRCommand: Syntax matched (executed): update permission {0} for id {1} with rulefile {2} described by {3}&amp#27;[m&amp#27;[0m
&amp#27;[mnull Command processed (9 ms)
&amp#27;[34m2021-06-11T16:07:53,864 [main] INFO   MCRCommandLineInterface: update permission writedb for id marcrelator with rulefile ${app.home}/config/acl/grant-admin.xml described by ${acl-description.admins} --> update permission writedb for id marcrelator with rulefile /home/travis/build/MyCoRe-Org/mir/mir-cli/src/main/config/acl/grant-admin.xml described by administrators only&amp#27;[m&amp#27;[0m
&amp#27;[m&amp#27;[34m2021-06-11T16:07:53,865 [main] INFO   MCRCommand: Syntax matched (executed): update permission {0} for id {1} with rulefile {2} described by {3}&amp#27;[m&amp#27;[0m
&amp#27;[mnull Command processed (8 ms)
&amp#27;[34m2021-06-11T16:07:53,873 [main] INFO   MCRCommandLineInterface: update permission writedb for id noteTypes with rulefile ${app.home}/config/acl/grant-admin.xml described by ${acl-description.admins} --> update permission writedb for id noteTypes with rulefile /home/travis/build/MyCoRe-Org/mir/mir-cli/src/main/config/acl/grant-admin.xml described by administrators only&amp#27;[m&amp#27;[0m
&amp#27;[m&amp#27;[34m2021-06-11T16:07:53,874 [main] INFO   MCRCommand: Syntax matched (executed): update permission {0} for id {1} with rulefile {2} described by {3}&amp#27;[m&amp#27;[0m
&amp#27;[mnull Command processed (13 ms)
&amp#27;[34m2021-06-11T16:07:53,887 [main] INFO   MCRCommandLineInterface: update permission writedb for id SDNB with rulefile ${app.home}/config/acl/grant-admin.xml described by ${acl-description.admins} --> update permission writedb for id SDNB with rulefile /home/travis/build/MyCoRe-Org/mir/mir-cli/src/main/config/acl/grant-admin.xml described by administrators only&amp#27;[m&amp#27;[0m
&amp#27;[m&amp#27;[34m2021-06-11T16:07:53,888 [main] INFO   MCRCommand: Syntax matched (executed): update permission {0} for id {1} with rulefile {2} described by {3}&amp#27;[m&amp#27;[0m
&amp#27;[mnull Command processed (12 ms)
&amp#27;[34m2021-06-11T16:07:53,900 [main] INFO   MCRCommandLineInterface: update permission read for id mods:mir_access:accessKey with rulefile ${app.home}/config/acl/grant-editors.xml described by ${acl-description.editors} --> update permission read for id mods:mir_access:accessKey with rulefile /home/travis/build/MyCoRe-Org/mir/mir-cli/src/main/config/acl/grant-editors.xml described by administrators and editors&amp#27;[m&amp#27;[0m
&amp#27;[m&amp#27;[34m2021-06-11T16:07:53,907 [main] INFO   MCRCommand: Syntax matched (executed): update permission {0} for id {1} with rulefile {2} described by {3}&amp#27;[m&amp#27;[0m
&amp#27;[mnull Command processed (16 ms)
&amp#27;[34m2021-06-11T16:07:53,923 [main] INFO   MCRCommandLineInterface: update permission writedb for id mods:mir_access:accessKey with rulefile ${app.home}/config/acl/grant-editors.xml described by ${acl-description.editors} --> update permission writedb for id mods:mir_access:accessKey with rulefile /home/travis/build/MyCoRe-Org/mir/mir-cli/src/main/config/acl/grant-editors.xml described by administrators and editors&amp#27;[m&amp#27;[0m
&amp#27;[m&amp#27;[34m2021-06-11T16:07:53,923 [main] INFO   MCRCommand: Syntax matched (executed): update permission {0} for id {1} with rulefile {2} described by {3}&amp#27;[m&amp#27;[0m
&amp#27;[mnull Command processed (16 ms)
&amp#27;[34m2021-06-11T16:07:53,939 [main] INFO   MCRCommandLineInterface: update permission read for id derivate:mir_access:accessKey with rulefile ${app.home}/config/acl/grant-editors.xml described by ${acl-description.editors} --> update permission read for id derivate:mir_access:accessKey with rulefile /home/travis/build/MyCoRe-Org/mir/mir-cli/src/main/config/acl/grant-editors.xml described by administrators and editors&amp#27;[m&amp#27;[0m
&amp#27;[m&amp#27;[34m2021-06-11T16:07:53,940 [main] INFO   MCRCommand: Syntax matched (executed): update permission {0} for id {1} with rulefile {2} described by {3}&amp#27;[m&amp#27;[0m
&amp#27;[mnull Command processed (16 ms)
&amp#27;[34m2021-06-11T16:07:53,956 [main] INFO   MCRCommandLineInterface: update permission writedb for id derivate:mir_access:accessKey with rulefile ${app.home}/config/acl/grant-editors.xml described by ${acl-description.editors} --> update permission writedb for id derivate:mir_access:accessKey with rulefile /home/travis/build/MyCoRe-Org/mir/mir-cli/src/main/config/acl/grant-editors.xml described by administrators and editors&amp#27;[m&amp#27;[0m
&amp#27;[m&amp#27;[34m2021-06-11T16:07:53,956 [main] INFO   MCRCommand: Syntax matched (executed): update permission {0} for id {1} with rulefile {2} described by {3}&amp#27;[m&amp#27;[0m
&amp#27;[mnull Command processed (16 ms)
&amp#27;[34m2021-06-11T16:07:53,973 [main] INFO   MCRCommand: Syntax matched (executed): load classification from url {0}&amp#27;[m&amp#27;[0m
&amp#27;[m&amp#27;[34m2021-06-11T16:07:54,065 [main] INFO   MCRCategoryDAOImpl: Category mir_access saved.&amp#27;[m&amp#27;[0m
&amp#27;[mnull Command processed (92 ms)
&amp#27;[34m2021-06-11T16:07:54,539 [main] INFO   LogHelper: HHH000204: Processing PersistenceUnitInfo [name: mir-module]&amp#27;[m&amp#27;[0m
&amp#27;[m&amp#27;[34m2021-06-11T16:07:54,550 [main] INFO   HikariDataSource: HikariPool-63 - Starting...&amp#27;[m&amp#27;[0m
&amp#27;[m&amp#27;[31m2021-06-11T16:07:54,551 [main] WARN   DriverDataSource: Registered driver with driverClassName=org.hsqldb.jdbcDriver was not found, trying direct instantiation.&amp#27;[m&amp#27;[0m
&amp#27;[m&amp#27;[34m2021-06-11T16:07:54,551 [main] INFO   PoolBase: HikariPool-63 - Driver does not support get/set network timeout for connections. (feature not supported)&amp#27;[m&amp#27;[0m
&amp#27;[m&amp#27;[34m2021-06-11T16:07:54,552 [main] INFO   HikariDataSource: HikariPool-63 - Start completed.&amp#27;[m&amp#27;[0m
&amp#27;[m&amp#27;[34m2021-06-11T16:07:54,552 [main] INFO   Dialect: HHH000400: Using dialect: org.hibernate.dialect.HSQLDialect&amp#27;[m&amp#27;[0m
&amp#27;[m&amp#27;[31m2021-06-11T16:07:54,572 [main] WARN   JavaTypeDescriptorRegistry: HHH000481: Encountered Java type [class java.lang.Object] for which we could not locate a JavaTypeDescriptor and which does not appear to implement equals and/or hashCode.  This can lead to significant performance problems when performing equality/dirty checking involving this Java type.  Consider registering a custom JavaTypeDescriptor or at least implementing equals/hashCode.&amp#27;[m&amp#27;[0m
&amp#27;[m]]></system-out>
  </testcase>
  <testcase name="checkSuperUserPermission" classname="org.mycore.mir.authorization.MIRStrategyTest" time="1.408">
    <system-out><![CDATA[MyCoRe components detected: mcr:mycore-base, mcr:mycore-solr, mcr:mycore-user2, mcr:mycore-xeditor, mcr:mycore-classbrowser, mcr:mycore-mods, mcr:mycore-csl, mcr:mycore-ifs, mcr:mycore-pi, mcr:mycore-sword, mcr:mycore-wfc
Applications modules detected: app:mir-module
&amp#27;[34m2021-06-11T16:07:54,594 [main] INFO   MCRConfigurationInputStream: Current configuration directory: /tmp/junit3023002330692038066/mcrhome/mir-module&amp#27;[m&amp#27;[0m
&amp#27;[m&amp#27;[34m2021-06-11T16:07:54,637 [main] INFO   LogHelper: HHH000204: Processing PersistenceUnitInfo [name: mir-module]&amp#27;[m&amp#27;[0m
&amp#27;[m&amp#27;[34m2021-06-11T16:07:54,687 [main] INFO   HikariDataSource: HikariPool-64 - Starting...&amp#27;[m&amp#27;[0m
&amp#27;[m&amp#27;[31m2021-06-11T16:07:54,688 [main] WARN   DriverDataSource: Registered driver with driverClassName=org.hsqldb.jdbcDriver was not found, trying direct instantiation.&amp#27;[m&amp#27;[0m
&amp#27;[m&amp#27;[34m2021-06-11T16:07:54,688 [main] INFO   PoolBase: HikariPool-64 - Driver does not support get/set network timeout for connections. (feature not supported)&amp#27;[m&amp#27;[0m
&amp#27;[m&amp#27;[34m2021-06-11T16:07:54,702 [main] INFO   HikariDataSource: HikariPool-64 - Start completed.&amp#27;[m&amp#27;[0m
&amp#27;[m&amp#27;[34m2021-06-11T16:07:54,702 [main] INFO   Dialect: HHH000400: Using dialect: org.hibernate.dialect.HSQLDialect&amp#27;[m&amp#27;[0m
&amp#27;[m&amp#27;[31m2021-06-11T16:07:54,733 [main] WARN   JavaTypeDescriptorRegistry: HHH000481: Encountered Java type [class java.lang.Object] for which we could not locate a JavaTypeDescriptor and which does not appear to implement equals and/or hashCode.  This can lead to significant performance problems when performing equality/dirty checking involving this Java type.  Consider registering a custom JavaTypeDescriptor or at least implementing equals/hashCode.&amp#27;[m&amp#27;[0m
&amp#27;[m&amp#27;[31m2021-06-11T16:07:55,026 [main] WARN   MetadataContext: HHH015011: Unable to locate static metamodel field : org.mycore.datamodel.classifications2.MCRCategoryID_#id; this may or may not indicate a problem with the static metamodel&amp#27;[m&amp#27;[0m
&amp#27;[m&amp#27;[34m2021-06-11T16:07:55,033 [main] INFO   JtaPlatformInitiator: HHH000490: Using JtaPlatform implementation: [org.hibernate.engine.transaction.jta.platform.internal.NoJtaPlatform]&amp#27;[m&amp#27;[0m
&amp#27;[m&amp#27;[34m2021-06-11T16:07:55,162 [main] INFO   LogHelper: HHH000204: Processing PersistenceUnitInfo [name: mir-module]&amp#27;[m&amp#27;[0m
&amp#27;[m&amp#27;[34m2021-06-11T16:07:55,174 [main] INFO   HikariDataSource: HikariPool-65 - Starting...&amp#27;[m&amp#27;[0m
&amp#27;[m&amp#27;[31m2021-06-11T16:07:55,175 [main] WARN   DriverDataSource: Registered driver with driverClassName=org.hsqldb.jdbcDriver was not found, trying direct instantiation.&amp#27;[m&amp#27;[0m
&amp#27;[m&amp#27;[34m2021-06-11T16:07:55,176 [main] INFO   PoolBase: HikariPool-65 - Driver does not support get/set network timeout for connections. (feature not supported)&amp#27;[m&amp#27;[0m
&amp#27;[m&amp#27;[34m2021-06-11T16:07:55,176 [main] INFO   HikariDataSource: HikariPool-65 - Start completed.&amp#27;[m&amp#27;[0m
&amp#27;[m&amp#27;[34m2021-06-11T16:07:55,176 [main] INFO   Dialect: HHH000400: Using dialect: org.hibernate.dialect.HSQLDialect&amp#27;[m&amp#27;[0m
&amp#27;[m&amp#27;[31m2021-06-11T16:07:55,197 [main] WARN   JavaTypeDescriptorRegistry: HHH000481: Encountered Java type [class java.lang.Object] for which we could not locate a JavaTypeDescriptor and which does not appear to implement equals and/or hashCode.  This can lead to significant performance problems when performing equality/dirty checking involving this Java type.  Consider registering a custom JavaTypeDescriptor or at least implementing equals/hashCode.&amp#27;[m&amp#27;[0m
&amp#27;[mFile location: /MIRStrategyTest/class/mir_access.xml
&amp#27;[34m2021-06-11T16:07:55,217 [main] INFO   MCRCommandLineInterface: load permissions data from file ${app.home}/config/acl/permissions.xml --> load permissions data from file /home/travis/build/MyCoRe-Org/mir/mir-cli/src/main/config/acl/permissions.xml&amp#27;[m&amp#27;[0m
&amp#27;[m&amp#27;[34m2021-06-11T16:07:55,217 [main] INFO   MCRCommand: Syntax matched (executed): load permissions data from file {0}&amp#27;[m&amp#27;[0m
&amp#27;[m&amp#27;[34m2021-06-11T16:07:55,217 [main] INFO   MCRAccessCommands: Reading file /home/travis/build/MyCoRe-Org/mir/mir-cli/src/main/config/acl/permissions.xml ...&amp#27;[m&amp#27;[0m
&amp#27;[mnull Command processed (36 ms)
&amp#27;[34m2021-06-11T16:07:55,253 [main] INFO   MCRCommandLineInterface: update permission read for id default with rulefile ${app.home}/config/acl/grant-all.xml described by ${acl-description.all} --> update permission read for id default with rulefile /home/travis/build/MyCoRe-Org/mir/mir-cli/src/main/config/acl/grant-all.xml described by always allowed&amp#27;[m&amp#27;[0m
&amp#27;[m&amp#27;[34m2021-06-11T16:07:55,256 [main] INFO   MCRCommand: Syntax matched (executed): update permission {0} for id {1} with rulefile {2} described by {3}&amp#27;[m&amp#27;[0m
&amp#27;[mnull Command processed (20 ms)
&amp#27;[34m2021-06-11T16:07:55,276 [main] INFO   MCRCommandLineInterface: update permission writedb for id default with rulefile ${app.home}/config/acl/grant-admin.xml described by ${acl-description.admins} --> update permission writedb for id default with rulefile /home/travis/build/MyCoRe-Org/mir/mir-cli/src/main/config/acl/grant-admin.xml described by administrators only&amp#27;[m&amp#27;[0m
&amp#27;[m&amp#27;[34m2021-06-11T16:07:55,276 [main] INFO   MCRCommand: Syntax matched (executed): update permission {0} for id {1} with rulefile {2} described by {3}&amp#27;[m&amp#27;[0m
&amp#27;[mnull Command processed (8 ms)
&amp#27;[34m2021-06-11T16:07:55,285 [main] INFO   MCRCommandLineInterface: update permission deletedb for id default with rulefile ${app.home}/config/acl/grant-admin.xml described by ${acl-description.admins} --> update permission deletedb for id default with rulefile /home/travis/build/MyCoRe-Org/mir/mir-cli/src/main/config/acl/grant-admin.xml described by administrators only&amp#27;[m&amp#27;[0m
&amp#27;[m&amp#27;[34m2021-06-11T16:07:55,285 [main] INFO   MCRCommand: Syntax matched (executed): update permission {0} for id {1} with rulefile {2} described by {3}&amp#27;[m&amp#27;[0m
&amp#27;[mnull Command processed (8 ms)
&amp#27;[34m2021-06-11T16:07:55,293 [main] INFO   MCRCommandLineInterface: update permission view for id default_mods with rulefile ${app.home}/config/acl/grant-all.xml described by ${acl-description.all} --> update permission view for id default_mods with rulefile /home/travis/build/MyCoRe-Org/mir/mir-cli/src/main/config/acl/grant-all.xml described by always allowed&amp#27;[m&amp#27;[0m
&amp#27;[m&amp#27;[34m2021-06-11T16:07:55,293 [main] INFO   MCRCommand: Syntax matched (executed): update permission {0} for id {1} with rulefile {2} described by {3}&amp#27;[m&amp#27;[0m
&amp#27;[mnull Command processed (7 ms)
&amp#27;[34m2021-06-11T16:07:55,301 [main] INFO   MCRCommandLineInterface: update permission preview for id default_mods with rulefile ${app.home}/config/acl/grant-all.xml described by ${acl-description.all} --> update permission preview for id default_mods with rulefile /home/travis/build/MyCoRe-Org/mir/mir-cli/src/main/config/acl/grant-all.xml described by always allowed&amp#27;[m&amp#27;[0m
&amp#27;[m&amp#27;[34m2021-06-11T16:07:55,301 [main] INFO   MCRCommand: Syntax matched (executed): update permission {0} for id {1} with rulefile {2} described by {3}&amp#27;[m&amp#27;[0m
&amp#27;[mnull Command processed (7 ms)
&amp#27;[34m2021-06-11T16:07:55,308 [main] INFO   MCRCommandLineInterface: update permission read for id default_mods with rulefile ${app.home}/config/acl/grant-all.xml described by ${acl-description.all} --> update permission read for id default_mods with rulefile /home/travis/build/MyCoRe-Org/mir/mir-cli/src/main/config/acl/grant-all.xml described by always allowed&amp#27;[m&amp#27;[0m
&amp#27;[m&amp#27;[34m2021-06-11T16:07:55,308 [main] INFO   MCRCommand: Syntax matched (executed): update permission {0} for id {1} with rulefile {2} described by {3}&amp#27;[m&amp#27;[0m
&amp#27;[mnull Command processed (7 ms)
&amp#27;[34m2021-06-11T16:07:55,315 [main] INFO   MCRCommandLineInterface: update permission writedb for id default_mods with rulefile ${app.home}/config/acl/grant-editors.xml described by ${acl-description.editors} --> update permission writedb for id default_mods with rulefile /home/travis/build/MyCoRe-Org/mir/mir-cli/src/main/config/acl/grant-editors.xml described by administrators and editors&amp#27;[m&amp#27;[0m
&amp#27;[m&amp#27;[34m2021-06-11T16:07:55,315 [main] INFO   MCRCommand: Syntax matched (executed): update permission {0} for id {1} with rulefile {2} described by {3}&amp#27;[m&amp#27;[0m
&amp#27;[mnull Command processed (13 ms)
&amp#27;[34m2021-06-11T16:07:55,328 [main] INFO   MCRCommandLineInterface: update permission deletedb for id default_mods with rulefile ${app.home}/config/acl/grant-admin.xml described by ${acl-description.admins} --> update permission deletedb for id default_mods with rulefile /home/travis/build/MyCoRe-Org/mir/mir-cli/src/main/config/acl/grant-admin.xml described by administrators only&amp#27;[m&amp#27;[0m
&amp#27;[m&amp#27;[34m2021-06-11T16:07:55,331 [main] INFO   MCRCommand: Syntax matched (executed): update permission {0} for id {1} with rulefile {2} described by {3}&amp#27;[m&amp#27;[0m
&amp#27;[mnull Command processed (15 ms)
&amp#27;[34m2021-06-11T16:07:55,346 [main] INFO   MCRCommandLineInterface: update permission addurn for id default_derivate with rulefile ${app.home}/config/acl/grant-editors.xml described by ${acl-description.editors} --> update permission addurn for id default_derivate with rulefile /home/travis/build/MyCoRe-Org/mir/mir-cli/src/main/config/acl/grant-editors.xml described by administrators and editors&amp#27;[m&amp#27;[0m
&amp#27;[m&amp#27;[34m2021-06-11T16:07:55,346 [main] INFO   MCRCommand: Syntax matched (executed): update permission {0} for id {1} with rulefile {2} described by {3}&amp#27;[m&amp#27;[0m
&amp#27;[mnull Command processed (16 ms)
&amp#27;[34m2021-06-11T16:07:55,363 [main] INFO   MCRCommandLineInterface: update permission read for id derivate:mir_access:intern with rulefile ${app.home}/config/acl/require-login.xml described by ${acl-description.require-login} --> update permission read for id derivate:mir_access:intern with rulefile /home/travis/build/MyCoRe-Org/mir/mir-cli/src/main/config/acl/require-login.xml described by require login&amp#27;[m&amp#27;[0m
&amp#27;[m&amp#27;[34m2021-06-11T16:07:55,363 [main] INFO   MCRCommand: Syntax matched (executed): update permission {0} for id {1} with rulefile {2} described by {3}&amp#27;[m&amp#27;[0m
&amp#27;[mnull Command processed (22 ms)
&amp#27;[34m2021-06-11T16:07:55,385 [main] INFO   MCRCommandLineInterface: update permission read for id derivate:mir_access:unlimited with rulefile ${app.home}/config/acl/grant-all.xml described by ${acl-description.require-login} --> update permission read for id derivate:mir_access:unlimited with rulefile /home/travis/build/MyCoRe-Org/mir/mir-cli/src/main/config/acl/grant-all.xml described by require login&amp#27;[m&amp#27;[0m
&amp#27;[m&amp#27;[34m2021-06-11T16:07:55,385 [main] INFO   MCRCommand: Syntax matched (executed): update permission {0} for id {1} with rulefile {2} described by {3}&amp#27;[m&amp#27;[0m
&amp#27;[mnull Command processed (12 ms)
&amp#27;[34m2021-06-11T16:07:55,397 [main] INFO   MCRCommandLineInterface: update permission writedb for id mir_genres with rulefile ${app.home}/config/acl/grant-admin.xml described by ${acl-description.admins} --> update permission writedb for id mir_genres with rulefile /home/travis/build/MyCoRe-Org/mir/mir-cli/src/main/config/acl/grant-admin.xml described by administrators only&amp#27;[m&amp#27;[0m
&amp#27;[m&amp#27;[34m2021-06-11T16:07:55,397 [main] INFO   MCRCommand: Syntax matched (executed): update permission {0} for id {1} with rulefile {2} described by {3}&amp#27;[m&amp#27;[0m
&amp#27;[mnull Command processed (8 ms)
&amp#27;[34m2021-06-11T16:07:55,405 [main] INFO   MCRCommandLineInterface: update permission writedb for id mir_institutes with rulefile ${app.home}/config/acl/grant-admin.xml described by ${acl-description.admins} --> update permission writedb for id mir_institutes with rulefile /home/travis/build/MyCoRe-Org/mir/mir-cli/src/main/config/acl/grant-admin.xml described by administrators only&amp#27;[m&amp#27;[0m
&amp#27;[m&amp#27;[34m2021-06-11T16:07:55,406 [main] INFO   MCRCommand: Syntax matched (executed): update permission {0} for id {1} with rulefile {2} described by {3}&amp#27;[m&amp#27;[0m
&amp#27;[mnull Command processed (19 ms)
&amp#27;[34m2021-06-11T16:07:55,425 [main] INFO   MCRCommandLineInterface: update permission writedb for id mir_licenses with rulefile ${app.home}/config/acl/grant-admin.xml described by ${acl-description.admins} --> update permission writedb for id mir_licenses with rulefile /home/travis/build/MyCoRe-Org/mir/mir-cli/src/main/config/acl/grant-admin.xml described by administrators only&amp#27;[m&amp#27;[0m
&amp#27;[m&amp#27;[34m2021-06-11T16:07:55,425 [main] INFO   MCRCommand: Syntax matched (executed): update permission {0} for id {1} with rulefile {2} described by {3}&amp#27;[m&amp#27;[0m
&amp#27;[mnull Command processed (37 ms)
&amp#27;[34m2021-06-11T16:07:55,463 [main] INFO   MCRCommandLineInterface: update permission writedb for id rfc5646 with rulefile ${app.home}/config/acl/grant-admin.xml described by ${acl-description.admins} --> update permission writedb for id rfc5646 with rulefile /home/travis/build/MyCoRe-Org/mir/mir-cli/src/main/config/acl/grant-admin.xml described by administrators only&amp#27;[m&amp#27;[0m
&amp#27;[m&amp#27;[34m2021-06-11T16:07:55,463 [main] INFO   MCRCommand: Syntax matched (executed): update permission {0} for id {1} with rulefile {2} described by {3}&amp#27;[m&amp#27;[0m
&amp#27;[mnull Command processed (12 ms)
&amp#27;[34m2021-06-11T16:07:55,475 [main] INFO   MCRCommandLineInterface: update permission writedb for id marcrelator with rulefile ${app.home}/config/acl/grant-admin.xml described by ${acl-description.admins} --> update permission writedb for id marcrelator with rulefile /home/travis/build/MyCoRe-Org/mir/mir-cli/src/main/config/acl/grant-admin.xml described by administrators only&amp#27;[m&amp#27;[0m
&amp#27;[m&amp#27;[34m2021-06-11T16:07:55,475 [main] INFO   MCRCommand: Syntax matched (executed): update permission {0} for id {1} with rulefile {2} described by {3}&amp#27;[m&amp#27;[0m
&amp#27;[mnull Command processed (26 ms)
&amp#27;[34m2021-06-11T16:07:55,501 [main] INFO   MCRCommandLineInterface: update permission writedb for id noteTypes with rulefile ${app.home}/config/acl/grant-admin.xml described by ${acl-description.admins} --> update permission writedb for id noteTypes with rulefile /home/travis/build/MyCoRe-Org/mir/mir-cli/src/main/config/acl/grant-admin.xml described by administrators only&amp#27;[m&amp#27;[0m
&amp#27;[m&amp#27;[34m2021-06-11T16:07:55,502 [main] INFO   MCRCommand: Syntax matched (executed): update permission {0} for id {1} with rulefile {2} described by {3}&amp#27;[m&amp#27;[0m
&amp#27;[mnull Command processed (14 ms)
&amp#27;[34m2021-06-11T16:07:55,516 [main] INFO   MCRCommandLineInterface: update permission writedb for id SDNB with rulefile ${app.home}/config/acl/grant-admin.xml described by ${acl-description.admins} --> update permission writedb for id SDNB with rulefile /home/travis/build/MyCoRe-Org/mir/mir-cli/src/main/config/acl/grant-admin.xml described by administrators only&amp#27;[m&amp#27;[0m
&amp#27;[m&amp#27;[34m2021-06-11T16:07:55,516 [main] INFO   MCRCommand: Syntax matched (executed): update permission {0} for id {1} with rulefile {2} described by {3}&amp#27;[m&amp#27;[0m
&amp#27;[mnull Command processed (16 ms)
&amp#27;[34m2021-06-11T16:07:55,532 [main] INFO   MCRCommandLineInterface: update permission read for id mods:mir_access:accessKey with rulefile ${app.home}/config/acl/grant-editors.xml described by ${acl-description.editors} --> update permission read for id mods:mir_access:accessKey with rulefile /home/travis/build/MyCoRe-Org/mir/mir-cli/src/main/config/acl/grant-editors.xml described by administrators and editors&amp#27;[m&amp#27;[0m
&amp#27;[m&amp#27;[34m2021-06-11T16:07:55,533 [main] INFO   MCRCommand: Syntax matched (executed): update permission {0} for id {1} with rulefile {2} described by {3}&amp#27;[m&amp#27;[0m
&amp#27;[mnull Command processed (16 ms)
&amp#27;[34m2021-06-11T16:07:55,549 [main] INFO   MCRCommandLineInterface: update permission writedb for id mods:mir_access:accessKey with rulefile ${app.home}/config/acl/grant-editors.xml described by ${acl-description.editors} --> update permission writedb for id mods:mir_access:accessKey with rulefile /home/travis/build/MyCoRe-Org/mir/mir-cli/src/main/config/acl/grant-editors.xml described by administrators and editors&amp#27;[m&amp#27;[0m
&amp#27;[m&amp#27;[34m2021-06-11T16:07:55,552 [main] INFO   MCRCommand: Syntax matched (executed): update permission {0} for id {1} with rulefile {2} described by {3}&amp#27;[m&amp#27;[0m
&amp#27;[mnull Command processed (20 ms)
&amp#27;[34m2021-06-11T16:07:55,572 [main] INFO   MCRCommandLineInterface: update permission read for id derivate:mir_access:accessKey with rulefile ${app.home}/config/acl/grant-editors.xml described by ${acl-description.editors} --> update permission read for id derivate:mir_access:accessKey with rulefile /home/travis/build/MyCoRe-Org/mir/mir-cli/src/main/config/acl/grant-editors.xml described by administrators and editors&amp#27;[m&amp#27;[0m
&amp#27;[m&amp#27;[34m2021-06-11T16:07:55,573 [main] INFO   MCRCommand: Syntax matched (executed): update permission {0} for id {1} with rulefile {2} described by {3}&amp#27;[m&amp#27;[0m
&amp#27;[mnull Command processed (19 ms)
&amp#27;[34m2021-06-11T16:07:55,591 [main] INFO   MCRCommandLineInterface: update permission writedb for id derivate:mir_access:accessKey with rulefile ${app.home}/config/acl/grant-editors.xml described by ${acl-description.editors} --> update permission writedb for id derivate:mir_access:accessKey with rulefile /home/travis/build/MyCoRe-Org/mir/mir-cli/src/main/config/acl/grant-editors.xml described by administrators and editors&amp#27;[m&amp#27;[0m
&amp#27;[m&amp#27;[34m2021-06-11T16:07:55,592 [main] INFO   MCRCommand: Syntax matched (executed): update permission {0} for id {1} with rulefile {2} described by {3}&amp#27;[m&amp#27;[0m
&amp#27;[mnull Command processed (16 ms)
&amp#27;[34m2021-06-11T16:07:55,608 [main] INFO   MCRCommand: Syntax matched (executed): load classification from url {0}&amp#27;[m&amp#27;[0m
&amp#27;[m&amp#27;[34m2021-06-11T16:07:55,634 [main] INFO   MCRCategoryDAOImpl: Category mir_access saved.&amp#27;[m&amp#27;[0m
&amp#27;[mnull Command processed (26 ms)
&amp#27;[34m2021-06-11T16:07:55,853 [main] INFO   LogHelper: HHH000204: Processing PersistenceUnitInfo [name: mir-module]&amp#27;[m&amp#27;[0m
&amp#27;[m&amp#27;[34m2021-06-11T16:07:55,865 [main] INFO   HikariDataSource: HikariPool-66 - Starting...&amp#27;[m&amp#27;[0m
&amp#27;[m&amp#27;[31m2021-06-11T16:07:55,866 [main] WARN   DriverDataSource: Registered driver with driverClassName=org.hsqldb.jdbcDriver was not found, trying direct instantiation.&amp#27;[m&amp#27;[0m
&amp#27;[m&amp#27;[34m2021-06-11T16:07:55,866 [main] INFO   PoolBase: HikariPool-66 - Driver does not support get/set network timeout for connections. (feature not supported)&amp#27;[m&amp#27;[0m
&amp#27;[m&amp#27;[34m2021-06-11T16:07:55,867 [main] INFO   HikariDataSource: HikariPool-66 - Start completed.&amp#27;[m&amp#27;[0m
&amp#27;[m&amp#27;[34m2021-06-11T16:07:55,867 [main] INFO   Dialect: HHH000400: Using dialect: org.hibernate.dialect.HSQLDialect&amp#27;[m&amp#27;[0m
&amp#27;[m&amp#27;[31m2021-06-11T16:07:55,890 [main] WARN   JavaTypeDescriptorRegistry: HHH000481: Encountered Java type [class java.lang.Object] for which we could not locate a JavaTypeDescriptor and which does not appear to implement equals and/or hashCode.  This can lead to significant performance problems when performing equality/dirty checking involving this Java type.  Consider registering a custom JavaTypeDescriptor or at least implementing equals/hashCode.&amp#27;[m&amp#27;[0m
&amp#27;[m]]></system-out>
  </testcase>
  <testcase name="checkAccessKeyPermission" classname="org.mycore.mir.authorization.MIRStrategyTest" time="4.408">
    <system-out><![CDATA[MyCoRe components detected: mcr:mycore-base, mcr:mycore-solr, mcr:mycore-user2, mcr:mycore-xeditor, mcr:mycore-classbrowser, mcr:mycore-mods, mcr:mycore-csl, mcr:mycore-ifs, mcr:mycore-pi, mcr:mycore-sword, mcr:mycore-wfc
Applications modules detected: app:mir-module
&amp#27;[34m2021-06-11T16:07:55,962 [main] INFO   MCRConfigurationInputStream: Current configuration directory: /tmp/junit3023002330692038066/mcrhome/mir-module&amp#27;[m&amp#27;[0m
&amp#27;[m&amp#27;[34m2021-06-11T16:07:56,014 [main] INFO   LogHelper: HHH000204: Processing PersistenceUnitInfo [name: mir-module]&amp#27;[m&amp#27;[0m
&amp#27;[m&amp#27;[34m2021-06-11T16:07:56,078 [main] INFO   HikariDataSource: HikariPool-67 - Starting...&amp#27;[m&amp#27;[0m
&amp#27;[m&amp#27;[31m2021-06-11T16:07:56,079 [main] WARN   DriverDataSource: Registered driver with driverClassName=org.hsqldb.jdbcDriver was not found, trying direct instantiation.&amp#27;[m&amp#27;[0m
&amp#27;[m&amp#27;[34m2021-06-11T16:07:56,079 [main] INFO   PoolBase: HikariPool-67 - Driver does not support get/set network timeout for connections. (feature not supported)&amp#27;[m&amp#27;[0m
&amp#27;[m&amp#27;[34m2021-06-11T16:07:56,103 [main] INFO   HikariDataSource: HikariPool-67 - Start completed.&amp#27;[m&amp#27;[0m
&amp#27;[m&amp#27;[34m2021-06-11T16:07:56,103 [main] INFO   Dialect: HHH000400: Using dialect: org.hibernate.dialect.HSQLDialect&amp#27;[m&amp#27;[0m
&amp#27;[m&amp#27;[31m2021-06-11T16:07:56,153 [main] WARN   JavaTypeDescriptorRegistry: HHH000481: Encountered Java type [class java.lang.Object] for which we could not locate a JavaTypeDescriptor and which does not appear to implement equals and/or hashCode.  This can lead to significant performance problems when performing equality/dirty checking involving this Java type.  Consider registering a custom JavaTypeDescriptor or at least implementing equals/hashCode.&amp#27;[m&amp#27;[0m
&amp#27;[m&amp#27;[31m2021-06-11T16:07:56,443 [main] WARN   MetadataContext: HHH015011: Unable to locate static metamodel field : org.mycore.datamodel.classifications2.MCRCategoryID_#id; this may or may not indicate a problem with the static metamodel&amp#27;[m&amp#27;[0m
&amp#27;[m&amp#27;[34m2021-06-11T16:07:56,455 [main] INFO   JtaPlatformInitiator: HHH000490: Using JtaPlatform implementation: [org.hibernate.engine.transaction.jta.platform.internal.NoJtaPlatform]&amp#27;[m&amp#27;[0m
&amp#27;[m&amp#27;[34m2021-06-11T16:07:56,526 [main] INFO   LogHelper: HHH000204: Processing PersistenceUnitInfo [name: mir-module]&amp#27;[m&amp#27;[0m
&amp#27;[m&amp#27;[34m2021-06-11T16:07:56,537 [main] INFO   HikariDataSource: HikariPool-68 - Starting...&amp#27;[m&amp#27;[0m
&amp#27;[m&amp#27;[31m2021-06-11T16:07:56,538 [main] WARN   DriverDataSource: Registered driver with driverClassName=org.hsqldb.jdbcDriver was not found, trying direct instantiation.&amp#27;[m&amp#27;[0m
&amp#27;[m&amp#27;[34m2021-06-11T16:07:56,538 [main] INFO   PoolBase: HikariPool-68 - Driver does not support get/set network timeout for connections. (feature not supported)&amp#27;[m&amp#27;[0m
&amp#27;[m&amp#27;[34m2021-06-11T16:07:56,539 [main] INFO   HikariDataSource: HikariPool-68 - Start completed.&amp#27;[m&amp#27;[0m
&amp#27;[m&amp#27;[34m2021-06-11T16:07:56,539 [main] INFO   Dialect: HHH000400: Using dialect: org.hibernate.dialect.HSQLDialect&amp#27;[m&amp#27;[0m
&amp#27;[m&amp#27;[31m2021-06-11T16:07:56,561 [main] WARN   JavaTypeDescriptorRegistry: HHH000481: Encountered Java type [class java.lang.Object] for which we could not locate a JavaTypeDescriptor and which does not appear to implement equals and/or hashCode.  This can lead to significant performance problems when performing equality/dirty checking involving this Java type.  Consider registering a custom JavaTypeDescriptor or at least implementing equals/hashCode.&amp#27;[m&amp#27;[0m
&amp#27;[mFile location: /MIRStrategyTest/class/mir_access.xml
&amp#27;[34m2021-06-11T16:07:56,583 [main] INFO   MCRCommandLineInterface: load permissions data from file ${app.home}/config/acl/permissions.xml --> load permissions data from file /home/travis/build/MyCoRe-Org/mir/mir-cli/src/main/config/acl/permissions.xml&amp#27;[m&amp#27;[0m
&amp#27;[m&amp#27;[34m2021-06-11T16:07:56,583 [main] INFO   MCRCommand: Syntax matched (executed): load permissions data from file {0}&amp#27;[m&amp#27;[0m
&amp#27;[m&amp#27;[34m2021-06-11T16:07:56,583 [main] INFO   MCRAccessCommands: Reading file /home/travis/build/MyCoRe-Org/mir/mir-cli/src/main/config/acl/permissions.xml ...&amp#27;[m&amp#27;[0m
&amp#27;[mnull Command processed (35 ms)
&amp#27;[34m2021-06-11T16:07:56,618 [main] INFO   MCRCommandLineInterface: update permission read for id default with rulefile ${app.home}/config/acl/grant-all.xml described by ${acl-description.all} --> update permission read for id default with rulefile /home/travis/build/MyCoRe-Org/mir/mir-cli/src/main/config/acl/grant-all.xml described by always allowed&amp#27;[m&amp#27;[0m
&amp#27;[m&amp#27;[34m2021-06-11T16:07:56,618 [main] INFO   MCRCommand: Syntax matched (executed): update permission {0} for id {1} with rulefile {2} described by {3}&amp#27;[m&amp#27;[0m
&amp#27;[mnull Command processed (9 ms)
&amp#27;[34m2021-06-11T16:07:56,627 [main] INFO   MCRCommandLineInterface: update permission writedb for id default with rulefile ${app.home}/config/acl/grant-admin.xml described by ${acl-description.admins} --> update permission writedb for id default with rulefile /home/travis/build/MyCoRe-Org/mir/mir-cli/src/main/config/acl/grant-admin.xml described by administrators only&amp#27;[m&amp#27;[0m
&amp#27;[m&amp#27;[34m2021-06-11T16:07:56,627 [main] INFO   MCRCommand: Syntax matched (executed): update permission {0} for id {1} with rulefile {2} described by {3}&amp#27;[m&amp#27;[0m
&amp#27;[mnull Command processed (7 ms)
&amp#27;[34m2021-06-11T16:07:56,634 [main] INFO   MCRCommandLineInterface: update permission deletedb for id default with rulefile ${app.home}/config/acl/grant-admin.xml described by ${acl-description.admins} --> update permission deletedb for id default with rulefile /home/travis/build/MyCoRe-Org/mir/mir-cli/src/main/config/acl/grant-admin.xml described by administrators only&amp#27;[m&amp#27;[0m
&amp#27;[m&amp#27;[34m2021-06-11T16:07:56,634 [main] INFO   MCRCommand: Syntax matched (executed): update permission {0} for id {1} with rulefile {2} described by {3}&amp#27;[m&amp#27;[0m
&amp#27;[mnull Command processed (8 ms)
&amp#27;[34m2021-06-11T16:07:56,642 [main] INFO   MCRCommandLineInterface: update permission view for id default_mods with rulefile ${app.home}/config/acl/grant-all.xml described by ${acl-description.all} --> update permission view for id default_mods with rulefile /home/travis/build/MyCoRe-Org/mir/mir-cli/src/main/config/acl/grant-all.xml described by always allowed&amp#27;[m&amp#27;[0m
&amp#27;[m&amp#27;[34m2021-06-11T16:07:56,642 [main] INFO   MCRCommand: Syntax matched (executed): update permission {0} for id {1} with rulefile {2} described by {3}&amp#27;[m&amp#27;[0m
&amp#27;[mnull Command processed (7 ms)
&amp#27;[34m2021-06-11T16:07:56,650 [main] INFO   MCRCommandLineInterface: update permission preview for id default_mods with rulefile ${app.home}/config/acl/grant-all.xml described by ${acl-description.all} --> update permission preview for id default_mods with rulefile /home/travis/build/MyCoRe-Org/mir/mir-cli/src/main/config/acl/grant-all.xml described by always allowed&amp#27;[m&amp#27;[0m
&amp#27;[m&amp#27;[34m2021-06-11T16:07:56,650 [main] INFO   MCRCommand: Syntax matched (executed): update permission {0} for id {1} with rulefile {2} described by {3}&amp#27;[m&amp#27;[0m
&amp#27;[mnull Command processed (6 ms)
&amp#27;[34m2021-06-11T16:07:56,656 [main] INFO   MCRCommandLineInterface: update permission read for id default_mods with rulefile ${app.home}/config/acl/grant-all.xml described by ${acl-description.all} --> update permission read for id default_mods with rulefile /home/travis/build/MyCoRe-Org/mir/mir-cli/src/main/config/acl/grant-all.xml described by always allowed&amp#27;[m&amp#27;[0m
&amp#27;[m&amp#27;[34m2021-06-11T16:07:56,656 [main] INFO   MCRCommand: Syntax matched (executed): update permission {0} for id {1} with rulefile {2} described by {3}&amp#27;[m&amp#27;[0m
&amp#27;[mnull Command processed (5 ms)
&amp#27;[34m2021-06-11T16:07:56,662 [main] INFO   MCRCommandLineInterface: update permission writedb for id default_mods with rulefile ${app.home}/config/acl/grant-editors.xml described by ${acl-description.editors} --> update permission writedb for id default_mods with rulefile /home/travis/build/MyCoRe-Org/mir/mir-cli/src/main/config/acl/grant-editors.xml described by administrators and editors&amp#27;[m&amp#27;[0m
&amp#27;[m&amp#27;[34m2021-06-11T16:07:56,662 [main] INFO   MCRCommand: Syntax matched (executed): update permission {0} for id {1} with rulefile {2} described by {3}&amp#27;[m&amp#27;[0m
&amp#27;[mnull Command processed (6 ms)
&amp#27;[34m2021-06-11T16:07:56,668 [main] INFO   MCRCommandLineInterface: update permission deletedb for id default_mods with rulefile ${app.home}/config/acl/grant-admin.xml described by ${acl-description.admins} --> update permission deletedb for id default_mods with rulefile /home/travis/build/MyCoRe-Org/mir/mir-cli/src/main/config/acl/grant-admin.xml described by administrators only&amp#27;[m&amp#27;[0m
&amp#27;[m&amp#27;[34m2021-06-11T16:07:56,668 [main] INFO   MCRCommand: Syntax matched (executed): update permission {0} for id {1} with rulefile {2} described by {3}&amp#27;[m&amp#27;[0m
&amp#27;[mnull Command processed (7 ms)
&amp#27;[34m2021-06-11T16:07:56,675 [main] INFO   MCRCommandLineInterface: update permission addurn for id default_derivate with rulefile ${app.home}/config/acl/grant-editors.xml described by ${acl-description.editors} --> update permission addurn for id default_derivate with rulefile /home/travis/build/MyCoRe-Org/mir/mir-cli/src/main/config/acl/grant-editors.xml described by administrators and editors&amp#27;[m&amp#27;[0m
&amp#27;[m&amp#27;[34m2021-06-11T16:07:56,675 [main] INFO   MCRCommand: Syntax matched (executed): update permission {0} for id {1} with rulefile {2} described by {3}&amp#27;[m&amp#27;[0m
&amp#27;[mnull Command processed (6 ms)
&amp#27;[34m2021-06-11T16:07:56,681 [main] INFO   MCRCommandLineInterface: update permission read for id derivate:mir_access:intern with rulefile ${app.home}/config/acl/require-login.xml described by ${acl-description.require-login} --> update permission read for id derivate:mir_access:intern with rulefile /home/travis/build/MyCoRe-Org/mir/mir-cli/src/main/config/acl/require-login.xml described by require login&amp#27;[m&amp#27;[0m
&amp#27;[m&amp#27;[34m2021-06-11T16:07:56,681 [main] INFO   MCRCommand: Syntax matched (executed): update permission {0} for id {1} with rulefile {2} described by {3}&amp#27;[m&amp#27;[0m
&amp#27;[mnull Command processed (9 ms)
&amp#27;[34m2021-06-11T16:07:56,690 [main] INFO   MCRCommandLineInterface: update permission read for id derivate:mir_access:unlimited with rulefile ${app.home}/config/acl/grant-all.xml described by ${acl-description.require-login} --> update permission read for id derivate:mir_access:unlimited with rulefile /home/travis/build/MyCoRe-Org/mir/mir-cli/src/main/config/acl/grant-all.xml described by require login&amp#27;[m&amp#27;[0m
&amp#27;[m&amp#27;[34m2021-06-11T16:07:56,690 [main] INFO   MCRCommand: Syntax matched (executed): update permission {0} for id {1} with rulefile {2} described by {3}&amp#27;[m&amp#27;[0m
&amp#27;[mnull Command processed (7 ms)
&amp#27;[34m2021-06-11T16:07:56,697 [main] INFO   MCRCommandLineInterface: update permission writedb for id mir_genres with rulefile ${app.home}/config/acl/grant-admin.xml described by ${acl-description.admins} --> update permission writedb for id mir_genres with rulefile /home/travis/build/MyCoRe-Org/mir/mir-cli/src/main/config/acl/grant-admin.xml described by administrators only&amp#27;[m&amp#27;[0m
&amp#27;[m&amp#27;[34m2021-06-11T16:07:56,697 [main] INFO   MCRCommand: Syntax matched (executed): update permission {0} for id {1} with rulefile {2} described by {3}&amp#27;[m&amp#27;[0m
&amp#27;[mnull Command processed (7 ms)
&amp#27;[34m2021-06-11T16:07:56,705 [main] INFO   MCRCommandLineInterface: update permission writedb for id mir_institutes with rulefile ${app.home}/config/acl/grant-admin.xml described by ${acl-description.admins} --> update permission writedb for id mir_institutes with rulefile /home/travis/build/MyCoRe-Org/mir/mir-cli/src/main/config/acl/grant-admin.xml described by administrators only&amp#27;[m&amp#27;[0m
&amp#27;[m&amp#27;[34m2021-06-11T16:07:56,705 [main] INFO   MCRCommand: Syntax matched (executed): update permission {0} for id {1} with rulefile {2} described by {3}&amp#27;[m&amp#27;[0m
&amp#27;[mnull Command processed (10 ms)
&amp#27;[34m2021-06-11T16:07:56,715 [main] INFO   MCRCommandLineInterface: update permission writedb for id mir_licenses with rulefile ${app.home}/config/acl/grant-admin.xml described by ${acl-description.admins} --> update permission writedb for id mir_licenses with rulefile /home/travis/build/MyCoRe-Org/mir/mir-cli/src/main/config/acl/grant-admin.xml described by administrators only&amp#27;[m&amp#27;[0m
&amp#27;[m&amp#27;[34m2021-06-11T16:07:56,715 [main] INFO   MCRCommand: Syntax matched (executed): update permission {0} for id {1} with rulefile {2} described by {3}&amp#27;[m&amp#27;[0m
&amp#27;[mnull Command processed (15 ms)
&amp#27;[34m2021-06-11T16:07:56,730 [main] INFO   MCRCommandLineInterface: update permission writedb for id rfc5646 with rulefile ${app.home}/config/acl/grant-admin.xml described by ${acl-description.admins} --> update permission writedb for id rfc5646 with rulefile /home/travis/build/MyCoRe-Org/mir/mir-cli/src/main/config/acl/grant-admin.xml described by administrators only&amp#27;[m&amp#27;[0m
&amp#27;[m&amp#27;[34m2021-06-11T16:07:56,730 [main] INFO   MCRCommand: Syntax matched (executed): update permission {0} for id {1} with rulefile {2} described by {3}&amp#27;[m&amp#27;[0m
&amp#27;[mnull Command processed (13 ms)
&amp#27;[34m2021-06-11T16:07:56,743 [main] INFO   MCRCommandLineInterface: update permission writedb for id marcrelator with rulefile ${app.home}/config/acl/grant-admin.xml described by ${acl-description.admins} --> update permission writedb for id marcrelator with rulefile /home/travis/build/MyCoRe-Org/mir/mir-cli/src/main/config/acl/grant-admin.xml described by administrators only&amp#27;[m&amp#27;[0m
&amp#27;[m&amp#27;[34m2021-06-11T16:07:56,743 [main] INFO   MCRCommand: Syntax matched (executed): update permission {0} for id {1} with rulefile {2} described by {3}&amp#27;[m&amp#27;[0m
&amp#27;[mnull Command processed (13 ms)
&amp#27;[34m2021-06-11T16:07:56,757 [main] INFO   MCRCommandLineInterface: update permission writedb for id noteTypes with rulefile ${app.home}/config/acl/grant-admin.xml described by ${acl-description.admins} --> update permission writedb for id noteTypes with rulefile /home/travis/build/MyCoRe-Org/mir/mir-cli/src/main/config/acl/grant-admin.xml described by administrators only&amp#27;[m&amp#27;[0m
&amp#27;[m&amp#27;[34m2021-06-11T16:07:56,758 [main] INFO   MCRCommand: Syntax matched (executed): update permission {0} for id {1} with rulefile {2} described by {3}&amp#27;[m&amp#27;[0m
&amp#27;[mnull Command processed (14 ms)
&amp#27;[34m2021-06-11T16:07:56,772 [main] INFO   MCRCommandLineInterface: update permission writedb for id SDNB with rulefile ${app.home}/config/acl/grant-admin.xml described by ${acl-description.admins} --> update permission writedb for id SDNB with rulefile /home/travis/build/MyCoRe-Org/mir/mir-cli/src/main/config/acl/grant-admin.xml described by administrators only&amp#27;[m&amp#27;[0m
&amp#27;[m&amp#27;[34m2021-06-11T16:07:56,772 [main] INFO   MCRCommand: Syntax matched (executed): update permission {0} for id {1} with rulefile {2} described by {3}&amp#27;[m&amp#27;[0m
&amp#27;[mnull Command processed (12 ms)
&amp#27;[34m2021-06-11T16:07:56,784 [main] INFO   MCRCommandLineInterface: update permission read for id mods:mir_access:accessKey with rulefile ${app.home}/config/acl/grant-editors.xml described by ${acl-description.editors} --> update permission read for id mods:mir_access:accessKey with rulefile /home/travis/build/MyCoRe-Org/mir/mir-cli/src/main/config/acl/grant-editors.xml described by administrators and editors&amp#27;[m&amp#27;[0m
&amp#27;[m&amp#27;[34m2021-06-11T16:07:56,785 [main] INFO   MCRCommand: Syntax matched (executed): update permission {0} for id {1} with rulefile {2} described by {3}&amp#27;[m&amp#27;[0m
&amp#27;[mnull Command processed (12 ms)
&amp#27;[34m2021-06-11T16:07:56,797 [main] INFO   MCRCommandLineInterface: update permission writedb for id mods:mir_access:accessKey with rulefile ${app.home}/config/acl/grant-editors.xml described by ${acl-description.editors} --> update permission writedb for id mods:mir_access:accessKey with rulefile /home/travis/build/MyCoRe-Org/mir/mir-cli/src/main/config/acl/grant-editors.xml described by administrators and editors&amp#27;[m&amp#27;[0m
&amp#27;[m&amp#27;[34m2021-06-11T16:07:56,798 [main] INFO   MCRCommand: Syntax matched (executed): update permission {0} for id {1} with rulefile {2} described by {3}&amp#27;[m&amp#27;[0m
&amp#27;[mnull Command processed (13 ms)
&amp#27;[34m2021-06-11T16:07:56,811 [main] INFO   MCRCommandLineInterface: update permission read for id derivate:mir_access:accessKey with rulefile ${app.home}/config/acl/grant-editors.xml described by ${acl-description.editors} --> update permission read for id derivate:mir_access:accessKey with rulefile /home/travis/build/MyCoRe-Org/mir/mir-cli/src/main/config/acl/grant-editors.xml described by administrators and editors&amp#27;[m&amp#27;[0m
&amp#27;[m&amp#27;[34m2021-06-11T16:07:56,811 [main] INFO   MCRCommand: Syntax matched (executed): update permission {0} for id {1} with rulefile {2} described by {3}&amp#27;[m&amp#27;[0m
&amp#27;[mnull Command processed (10 ms)
&amp#27;[34m2021-06-11T16:07:56,821 [main] INFO   MCRCommandLineInterface: update permission writedb for id derivate:mir_access:accessKey with rulefile ${app.home}/config/acl/grant-editors.xml described by ${acl-description.editors} --> update permission writedb for id derivate:mir_access:accessKey with rulefile /home/travis/build/MyCoRe-Org/mir/mir-cli/src/main/config/acl/grant-editors.xml described by administrators and editors&amp#27;[m&amp#27;[0m
&amp#27;[m&amp#27;[34m2021-06-11T16:07:56,830 [main] INFO   MCRCommand: Syntax matched (executed): update permission {0} for id {1} with rulefile {2} described by {3}&amp#27;[m&amp#27;[0m
&amp#27;[mnull Command processed (11 ms)
&amp#27;[34m2021-06-11T16:07:56,843 [main] INFO   MCRCommand: Syntax matched (executed): load classification from url {0}&amp#27;[m&amp#27;[0m
&amp#27;[m&amp#27;[34m2021-06-11T16:07:56,879 [main] INFO   MCRCategoryDAOImpl: Category mir_access saved.&amp#27;[m&amp#27;[0m
&amp#27;[mnull Command processed (37 ms)
&amp#27;[34m2021-06-11T16:07:56,904 [main] INFO   MCRCommand: Syntax matched (executed): load classification from file {0}&amp#27;[m&amp#27;[0m
&amp#27;[mnull Command processed (1 ms)
&amp#27;[34m2021-06-11T16:07:56,907 [main] INFO   MCRCommand: Syntax matched (executed): load classification from url {0}&amp#27;[m&amp#27;[0m
&amp#27;[m&amp#27;[34m2021-06-11T16:07:56,962 [main] INFO   MCRCategoryDAOImpl: Category state saved.&amp#27;[m&amp#27;[0m
&amp#27;[mnull Command processed (56 ms)
&amp#27;[34m2021-06-11T16:07:56,963 [main] INFO   MCRCommand: Syntax matched (executed): load classification from file {0}&amp#27;[m&amp#27;[0m
&amp#27;[mnull Command processed (0 ms)
&amp#27;[34m2021-06-11T16:07:56,966 [main] INFO   MCRCommand: Syntax matched (executed): load classification from url {0}&amp#27;[m&amp#27;[0m
&amp#27;[m&amp#27;[34m2021-06-11T16:07:57,021 [main] INFO   MCRCategoryDAOImpl: Category mcr-roles saved.&amp#27;[m&amp#27;[0m
&amp#27;[mnull Command processed (55 ms)
&amp#27;[34m2021-06-11T16:07:57,021 [main] INFO   MCRCommand: Syntax matched (executed): load all objects from directory {0}&amp#27;[m&amp#27;[0m
&amp#27;[mnull Command processed (2 ms)
&amp#27;[34m2021-06-11T16:07:57,027 [main] INFO   MCRCommand: Syntax matched (executed): load object from file {0}&amp#27;[m&amp#27;[0m
&amp#27;[m&amp#27;[34m2021-06-11T16:07:57,028 [main] INFO   MCRObjectCommands: Reading file /home/travis/build/MyCoRe-Org/mir/mir-module/target/test-classes/MIRStrategyTest/objects/mir_mods_00004711.xml ...&amp#27;[m&amp#27;[0m
&amp#27;[m&amp#27;[34m2021-06-11T16:07:57,133 [main] INFO   MCRXMLMetadataManager: SVN Base: file:////tmp/junit3023002330692038066/mcrhome/mir-module/data/versions-metadata/&amp#27;[m&amp#27;[0m
&amp#27;[m&amp#27;[34m2021-06-11T16:07:57,161 [main] INFO   MCRXMLMetadataManager: Resolved mir/mods/ to file:/tmp/junit3023002330692038066/mcrhome/mir-module/data/versions-metadata/mir/mods/ for MCR.IFS2.Store.mir_mods.SVNRepositoryURL&amp#27;[m&amp#27;[0m
&amp#27;[m&amp#27;[34m2021-06-11T16:07:57,284 [main] INFO   MCRMODSMetadataShareAgent: Checking relatedItem hierarchy of mir_mods_00004711.&amp#27;[m&amp#27;[0m
&amp#27;[m&amp#27;[34m2021-06-11T16:07:57,372 [main] INFO   MCRClassificationMappingEventHandler: check mappings mir_mods_00004711&amp#27;[m&amp#27;[0m
&amp#27;[m&amp#27;[34m2021-06-11T16:07:57,506 [main] INFO   MCRVersioningMetadataStore: Versioning metadata store mir_mods repository URL: file:/tmp/junit3023002330692038066/mcrhome/mir-module/data/versions-metadata/mir/mods/&amp#27;[m&amp#27;[0m
&amp#27;[m&amp#27;[34m2021-06-11T16:07:57,512 [main] INFO   MCRVersioningMetadataStore: repURL: file:///tmp/junit3023002330692038066/mcrhome/mir-module/data/versions-metadata/mir/mods&amp#27;[m&amp#27;[0m
&amp#27;[m&amp#27;[34m2021-06-11T16:07:57,512 [main] INFO   MCRVersioningMetadataStore: Repository does not exist, creating new SVN repository at file:/tmp/junit3023002330692038066/mcrhome/mir-module/data/versions-metadata/mir/mods/&amp#27;[m&amp#27;[0m
&amp#27;[m&amp#27;[34m2021-06-11T16:07:58,120 [main] INFO   MCRStoreManager: Adding instance of MCRVersioningMetadataStore as MCRStore 'mir_mods'.&amp#27;[m&amp#27;[0m
&amp#27;[m&amp#27;[34m2021-06-11T16:07:58,472 [main] INFO   MCRVersionedMetadata: SVN commit of create finished, new revision 1&amp#27;[m&amp#27;[0m
&amp#27;[m&amp#27;[34m2021-06-11T16:07:58,498 [main] INFO   MCRMailEventHandler: Preparing mail for: mir_mods_00004711&amp#27;[m&amp#27;[0m
&amp#27;[m&amp#27;[34m2021-06-11T16:07:58,552 [main] INFO   MCRMailer: Generating e-mail from mycoreobject using e-mail-events.xsl&amp#27;[m&amp#27;[0m
&amp#27;[m&amp#27;[34m2021-06-11T16:07:58,971 [main] INFO   MCRErrorListener: SystemID: file:/home/travis/build/MyCoRe-Org/mir/mir-module/target/classes/xsl/e-mail-events.xsl [19,18]: 
      type:
      MCRObject
      action:
      create&amp#27;[m&amp#27;[0m
&amp#27;[m&amp#27;[34m2021-06-11T16:07:58,985 [main] INFO   MCRErrorListener: SystemID: file:/home/travis/build/MyCoRe-Org/mir/mir-module/target/classes/xsl/e-mail-events.xsl [76,26]: Do not send mail for unknown reason.&amp#27;[m&amp#27;[0m
&amp#27;[m&amp#27;[31m2021-06-11T16:07:58,989 [main] WARN   MCRMailer: Will not send e-mail, no 'to' address specified&amp#27;[m&amp#27;[0m
&amp#27;[m&amp#27;[34m2021-06-11T16:07:58,989 [main] INFO   MCRObjectCommands: mir_mods_00004711 loaded.&amp#27;[m&amp#27;[0m
&amp#27;[mnull Command processed (1962 ms)
&amp#27;[34m2021-06-11T16:07:58,990 [main] INFO   MCRCommand: Syntax matched (executed): load all derivates from directory {0}&amp#27;[m&amp#27;[0m
&amp#27;[mnull Command processed (0 ms)
&amp#27;[34m2021-06-11T16:07:58,993 [main] INFO   MCRCommand: Syntax matched (executed): load derivate from file {0}&amp#27;[m&amp#27;[0m
&amp#27;[m&amp#27;[34m2021-06-11T16:07:58,993 [main] INFO   MCRDerivateCommands: Reading file /home/travis/build/MyCoRe-Org/mir/mir-module/target/test-classes/MIRStrategyTest/derivates/mir_derivate_00004711.xml ...&amp#27;[m&amp#27;[0m
&amp#27;[m&amp#27;[34m2021-06-11T16:07:59,017 [main] INFO   MCRDerivateCommands: Source path --> /home/travis/build/MyCoRe-Org/mir/mir-module/target/test-classes/MIRStrategyTest/derivates/mir_derivate_00004711&amp#27;[m&amp#27;[0m
&amp#27;[m&amp#27;[34m2021-06-11T16:07:59,024 [main] INFO   MCRXMLMetadataManager: Resolved mir/derivate/ to file:/tmp/junit3023002330692038066/mcrhome/mir-module/data/versions-metadata/mir/derivate/ for MCR.IFS2.Store.mir_derivate.SVNRepositoryURL&amp#27;[m&amp#27;[0m
&amp#27;[m&amp#27;[34m2021-06-11T16:07:59,071 [main] INFO   MCRVersioningMetadataStore: Versioning metadata store mir_derivate repository URL: file:/tmp/junit3023002330692038066/mcrhome/mir-module/data/versions-metadata/mir/derivate/&amp#27;[m&amp#27;[0m
&amp#27;[m&amp#27;[34m2021-06-11T16:07:59,071 [main] INFO   MCRVersioningMetadataStore: repURL: file:///tmp/junit3023002330692038066/mcrhome/mir-module/data/versions-metadata/mir/derivate&amp#27;[m&amp#27;[0m
&amp#27;[m&amp#27;[34m2021-06-11T16:07:59,072 [main] INFO   MCRVersioningMetadataStore: Repository does not exist, creating new SVN repository at file:/tmp/junit3023002330692038066/mcrhome/mir-module/data/versions-metadata/mir/derivate/&amp#27;[m&amp#27;[0m
&amp#27;[m&amp#27;[34m2021-06-11T16:07:59,109 [main] INFO   MCRStoreManager: Adding instance of MCRVersioningMetadataStore as MCRStore 'mir_derivate'.&amp#27;[m&amp#27;[0m
&amp#27;[m&amp#27;[34m2021-06-11T16:07:59,195 [main] INFO   MCRVersionedMetadata: SVN commit of create finished, new revision 1&amp#27;[m&amp#27;[0m
&amp#27;[m&amp#27;[34m2021-06-11T16:07:59,196 [main] INFO   MCRMailEventHandler: Preparing mail for: mir_derivate_00004711&amp#27;[m&amp#27;[0m
&amp#27;[m&amp#27;[34m2021-06-11T16:07:59,196 [main] INFO   MCRMailer: Generating e-mail from mycorederivate using e-mail-events.xsl&amp#27;[m&amp#27;[0m
&amp#27;[m&amp#27;[34m2021-06-11T16:07:59,217 [main] INFO   MCRErrorListener: SystemID: file:/home/travis/build/MyCoRe-Org/mir/mir-module/target/classes/xsl/e-mail-events.xsl [19,18]: 
      type:
      MCRDerivate
      action:
      create&amp#27;[m&amp#27;[0m
&amp#27;[m&amp#27;[31m2021-06-11T16:07:59,219 [main] WARN   MCRMailer: Will not send e-mail, no 'to' address specified&amp#27;[m&amp#27;[0m
&amp#27;[m&amp#27;[34m2021-06-11T16:07:59,268 [main] INFO   MCRFileSystemUtils: Configured MCR.IFS2.Store.IFS2_mir_derivate.Class=org.mycore.datamodel.ifs2.MCRFileStore&amp#27;[m&amp#27;[0m
&amp#27;[m&amp#27;[34m2021-06-11T16:07:59,276 [main] INFO   MCRFileSystemUtils: Configured MCR.IFS2.Store.IFS2_mir_derivate.BaseDir=/tmp/junit3023002330692038066/mcrhome/mir-module/data/content/mir/derivate&amp#27;[m&amp#27;[0m
&amp#27;[m&amp#27;[34m2021-06-11T16:07:59,283 [main] INFO   MCRFileSystemUtils: Configured MCR.IFS2.Store.IFS2_mir_derivate.Prefix=mir_derivate_&amp#27;[m&amp#27;[0m
&amp#27;[m&amp#27;[34m2021-06-11T16:07:59,292 [main] INFO   MCRFileSystemUtils: Configured MCR.IFS2.Store.IFS2_mir_derivate.SlotLayout=4-2-2&amp#27;[m&amp#27;[0m
&amp#27;[m&amp#27;[34m2021-06-11T16:07:59,294 [main] INFO   MCRStoreManager: Adding instance of MCRFileStore as MCRStore 'IFS2_mir_derivate'.&amp#27;[m&amp#27;[0m
&amp#27;[m&amp#27;[34m2021-06-11T16:07:59,299 [main] INFO   MCRIFSFileSystem: Created root directory: mir_derivate_00004711:/&amp#27;[m&amp#27;[0m
&amp#27;[m&amp#27;[34m2021-06-11T16:07:59,358 [main] INFO   MCRClassificationMappingEventHandler: check mappings mir_mods_00004711&amp#27;[m&amp#27;[0m
&amp#27;[m&amp#27;[34m2021-06-11T16:07:59,494 [main] INFO   MCRVersionedMetadata: SVN commit of update finished, new revision 2&amp#27;[m&amp#27;[0m
&amp#27;[m&amp#27;[34m2021-06-11T16:07:59,535 [main] INFO   MCRMailEventHandler: Preparing mail for: mir_mods_00004711&amp#27;[m&amp#27;[0m
&amp#27;[m&amp#27;[34m2021-06-11T16:07:59,535 [main] INFO   MCRMailer: Generating e-mail from mycoreobject using e-mail-events.xsl&amp#27;[m&amp#27;[0m
&amp#27;[m&amp#27;[34m2021-06-11T16:07:59,551 [main] INFO   MCRErrorListener: SystemID: file:/home/travis/build/MyCoRe-Org/mir/mir-module/target/classes/xsl/e-mail-events.xsl [19,18]: 
      type:
      MCRObject
      action:
      update&amp#27;[m&amp#27;[0m
&amp#27;[m&amp#27;[34m2021-06-11T16:07:59,552 [main] INFO   MCRErrorListener: SystemID: file:/home/travis/build/MyCoRe-Org/mir/mir-module/target/classes/xsl/e-mail-events.xsl [66,26]: Do not send mail as action is not create.&amp#27;[m&amp#27;[0m
&amp#27;[m&amp#27;[31m2021-06-11T16:07:59,566 [main] WARN   MCRMailer: Will not send e-mail, no 'to' address specified&amp#27;[m&amp#27;[0m
&amp#27;[m&amp#27;[34m2021-06-11T16:07:59,566 [main] INFO   MCRDerivateCommands: mir_derivate_00004711 loaded.&amp#27;[m&amp#27;[0m
&amp#27;[m&amp#27;[34m2021-06-11T16:07:59,566 [main] INFO   MCRDerivateCommands: &amp#27;[m&amp#27;[0m
&amp#27;[mnull Command processed (573 ms)
&amp#27;[34m2021-06-11T16:07:59,802 [main] INFO   MCRUserManager: user saved: junit&amp#27;[m&amp#27;[0m
&amp#27;[m&amp#27;[34m2021-06-11T16:07:59,802 [main] INFO   MCRRoleManager: Assigning junit to these roles: []&amp#27;[m&amp#27;[0m
&amp#27;[m&amp#27;[34m2021-06-11T16:07:59,975 [main] INFO   MCRRoleManager: Assigning junit to these roles: []&amp#27;[m&amp#27;[0m
&amp#27;[m&amp#27;[34m2021-06-11T16:08:00,247 [main] INFO   LogHelper: HHH000204: Processing PersistenceUnitInfo [name: mir-module]&amp#27;[m&amp#27;[0m
&amp#27;[m&amp#27;[34m2021-06-11T16:08:00,272 [main] INFO   HikariDataSource: HikariPool-69 - Starting...&amp#27;[m&amp#27;[0m
&amp#27;[m&amp#27;[31m2021-06-11T16:08:00,273 [main] WARN   DriverDataSource: Registered driver with driverClassName=org.hsqldb.jdbcDriver was not found, trying direct instantiation.&amp#27;[m&amp#27;[0m
&amp#27;[m&amp#27;[34m2021-06-11T16:08:00,273 [main] INFO   PoolBase: HikariPool-69 - Driver does not support get/set network timeout for connections. (feature not supported)&amp#27;[m&amp#27;[0m
&amp#27;[m&amp#27;[34m2021-06-11T16:08:00,274 [main] INFO   HikariDataSource: HikariPool-69 - Start completed.&amp#27;[m&amp#27;[0m
&amp#27;[m&amp#27;[34m2021-06-11T16:08:00,274 [main] INFO   Dialect: HHH000400: Using dialect: org.hibernate.dialect.HSQLDialect&amp#27;[m&amp#27;[0m
&amp#27;[m&amp#27;[31m2021-06-11T16:08:00,295 [main] WARN   JavaTypeDescriptorRegistry: HHH000481: Encountered Java type [class java.lang.Object] for which we could not locate a JavaTypeDescriptor and which does not appear to implement equals and/or hashCode.  This can lead to significant performance problems when performing equality/dirty checking involving this Java type.  Consider registering a custom JavaTypeDescriptor or at least implementing equals/hashCode.&amp#27;[m&amp#27;[0m
&amp#27;[m]]></system-out>
    <system-err><![CDATA[Jun 11, 2021 4:07:58 PM javax.mail.Session loadResource
WARNING: expected resource not found: /META-INF/javamail.default.address.map
Foo
]]></system-err>
  </testcase>
</testsuite>